<?xml version="1.0" encoding="UTF-8"?>
<robot generator="Robot 5.0 (Python 3.10.4 on win32)" generated="20230202 16:16:02.484" rpa="false" schemaversion="3">
<suite id="s1" name="Cartproduct" source="C:\apkfluttertests\twp\tests\cartproduct.robot">
<test id="s1-t1" name="Adicionar o produto Code Smell no carrinho" line="9">
<kw name="Open Session" library="base" type="SETUP">
<kw name="Set Appium Timeout" library="AppiumLibrary">
<arg>10</arg>
<doc>Sets the timeout in seconds used by various keywords.</doc>
<status status="PASS" starttime="20230202 16:16:02.819" endtime="20230202 16:16:02.819"/>
</kw>
<kw name="Open Application" library="AppiumLibrary">
<arg>http://localhost:4723/wd/hub</arg>
<arg>automationName=UiAutomator2</arg>
<arg>platformName=Android</arg>
<arg>deviceName=Emulator</arg>
<arg>app=${EXECDIR}/app/app-release.apk</arg>
<doc>Opens a new application to given Appium server.
Capabilities of appium server, Android and iOS,
Please check https://github.com/appium/appium/blob/master/docs/en/writing-running-appium/server-args.md
| *Option*            | *Man.* | *Description*     |
| remote_url          | Yes    | Appium server url |
| alias               | no     | alias             |
| strict_ssl          | No     | allows you to send commands to an invalid certificate host like a self-signed one. |</doc>
<status status="PASS" starttime="20230202 16:16:02.819" endtime="20230202 16:16:19.261"/>
</kw>
<status status="PASS" starttime="20230202 16:16:02.818" endtime="20230202 16:16:19.262"/>
</kw>
<kw name="Go to Product Page" library="helpers">
<kw name="Get Fixture" library="base">
<var>${login}</var>
<arg>login</arg>
<kw name="Load Json From File" library="JSONLibrary">
<var>${fixture}</var>
<arg>${EXECDIR}/resources/fixtures/${fixture_file}.json</arg>
<arg>encoding=UTF-8</arg>
<doc>Load JSON from file.</doc>
<msg timestamp="20230202 16:16:19.265" level="INFO">${fixture} = {'username': 'teste', 'password': '123'}</msg>
<status status="PASS" starttime="20230202 16:16:19.264" endtime="20230202 16:16:19.265"/>
</kw>
<msg timestamp="20230202 16:16:19.266" level="INFO">${login} = {'username': 'teste', 'password': '123'}</msg>
<status status="PASS" starttime="20230202 16:16:19.263" endtime="20230202 16:16:19.266"/>
</kw>
<kw name="Click Element" library="AppiumLibrary">
<arg>${USERNAME}</arg>
<doc>Click element identified by `locator`.</doc>
<msg timestamp="20230202 16:16:19.270" level="INFO">Clicking element 'xpath=//android.widget.EditText[contains(@index, '1')]'.</msg>
<msg timestamp="20230202 16:16:20.080" level="INFO">xpath criteria: //android.widget.EditText[contains(@index, '1')]</msg>
<status status="PASS" starttime="20230202 16:16:19.267" endtime="20230202 16:16:20.080"/>
</kw>
<kw name="Sleep" library="BuiltIn">
<arg>2</arg>
<doc>Pauses the test executed for the given time.</doc>
<msg timestamp="20230202 16:16:22.089" level="INFO">Slept 2 seconds</msg>
<status status="PASS" starttime="20230202 16:16:20.081" endtime="20230202 16:16:22.090"/>
</kw>
<kw name="Input Text" library="AppiumLibrary">
<arg>${USERNAME}</arg>
<arg>${login}[username]</arg>
<doc>Types the given `text` into text field identified by `locator`.</doc>
<msg timestamp="20230202 16:16:22.093" level="INFO">Typing text 'teste' into text field 'xpath=//android.widget.EditText[contains(@index, '1')]'</msg>
<msg timestamp="20230202 16:16:22.197" level="INFO">xpath criteria: //android.widget.EditText[contains(@index, '1')]</msg>
<status status="PASS" starttime="20230202 16:16:22.090" endtime="20230202 16:16:22.198"/>
</kw>
<kw name="Click Element" library="AppiumLibrary">
<arg>${PASSWORD}</arg>
<doc>Click element identified by `locator`.</doc>
<msg timestamp="20230202 16:16:22.201" level="INFO">Clicking element 'xpath=//android.widget.EditText[contains(@index, '2')]'.</msg>
<msg timestamp="20230202 16:16:22.347" level="INFO">xpath criteria: //android.widget.EditText[contains(@index, '2')]</msg>
<status status="PASS" starttime="20230202 16:16:22.198" endtime="20230202 16:16:22.347"/>
</kw>
<kw name="Sleep" library="BuiltIn">
<arg>2</arg>
<doc>Pauses the test executed for the given time.</doc>
<msg timestamp="20230202 16:16:24.356" level="INFO">Slept 2 seconds</msg>
<status status="PASS" starttime="20230202 16:16:22.347" endtime="20230202 16:16:24.356"/>
</kw>
<kw name="Input Text" library="AppiumLibrary">
<arg>${PASSWORD}</arg>
<arg>${login}[password]</arg>
<doc>Types the given `text` into text field identified by `locator`.</doc>
<msg timestamp="20230202 16:16:24.361" level="INFO">Typing text '123' into text field 'xpath=//android.widget.EditText[contains(@index, '2')]'</msg>
<msg timestamp="20230202 16:16:24.445" level="INFO">xpath criteria: //android.widget.EditText[contains(@index, '2')]</msg>
<status status="PASS" starttime="20230202 16:16:24.357" endtime="20230202 16:16:24.445"/>
</kw>
<kw name="Click Element" library="AppiumLibrary">
<arg>${SUBMIT}</arg>
<doc>Click element identified by `locator`.</doc>
<msg timestamp="20230202 16:16:24.448" level="INFO">Clicking element 'xpath=//android.widget.Button[@content-desc="ENTER"]'.</msg>
<msg timestamp="20230202 16:16:24.536" level="INFO">xpath criteria: //android.widget.Button[@content-desc="ENTER"]</msg>
<status status="PASS" starttime="20230202 16:16:24.445" endtime="20230202 16:16:24.536"/>
</kw>
<kw name="Wait Until Element Is Visible" library="AppiumLibrary">
<arg>${CONFIRM}</arg>
<doc>Waits until element specified with `locator` is visible.</doc>
<msg timestamp="20230202 16:16:26.482" level="INFO">xpath criteria: //android.view.View[@content-desc="Catalog"]
xpath criteria: //android.view.View[@content-desc="Catalog"]
xpath criteria: //android.view.View[@content-desc="Catalog"]</msg>
<status status="PASS" starttime="20230202 16:16:24.536" endtime="20230202 16:16:26.483"/>
</kw>
<kw name="Element Should Be Visible" library="AppiumLibrary">
<arg>${CONFIRM}</arg>
<doc>Verifies that element identified with locator is visible.</doc>
<msg timestamp="20230202 16:16:26.577" level="INFO">xpath criteria: //android.view.View[@content-desc="Catalog"]</msg>
<status status="PASS" starttime="20230202 16:16:26.483" endtime="20230202 16:16:26.577"/>
</kw>
<status status="PASS" starttime="20230202 16:16:19.263" endtime="20230202 16:16:26.577"/>
</kw>
<kw name="Add Product" library="helpers">
<kw name="Sleep" library="BuiltIn">
<arg>2</arg>
<doc>Pauses the test executed for the given time.</doc>
<msg timestamp="20230202 16:16:28.588" level="INFO">Slept 2 seconds</msg>
<status status="PASS" starttime="20230202 16:16:26.578" endtime="20230202 16:16:28.588"/>
</kw>
<kw name="Set Variable" library="BuiltIn">
<var>${element}</var>
<arg>${ADD_PRODUCT}</arg>
<doc>Returns the given values which can then be assigned to a variables.</doc>
<msg timestamp="20230202 16:16:28.590" level="INFO">${element} = xpath=(//android.widget.Button[@content-desc="ADD"])[1]</msg>
<status status="PASS" starttime="20230202 16:16:28.589" endtime="20230202 16:16:28.590"/>
</kw>
<kw name="Click Element" library="AppiumLibrary">
<arg>${element}</arg>
<doc>Click element identified by `locator`.</doc>
<msg timestamp="20230202 16:16:28.592" level="INFO">Clicking element 'xpath=(//android.widget.Button[@content-desc="ADD"])[1]'.</msg>
<msg timestamp="20230202 16:16:28.706" level="INFO">xpath criteria: (//android.widget.Button[@content-desc="ADD"])[1]</msg>
<status status="PASS" starttime="20230202 16:16:28.590" endtime="20230202 16:16:28.706"/>
</kw>
<kw name="Wait Until Element Is Visible" library="AppiumLibrary">
<arg>${CHECK_ADDED_VISIBLE}</arg>
<doc>Waits until element specified with `locator` is visible.</doc>
<msg timestamp="20230202 16:16:29.756" level="INFO">xpath criteria: //android.widget.Button[@content-desc="ADDED"]
xpath criteria: //android.widget.Button[@content-desc="ADDED"]</msg>
<status status="PASS" starttime="20230202 16:16:28.706" endtime="20230202 16:16:29.756"/>
</kw>
<kw name="Element Attribute Should Match" library="AppiumLibrary">
<arg>${element}</arg>
<arg>checked</arg>
<arg>false</arg>
<doc>Verify that an attribute of an element matches the expected criteria.</doc>
<msg timestamp="20230202 16:16:29.892" level="INFO">Element 'xpath=(//android.widget.Button[@content-desc="ADD"])[1]' attribute 'checked' is 'false' </msg>
<msg timestamp="20230202 16:16:29.892" level="INFO">xpath criteria: (//android.widget.Button[@content-desc="ADD"])[1]</msg>
<status status="PASS" starttime="20230202 16:16:29.756" endtime="20230202 16:16:29.892"/>
</kw>
<kw name="Click Element" library="AppiumLibrary">
<arg>${CLICK_CART}</arg>
<doc>Click element identified by `locator`.</doc>
<msg timestamp="20230202 16:16:29.894" level="INFO">Clicking element 'xpath=//android.widget.Button[contains(@index, '1')]'.</msg>
<msg timestamp="20230202 16:16:29.981" level="INFO">xpath criteria: //android.widget.Button[contains(@index, '1')]</msg>
<status status="PASS" starttime="20230202 16:16:29.892" endtime="20230202 16:16:29.981"/>
</kw>
<kw name="Sleep" library="BuiltIn">
<arg>2</arg>
<doc>Pauses the test executed for the given time.</doc>
<msg timestamp="20230202 16:16:31.996" level="INFO">Slept 2 seconds</msg>
<status status="PASS" starttime="20230202 16:16:29.981" endtime="20230202 16:16:31.996"/>
</kw>
<kw name="Element Should Be Visible" library="AppiumLibrary">
<arg>${CONFIRM_PRODUCT}</arg>
<doc>Verifies that element identified with locator is visible.</doc>
<msg timestamp="20230202 16:16:32.218" level="INFO">xpath criteria: //android.view.View[contains(@content-desc, 'Code Smell')]</msg>
<status status="PASS" starttime="20230202 16:16:31.996" endtime="20230202 16:16:32.218"/>
</kw>
<kw name="Element Should Be Visible" library="AppiumLibrary">
<arg>${CONFIRM_BUY_PRODUCT}</arg>
<doc>Verifies that element identified with locator is visible.</doc>
<msg timestamp="20230202 16:16:32.312" level="INFO">xpath criteria: //android.widget.Button[@content-desc="BUY"]</msg>
<status status="PASS" starttime="20230202 16:16:32.219" endtime="20230202 16:16:32.312"/>
</kw>
<status status="PASS" starttime="20230202 16:16:26.578" endtime="20230202 16:16:32.312"/>
</kw>
<kw name="Close Session" library="base" type="TEARDOWN">
<kw name="Capture Page Screenshot" library="AppiumLibrary">
<doc>Takes a screenshot of the current page and embeds it into the log.</doc>
<msg timestamp="20230202 16:16:32.737" level="INFO" html="true">&lt;/td&gt;&lt;/tr&gt;&lt;tr&gt;&lt;td colspan="3"&gt;&lt;img src="data:image/png;base64, iVBORw0KGgoAAAANSUhEUgAABDgAAAeACAYAAAArYecKAAAABHNCSVQICAgIfAhkiAAAIABJREFU
eJzs3XlwVGW+//HP6e7sCVkgEEiABIIsiiIgCLiAgg46iKBXGBV1Nh13r/c6UzM1da+/qqm6d26N
47iMOo6OjoyKigyKIyruorKEZQjKko1AQiBAQhY6S3dyfn/EZLJ0Ot1JLznJ+1VFkT59zvM8ge6u
nE+e5/sYn3zyiSkAAAAAAAALs4V7AAAAAAAAAH1FwAEAAAAAACyPgAMAAAAAAFgeAQcAAAAAALA8
Ag4AAAAAAGB5BBwAAAAAAMDyCDgAAAAAAIDlEXAAAAAAAADLI+AAAAAAAACWR8ABAAAAAAAsj4AD
AAAAAABYniPcAwCszjRN1dbWKi8vT4cOHVJFRYXq6upkmqZiYmKUkpKizMxMTZgwQQkJCTIMI9xD
BgAAAIABx/jkk0/McA8CsKKTJ0/qgw8+UHl5uZqbm2Wa3t9KhmHIZrNp2LBhuvzyyzVy5MgQjRQA
AAAABj4CDsBP1dXVeu6553oMNHpiGIb+/d//nRkdAAAAQCdNTU2qq6tTXV2dnE6n6uvrVVdXp4aG
BkVGRiomJkYxMTFKTExUYmIiP1P3wrp161RXV+f1nJtuuilEowkMlqggqJxOp/Lz83Xs2DGPgcDI
kSM1fvx4xcXFhWF0/nG73Xrttdd0/PjxPocbUsvSlvfee0+LFy8OwOhCo6mpSYWFhSotLZXUEtL4
MnPFNE0ZhqFx48YpLS1NERERoRguAAAALKKpqUmHDx9u+3PixAmff+Z2OBxKSUnRsGHDNGzYMA0f
PlyjR4+WzUbJSW/Ky8t15syZDj/TtwZFgbjfCQcCDgTViRMntH//fh0/ftzj85WVlUpISFBWVlaI
R+afqqoqvfDCC2pqagpou/n5+W03/y6Xq1/f+LvdbuXl5WnLli09Jr3dKSkp0Zw5czR27FjZ7fYA
jxAAAABW0tzcrAMHDujAgQMqLi6W2+3uVTtut1vl5eUqLy9vOxYTE6Ozzz5bU6ZMUWpqaqCGHDRu
t1ulpaVyOp1KS0tTcnJyyPpuH2ZYNdhoRcCBoKqtrVV1dbUaGxs9Pl9TUyOn0xniUfmnsLBQ69ev
D8qb3eVyqa6uTrGxsdq2bZtSU1N11llnBbyfvnK5XMrPz9fWrVtVUVHR63bq6+tVVFSklJQUJSUl
BXCEAAAAsAqXy6Vdu3Zp165dqq2tDUofdXV1ysnJUU5OjlJSUjRp0iSdf/75io6ODkp/feF2u5Wf
n6/GxkYZhqFjx44FPOBoXe7T1NTUdl/T3Nzc9rynmRuGYbSFRoZhyG63Kzo6WjExMf12SRABB4Kq
oaFB9fX13T7f+kbrr8rKyoIWbkgtHyCHDh3SlClTNGLECL399tu67rrrNHbs2KD01xsul0sFBQXa
tm2bKisrNWTIEJ199tltz2/ZskUjRozQ2LFjZbPZVFtbqwMHDmjUqFEaPny47Ha7Tpw4oZKSEtXX
16uystLrawIAAAADU0NDg3bv3q0dO3aE9B6goqJCX331lXJycjR9+nTNnj1bDkf/uBVuH25ILfcH
LpcroH2YpqmtW7dq3759bbs9tmpdnuLpfsc0Ta1evbrtcXR0tLKzs3X55Zf3m3+/zvrnqCTt27ev
7Tf7rVP4fb3JbH/usGHDlJmZGaxh6tixYyopKdHMmTMD0l51dbVKSkpUU1OjxsZGJSYm6txzzw1I
26Fmmqbq6+u7nb0htbyh6+vr1dTU1O+WLNTW1urVV18N+jSt/Px8TZkyRfHx8TJNU2+++aZ++tOf
KiEhIaj9+qKxsVGFhYXatm2bTp48Kbvdrri4OE2bNk3Svz4sU1JSdO6558rhcOjYsWMqKirSqFGj
NGnSJEVFRWn//v06ceKE6uvr5Xa7O6TFAAAAGNhM09S2bdu0devWgN+8+6OxsVFbtmzR3r17deml
l2rSpElhG4vUNdwIlubm5rb7684zL/y516mvr1dBQYEuvfRSAg5/5eTkdFhD1VvnnHNOwAOOmpoa
7d27VwUFBSovL1dMTEyfAo6amhrt2LFDRUVFqqys7PAiy8zM7LcBh2maKioq0tGjRzVixAilp6cr
NjZWUsub9ciRIyopKfH6pjFNU4cPH1ZiYqKysrIUHx8vqaU4aUlJiY4fP6709HRlZWWFdBqUaZp6
8cUXQ7IG7dSpUzJNs23NoWmaeuGFF3TPPfeEtTBSQ0ODioqKlJOToxMnTrQdt9vtbf/Prf8+DodD
sbGxcjgciomJkSRFRkYqNjZWUVFRioqK6rfT2AAAABA8brdb69evV3FxcbiH0qa2tlb/+Mc/tHv3
bl177bVhWbbiLdwIxs/NreFG+2Ki/tzrtJ7feQZIf9NvA47+xu1269tvv9XBgwdVWlra6wI4neXk
5Gjbtm39eplGd44dO6bc3FyVlJTI4XAoISFBGRkZSklJ0bFjx3To0CGdOXOmx3bKy8v15Zdfqri4
WOnp6aqpqWmbxeJyuVRRUaGYmBiNHDkyBN9Viw8//FANDQ0h6auurk6GYXSobeFyubRx40ZdffXV
IRlDZ63hxo4dO7otEAsAAAD0pKioqF+FG+2VlpZq3759Ov/880Pab2u40d1slmAECJ0DDX9XSfTn
UKO9AR9wpKSk9On6wsJC7du3T8XFxQEPId5//33t3bs3oG2GitvtVnFxsQ4fPtyWOjqdTlVUVMjh
cMjlcsnlcvn0RmhqatKZM2dUWFioI0eOqKmpSS6Xq20Zw+HDhzVixAilpqaGbCpUbm5uSPqR1LYz
y5EjRzocP3DgQFgCjvbhxrFjx0LePwAAAAaO/rYMvbPIyMiQ9tfTzI1g1v7r7pinfn091t/024Dj
4osv9rsQYWlpqXbv3t32uH2tgN544YUX+rRjhDebNm3yGG4kJSVp1KhRSk1NVUxMTEi3B/JHSUmJ
ioqKOrwxm5ub1dDQ0OuZD62hSGeNjY0qKipSWlpaUOuptHruuee8vnG7mzLW2ze7w+GQaZpdZkqY
pqmnn35ad955Z6/a7Q3CDQAAAATSuHHjlJmZqUOHDoV7KF2kpaWFtA5HTzU3whUeeAs/ejrW3/Tb
gKM3N7I7duzo8Piss85SREREr8dQVVXl8bjdbm/7rXtv7N27t8sMgZiYGM2bN0/nnXder9sNFafT
qUOHDgWkRoqvysvLVVxcrBEjRrTVeAiGpqYm1dTUdDhmGIYMw1BiYqLGjx+vzMxMJSYmqrm5WadP
n1Z5eblOnjyp9PR0HTx4UGVlZWpubvb5AyAuLk6SuvQrqa0oZyhmrrSGGzt37vQabrjd7i7vjcbG
RlVVVcnhcKi2tratwGx1dbUiIyNVV1dHYVEAAIBBasmSJXr55ZeD9svj3oiPj9eyZctCNsMkVAVF
e+LLLAxv5/T3unr9NuDwV0FBQYebMofDoRkzZgSs/bi4OI0ePVpnnXWW8vPz9e233/aqnYaGBn35
5ZcdXjDx8fG69tprNWLEiEANN6gOHz6swsJCv+uQ2Gw2xcbGKiYmRk6n06f6HK3cbrcKCwuVlpam
iRMn+jtkn+Xm5rbdiBuGoYSEBC1atKht29bKykp99tlnKioq6nDdj370IyUlJbWt3ztz5ow++ugj
FRQU9Hhjn5qaqtraWo+hWXNzs7Zt26a5c+cG4tvzqra2VgUFBSorK+v2nObmZtXU1Gjr1q2S1Lal
VHl5ubZv3y6bzSan06nGxkYVFxerurpadrtdFRUVbA0LAAAwSEVGRmr58uVavXp1yOrceRMREaFl
y5a1Fc4PNrfbrYKCgg7hRriWe/Ql3PDl+nAbMAHHzp07OzweN26cEhMTPZ6bl5enAwcOyDRNTZw4
UWeddZbH86Kjo5Wenq4JEyZ0mLqUn5/f63Hu3r1btbW1bY9tNpsWLlxomXDD6XTq6NGjqq6u9vma
xMREnXXWWcrMzFR8fLxsNpvq6upUUFCg/fv3dztTprOqqiqVlpZq9OjRQfkwMk2zbRbQkCFDdMMN
N7S9hvbv36+PPvpIDQ0NXd7UNputy2stLi5O11xzjdxutzZv3qydO3d2+2Fw1llnacuWLd0+/803
34Qk4GhsbOwxdDJNU2fOnOkyA6mioqJLIl9WVuY1LAEAAMDgkZiYqKVLl2rt2rVhndlrGIauvvpq
DR8+PCT9OZ1OHT58uMtS/Pb1L9o/DiZfQpX+HmD0ZEAEHEePHlVJSUnbY8Mwuq2EW1hYqHfeeaft
TZWfny+73a7x48d3OfenP/1pwKcsHThwoMPj8ePHe+y7v4qKilJqaqri4+N9CibS0tI0ffp0ZWZm
Kioqqm3b08TERCUnJ2vYsGE+13uIj49XamqqoqKi+vx9dKe6ulqrVq1q+8BrbGzUU0895XVJUmxs
bLdTtRwOh+bPn6/58+frscce6zLrxTAMZWRk6K233uq2fU9LV4LF6h9oAAAA6L9Gjx6tBQsW6KOP
PgrbGObNmxey+y+n06k1a9Zo5syZkjou72j9uTuUhTw9tWuFwqH+GBABx44dOzqkgKNGjVJGRobH
c/Pz8zuc29zcrPz8fI8v8kCHGydOnNDJkyc7HGutuVFdXa2ioqK236DHxcW11XroT+x2uyZOnKio
qCjt3LlTR48e7fYNkZSUpKlTpyo7O7tLLRTDMBQdHa3x48ersbFR9fX1On36tMd2DMPQqFGjNH36
dI0dOzZo6+QaGxt19913t1VS3r59u7744ose3/Dp6ek+tX/ffffp448/7lAINzo6Wvv37x9QHyoA
AABAd6ZNm6by8vKQ7lrYauLEiZo9e3ZI+moNNyorK9uO+bI1a6jvCwbafYjlA45Tp06psLCww7Gp
U6d2e76nApXR0dEBH5cnhw4d6vACSkhIUExMjNatW6fi4uIuU7XsdrtGjx6t+fPna+jQoSEZoy8i
IyM1btw4xcfHa+fOncrPz/c4w2HUqFEaO3as10KvERERGjt2rEpLSz0GHHa7XdnZ2Zo+fbqGDx8e
1GKb7WeGrF+/XgUFBT5d52vAYRiGLr/8ciUnJ+vTTz+VaZo6++yz9emnn3q9bqB96AAAAGBwW7Ro
kSoqKlRaWhqyPtPS0rR48eKQ9OUp3PAklFux9rW4qFXYwj2AvtqxY0eHaf/Jyck6++yzuz1/+vTp
GjZsWNvjoUOHBrQYqTeddx2x2Wxau3atioqKPK5Da2pq0qFDh/T666/3uy07HQ6H0tLSNH78eI+z
TBwOh1JSUjRkyJAe2xoyZIhSUlI8hheJiYkaN26c0tLSQrKTiCStWbPG53BDklJSUvxqf/r06br0
0ktls9nadkkBAAAABgvDMLRs2bKQzVYP5Y4pncON1mUpvtbaCObylM7L6js/tnq4IVl8BofT6dTB
gwc7HJs8ebLXa+Li4nTzzTe3La1IT08P2dZAnWsp+Fpc0+l0auPGjbrllltCNlZf2Gw22e12j/Un
IiIiFBkZ6dM2QoZhKDIyUhERER5rVNjt9rbaHcG2adMmHT161K9rWpe0+GPGjBlyOp3avn2739cC
AAAAVhcVFaXrrrtOf/vb34K6dWood0xxOp169dVXO9zndVdro7tjUvC2Yu28RMbXQMNKMzssHXDk
5OR02GYoJiam2+Ki7bUu/Qg1p9Pp8XhiYqKmTJmitLQ0SS3bsObm5nZ4o1dUVGjr1q0h2U3DHzab
zWP40NTU5Fd15KamJo/LXFpDlFDYunWrcnNz/X7zeitA2h2n06mcnBzLfFAAAAAAgZacnKwlS5bo
73//e9B2VgnVjimt4UZ3dQX9EawlKr1lpXsWyy5Rcbvd2rdvX4dj2dnZIaun0RueliKMHTtWq1at
0ty5czVu3DiNGzdO8+fP15IlS7osydi/f3+ohuqT2tpalZaWetwy1uVyqbq6WvX19T22U19fr5qa
mi5bJ0ktxVdLS0s7bK0bLKWlpb168/o7toaGBv35z38O6/ZYnpimaakPLwAAAFhfZmamLrnkkqC0
HaodU3wNNwzDCNrsjJ60/qzf/uf9cI0lmCwbcOzcubPDjaXdbg9ZLY3e6nxDO2TIEC1ZssTjtqeZ
mZldlttUVlb6vXwiWMrLy7V582Z98803HqeUmaapo0ePqqysrMe2Ws/zdHPd2Niob775Rl999ZVO
nDgRkLF3Z9q0ab16k/tTH6WqqkpPP/20X3U3BuIHDwAAANBqxowZmjJlSkDbnDhxoi688MKAtumJ
t3DD08/x/ekXiq1LVnqqzWEllg049u7d2+Hx2LFj+9VOI77IyMjwGG60Ouecc7ocC2WlYU9M01RR
UZE+//xz5eXlqa6urts36YkTJ7Rnzx6vIUdZWZlyc3O7FGBt319dXZ0OHDigL774QsXFxUH7UBgz
Zkyv3swlJSU9nmOapv75z3/qL3/5S6+WtAAAAAAD2ZVXXunz7oQ9GT58eEh2TOlp5kbn+xZPsyfC
HSZ4msXdXfBhBZYMOHJzc7tsuTNt2rQwjcZ3/taSGDVqVJcClqFYquFNXV2diouLVVJS0mMxoKam
JhUXF2vz5s3av39/h3opTqdT33zzjTZv3qzi4uIeb/obGxt15MgRHTp0SHV1dQH5Xjqz2+292qml
vLzca+hSX1+vZ599Vh9++GGvlqV422YXAAAAGAhsNpuWLVvm0y6M3sTHx2v58uVBr+PnKdzwJxDo
XOgzlIGCL/2EugBqoFiyyOiePXs6PE5LS1NWVlaYRuO7zmGFp5oTnq5pHySEe0vR6OhoJSYmKjo6
WmfOnOnxfJfLpdLSUlVUVCg3N1fx8fGqq6tTTU2N6urqVF9f7/OMhqioKA0ZMiRodVYMw9C4ceN6
VeuksbGxy2ycqqoqvffee72u7dEqHAVxAQAAgFCLiorS8uXL9corr/RqZ5WIiAgtX75ccXFxQRjd
v3Q3c6Onn/lbdyPpvCuJr1vIhktvdl4JF8sFHAUFBV1qHpx99tlhGo1/EhISdPLkybbHvszG6PzG
9rakJRRsNpuysrJUVlbWpchrd5qamlRbW6u6ujrZbDY1Nzf3apnGmDFjlJWVFdQtY+fNm6cDBw74
9cY1TVOfffaZLrvsMtXU1Gj37t3as2ePmpqa+vwBYBiG5s2b16c2AAAAAKsYOnSolixZonXr1vn9
s/TVV1+t1NTUII2shS8FRbvbVtWXLWNDsSVrT+FK5zH091CjPcsFHLt27erwOCEhQVOnTg3pGHo7
LSc1NVVFRUVtj0+dOqWGhoZuQ4uysrIuAUdfp2wFwpAhQzR27FgdO3asy1Ihb7rbCtYXKSkpysrK
Cvr3n5SUJIfD4dPsmvb27t2rffv2BSTUaM9mswX9QxoAAADoTzIzM3XRRRfpiy++8PmauXPnBn3H
FF93S+luloan463ne/o6FLoLW0IRtASDpWpwlJaW6siRIx2OTZ48Oejrqzrr7X/0hAkTOsw+aGxs
VE5OTrfn5+bmdnhss9k0bty4XvUdSDabTZmZmRo7dmxQZ1N07i8zMzMk/a1cudLvEMs0Tc2aNSug
4zAMQzfeeGNA2wQAAACsYNasWZo4caJP506cOFFz5swJ6nh6Cjc63z90F2KEa5tWX4uattYC8XTP
29/rb0gWCzh27NjRoUhjZGSkpk+f7nc7eXl5euedd7RhwwYdPHgwkEP0Ki0tTaNGjepwbOfOnSos
LOxybl5eXpclIBkZGf1iBockxcbGKjMzU8OHD287Fh0draysLJ177rl+zzqw2WxKT0/XjBkzlJmZ
2WFWy4gRIzR27Nig1d7oLDU1tVdLgbZt26YrrrgiYG/8qKioDv++AAAAwGCyePFipaWleT0nFDum
+DJzo3Mg4O2ewFuIEGztl8J093x347LCjA7LLFE5depUh+UdkpSdne13AZnCwkK98847bUFJfn6+
7HZ70KcztZozZ47WrVvXtlSjsbFRGzZs0KRJkzR69GiZpqkjR47owIEDHQqK2mw2zZgxIyRj9IVh
GMrIyNCUKVMUFxen4cOHa8yYMUpMTJTdbldlZaXy8vJUUFDQ4xSulJQUTZ06VePGjVNMTIzcbreq
qqp0+PBhlZeXKzMzUxkZGSGtKnzLLbfoz3/+s19vYrfbreLiYl1yySX6/PPP+/QBYBiGbr755l5f
DwAAAFid3W7XsmXLtHr1ao/1C0OxY4qvy1J8Fa6Cot5qbLQ/5u05K7BMwLFjx44uN/znn3++3+3k
5+d3mAXS3Nys/Pz8kAUcY8aM0axZs7Rly5a2F4nb7dbevXu1d+/ebq+bNm1av1ie0l5kZKSmTJmi
7OxsRUZGKiIiom0JSXR0tJKSktTc3NylbkpnWVlZOueccxQVFdX2ho+Li9OwYcPkcrkUGRnZZQea
YEtISNDcuXP15Zdf+nXdgQMHdM4552jx4sXauHFjrz8IZs+ercTExF5dCwAAAAwUsbGxWrZsmdas
WdOhTp7D4dCyZcuCumNK+3CjczDRU1DRPizoL+FBa1/exhDKYqfBYIklKk6ns8tSkoyMjB6nK3kS
ExPT5Zi/Sx/6OpNg7ty5mj17tk9Jo2EYOu+887RgwYI+9RkMhmEoKipKCQkJioqK6lAfw2azKTY2
VvHx8XI4us/RIiIiFBcXp+jo6A7/rjabTdHR0W1th8Ps2bOVnp7u1zWmaWrdunUaP3687rjjjl69
VtLS0jR37ly/rwMAAAAGotZlKK33T3a7XYsXLw76cu6///3vbTM3OgcDvm4J2/5cX8KNYM5a766v
nsZlpaDDEgFHTk6OGhoaOhw777zzetXW9OnTNWzYsLbHQ4cO9XvpRyD+g+fNm6fly5drzJgxHoMO
m82mtLQ0LVmyRAsXLuxzf+FgGIaio6O9BkhRUVEhq63hL8MwtGLFig6vF180NzfrySefVEREhB58
8EFNnjzZ5w+qlJQU3XjjjWEp4NMaNgXbkCFDwr7dMQAAAKxlwoQJuuWWW3TZZZdp1apVOuuss4La
n2maqqio8Picpxoavv783v687nYwiYiI8HO0vumpEGpPx63A+OSTT6w7+l5qamrS0aNHZZqm0tPT
Q74LS2e1tbUqKSlpW1cWFxen9PT0flNQtC/y8vL01Vdf6eTJkx6fT01N1Zw5czRhwoQQj8x3pmlq
/fr1HovBemO323XrrbcqOTlZDQ0N2rRpkw4ePNjtB0ZWVpaWLVumqqoqRUVFKTIyMqSvzcbGRu3f
v18ff/xxr7fz7Ul8fLwWLlyorKyskOyIAwAAAPTWrl279PHHH3s9x5elHIsWLep229jOIiIilJaW
puTk5N4N2oPm5ma98sorKi8v97qFbU9jMwxDQ4cO1cqVK/vtLywHZcCB0KmsrFRubm6X7X1bjRkz
RlOnTlVSUlKIR+a/PXv26MMPP/Qr0TQMQ5dddpmmTZsmSW1FZLdt26Zjx46psbFRkrRgwYK2mjLv
vPOOoqOj5XQ6dc011wT+G/HC6XQqPz9f+/btC2hyaxiGkpOTNWXKFKWlpXldtgQAAAAgsA4ePKh9
+/Z1KNbqSzjT/pzY2FhNmDBBU6ZM6be/rCTgQFA1Nzervr6+Q0Gg9iIiIhQdHd1v3yCdNTY26uWX
X9bp06c7FKvtSXx8vG6//fYu08KamppkmmaHG/7W0CMiIiIsS1XcbrfcbnfAAw7DMDoUogUAAACA
QCLgAHqhublZf/3rX3X69Gmve0W3ZxiGkpKS9G//9m9KSEgIwSgBAAAAYPAg4AD6oLm5WYcOHdKO
HTtUXl7epRhuq8jISKWmpmrGjBkaN24csxgAAAAAIMAIOAAAAAAAgOXxa2QAAAAAAGB5BBwAAAAA
AMDyCDgAAAAAAIDlEXAAAAAAAADLI+AAAAAAAACWR8ABAAAAAAAsj4ADAAAAAABYHgEHAAAAAACw
PAIOAAAAAABgeQQcAAAAAADA8gg4AAAAAACA5RmmaZrhHgQAAAAAAEBfMIMDAAAAAABYHgEHAAAA
AACwPAIOAAAAAABgeQQcAAAAAADA8gg4AAAAAACA5RFwAAAAAAAAyyPgAAAAAAAAlkfAAQAAAAAA
LI+AAwAAAAAAWB4BBwAAAAAAsDwCDgAAAAAAYHkEHAAAAAAAwPIIOAAAAAAAgOURcAAAAAAAAMsj
4AAAAAAAAJZHwAEAAAAAACyPgAMAAAAAAFgeAQcAAAAAALA8Ag4AAAAAAGB5BBwAAAAAAMDyCDgA
AAAAAIDlEXAAAAAAAADLI+AAAAAAAACWR8ABAAAAAAAsj4ADAAAAAABYHgEHAAAAAACwPAIOAAAA
AABgeQQcAAAAAADA8gg4AAAAAACA5RFwAAAAAAAAyyPgAAAAAAAAlkfAAQAAAAAALI+AAwAAAAAA
WB4BBwAAAAAAsDwCDgAAAAAAYHkEHAAAAAAAwPIIOAAAAAAAgOURcAAAAAAAAMsj4AAAAAAAAJZH
wAEAAAAAACyPgAMAAAAAAFgeAQcAAAAAALA8Ag4AAAAAAGB5BBwAAAAAAMDyCDgAAAAAAIDlEXAA
AAAAAADLI+AAAAAAAACWR8ABAAAAAAAszxHuAQDAQGaapr766ivt2bNHmZmZuvLKK2WzkS0DAAAA
gUbAAQBBcvLkSd11111644032o498sgjevDBB8M4KgAAAGBgMkzTNMM9CGAgqK+vV1lZmY4eParT
p0/r9OnTcjqdcrlcMk1TiYmJSkxMVHJysiZMmKARI0aEe8gIopKSEl1//fXaunVrh+MzZ87U9u3b
wzQqAAAAYOBiBocPtm/frgsuuCDcw0A/U1lZqS+++EJffvmlvv76a33xxRd+XT9t2jRddtlluvrq
q3XJJZfI4eDtOFAUFBTo2muv1d69e7s8V1xcHIYRAQAAAAMfMzh68OSTT+ree+/VH//4R911113h
Hg7CrKqqSm+99ZY2bNigt956Sy6XKyDtTpw4UXfeead+9KMfKSEhISBtIjx27dql6667TkVFRR6f
Hzp0qE6ePBniUQEAAAADHwGHF63hRitCjsGrvLxcf/3rX/XII4/o+PHnJNpQAAAgAElEQVTjQetn
8uTJ+t3vfqfFixfLMIyg9YPg+PDDD3XDDTeosrKy23MIOAAAAIDgoJR/NzqHG5J0991366mnngrT
iBAOLpdLf/zjH5Wdna2f//znQQ03JGnfvn26+uqr9dBDD8ntdge1LwTW6tWrddVVV3kNNwAAAAAE
DwGHB57CjVaffPKJGhsbQzwihENeXp6uueYa3XPPPaqpqQlp34888ojuuOMO1dXVhbRf+K+pqUm/
+c1vdMsttwRsyRIAAAAA/1HVsBNv4cby5cv14osvKjIyMsSjQqh98sknWrZsmaqqqsI2hr/85S9K
Tk7W7373u7CNAd7V1tbqgQce0PPPPx/uoQAAAACDHjU42vEWblx77bVavXq14uPjQzwqhNrGjRt1
/fXXy+l0hnsokqR3331XixcvDvcw0MmRI0d088036/PPP/frOmpwAAAAAMHBEpXveAs3li5dSrgx
SGzatElLly4NWLhx/vnn66233lJFRYWcTqc++eQTzZs3z6827rrrLtXW1gZkPAiMr776Spdcconf
4QYAAACA4CHgkPdwY8mSJYQbg0RxcbFuvfXWgNVRWLRokT744ANdc801Sk5OVkxMjObPn6+NGzfq
yiuv9LmdQ4cOad26dQEZE/rGNE396U9/0vz583Xo0KFwDwcAAABAO4N+iYq3cOP73/++Xn75ZQ0Z
MiTEo0Ko1dfX65prrtGmTZsC0l5qaqq2bdumzMxMj88fOnRI5557rs/FS5csWaK333671+NxuVza
t2+fvv32W+Xl5amgoEBHjx5VWVmZTp06pdraWrlcLiUmJio+Pl7Dhw9Xenq6MjIylJ2drQkTJmjq
1KkaOXJkr8fQW263Wy6XS42NjTIMQ1FRUYqKivLp2tOnTysnJ0elpaU6efKkqqurFRcXp9TUVGVn
Z+vcc89VYmKiT21VVVXpP//zP/Xcc8/15dthiQoAAAAQJIM64PAWblx11VV69dVXCTcGiaefflp3
3XVXwNp79NFH9cADD3g956GHHvK5gGhERISqqqoUExPj8xgaGxv12Wefaf369XrzzTcDssXtzJkz
tWLFCl199dWaPHlyn9trr6ioSLt27VJubq7279+v4uJiHTx4UKdOnepybkZGhmbOnKmLL75Yy5cv
7xAkNTc366OPPtLTTz+td955x+uMnNjYWN1444164IEHdPbZZ3d73j//+U/9+Mc/1o4dO/r0Pfoq
NTVVDz/8cEBfkwAAAMBAN2gDjieeeEL33Xefx+cWL16sV1991eff7MLaTp06palTp6qsrCwg7cXG
xurw4cMaOnSo1/M+/fRTLViwwOd28/LylJ2d3eN5DQ0NWrNmjX77299q3759PrfvrxUrVug//uM/
dMEFF/S6DdM0tWHDBj3zzDPauHFjr9v55S9/qf/+7/9Wbm6uHnroIX366ad+t/H000/rjjvukGEY
bceam5v1/PPP67777lN9fX2vx9db+/bt06RJk0LeLwAAAGBFg7IGh7dw48orryTcGGSeeuqpgIUb
knT99df3GG5I0gUXXODX6+zMmTM9nnPgwAFdccUVuu2224IabkjSa6+9plmzZunBBx/0ealNe5WV
lbr++uu1dOnSPoUbkvQ///M/uvDCC3XBBRf0KtyQpDvvvFMvvfRS2+OGhgbddtttuv3228MSbkjS
wYMHw9IvAAAAYEWDLuDwFm5cccUVWrNmDeHGIFJbW6vHHnssoG36uqVrXFycVqxY4XO7PS1P2bJl
iy6++OKQ7+zx6KOP6oorrlBxcbHP1zQ2NurGG28MaPHU3bt397mNe++9ty3sWrNmjVavXt3nNvui
/WwSAAAAAN4NqoDDW7ixaNEirVmzRklJSSEeFcLp/fff91jjoS/8qU1x++23+3Reamqqxo4d2+3z
hYWFuvbaa3XixAmf+241fvx4zZ49WxEREX5f22rLli1asmSJSkpKfDp/w4YNeu+993rdX7DU1NRo
w4YNklqKm4ZboOucAAAAAAPZoAk4vIUbl112mV577TUlJyeHeFQIt5dffjngbXa3c4onM2bM0K9+
9asez7vvvvu87hzyi1/8wu8iosnJyfrggw+Un5+vLVu26ODBg7r44ov9aqO93Nxc/fjHP/ZpOUeg
dqsJhpycHEnSypUrdfPNN4dlDNHR0XriiSd8qrkCAAAAoMWgKDLqLdxYsGCB1q5dq5SUlBCPCuFW
WVkZ8P/3ESNG6NixY35d09DQoHvvvVd//vOfPT6/ePFivfHGG4qLi/P4/O7du3X++ef7PdZXXnlF
P/jBDzocO3DgQJ+LWv7hD3/Q/fff7/WcxYsX98sZHJL0ve99r0NNkNraWp05c0YPP/ywnnnmmT63
n5yc7LU+imEYSkhI8GvHHAAAAACDYAbH448/3m24MX/+fL3xxhuEG4PUP//5z4C36Utx0c6ioqL0
pz/9SevXr9fSpUsVGxsrSZozZ46efvppvfnmm92GG5J6VVQzOztby5cv73J84sSJuv766/1ur73/
9//+X4+zSW699dZe/Vv54pNPPtGZM2e0Z88ezZgxw+/rOwcL8fHxGjFiRNv/S1/ZbDaNGDGi2z/D
hw8n3AAAAAB6wRHuAQTT448/3u1vks8//3w999xzioiIUHV1dYhH1nJT623JAYJv27ZtAW+zt8uc
DMPQ0qVLtXTpUpmmqebmZtntdp+uzcvL87u/5cuXd/v6W7RokdauXet3m60qKyv1+uuv69577+32
nJUrV2rp0qXaunWrHnvsMa1fv77X/XWWnZ2t2NhYTZ06VY888ojmz5/v1/VTpkwJ2Fg8aW5uDmr7
AAAAwGA1YAMOb+GGJO3atSus69uffPJJ3X333WHrH/+qtRBIkZGRfW7DMAyfww2pdzfM06dP7/a5
vi5RkaRnn31W99xzj9ddQGJiYjR//nzNmTNHCxcu1ObNm/vcryQVFRUpIyNDknTRRRdp8uTJfm2Z
u2DBgoCMozsEHAAAAEBwDMglKj2FG4AkffPNNwFv0+VyBbzNnmRlZfl9jbdCqGPGjOnDaFrs3btX
+/fv9+ncqKgorVq1qs99tmq/Xa3dbver7YsvvtjvGR/+IuAAAAAAgmPABRxff/014QZ6VFdXp2+/
/TYo7YbakiVL/N7i1Vv9i2HDhvV1SJKknTt3+nzuyJEjA9KnJDmdzg6PV6xYoejo6B6vS01N1TPP
POPX7JneaGpqCmr7AAAAwGA14AKOOXPm6A9/+EO4h4F+zt8tVX1VUVERlHa9mTx5sh5//HG/rhky
ZEi3z8XFxfkdmHiyZ88en891OIK3Wm7cuHH605/+5PWcGTNm6KOPPgp6/Q2JGRwAAABAsAy4gEOS
7r//fkIOeFVbWxuUdktKSsLyG/qf/exn2rBhgyZPnuzT+d4K3BqGEZAZFQcPHuxzG73hqe7HLbfc
oq1bt+pnP/uZzjnnHCUmJmry5Mm68cYb9eqrr2rz5s2aOnVqGEYLAAAAIFAGbJHR1mUqDzzwgMfn
zz//fL3++utB26qyJ75MmUfwBGspicvlUnV1da93U+mL73//+1q0aJE+//xzbdu2Tdu2bdNnn32m
qqqqLuf2NGPC27a0viooKOhzG4E0a9YszZo1K9zDYIkKAAAAECQDNuCQvIccu3bt0h133KG1a9eG
5WYU4dXQ0BC0to8dOxa211RUVJQWLVqkRYsWSZJM05TT6VRtbW2HUCc2NtZrO4HYDebo0aN9bqM3
vO3c0h+EoxAtAAAAMBgM6IBD8h5yfPzxx1qxYoVee+01Qo5BJpi/RS8uLvZ5qUiwGYahuLg4xcXF
ye12q6ysTCdPnlRhYaFqamrU2NioxsbGLv8enmZ9+OvUqVMyTTPkgUN/DzgAAAAABMeADzgk7yHH
pk2btHLlSr322mtKSkoK9dAQJoFYgtGdb775Rt/73veC1r6vampqtHnzZm3ZsqXt7847jASb2+0O
SMFSf1gh4AhH8AMAAAAMdIMi4JC8hxwffPBBW8iRmJgY6qEhDIIZcPizPWow7NixQy+++KJWr14d
kJkYfWGaZsj7JDgAAAAABqcBuYtKd7ztrvL+++9r5cqVYb8hRGgEc0nS+++/H7Qipt7k5+frpptu
0syZM/Xkk08O2teyFQKOcAQ/AAAAwEA3qAIOyXvI8d577+nGG29UdXV1iEeFUBsxYoTS09OD0vap
U6e0devWoLTdnTfeeEMzZ87UK6+84ve1l1xyid59912dOHFCLpdLlZWVQfu3CQUrBBwAAAAAAm/Q
BRyS95Dj3Xff1U033aSampoQjwqhZBiG5syZE7T2N2zYELS2O3vmmWd0ww039GrGxvLly/Xuu+9q
8eLFGjZsmBwOh5KSkoK6hCfYghVwBLJdZnAAAAAAgTcoAw7Je8jxzjvv6OabbybkGOCmT58etLaf
eeYZlZWVBa39Vu+++67uvPPOXl2bkJCgJ5980mOYERMT09ehDTiB2Dq3FQEHAAAAEHiDNuCQvIcc
b7/9tlatWqXa2toQjwqhsmDBgqC17XQ69dRTTwWsPU/b2p46darX4YYk3XnnnRo5cqTH56Kjo3vd
brgFawYHoQ8AAADQvw3qgEPyHnK89dZbhBwD2PTp04Naa+I3v/lNn2txFBcXa/HixRo5cqTeeOON
Ds+9+OKLOnz4cK/b9hbwBHK2QqgFK+CIjY0NWFvM4AAAAAACb9AHHJL3kGP9+vW69dZbdebMmRCP
CsEWGRmpVatWBbWPm266SYWFhb269vDhw1q2bJnee+89nThxQnfccYcqKysltdwgP/vss30a26RJ
k7p9jhkcXQUy4HC5XAFrCwAAAEALAo7veAs51q1bp9tuu42QYwC65ZZbgtp+QUGBFi9e7NdMDpfL
pTVr1mjevHnatWtX2/HKykp98803kqSDBw/q4MGDfRpbampqt89FRUX1qe2BKCUlJWBtNTQ0BKwt
AAAAAC0IONrxFnKsXbtWP/zhD+V0OkM8KgTT5MmTtWLFiqD2cfDgQV144YW67777tHPnTo/1NCRp
//79euyxxzR79mz94Ac/UElJSZdzWrcwDsQ2tN5mJDgcjj63Hy7BmsERyOVMRUVFAWsLAAAAQAvr
3sUEyf333y9JeuCBB7o898Ybb8hms+mll16ydI0CdPTzn/9cr732WtD7eeKJJ/TEE09o5MiRuuCC
C5SWlia73a6Kigrl5OSooKCgxzaSk5MlqU+1N6SWHVS8BQGBCjhcLpdP75VALtlobGwMWFvtjR07
NmBtbd68udtdfE6fPq2//e1v2rVrl375y18qOzs7YP0CAAAAAxkBhwfeQo65c+cSbgww06dP1y9+
8Qv99re/DUl/ZWVlevvtt/2+LiIiQpMnT5YknThxok9jqKmpkcvlUkREhMfnAxUSlJWV+XSD7mm2
Sm/1tuZJTzIyMjRmzJg+h0uS9F//9V9KT0/XlVdeqbi4OFVXV2v//v1677339PTTT+v48eOSWnbP
efHFF/vcHwAAADAYsESlG56Wqzz22GO67777wjQiBNPPf/5zjR8/PtzD8OqWW25RUlKSJKmqqqrP
7Xlro6Kios/tSy31a3pSW1urF154ISD9SdILL7zQFhAEkmEYuuqqqwLSVlVVla6//nolJCTIZrMp
KSlJF154oR5++OEOYy8rKwtIfwAAAMBgQMDhRfuQg3BjYEtJSdHLL7/cr3cPueeee9q+DkTBy717
93o83tzcrLy8vD63L0m/+MUv9Oijj+rkyZNdnjt+/LjefPNNXXXVVcrJyQlIf1LLbJCFCxfq+eef
16FDhwLWriQtXrw4oO31JFCBCgAAADAYEHD04P7779dXX31FuDEIzJ49u89brwbLr3/9a02bNq3t
cVpaWp/b/P3vf+9xN4/PP/88oDMgHnzwQY0aNUqrVq1qWz7yzDPPaPTo0br++uv1xRdfBKyvVnv3
7tVPfvITZWVl6aGHHgpYu5deeqmGDh0asPa8SU5O1k033RSSvgAAAICBgIDDB3PmzAn3EBAiq1at
6nYnnXD5/ve/r1/96lcdjnVXoNIfGzZs0LJly/SPf/xD+/bt04EDB/T666/rRz/6UZ/b7szlculv
f/ubnnzySUnS22+/HdDCot48//zzAWsrMTExZGHnL3/5Sw0bNiwkfQEAAAADAUVGgU7uv/9+DRky
JCg3+v763ve+p5deekkxMTEdjl944YVKSEhQTU1Nn9rfuHGjNm7c2Kc2/JGYmChJGjduXMj6PO+8
8wLa3k9+8hM9/vjjOnXqVEDbbe/CCy/ssCQJAAAAQM+YwQF48MMf/lDvv/++MjMzwzaGO++8U2vX
rm3bGra9+Ph4/frXvw5a32PGjOkyayQQZsyYISm0tSyuu+66gLY3atQoPfLIIwFts72hQ4fq2Wef
7RJqAQAAAPCOgAPoxhVXXKEtW7aEvA5CVlaW1q5dqz/+8Y+Ki4vr9rw77rhDU6dODcoYfv/73+vX
v/61LrzwwoC1ecEFF2jhwoWSWmam3HDDDQFruzvz5s3TqlWrAt7uzTffrLvvvjvg7UZHR2vt2rVB
+38FAAAABjICDsCLESNGaPXq1dq0aZMWLVoU1L5SU1P1f//3f9qxY4euu+46GYbh9fzExEStW7cu
oLNMIiIi9Ne//lXXXXedYmJi9PrrrwfkZjs7O1svvfRS2y41drtdf/nLX/Szn/2sz213Z/ny5Xrz
zTfblsUEkt1u1+9//3v99Kc/DVibGRkZ2rRpk+bPnx+wNgEAAIDBxDBN0wz3IAArME1TH330kV5+
+WW9/vrrcjqdAWl3wYIFuu2223TNNdcoKSnJ7+sLCgp077339rmWxvz58/Xoo4922K1FkioqKvTw
ww/riSee6FW7t99+ux5++GGNHDnS4/NffvmlXnzxRb3yyit9/jeNjY3VypUrtXLlSi1cuLDHkKiv
TNPUSy+9pPvvv19VVVW9bmfFihX63//937AuiQIAAACsjoAD6IXKykp99NFH+vzzz7VlyxZt377d
52uzsrJ0+eWX6+KLL9ZFF10UkIKbbrdbb7zxhp544gl9/fXXfl17ww036Ic//KGuuOIK2WzdT+rK
y8vThg0btGnTJn399dfd3tCPGTNGs2bN0mWXXaaFCxdqwoQJPo3j9OnTys3NVW5urvLz81VSUqLD
hw/r1KlTqqmpUVVVlWw2m5KTkxUfH6/hw4dr9OjRysjI0IQJE3T22WdrypQpQZmx0ZOSkhK9+OKL
+sMf/uBX8dGlS5fq7rvvDkkYAwAAAAx0BBxAAFRXV6uwsFCnT59WbW2tamtr5XQ65XA4FB0dreTk
ZA0bNkwZGRlKTU0N2jhM09TOnTu1c+dObd++XXl5eTp+/LiOHj2qyMhIpaWladKkSZo0aZJmzpyp
WbNmKS0tze9+3G63ampq5HQ622ZdREdHKyEhoVezUAaK6upq7dy5U9u2bVNOTo6OHTumsrIyHT9+
XMOHD9eoUaM0depUzZ49W3PnzlV2dna4hwwAAAAMGAQcAAAAAADA8igyCgAAAAAALI+AAwAAAAAA
WB4BBwAAAAAAsDwCDgAAAAAAYHkEHAAAAAAAwPIIOAAAAAAAgOURcAAAAAAAAMsj4AAAAAAAAJZH
wAEAAAAAACyPgAMAAAAAAFgeAQcAAAAAALA8Ag4AAAAAAGB5BBwAAAAAAMDyCDgAAAAAAIDlEXAA
AAAAAADLI+AAAAAAAACWR8ABAAAAAAAsj4ADAAAAAABYHgEHAAAAAACwPAIOAAAAAABgeQQcAAAA
AADA8gg4AAAAAACA5RFwAAAAAAAAyyPgAAAAAAAAlkfAAQAAAAAALI+AAwAAAAAAWB4BBwAAAAAA
sDwCDgAAAAAAYHkEHAAAAAAAwPIIOAAAAAAAgOURcAAAAAAAAMsj4AAAAAAAAJZHwAEAAAAAACyP
gAMAAAAAAFgeAQcAAAAAALA8Ag4AAAAAAGB5BBwAAAAAAMDyCDgAAAAAAIDlEXAAAAAAAADLI+AA
AAAAAACWR8ABAAAAAAAsj4ADAAAAAABYHgEHAAAAAACwPEfx7gvkdptyu001Nbf87W4y1dQkNTe1
HGtqkkzTlGmGe7gAAAAAAGCwMAzJMAzZ7ZLdZshmb/naYTfkcBiy21r+djgMOWwyZDMku00yTbV8
bUimIem7Y7JJpgyZJBwAAAAAACBEDMOQoZaswmYzZDMM2Q3JZnz39XfHbDLksNkluyRT3/1tSjIM
GUbLzA2bYchU6wwOo10nYfneAAAAAADAANZ+bkXrDA5Dks0m2e1qmcXR9vW//nbYbJJpGrKbLY3Y
7erQku27pSntww0AAAAAAIBQaAk5WoIOm61lqYrd3jKjw24zWmZ22CSHzWa01dewqzXEMGUYhpqN
llkbptkyw6NDB6H+jgAAAAAAwIDnKX9oDTlawwy73ZDd3vJ1yx9DjvZJiCFTrTM6WkMO0xTFRQEA
AAAAQNj8K7v4V8jREnwYbccd/zrhuyCj2ZDs7cMN0g0AAAAAABBerWGGzfZdkdHvZm90Cjhaiora
bN/N3DBbdlZpKS4a7m8BAAAAAAAMdq3FRtvP5PhXpiE5DBmy2UxJLSFH+2UpLbM3jC4hBzuoAAAA
AACAYOkuh2i/JKVl9kbrchWjZRcVNRuSraWgqGGoreiop3Cjc+MAAAAAAACB0lMO0X7WhmH8a7mK
o/2ylJbdUv61c0p3DRNuAAAAAACAYPGWRbQVHJXRYbmKo/WL1lkbpmlIBrU3AAAAAABA/9Ml6Git
wdG6e0rHWRukGwAAAAAAoH8yvks52m8f6+g4e6PtVEk9r3sBAAAAAAAINF/ziPazONq2ifU2e8M0
CTUAAAAAAEDodZdJtJ/FIbVbotJ6wDRJMgAAAAAAQP/WPvQwDMnRWnXUlNnlBAAAAAAAgP7M+K7M
hqOt+mgPdTe6NEAQAgAAAAAAAqy3uYTDU4GOzg0TZgAAAAAAgFDwlEH4kk10CTh8aRgAAAAAACBU
fMkmHAYJBgAAAAAAsLguMzh6WutCHgIAAAAAAILN33zC0dMJAAAAAAAAoeZvPtFjDQ4AAAAAAID+
zhbuAQAAAAAAAPQVAQcAAAAAALA8Ag4AAAAAAGB5BBwAAAAAAMDyCDgAAAAAAIDlEXAAAAAAAADL
I+AAAAAAAACWR8ABAAAAAAAsj4ADAAAAAABYHgEHAAAAAACwPAIOAAAAAABgeQQcAAAAAADA8gg4
AAAAAACA5RFwAAAAAAAAyyPgAAAAAAAAlkfAAQAAAAAALI+AAwAAAAAAWB4BBwAAAAAAsDwCDgAA
AAAAYHkEHAAAAAAAwPIIOAAAAAAAgOURcAAAAAAAAMsj4AAAAAAAAJZHwAEAAAAAACyPgAMAAAAA
AFgeAQcAAAAAALA8Ag4AAAAAAGB5BBwAAAAAAMDyCDgAAAAAAIDlEXAAAAAAAADLI+AAAAAAAACW
R8ABAAAAAAAsj4ADAAAAAABYHgEHAAAAAACwPAIOAAAAAABgeQQcAAAAAADA8gg4AAAAAACA5RFw
AAAAAAAAyyPgAAAAAAAAlkfAAQAAAAAALI+AAwAAAAAAWB4BBwAAAAAAsDwCDgAAAAAAYHkEHAAA
AAAAwPIIOAAAAAAAgOURcAAAAAAAAMsj4AAAAAAAAJZHwAEAAAAAACyPgAMAAAAAAFgeAQcAAAAA
ALA8Ag4AAAAAAGB5BBwAAAAAAMDyCDgAAAAAAIDlEXAAAAAAAADLI+AAAAAAAACWR8ABAAAAAAAs
j4ADAAAAAABYHgEHAAAAAACwPAIOAAAAAABgeQQcAAAAAADA8gg4AAAAAACA5RFwAAAAAAAAyyPg
AAAAAAAAlkfAAQAAAAAALI+AAwAAAAAAWB4BBwAAAAAAsDwCDgAAAAAAYHkEHAAAAAAAwPIIOAAA
AAAAgOURcAAAAAAAAMsj4AAAAAAAAJZHwAEAAAAAACyPgAMAAAAAAFgeAQcAAAAAALA8Ag4AAAAA
AGB5BBwAAAAAAMDyCDgAAAAAAIDlEXAAAAAAAADLI+AAAAAAAACWR8ABAAAAAAAsj4ADAAAAAABY
HgEHAAAAAACwPAIOAAAAAABgeQQcAAAAAADA8gg4AAAAAACA5RFwAAAAAAAAyyPgAAAAAAAAlkfA
AQAAAAAALI+AAwAAAAAAWB4BBwAAAAAAsDwCDgAAAAAAYHkEHAAAAAAAwPIIOAAAAAAAgOURcAAA
AAAAAMsj4AAAAAAAAJZHwAEAAAAAACyPgAMAAAAAAFgeAQcAAAAAALA8Ag4AAAAAAGB5BBwAAAAA
AMDyCDgAAAAAAIDlEXAAAAAAAADLI+AAAAAAAACWR8ABAAAAAAAsj4ADAAAAAABYHgEHAAAAAACw
PAIOAAAAAABgeY5wDwAAAAAA0Ht19c06XeVWVXWTas80qdFlqrGxWZIUGWlTZIShhHi7hiTYlZTo
UEw0v+fGwETAAQAAAAAWU1XdpCOlDSo4VK/8ojqfr7PZDI3PjNa4sdEanR6lxCH2II4SCC3DPDHP
DPcgAAAAAADeud2m9uXVae++Mzp6rDEgbaaPjNI5k2I1aUKMHA4jIG0C4ULAAQAAAAD9WHOzVHCo
Tl9tq9HJCldQ+kgdGqG5s4ZofGa0DHIOWBQBBwAAAAD0UyVHG/XV9modKW0ISX9jMqI094IhSh8Z
GZL+gEAi4AAAAACAfsY0pZ17avXpl1U+nR8Xa1fqsAgNibcrLs6uuNiWQqJnnM06c6ZJ1bVNOnHS
pTPOJp/aW3BRoqafG9/r8QPhQJFRAOhHmppMNTd3PW6zSXY780URXL15/TU3t1znzzX4/+zdd5yc
Zb3w4d/2lG3pJKRCkCZNmhGkSVGKChbUoxxF5CDnKCiIBUVRQY+iWLEgYkNB0NB7rxpKKAoEQnov
W5JNtu++f+SENzDPbHaTzWbvcF2fD38wszszyU52nuf73AWga4LVwJUAACAASURBVK2tnXH/I/Xx
7PNruvy64UNLYufJA2P82LIYNaJko79329s7Y+ny1pg7vzleeqWxy+ku9z1cHzW1bXHo26qipMTv
c9JgBAdAP3LpLxfFz36zOOf2s88YE585bfRWeEW8kfzvTxbEr/+wNOf2L589Nk776KjM77nr/ro4
49xXcm4/4u1Vcfmlk3v9NQJs61Y3tMdt99R2OSVlwrgBMWW/is2eRrJw8brpL/MW5H+u8WPL4l3v
GBLlg+22Qv9nBAfQ5zo7IxYvbYmFi1tiRU1rNDZ2RFHRuv3ZK8qLYruRJTF2TJkFrt5gauvaYs78
5qhf1RYNa9qjpaUzBg9e954YPrQ4Jo0f4AoSANu0xqaOuP7WlbFsRfbIipHD1y0EusOE3lkIdPvR
pfH+E4bHK3Oa4tFpq2L5ytznnbegOa6/tSbe/+5hMaCscPOfFLYggYPkrW3siEED/bJNwcuzGuO2
e+ripjtqYtacpi6/dtKEAXHIlMo44Zihsc8eg/voFdLX5sxvjlvurInb762L52es7fJrqyqL4pAp
VXHskUPisIOqorRU7ABg29He3hl33V+XN268Zc/yePtbK3t9K9eCgojJkwbEhLFl8eBj9fH0v3Kn
xSxd3hJ3P1AXxx45NAoddtOPCRwk7eVZjXHX/XVx4nHDYvQoKz33V4uXtsSPf704rr1hRbe/Z/bc
ppg9tyl+f/WyOOygqjjnzDGx286DtuCrpC8tXd4aP7hsYfztppXd/p76Ve1x0x01cdMdNTF5hwHx
+U9vH8ccXr0FXyUA9J1HH18dL89qzLzvyEOrY6/dt+wFn5KSgnjHIdUxdEhJ3PtQXc79M2Y2xpDq
VXHQAZVb9HXA5tDfSNbLsxrjxttrorGpI/5+88pYtKRla78kMtz3cH0c/5EXehQ3Xu/+R+rjg6fN
iBtvr+nFV8bWcu9D9XH8R57vUdx4vZmzmuLML7wSF126IBqbMlbFBICE/PvFtTHtqdU5t5eUFMb7
Txi+xePGhvbZY3C874ThUVKSe6r4jydWx4svZ0cY6A8EDpK0Pm6s19TcEVNvETn6m+tuWhmnnT0z
6urbNvuxGhs74nNfnR1XXbe8F14ZW8utd9fGpz43M2pqN/89ERHx26uWxlcvnhttbdbLBiBNDWva
476Hs7eCfdc7qmPCuLI+fkURE8eVxdGHZY+SvPehuljb6OIC/ZMpKiTn5VmNcfOdtTm3NzV3xGNP
rI6Tjhtmccp+4M776uKLF87p8muqq4pjz90GxXajSqOgIKKmti2e+feaWLY8/5ZlF3x3XkwcX2Z4
ZIKen7E2PvfV2V1+zaQJA+Itew6O4UNLori4IFY3tMdLrzTGP57Ivaq13vW31sR2I0vjC/+zfW+/
ZADY4p56dk00t+QGg4MOqIyddhi4FV7ROrvsNDBq6irjscdXveb2xqaOeOrZhjj4QMdi9D8CB0mZ
Obspbr6zNjo6cq/Wjh1TFsceOUTc6AdmzW2K87qIGwfuWxFnnrpd7Ld3ec5q3O3tnTFjZmNc+Zdl
8febs6cwnPeNOXHr1btHVaXtylLR3t4Z37xkft6RFodMqYyzzxgTe+42OPPfcE1tW/zt5pVxyc8X
Zj7GL3+3JI46rDr2frMFaQFIR01tWzz5TEPO7bu+aVAc8JaKrfCKXuut+1ZETW1rzJj52mkpTz7T
EG/eZVBUVzmdpH8xRYVkvDKnKW66oyZv3Hj3O4fGwAHe0ltbe3tnXPTDBbG6oT3z/s+ePjp+99Od
4uADKzO3GisqKojddh4U3/v6xLjg3HGZj7FkWWv88a/LevV1s2VNf25NPD499wAuIuKEY4bGr34w
OfbaPTtuREQMHVIcn/rYqPjDz3fKu3r8pb9c1FsvFwD6xLTpq3OObUtKCuPgAyv7xW4lhYURBx+Y
u3NLW1tn3s912Jr6wT8b2LhX5jTFjbeLGyl4+J+r4v5HsueRfvzDI+OznxrTre09CwoiTjl5ZJx8
4vDM+y+7cnHU1vXOOg5seQ8+tirz9oryovjqOWO7veXrgftWxLn/nT0V5eF/rIq585s3+TUCQF9a
WdMW/34xd4v0A/Ypj8qK/jNKtbqqOPbbuzzn9mefX9Nra2pBb3FGSL8nbqTlN39amnn7uO3L4nNn
jOnRFKKCgogz/nO7zCv2zc2d8ci07JNm+p98294de9SQGD60pEeP9YF3D8s7iuMfT+ZfqwMA+pO5
C5pybhs0sCj26ofTLffZozzzeHv+IhcW6F9MmqJfmzVX3EjJzNlN8ei07BPM/zltdJQP7vnViPFj
y+KdR1RnLix7x311cfzRQ3v8mC0tnTFzdmPU1LVF/ar2aGnpiOqq4qiqLIoJYwfEsKG9/6tx6fLW
mDOvKWrr26Kxcd3zbTeyNN6044AoKtqyC8csXd4a8xY0R21dWzSsaY/ywUVRVVkU240sjfFjy/pk
3Zp8OxyNG9PzleGrq4rjrftVxMP/yA1cCxdv3k5K7e2d8fKspli2ojXq6tuivb0zKsqLYsK4sthh
wsZ/Vh0d635vzV/Y/OruQRXlRTF6VGlM3mFAlJX23u+rzs6IOfObYsnS1qipa4uWlo6orCiKqsri
mDCuLEYM61k4AqBvzZydGzj22zs7JGxtgwYWxr57lcfD/3ztZ+/M2U19uoUtbIzAQb81a25T3HCb
uJGSR/OMqCguLogjDq7a5Mc99G1VmYHj0Wmro729s1uBoLMz4rEnVsctd9bE7ffWdbl17SFTKuOo
w6rjPe8aGoMHbfoQ0c7OiHserIu/3rAi7nkwe9rO2DGl8ZH3jYiPvG9EVJT33nDUpuaOuPH2mrjl
rtrMELDe5B0GxDuPGBIfOnF4jB5V2mvP/3r54lb9qk0b2jplv4rMf//lg3Nva2ruiN0Pmp5z+yFT
KuPKn+4UEesi0J+uXRY33l4TCxZlR5JJEwbEaR8dFScdNyxnSs3qhva47qaVcdV1y2P23NwD1oh1
oWP9z3rsmE3/u16+sjX+ev2KuOWu2pxF3zZ04L4V8a53VMf7Thgegwb6XQnQn6xa3R7zF+aOfpg4
vu+3hO2uieMH5ASOOfOaXr14Av2BwEG/NHueuJGiR/KM3jjqsOoYOmTTf93sMHFA5u119W2xZFlr
bD+665PFWXOb4oe/WBS33Z0bSbI8+NiqePCxVXH5H5fGOWeO2aRRIitqWuNbl8zPDDMbWrCoJb73
04Xxl7+viJ98Z1KPnyfLA4/Wx3d/vDBeeiX/ye96M2c1xc9mLY4r/7w0zvqvMfHxD43cIiNK8sWT
W+6q3aTRPWd8fLvNfk01/7eGy7U3rojv/GhB1K/KXhh3vdlzm+L8i+bG7ffWxqXfmhRDqte9px+f
3hDnXTgn5i3oepju6ob2+NXvl8TVU5fHd742MY45vLpHr7e9vTOuum55/PjXi7sMdOv988nV8c8n
V8fvr1keX/382DjsoE2PjAD0rgUZUzuGDinp8bTNvjRiWElUVxXnfAYtWNQSu+y09bazhQ05Q6Tf
mT3PtJQUtbd3xuPTswPHnrsN2qzH3u1Ng+LWq3fL/G/9SWY+059bEx8+fUa348aG5i1ojrO+Mjt+
9KtF0d6evb1plpratjjjnFc2Gjc2NH9hc5xy5svxjyc2fQ2Jzs6Iy/+4NE797MxuxY0NrVnbERdf
uiAu/tGCHv1Zu2v/fXIXJ4tYN3Xl4h8tiJaW3n/OjVm2ojV+fsXi+NI35240bmzoocdWxXkXzom2
ts6458G6+OinX9po3NhQ/ar2OPMLr+RcBevKmrXtcd6Fc+LC78/vVtzY0Oy5TfHJs2bG9bdmb7sM
QN/LGi248+SBfTJtdFMVFq57ja+XFWtgazGCg35lfdxoaxM3UrN0eWvek8QdJmSPwOiu0tKCzA/U
jXni6YY49bMvx5q1HZv1/D+9fHE0NXXEl84au9GvbWvrjM99bXZMf25Nj59ndUN7PPH0pm+5dukv
F8XPr1i8yd8fEfG7vyyL6qri+MxpozfrcV7vkCnrtpjL+rd9zdQVsXhJS5z3mbGx65v67grQsuWt
8cNfbNrWsvc+VB/f/cmCuHrqisw/U3ecd+GcuPtvb97o9JGm5o747y/Oiofy7ETTXedcMCeGDS2J
t7+1crMeB4DNt2xFa85tY7bbclNFe0vWa1xRYycV+g+Bg35jzvxmcSNhK7vYJmzkiL4fbllb1xbn
XTgnb9zYbmRJnHDM0Bg7pizKygpi+YrWeODRVXkDw+V/XBp77zE43nnEkC6f99obV3S55sW47cvi
yEOrYtSI0mhq7oh5C5rjtntqo7Fx8yLMbffU5o0bxcUFcfzRQ2Kv3QdHRXlRrG5ojxdebozb7q6N
1Q25UepHv1wUhx1UFXvsunkjbzY0elRpnHX66PjBZdlBYd20oOfjxOOGxQffMzz23WvwFl989fUO
O6gqdt9lUAypLo6GNe0x/dmGeODR/D/LK/+87DX/X1VZFO96x5CYOH5AFBaui34PPFofM2dlr8mx
dFlr3HFvbZx43LAuX9cPf7Eob9wYOaIkjj1ySEyetG4B05W1bfHE0w1x9wN1mV9/4ffnx9+u3CWq
Ks2VBtha2ts7Y/nK3MDRVfDu7Ixobe2b0Y4lJQV5R5Jkvcaly1uio2PdCA/Y2gQO+oU585vjhttW
ihsJa8g4UV5v0MC+P5n63s8Wxtz52UMmz/vM9vHxD4/M2dHizFNHx2OPr46vXDQ3c8rB+RfNi332
KI9ReYJNTW1bfP9nCzPvGziwMC44d1yceOywKCl57VHD+Z8bG1dctTQu++2S7vzRcixZ1hJf/tbc
zPum7F8RF31lQkwYl7to2Vmnj46vfHtu5kn8Dy9b+OoCnL3l4x8eFdOfWxP3PpS94GpExNRbVsbU
W1bGDhMHxPFHD4m3v7Uy9txtcN5tYXvD26dUxgXnjsscafT8jLXxxW/OjednrO3yMT504vD4wv9s
H9VVr/1Y/eJnto8bb6+JL31rbubvt/seru8ycNz/SH1ckWfr5f/80Mg46/QxObHiUx8bFc8+vyY+
86VZOUOgZ89timuuXx6nn7L5a5gAsGmaWzozp2J3day7uqE9Lv/jph0n9NTpp2yXd+HzrGO6trbO
aGntiAFljtXZ+rwL2erEjW1DS2v+EQh9/YH38qzG+Ov1KzLv++o54+K//nO7vNt1Ttm/In55yY6Z
H+x19W1x3Y3ZjxsRcef9dXmn6Xzv6xPjg+8ZnhM3ItZte3rOmdvH178wLu9jd+XqqSsyR2Lss8fg
+MX3d8yMGxER240sjR98c1Lmjh4PPrYqXnipZ+t4bMyggYXx44t3iOOP7noUTETErDlN8ZNfL44P
nDoj3nHSv+KSny+M6c+tic5evnj19imV8ctLdsw7jWq3nQfFpd/uevHXE44ZGt84b3xO3IiIKCoq
iBOPGxZnnZ495eeR/9sJKEtHR8Svfp99MHvKySPja+eMyzsSY8/dBsePLtoh874//nV5NDVv3ogh
ADZdvqmNKRzv5jum66vRJbAx/f9fEf1C1jC63jBX3NhmdLUOQVEfD+C4Jk/c2H+f8jjlgyM2+v07
Tx4Yn//0mMz7rrhqad6IcW2e+HHcUUPi2CM3flL/H+8fEUce2rOdNWrr2uJ3f1mWed/Xzh230a1n
h1QXx6c/kX3yfVeeaQ6bY9DAwvjhtybFd742odvb4i5Y1BK/uHJJvP8TL8bJp82Im+6oieaW3jlB
/+Jnxm40wE2eNCDvz6W4uCDO+8z2meFqQ0cfnv3zr6tvi9o8i4ZOe2p1THsqd8rU2DGl8bkzxmx0
Ibp99hicOTpk0ZKWzMcFoG9kHTOVlRZu0dGKvaW0tCDzdW6JBcphUzhzZKNentUYf7hm2SYtmtiV
ufOb4wZrbtDLWlo64+83Z+8W8amPjer2ug4nHT8s84p8/ar2eOrZ3JPDpctb4+k8/0b+4/0bjyoR
667293SbtSefacgcvXHo2ypjr90Hd+sxDj84e/vQaU9t+o4uXSkqKogPvmd43HHt7nHaR0f16Huf
fKYhzj5/drz/EzPivofrN3tER3VV9yLLm/OsR3LcUUO6tShc1iiZ9dasyY41+XZZ+egHRkZlRfde
9zuPyA4z/3qhd3+fA9B9WYGguaVjkxet7kstLZ2Zr7Ov182CfJw90qVX5jS9utXlvQ/V9VrkWB83
WjOmNYgbbI6ZsxszR1hUlBfFlP27v3tE+eCiePc7h2bel7UQ6StzsheSHD6sOPbZI3uL1N7w9L+y
/03mGzGQZdSIksyT9MenN8TazVz8dGPP++Wzx8b9N7w5zvqvMTF0SPeXhXp+xto47eyZ8dWL52YG
nt5WmWe0SVYEyzKgrDDKyrIP/hqbsv+OH8qzWO1BB1R06zkjIibvkB3MejtYA9B9+UZq5Ps86E/y
TXHc2EhG6CsWGSWvOfOb4+Y7a16zCNK9D60bsr7PHt27Mpxl3gJxY1vU1bDKvrwi8eLL2etGvO2A
io1ux/l6++1dHn+4Jnf6x5PP5AaO2XOzA8eU/SqjtHTLfejn2/XlpVcaM197Plkrn7e1dcbKmtYY
tH32Gh69Zdz2ZfHZT42OT/7HyHjs8dVx5/11cfOdNdHcvPH3zdVTV8SMmY1x+aWTY0j1lvtI29h0
kO4oLCyIiNw/U9ZCc7V1bfGvF7IXNn1k2upubyecbxeh2fOyF+AFYMsrKy2IwsKCnN//jU0deadv
VpQXxX9/sne3cM8n3zplERFrG3MvKhQXF0RpiWN3+geBg7xmzWnKPDHdnMgxb0FzXH+buLEt6uqD
rbml7wJHvu1qd57cs6kfERET8yzOOTdjh5X6VdnPO3lS9uKVvWX+wuwT1d9f3f240ZV8J8hbwuBB
RXHkodVx5KHV8dXPj4t/PrkuduTbPnq96c+tic99bXb88pIdt5kV3OvyvJ8iIr774wWb/fiLljRH
Z2fvhBsAeqaoqCBGDCuJpctfu9NVV6MmCwr6ftH2LFmvcdSIUlvE0m94K5LXYQdVxd5vzo4YmzJd
Zf5CcWNbVt7FgpFZtX9LqcuzYOOQbk4l2FC+qyjLlrfmDNHMN02iu2slbIr29s5YsmzLLAC8Xl/+
7DZUWVEURx1WHd//xsR46OY94utfGBejRmZvzxsR8dBjq+LaG/LvcJOaLT3tprm5s9cWagWg50YO
z/1MW7ykJeMr+5dFGa9x+FDXzOk/nE2SV2FhxOEHV/dK5BA3tn1Du5gesHjplj0J39CatdknhqVd
DLfMp6yLKyWvnz6Rb97spjxvd/XF6IqOfnAOPHJ4SZxy8si446+7x6n/kX9R0p9cvjjvzz81a98g
P1uAN6rtR+euffXizMZe3w69N3V2RsyYmTsVePvRW3YqK/SEM0q61BuRY33caMm4WihubDtGjSiJ
wYOyf47zMqZ09ERHx7ohkVn/vX5bssGDskdMZL3/NqY5z0JaEbl71ed7D2/K83bXG216QUV5UXzl
7LHxqY9lR46a2rZtZvHMN9rPFuCNZlzG+lY1ta2xoqbvLgr11LIVrZkjZcdtv/HdxKCvGE/ERq2P
HBHZOzZ0tSbHgkUt4sYbRHFxQey/T0Xc/0h9zn1PPtOQ96S0O57595p4/ydezLzvvuvfHOPH/v+D
hKrK7MBRv7rnV/Yb1mR/z8gRJTkLh+abzrIlpxoMHlQUxcUFmetT3HTVrrHbztlbm/al9vbOWLAo
e8jt8GHFeYNUPgUFEWd8fLv403XLozFjHvAz/1oTBx/Y/d1y+qt876eBAwvjmfv3th0fQOIqK4pi
7JiyWLDotReB5s5vjhHD8k/J3Jrmzs+9YDVx/IAoH7zlpuNCTzmzpFs2ZSTHgkUtMfXWleLGG8jb
8mxfed/D9XnXxuiOfFuwDh5UmLO96dAh2QcFL72SvbtKV+ZkfJBHRIwbk3vVJd92obPy7K7SGwoL
s68ARUTMy7P4aF9rbumMI078V+Z/9z+SvQ3qxlRXFcdBB2RHjOUr+++Vr57IFzgaGzv6dMoXAFvO
TjvkLkT+xNMNebdi3ZoamzriiadX59y+48Qtu5g69JSzS7qtJ5FD3HhjmrJfduBoa+vMHNnRXQ88
mv29++9TkbM97S55dkt5dNrqHu8vnzViKWLd9rGvl+8D/h9PrN6i2+TuvnP2n/exx3MPQraGgQMK
856sL1m26YupDcuzoNmWXpyzr4wcUZJ3NNJTz3Zvi1gA+rcNR6Cut2ZtezzdD6dbTn9uTeZx1Pgt
vJU89JQzTHqkO5Hjvofr43px4w1p1zcNyrt98G/+tDRaW3t+oj9/YXPceV9d5n3vOnJIzm1v2nFg
5gl1XX1bTHuq+yf9axs74obbVmbe95Y9c/+MO+2QHRqWLGuNZ/695Q5UpuyfPZJh6i0r+8VohoKC
iLdPyX6Ndz9Qt8mLqeXbHre/DuvtqbLSwjji7dWZ911z/QoLhAJsA4YPLcmcTjptekOs2oSptVtK
/ar2eHx67jHUHrsOjqFDrHhA/+Iskx7bWOR46tmGzO0HxY1tX0FBxGl51tp44aXGuOKqpT16vM7O
iF/8bknmCIji4oI4JOPEubS0IE48bljm413+x6XdPjG8/taVsWJl7rSaivKi2Hev3BEcQ4cU552i
c9V1y7v1nC0tnfH49J5dnT/gLbmvJWLdDiu/+v2SHj3WqtXt8Y3vzYvauk2fTpQl33SSaU81vLqG
T0/Mnd8cj07LjlWjR207C51lvb8j1o0Kuu2e2h491kuvNMYPLluYsygvAFvXgW/JPXZobe2IR6at
6hc7qnR0RDz8z1U5x2KFhQV5j0Fga3KmySbZWOR4PXHjjePIQ6pj/32yP/C+/7OFMfWWld36wO7s
jPjd1cvimqkrMu8//ZRRmXvIR0Sc/N7hmbc/9vjq+NO1yzb63DNnN8UPLluUed8pJ4+MIXm2xP3g
e7Kf94bbauKu+7s+ke/sjLjsysXxzyd7NrVkhwkD4qTjs4POlX9eFtfemP3393o1tW1xzgWz449/
XR6f+tzMWLai90Z/vPOI6rzTVL70rbk9mk6ztrEjLrp0ft77D9w3OzKl6MhDqzOHL0dEfO07c+Nf
L6zt1uO8+HJjnP75V+Ky3y6JC747L1pa+sERMwARse4CSdbU1+dnrO3xRY8tYdpTq+PFl3M/b/bf
pzzv+mOwNTnbZJN1N3KIG28sxcUF8dXPj8tZG2O9c78+J86/eG4898LazNEUbW2d8fS/1sS5X58d
3/5B9onsyBElcepH8u/KsstOA+O9xw7NvO/C78+PX/9hSd4FvP755Oo4/fMzMxdFraosyhtPIiIO
P7gqZ9HT9c65YHb87eaVmdN0Fi9tiQu+Oy9+evnivI/dlU/+R/6/iy99c2788BeL8i7y2tTcEbff
Wxsn/ucLce9D69Y6mf7cmvjkWTNj8dJNXyNjQ9VVxfGls8Zm3ldT2xYf/fRL8bXvzMv7nohYtxvL
tKca4tTPvhz3PJi9Jst+e5fHznnWYEnRoIGFceap22XeV7+qPU7575di6i0r8waL2rq2uOKqpXHS
x194dUrP1VNXxFcumtsvF7ADeKPad6/yKC3NPU5+6B/18fKsni+S3ltmzGyMR6blLgg+oKww75Rk
2NpkNzbL+shRUFAQ05/LrczixhvTm3cdFBd+cXycf9HczPuvmboirpm6IiZNGBA7ThwQI4eXRGtb
Z9TUtsYTTzdE/aqu553+7wUT846iWO/LZ4+NJ55uyNyi9H9/sjCu/MuyOP7ooTFuTGmUlRXGipWt
8eBjq+KJp/NfLfnGeeNj+9H5p0CUDy6KL501Nj775Vk5961Z2xHnfWNO/OTXi+KIt1fHiGHFsbax
I+bMb47b7u7ZdIPX22WngfG1c8fFty7JDkI/v2Jx/OGaZXHUYdWx65vWrVFSV98ei5a0xO331say
5bmjNZ6fsTauv7UmPv2J7BPsnvrAu4fFM/9eE3+9PntEyZ//tjz+/LflMXZMaey3d3lsN7I0Bg4o
jOaWdbuGPD59dd7tZtc7//Njo2Ab2z31pOOGxUOPrYpb7sp9j9Svao9zvz4nfvzrxXHUYdWvvpdr
atti5uzGuO2e2mhuzo0fU29ZGe87flhM2X/bGe0CkLLywUVx2EFVced9ub/rb7+3LgaUFebdNW1L
mTu/Oe7Iswba4QdX9Xibd+grAgebrbAw4rCDqiIiXhM5xI03tg+dODxq69rikp8vzPs1s+c2xewe
bqP67a+Mz7s2wYaGDy2J7319Ynzy7JnR2Jh7tXrZ8tb4bQ/WBPnoB0bECcdkjwrZ0LveMSSOP3pI
3HxndrRYsKgl/nDNxqfJ9NTHPjAi/v3i2vj7zdkLo65uaM97X5YTjhna5ciQnioqKohvnDcuOjsj
rr0h/7SZBYtaYsGimh4//re+PD723G3bu5pUVFQQF35xfMye1xzPz8iekjJ/YXOP3svnf36suAHQ
z+yx66BXL/RsqKWlI667aWUceWh17LFr7oKkW8Kzz6/JO7X2gLdUZC6MCv2FM096xfrIsc8e6+YQ
ihtERHz6E9vFdy+YEGVlm39ZvaK8KH7ynR3iwyeN6Pb3HLhvRfz2xztt9hzRT31sVFxw7rhujQ4o
LIy4+KsTuhVhXq+qsijOPmPMJrzCdSfCF58/IU4/ZfOjxCknj4zvXjAhSkt7dzhEWWlhXPSV8fH1
L4yLgQN753dDWVlBXHLhxPjI+7r/vkjNkOriuPKnk+PQt/X8PbWh4uKCuOj8CV1O7wJg6zn4wMrM
bec7Ojrjzvtq44FH67foYtFtbZ1x/yP1eePGTjsMjLcJ5PRzzj7pNesjxyFTqsQNXvWBdw+P6/+w
66ujfDbFsUcNieuu3CWOOyp3W9iNOeAt5XHNb3aOow7L3nKzK2O2K41LLpwYX/zs2Cgq6v7J/uBB
RfGji3aIk0/Mv17H602aMCCu+PFOcWzG1rfdVVJSEOd9gImXoAAAIABJREFUZmz8+OJJMWlC7gHS
xgwfVhw/umhSXHDuuBhQtmX+/RYVFcQpJ4+Mm/+8W3z4pO7//WQ5+vDquPnPu+XdNWdbMnxoSVz2
/R3jnDPH5F2wtStv3nVQ/PWKneNDPXhPAtC3iooK4pgjhsTwodmLqD/xdENcPXVFzJ7Xs9Gv3TF7
XlNcPXVFPPlM9lTdkcNL4qjDqnt0PARbgykq9KrCwsi7gwZvXG/acWD85keT48lnGuLWu2vjlrtq
Mrdg3dBuOw+KQ6ZUxvFHD41d37R5C0dOnjQgfvH9HeORaavi1rtr44576/IuuhkR8db9KuKYw6vj
vccOi8qKTZtjWlVZFBefPyGOObw6/vL3FXmvhkwYVxYnv3d4fOR9I6KivChqajdvi9aCgojjjx4a
7zikOm67uzbuuK8u7n+kPnOr3fV223lQvPfYofG+44f12YroE8eVxbe/MiHOPHX0q1eLHn18dZev
M2Lde+mYI6rjmMOHxC47Ddzm1tzoyoCywjjz1NHxgfcMj6m3rIy7H6jPeyC63iFTKuOk44fFMYcP
6fUROQD0voEDCuPE44bFbffUxoJFzTn3L1nWEn+/eWVMGj8gpuxfsdnboy9a0hKPPbE65nQRTcZt
XxbvescQFy9JQkHn8oPsFwf0qfb2zpgzvzkWL22J2rq2aG7pjAFlBVFRXhQV5UUxdkxZ3i1ge0Nz
S0e8Mrspauraoq6+LVpbO6OivCiqq4pj3PZlMWpE7z/30uWtMWdeU6ysbYvm5o4YUl0cI4eXxM6T
B27xqyGrG9rjlTlNUb+qLVatbo+W1s4YOKAwhg1Z9+cdPaq0X4SCtY0dMWdeUyxd3vp/r7MjBg4o
jMGD1v1sJo4r2+jism80S5e3xvyFza/+bCMiBg4sjFEjSv19ASSspaUz7n24Lv79Ytdbgq87lhgU
E8aVxYhhJVG4kQbR0RGxbEVLzFvQEjNmrt3otvB77Do4Dj+4KkpK+sGBAnSDwAEAANDPdHZGPD69
IR76R/b26K9XWbHu4kn54MIoH1wUgwYVRWdnZzQ2dkTDmvZoWNMRy1a0xqrV3RsteujbqmLfvcr7
xUUQ6C6BAwAAoJ+at6A5Hpm2KhYt6Xq79N6y/eiyOOiAij7fmhZ6g8ABAADQj3V0RLw8qzEefXx1
1NR2Pa1kUw0bWhJv278iJk8auNGpLtBfCRwAAAAJaG3tjOdfWhvPPb82li7vnREdo0aUxp67D4pd
dxpkrQ2SJ3AAAAAkpqa2LRYsbo6Zs5p6vHXspPEDYvIOA2LcGAtSs20ROAAAABK2trEjauvaon5V
W6xuaI/Wts5oaVl3mldaWhAlxQVRWVEclRVFMaS6OAYNNAeFbZPAAQAAACRPugMAAACSJ3AAAAAA
yRM4AAAAgOQJHAAAAEDyBA4AAAAgeQIHAAAAkDyBAwAAAEiewAEAAAAkT+AAAAAAkidwAAAAAMkT
OAAAAIDkCRwAAABA8gQOAAAAIHkCBwAAAJA8gQMAAABInsABAAAAJE/gAAAAAJIncAAAAADJEzgA
AACA5AkcAAAAQPIEDgAAACB5AgcAAACQPIEDAAAASJ7AAQAAACRP4AAAAACSJ3AAAAAAyRM4AAAA
gOQJHAAAAEDyBA4AAAAgeQIHAAAAkDyBAwAAAEiewAEAAAAkT+AAAAAAkidwAAAAAMkTOAAAAIDk
CRwAAABA8gQOAAAAIHkCBwAAAJA8gQMAAABInsABAAAAJE/gAAAAAJIncAAAAADJEzgAAACA5Akc
AAAAQPIEDgAAACB5AgcAAACQPIEDAAAASJ7AAQAAACRP4AAAAACSJ3AAAAAAyRM4AAAAgOQJHAAA
AEDyBA4AAAAgeQIHAAAAkDyBAwAAAEiewAEAAAAkT+AAAAAAkidwAAAAAMkTOAAAAIDkCRwAAABA
8gQOAAAAIHkCBwAAAJA8gQMAAABInsABAAAAJE/gAAAAAJIncAAAAADJEzgAAACA5AkcAAAAQPIE
DgAAACB5AgcAAACQPIEDAAAASJ7AAQAAACRP4AAAAACSJ3AAAAAAyRM4AAAAgOQJHAAAAEDyBA4A
AAAgeQIHAAAAkDyBAwAAAEiewAEAAAAkT+AAAAAAkidwAAAAAMkTOAAAAIDkCRwAAABA8gQOAAAA
IHkCBwAAAJA8gQMAAABInsABAAAAJE/gAAAAAJIncAAAAADJEzgAAACA5AkcAAAAQPIEDgAAACB5
AgcAAACQPIEDAAAASJ7AAQAAACRP4AAAAACSJ3AAAAAAyRM4AAAAgOQJHAAAAEDyBA4AAAAgeQIH
AAAAkDyBAwAAAEiewAEAAAAkT+AAAAAAkidwAAAAAMkTOAAAAIDkCRwAAABA8gQOAAAAIHkCBwAA
AJA8gQMAAABInsABAAAAJE/gAAAAAJIncAAAAADJEzgAAACA5AkcAAAAQPIEDgAAACB5AgcAAACQ
PIEDAAAASJ7AAQAAACRP4AAAAACSJ3AAAAAAyRM4AAAAgOQJHAAAAEDyBA4AAAAgeQIHAAAAkDyB
AwAAAEiewAEAAAAkT+AAAAAAkidwAAAAAMkTOAAAAIDkCRwAAABA8gQOAAAAIHkCBwAAAJA8gQMA
AABInsABAAAAJE/gAAAAAJIncAAAAADJEzgAAACA5AkcAAAAQPIEDgAAACB5AgcAAACQPIEDAAAA
SJ7AAQAAACRP4AAAAACSJ3AAAAAAyRM4AAAAgOQJHAAAAEDyBA4AAAAgeQIHAAAAkDyBAwAAAEie
wAEAAAAkT+AAAAAAkidwAAAAAMkTOAAAAIDkCRwAAABA8gQOAAAAIHkCBwAAAJA8gQMAAABInsAB
AAAAJE/gAAAAAJIncAAAAADJEzgAAACA5AkcAAAAQPIEDgAAACB5AgcAAACQPIEDAAAASJ7AAQAA
ACRP4AAAAACSJ3AAAAAAyRM4AAAAgOQJHAAAAEDyBA4AAAAgeQIHAAAAkDyBAwAAAEiewAEAAAAk
T+AAAAAAkidwAAAAAMkTOAAAAIDkCRwAAABA8gQOAAAAIHkCBwAAAJA8gQMAAABInsABAAAAJE/g
AAAAAJIncAAAAADJEzgAAACA5AkcAAAAQPIEDgAAACB5AgcAAACQPIEDAAAASJ7AAQAAACRP4AAA
AACSJ3AAAAAAyRM4AAAAgOQJHAAAAEDyBA4AAAAgeQIHAAAAkDyBAwAAAEiewAEAAAAkT+AAAAAA
kidwAAAAAMkTOAAAAIDkCRwAAABA8gQOAAAAIHkCBwAAAJA8gQMAAABInsABAAAAJE/gAAAAAJIn
cAAAAADJEzgAAACA5AkcAAAAQPIEDgAAACB5AgcAAACQPIEDAAAASJ7AAQAAACRP4AAAAACSJ3AA
AAAAyRM4AAAAgOQJHAAAAEDyBA4AAAAgeQIHAAAAkDyBAwAAAEiewAEAAAAkT+AAAAAAkidwAAAA
AMkTOAAAAIDkCRwAAABA8gQOAAAAIHkCBwAAAJA8gQMAAABInsABAAAAJE/gAAAAAJIncAAAAADJ
EzgAAACA5AkcAAAAQPIEDgAAACB5AgcAAACQPIEDAAAASJ7AAQAAACRP4AAAAACSJ3AAAAAAyRM4
AAAAgOQJHAAAAEDyBA4AAAAgeQIHAAAAkDyBAwAAAEiewAEAAAAkT+AAAAAAkidwAAAAAMkTOAAA
AIDkCRwAAABA8gQOAAAAIHkCBwAAAJA8gQMAAABInsABAAAAJE/gAAAAAJIncAAAAADJEzgAAACA
5AkcAAAAQPIEDgAAACB5AgcAAACQPIEDAAAASJ7AAQAAACRP4AAAAACSJ3AAAAAAyRM4AAAAgOQJ
HAAAAEDyBA4AAAAgeQIHAAAAkDyBAwAAAEiewAEAAAAkT+AAAAAAkidwAAAAAMkTOAAAAIDkCRwA
AABA8gQOAAAAIHkCBwAAAJA8gQMAAABInsABAAAAJE/gAAAAAJIncAAAAADJEzgAAACA5AkcAAAA
QPIEDgAAACB5AgcAAACQPIEDAAAASJ7AAQAAACRP4AAAAACSJ3AAAAAAyRM4AAAAgOQJHAAAAEDy
BA4AAAAgeQIHAAAAkDyBAwAAAEiewAEAAAAkT+AAAAAAkidwAAAAAMkTOAAAAIDkCRwAAABA8gQO
AAAAIHkCBwAAAJA8gQMAAABInsABAAAAJE/gAAAAAJIncAAAAADJEzgAAACA5AkcAAAAQPIEDgAA
ACB5AgcAAACQPIEDAAAASJ7AAQAAACRP4AAAAACSJ3AAAAAAyRM4AAAAgOQJHAAAAEDyBA4AAAAg
eQIHAAAAkDyBAwAAAEiewAEAAAAkT+AAAAAAkidwAAAAAMkTOAAAAIDkCRwAAABA8gQOAAAAIHkC
BwAAAJA8gQMAAABInsABAAAAJE/gAAAAAJIncAAAAADJEzgAAACA5AkcAAAAQPIEDgAAACB5AgcA
AACQPIEDAAAASJ7AAQAAACRP4AAAAACSJ3AAAAAAyRM4AAAAgOQJHAAAAEDyBA4AAAAgeQIHAAAA
kDyBAwAAAEiewAEAAAAkT+AAAAAAkidwAAAAAMkTOAAAAIDkCRwAAABA8gQOAAAAIHkCBwAAAJA8
gQMAAABInsABAAAAJE/gAAAAAJIncAAAAADJEzgAAACA5AkcAAAAQPIEDgAAACB5AgcAAACQPIED
AAAASJ7AAQAAACRP4AAAAACSJ3AAAAAAyRM4AAAAgOQJHAAAAEDyBA4AAAAgeQIHAAAAkDyBAwAA
AEiewAEAAAAkT+AAAAAAkidwAAAAAMkTOAAAAIDkCRwAAABA8gQOAAAAIHkCBwAAAJA8gQMAAABI
nsABAAAAJE/gAAAAAJIncAAAAADJEzgAAACA5AkcAAAAQPIEDgAAACB5AgcAAACQPIEDAAAASJ7A
AQAAACRP4AAAAACSJ3AAAAAAyRM4AAAAgOQJHAAAAEDyBA4AAAAgeQIHAAAAkDyBAwAAAEiewAEA
AAAkT+AAAAAAkidwAAAAAMkTOAAAAIDkCRwAAABA8gQOAAAAIHkCBwAAAJA8gQMAAABInsABAAAA
JE/gAAAAAJIncAAAAADJEzgAAACA5AkcAAAAQPIEDgAAACB5AgcAAACQPIEDAAAASJ7AAQAAACRP
4AAAAACSJ3AAAAAAyRM4AAAAgOQJHAAAAEDyBA4AAAAgeQIHAAAAkDyBAwAAAEiewAEAAAAkT+AA
AAAAkidwAAAAAMkTOAAAAIDkCRwAAABA8gQOAAAAIHkCBwAAAJA8gQMAAABInsABAAAAJE/gAAAA
AJIncAAAAADJEzgAAACA5AkcAAAAQPIEDgAAACB5AgcAAACQPIEDAAAASJ7AAQAAACRP4AAAAACS
J3AAAAAAyRM4AAAAgOQJHAAAAEDyBA4AAAAgeQIHAAAAkDyBAwAAAEiewAEAAAAkT+AAAAAAkidw
AAAAAMkTOAAAAIDkCRwAAABA8gQOAAAAIHkCBwAAAJA8gQMAAABInsABAAAAJE/gAAAAAJIncAAA
AADJEzgAAACA5AkcAAAAQPIEDgAAACB5AgcAAACQPIEDAAAASJ7AAQAAACRP4AAAAACSJ3AAAAAA
yRM4AAAAgOQJHAAAAEDyBA4AAAAgeQIHAAAAkDyBAwAAAEiewAEAAAAkT+AAAAAAkidwAAAAAMkT
OAAAAIDkCRwAAABA8gQOAAAAIHkCBwAAAJA8gQMAAABInsABAAAAJE/gAAAAAJIncAAAAADJEzgA
AACA5AkcAAAAQPIEDgAAACB5AgcAAACQPIEDAAAASJ7AAQAAACRP4AAAAACSJ3AAAAAAyRM4AAAA
gOQJHAAAAEDyBA4AAAAgeQIHAAAAkDyBAwAAAEiewAEAAAAkT+AAAAAAkidwAAAAAMkTOAAAAIDk
CRwAAABA8gQOAAAAIHkCBwAAAJA8gQMAAABInsABAAAAJE/gAAAAAJIncAAAAADJEzgAAACA5Akc
AAAAQPIEDgAAACB5AgcAAACQPIEDAAAASJ7AAQAAACRP4AAAAACSJ3AAAAAAyRM4AAAAgOQJHAAA
AEDyBA4AAAAgeQIHAAAAkDyBAwAAAEiewAEAAAAkT+AAAAAAkidwAAAAAMkTOAAAAIDkCRwAAABA
8gQOAAAAIHkCBwAAAJA8gQMAAABInsABAAAAJE/gAAAAAJIncAAAAADJEzgAAACA5AkcAAAAQPIE
DgAAACB5AgcAAACQPIEDAAAASJ7AAQAAACRP4AAAAACSJ3AAAAAAyRM4AAAAgOQJHAAAAEDyBA4A
/h97dx4ed1kufvhJk6ZJt3RfKJSyyCKioCAKeBQXOCIgiiyKeOQoqEcQWaWICMLRI/wERcSNRRQF
UUEREVEEEUQPICDKThfoQum+Zs/8/sgBmrbQpJnMzJPc93VxYaeT7zwtte185v2+LwAApCdwAAAA
AOkJHAAAAEB6AgcAAACQnsABAAAApCdwAAAAAOkJHAAAAEB6AgcAAACQnsABAAAApCdwAAAAAOkJ
HAAAAEB6AgcAAACQnsABAAAApCdwAAAAAOkJHAAAAEB6AgcAAACQnsABAAAApCdwAAAAAOkJHAAA
AEB6AgcAAACQnsABAAAApCdwAAAAAOkJHAAAAEB6AgcAAACQnsABAAAApCdwAAAAAOkJHAAAAEB6
AgcAAACQnsABAAAApCdwAAAAAOkJHAAAAEB6AgcAAACQnsABAAAApCdwAAAAAOkJHAAAAEB6AgcA
AACQnsABAAAApCdwAAAAAOkJHAAAAEB6AgcAAACQnsABAAAApCdwAAAAAOkJHAAAAEB6AgcAAACQ
nsABAAAApCdwAAAAAOkJHAAAAEB6AgcAAACQnsABAAAApCdwAAAAAOkJHAAAAEB6AgcAAACQnsAB
AAAApCdwAAAAAOkJHAAAAEB6AgcAAACQnsABAAAApCdwAAAAAOkJHAAAAEB6AgcAAACQnsABAAAA
pCdwAAAAAOkJHAAAAEB6AgcAAACQnsABAAAApCdwAAAAAOkJHAAAAEB6AgcAAACQnsABAAAApCdw
AAAAAOkJHAAAAEB6AgcAAACQnsABAAAApCdwAAAAAOkJHAAAAEB6AgcAAACQnsABAAAApCdwAAAA
AOkJHAAAAEB6AgcAAACQnsABAAAApCdwAAAAAOkJHAAAAEB6AgcAAACQnsABAAAApCdwAAAAAOkJ
HAAAAEB6AgcAAACQnsABAAAApCdwAAAAAOkJHAAAAEB6AgcAAACQnsABAAAApCdwAAAAAOkJHAAA
AEB6AgcAAACQnsABAAAApCdwAAAAAOkJHAAAAEB6AgcAAACQnsABAAAApCdwAAAAAOkJHAAAAEB6
AgcAAACQnsABAAAApCdwAAAAAOkJHAAAAEB6AgcAAACQnsABAAAApCdwAAAAAOkJHAAAAEB6AgcA
AACQnsABAAAApCdwAAAAAOkJHAAAAEB6AgcAAACQnsABAAAApCdwAAAAAOkJHAAAAEB6AgcAAACQ
nsABAAAApCdwAAAAAOkJHAAAAEB6AgcAAACQnsABAAAApCdwAAAAAOkJHAAAAEB6AgcAAACQnsAB
AAAApCdwAAAAAOkJHAAAAEB6AgcAAACQnsABAAAApCdwAAAAAOkJHAAAAEB6AgcAAACQnsABAAAA
pCdwAAAAAOkJHAAAAEB6AgcAAACQnsABAAAApCdwAAAAAOkJHAAAAEB6AgcAAACQnsABAAAApCdw
AAAAAOkJHAAAAEB6AgcAAACQnsABAAAApCdwAAAAAOkJHAAAAEB6AgcAAACQnsABAAAApCdwAAAA
AOkJHAAAAEB6AgcAAACQnsABAAAApCdwAAAAAOkJHAAAAEB6AgcAAACQnsABAAAApCdwAAAAAOkJ
HAAAAEB6AgcAAACQnsABAAAApCdwAAAAAOkJHAAAAEB6AgcAAACQnsABAAAApCdwAAAAAOkJHAAA
AEB6AgcAAACQnsABAAAApCdwAAAAAOkJHAAAAEB6AgcAAACQnsABAAAApCdwAAAAAOkJHAAAAEB6
AgcAAACQnsABAAAApCdwAAAAAOkJHAAAAEB6AgcAAACQnsABAAAApCdwAAAAAOkJHAAAAEB6AgcA
AACQnsABAAAApCdwAAAAAOkJHAAAAEB6AgcAAACQnsABAAAApCdwAAAAAOkJHAAAAEB6AgcAAACQ
nsABAAAApCdwAAAAAOkJHAAAAEB6AgcAAACQnsABAAAApCdwAAAAAOkJHAAAAEB6AgcAAACQnsAB
AAAApCdwAAAAAOkJHAAAAEB6AgcAAACQnsABAAAApCdwAAAAAOkJHAAAAEB6AgcAAACQnsABAAAA
pCdwAAAAAOkJHAAAAEB6AgcAAACQnsABAAAApCdwAAAAAOkJHAAAAEB6AgcAAACQnsABAAAApCdw
AAAAAOkJHAAAAEB6AgcAAACQnsABAAAApCdwAAAAAOkJHAAAAEB6AgcAAACQnsABAAAApCdwAAAA
AOkJHAAAAEB6AgcAAACQnsABAAAApCdwAAAAAOkJHAAAAEB6AgcAAACQnsABAAAApCdwAAAAAOkJ
HAAAAEB6AgcAAACQnsABAAAApCdwAAAAAOkJHAAAAEB6AgcAAACQnsABAAAApCdwAAAAAOkJHAAA
AEB6AgcAAACQnsABAAAApCdwAAAAAOkJHAAAAEB6AgcAAACQnsABAAAApCdwAAAAAOkJHAAAAEB6
AgcAAACQnsABAAAApCdwAAAAAOkJHAAAAEB6AgcAAACQnsABAAAApCdwAAAAAOkJHAAAAEB6AgcA
AACQnsABAAAApCdwAAAAAOkJHAAAAEB6AgcAAACQnsABAAAApCdwAAAAAOkJHAAAAEB6AgcAAACQ
nsABAAAApCdwAAAAAOkJHAAAAEB6AgcAAACQnsABAAAApCdwAAAAAOkJHAAAAEB6AgcAAACQnsAB
AAAApCdwAAAAAOkJHAAAAEB6AgcAAACQnsABAAAApCdwAAAAAOkJHAAAAEB6AgcAAACQnsABAAAA
pCdwAAAAAOkJHAAAAEB6AgcAAACQnsABAAAApCdwAAAAAOkJHAAAAEB6AgcAAACQnsABAAAApCdw
AAAAAOkJHAAAAEB6AgcAAACQnsABAAAApCdwAAAAAOkJHAAAAEB6AgcAAACQnsABAAAApCdwAAAA
AOkJHAAAAEB6AgcAAACQnsABAAAApCdwAAAAAOkJHAAAAEB6AgcAAACQnsABAAAApCdwAAAAAOkJ
HAAAAEB6AgcAAACQnsABAAAApCdwAAAAAOkJHAAAAEB6AgcAAACQnsABAAAApCdwAAAAAOkJHAAA
AEB6AgcAAACQnsABAAAApCdwAAAAAOkJHAAAAEB6AgcAAACQnsABAAAApCdwAAAAAOkJHAAAAEB6
AgcAAACQnsABAAAApCdwAAAAAOkJHAAAAEB6AgcAAACQXtXb9moolHsIAAAAgN6ouv2XrxE4AAAA
gNSqCgv3EjgAAACA1OzBAQAAAKQncAAAAADpCRwAAABAegIHAAAAkJ7AAQAAAKQncAAAAADpCRwA
AABAegIHAAAAkJ7AAQAAAKQncAAAAADpCRwAAABAegIHAAAAkJ7AAQAAAKQncAAAAADpCRwAAABA
egIHAAAAkJ7AAQAAAKQncAAAAADpCRwAAABAegIHAAAAkJ7AAQAAAKQncAAAAADpCRwAAABAegIH
AAAAkJ7AAQAAAKQncAAAAADpCRwAAABAegIHAAAAkJ7AAQAAAKQncAAAAADpCRwAAABAegIHAAAA
kJ7AAQAAAKQncAAAAADpCRwAAABAegIHAAAAkJ7AAQAAAKQncAAAAADpCRwAAABAegIHAAAAkJ7A
AQAAAKQncAAAAADpCRwAAABAegIHAAAAkJ7AAQAAAKQncAAAAADpCRwAAABAegIHAAAAkJ7AAQAA
AKQncAAAAADpCRwAAABAegIHAAAAkJ7AAQAAAKQncAAAAADpCRwAAABAegIHAAAAkJ7AAQAAAKQn
cAAAAADpCRwAAABAegIHAAAAkJ7AAQAAAKQncAAAAADpCRwAAABAegIHAAAAkJ7AAQAAAKQncAAA
AADpCRwAAABAegIHAAAAkJ7AAQAAAKQncAAAAADpCRwAAABAegIHAAAAkJ7AAQAAAKQncAAAAADp
CRwAAABAegIHAAAAkJ7AAQAAAKQncAAAAADpCRwAAABAegIHAAAAkJ7AAQAAAKQncAAAAADpCRwA
AABAegIHAAAAkJ7AAQAAAKQncAAAAADpCRwAAABAegIHAAAAkJ7AAQAAAKQncAAAAADpCRwAAABA
egIHAAAAkJ7AAQAAAKQncAAAAADpCRwAAABAegIHAAAAkJ7AAQAAAKQncAAAAADpCRwAAABAegIH
AAAAkJ7AAQAAAKQncAAAAADpCRwAAABAegIHAAAAkJ7AAQAAAKQncAAAAADpCRwAAABAegIHAAAA
kJ7AAQAAAKQncAAAAADpCRwAAABAegIHAAAAkJ7AAQAAAKQncAAAAADpCRwAAABAegIHAAAAkJ7A
AQAAAKQncAAAAADpCRwAAABAegIHAAAAkJ7AAQAAAKQncAAAAADpCRwAAABAegIHAAAAkJ7AAQAA
AKQncAAAAADpCRwAAABAegIHAAAAkJ7AAQAAAKQncAAAAADpCRwAAABAegIHAAAAkJ7AAQAAAKQn
cAAAAADpCRwAAABAegIHAAAAkJ7AAQAAAKQncAAAAADpCRwAAABAegIHAAAAkJ7AAQAAAKQncAAA
AADpCRwAAABAegIHAAAAkJ7AAQAAAKQncAAAAADpCRwAAABAegIHAAAAkJ7AAQAAAKQncAAAAADp
CRwAAABAegIHAAAAkJ7AAQAAAKQncAAAAADpCRwAAABAegIHAAAAkJ7AAQAAAKQncAAAAADpCRwA
AABAegIHAAAAkJ7AAQAAAKQncAAAAADpCRwAAAC95JWVAAAgAElEQVRAegIHAAAAkJ7AAQAAAKQn
cAAAAADpCRwAAABAegIHAAAAkJ7AAQAAAKQncAAAAADpCRwAAABAegIHAAAAkJ7AAQAAAKQncAAA
AADpCRwAAABAegIHAAAAkJ7AAQAAAKQncAAAAADpCRwAAABAegIHAAAAkJ7AAQAAAKQncAAAAADp
CRwAAABAegIHAAAAkJ7AAQAAAKQncAAAAADpCRwAAABAegIHAAAAkJ7AAQAAAKQncAAAAADpCRwA
AABAegIHAAAAkJ7AAQAAAKQncAAAAADpCRwAAABAegIHAAAAkJ7AAQAAAKQncAAAAADpCRwAAABA
egIHAAAAkJ7AAQAAAKQncAAAAADpCRwAAABAegIHAAAAkJ7AAQAAAKRXU+4BADJ75PE18cgTjbFm
TXuMGF4d06bWxU7bD43a2qpyjwYAAAOKwAGwCRYtaY0TzpgZP/nFwvW+b5tpdXHmyVvEfxw+Iap0
DgAAKImqwsK9CuUeAiCTpuaOePfhj8Qddy9/xeededIWce70qSWaCgAABjZ7cAD00HW/XLTRuBER
cd6Fz8Yjj68pwUQAAIDAAdBDN926tNvPvfOeFX04CQAA8AKBA6CH/tWDVRmz5zT34SQAAMALBA6A
HigUImY909Tt5zc1dfThNAAAwAsEDoAeWLGyPdY0dj9ajBntsCoAACgFgQOgB5avaOvR88eMEjgA
AKAUBA6AHljWw8AxqkHgAACAUhA4AHpg6bKeBY6GkdV9NAkAALA2gQOgB3oeOKzgAACAUhA4AHpg
SQ8Dx8gRVnAAAEApCBwAPbB4iRUcAABQiQQOgB5YvLSHgcMKDgAAKAmBA6AHFi5q7fZzBw+ucosK
AACUiMAB0APPPd/S7eduufmQqK6u6sNpAACAF1QVFu5VKPcQAOVUKEQsWNgST89qiqdnNsW851pi
/oKWmDO/898rV7XHqlXtsXR5Wyxf0d6jazeMrI7RDTUxfHh1DB9WHQ0jqmOLKUNiyuTa2GxSbUya
UBvbb1sfW29ZF4MHiyEbctIXZsZ3r3ouhgwZFHVDBsXgwVVRO7gqGkbWxMgR1THi/35uRzXUxLgx
NTF2zOAYM6omxo8bHJMnDo7JE2tj3JjBUTWAf3oLhYjFS1vj2bkt8ezc5nhmTnM8Pavz1/qKle2x
fGVbLFveFosWt8XqNe0xelRNDB/W+XM7Ydzg2GLKkNhsUuev2e22qY9XbV0XkybUDuifUwCg8ggc
wIDT1laIR59sjHsfWBl/vmdF/OHOZTFnXvdXZvSFEcOr4617NsSbdx8R++zVEK9/3bAYUmuR3U23
LokDj3y019cZPaom9t5jZOy687B4zY5DY9edh8c20+r67Rv09vZCPDmjKR54eFX89b6V8bvbl8Xj
TzUW9TWmbTEk3rPvmNhn74Z4824jYrNJtUW9PgBATwkcwIDQ1laI/31gVfzm1iVx9c8XxjNzmss9
0iuaPLE2Dj1obBxy4LjY640jBuStLvOea4k99nuoz+LTjtvVx4H7jYkD9xsTb3rDiKipyf1z3NTc
EXf/bUXceMuS+MVNi2Pu/NJGu4P3HxsfPnR87LfPqBg+zN4zAEDpCRxAvzbvuZa49oZFcekV8+Pp
WU3lHmeTvG6nYfGJ/5gUh713XIwdMzCOne3oiPjgsY/Hdb9aVJLX237b+jjuY5PjqMMmRMPIPG/O
29sLcc99K+OmW5fGD3/6fMxfUN6VSBER48cOjlM+PSWO/tCEGD92cLnHAQAGEIED6JeenNEYl1w2
P773wwXR1NxR7nGKYuyYmjj5U1PiP4+cGBPH9+83jt//0YI49qSnSv66UybXxtmnTY2PHjGhold0
NDZ1xK9/tyQu+s68+Ot9K8s9zgaNHlUTp39m8/j0xybFsKF5ohEAkJfAAfQrCxa2xsXfmxcXfGtu
tLb2z9/eGkZWx5dO3zKOOWpi1Nf1v306Hn2iMfbY76FYuapnG7oW04H7jYlLz98mNt+ssvaVWLqs
La69YVFc+O258dTMHCuSdt5xaFx03lbxjn8bVe5RAIB+TuAA+oVCIeKa6xfGZz8/MxYubi33OCWx
y2uGxUXnbRVv26uh3KMUTWNTR/z7Yf+KO+9ZUe5RYsft6uOGq3aM7betL/co0dZWiGtvWBTTz5tV
9g1xN9XZp02N6SdsHrW1lbsyBgDITeAA0pv3XEucfNbMuPaG0uzXUGnOPm1qfO4zU6JuSP7VHOdc
8Gycff4z5R7jRdtMq4u7frNzTJpQvpUcf7t/ZUw/b3bcftfyss1QLO9995i48uJXxehRA2MvGQCg
tAQOILX7HlwVRxzzeNoNRItlv31GxY++vV3qTR3v+tuKeMsBD5d7jPUc9O9j4vof7FDyk2yWLmuL
s89/Ji7+/vySvm5fe/tbGuK6y3YYMBvmAgClk//jPmDAuv6mxfH29/1zwMeNiIjf3b4s3n34IzFj
ds6fiyVL28qyqWh33HjLkvjN75eW9DX/cu/K2PuAh/td3IiI+OOfl8ehH3ssVq0u3x4rAED/JHAA
KV17w6I45OjHyroRZaW5/6FVccCHHoln5zaXe5QeKRQipp83Ox59orHco7ysc7/2bBRKsN6xUOg8
QeZt7304Hnl8Td+/YJncftfy+OznZ0ZH/zjgCACoEAIHkM6NtyyJDx77eLnHqEiPPtEYhxz9WCxa
kmej1Z//elF874fPlXuMV3Tfg6vigYdX9elrtLUV4pQvzoxjT3qq354AtLbLf7yg4v+7AwC5CBxA
Kvc+sCoO/7i48UrufWBVnHhmjk/HZz/bHJ8+bUa5x+iWW29f1mfXbmruiE+e8nRc+O15ffYalei0
c2alva0KAKg8AgeQxqIlrfHR45+MpuYE79zL7OqfLYyrfvp8ucd4RW1thTh++ow0x/r+6S99c3Rt
W1shjvvcjLj8xwv65PqVbOWq9ph+7uxyjwEA9BMCB5BCoRBx4pkz+/W+BMU2/dxZFR0PLr3yufj1
75aUe4xuu+3Py6Kxqfhx7fNfnj0g48YLrvvVovjfv/ft7T8AwMAgcAAp3PyHpXH1zxaW/HXHjqmJ
Tx09Kb72pa169HWnHjclHvrTLnHd5dvHZz+xWUzdfEgfTfjyFixsjUsuq8xTOB54eHV87pxZ5R6j
R1pbC/Hc8y1FveYDD6+O8785t6jXzOii7/g5AAB6T+AAKt7qNe1x+rmzSvqaQ+sHxcVf2Tqe/Nsb
4tLzt4l3vrWhR18/dcqQeO2rh8WhB42Li87bKp742+vjxqt3jN12Gd5HE2/YNy+bH8uWt5X0NTdm
1er2+MTJT6W81ei5BcVdEfPE05V7ckwpXXvDopj1bK7TfwCAylNT7gEANuaqa5+Pfz5aultTJk+s
jZuvfXXs8pphLz62fEXPjqMdM7rrb69DagfFgfuNiX32bogTzpgZV/ykNLckLF3WFr/+3ZI46rAJ
JXm97jjvwjlx7wM5b0lYUeRjicePHbxJXze0flD8+ztGx+67DI/tt62PqZsPibFjBsfohpqora2K
IbWDor29EI1NHdHU3BGLFrfG7DnN8fTMpvjN75fGLX9cWtQfRzHc9LslcdzHJ5d7DAAgMYEDqGjN
LR3xje+V9jaL735tmy5xIyJ6vApi9KgN//Y6fFh1fOPLW8Uf7lwWz8wpzSfWN95SOYHj1tuXxVcv
nlPuMTZZU5H34HjD64bH+LGDu7VXytgxNXHUoRPi4P3HxO67joih9a+8CHPQoKoYPLg6Ro6ojgnj
Bsertx8aERHHfXxyzJnXEpdcPr+i/lv87MZFAgcA0CtuUQEq2i23LSvpMv5tt6qL/d85er3Hly7r
WeAY8zKBI6Izcrxmh6E9nm1T/eqWJbFiZXFXHmyKBQtb45OnPF3uMXqluaW4gaNhZHWc8InNXvE5
7z9gbNx49Y4x6++7xUXnbRVv3bNho3FjYzbfrDb+5wtbxt03v3aTV5EU2533rIhFSyp3U1wAoPIJ
HEBFK/VRp298/Yiorq5a7/ElPQwcoxpePnAsWtIaf/v7yh7PtqlaWwvx1Mzy7vVQKEScfNbMmPlM
U1nn6K2q9X9p9Np/HT0pdt5x/eD1oUPGx//e+rr4xZU7xIH7jYnhw6qL/tp77j4irr9qh6Jfd1M9
8I/V5R4BAEhM4AAq1rLlbXHTraU9RnTi+A1/mr14SXECx1Mzm+LITz7R4+v11qxnyruB44+uez5+
/PPSn4JTbFV9UDhGj6qJm37y6jjifeNi8sTaOPID4+Pvf9wlfvyd7WL3Xft+U9q99xgZpx43pc9f
pztsugoA9IY9OICK9df7V0Zra6Gkr9nxMncgLF7as6Xzoxq6ftre0RFx5TUL4uSzZvZ4w9JiWF7G
W1SenNEYnzljRtlev5j6YgVHRMTUzYfENd/bvm8u3g0ffP/4uOCS8h/VOmN27hU+AEB5CRxAxbrr
rytK/poP/WvDS+QXLOx+4JgyuTaG1L60QK65pSOOP31GfP9HpTk5ZUNaW8tzJGtzS0d86tQZZYk6
dN8urxkWo0fV9HivmWKbMdtRsQDApnOLClCx/vFI6Y6GfcEddy/f4DL5ec+1dPsaUzcf0uXbl17x
XFnjRkTEsKHF37+hOy769ry47c5lvbrGy902VA59tICj7KqqIrbbpr7cY8SSHq6UAgBYm8ABVKRC
IeK+B1eV5bXPu3BOFNa5M2b2s93/ZHnyxNou377w2+Vf+r/ZpNqNP6nI/nrfyph+3uxeXWPK5No4
/4vTijNQEfTVLSqVoHZw+X9wVvoAAL0hcAAV6flFrTF/QfdXTRTTj657Pr568ZwXv93c0tGjWdZe
cbB8RXvMmVeeH8fatt2qrqSvt3xFexx70lO9vs4l/7P1eitiyqk/B46e3IbVV1rKdCsVANA/CBxA
RVq0uLxvtqafNzsu/Pa8KBQili3v2afK48dWzi0VEZ2nZGwxpbSR4MyvzI6HH+3dLUaf+I9JcfD+
Y4s0UXH0xSkqlWDV6vaKOMHklY5XBgDYGIEDqEhrGsv/Se7JZ82MY096Kmb28GSHcWsFjpEjqku+
emJd/3nkxJK+3q9+uyQuuWx+r66x3Tb18d9nbFmkiYqnn/aNijm9ZNRIgQMA2HQCB1CRVq+pjHvx
L7t6QRxw5CM9+poxo156k1ZVFXHIgeOKPVa3vXr7oXHoQaVbBTFnXkt86tSne32db3116xg7xpvd
Urn/oQ2fHlRq4yps9RMAkIvAAVSkxqbyr+B4weIlPTs6c8zorm/MP3rEhBhcpg0cL//6tjF8WGlO
UGlvL8QJn5/R671TTjh2s3jnW0cVaari6q8rOO64e3m5R4iIiG2mlXe1EwCQm4/HAIps9Dr7COzw
qvr4f+dsFSecMaOkc1xw9rR4024jSvZ63//Rgrj+psW9usZ229THF0/dokgTFV9/DBzLV7THz29c
VO4xIiJiq6mVs6Esfaz+iIhhx23kSYWIQktEoSmiY0FE+6yIlrsimv/4yl82/NSIuvd2fWzxvhGF
buwLNPxzEXUHdn1syQERHcsiRn4lovYtXb+v8ScRqy/d+HUjImq2iWi4LKJqrZVKhZURSz8S0bGw
e9cA4BVZwQFUpEo4snJTjR61fjs+/uOT47Tjp5RshrNPmxonfnKzkr3ePx9dEyefNbPX17nkf7be
4M9fpeiPm4z+6S/LK2LPm4iIaVOt4GBtVRFVQyIGNUTUbBcxZN+IEV+KGP3DiNo9Sz/OmisiCuts
gD3kPRFV3QzJ9Ud1jRsREU03ihsARSRwABWpri7vb08bOgmiqiriv8/YMi44e1qfv/73Ltw2vnjq
FlFdXZo3441NHfHJU57u9Zvk4z4+Od71tsq8NeUF/bBvxDXXV86bq1dvX1/uEcigeuuIEedGDHlX
aV+37cmIltu6PjaoIaL+gxv/2uppEbX/1vWxjkURa35UtPEAEDiACrXubR6ZXPmTBfHI4+svha6p
qYpTPj0l7vrNzvHm3Yt/68jB+4+Nf9y5axxzVGlPTfnyRXPi7v9d0atrbDOtLs4+dWqRJuo7/S1w
PDu3Oa69oTJuT3nTbiNi3BibjA5o7XMi2p7q+k/7MxGFDWyCWzUkYtjxEYNKHEXXXLn+rS51B0RU
DX3lrxv64Yiq2q6PNf48orCquPMBDHB530EA/Vrm0xSmnzc7pp83O968+4j40PvHx/7vGh1bb/nS
0vu93jgy7rxx57jlj0vj4u/Pj9/fsWyTX2vw4Ko49KBx8ZHDJ8S+bxtV8jfgd9y9PM678NleX+cb
X3ZqSjn8opd7phTTPns3lHsEym31pREtd27gO2oi6vaPGHps16AxaEznbSuN15VsxGifG9F0c0T9
B7rOUX94Z/zYkOrNI2r3Wec6cyIar+27OQEGKH+bBCrS2NE1MXpUTSxd1rMTTCrJPfeujHvuXRnH
T4/Y/52j48gPjI/99hkdY8fURE1NVRyw75g4YN8x8ezc5rj9ruXxl3tXxv0PrYr7HnzlT/T2euPI
2OMNw2O3XYbHO/5tVEwYV54YtGhJaxxz4lO9vs7HjpwY73nX6CJMRE80t3TEJZfNL/cYL3rbngIH
L6etc6+KwqrOPTjWVrNT6cdp/EHn7TGD1vo1W3dgROOPOzdFXVf9hztXnHS5xjURkffPN4BKJXAA
Fam6uire9IYR8dvblpZ7lKK4+Q9L4+Y/LI26IYPiw4eOj0MPGhf/tufIqBsyKLaYMiQ+cviE+Mjh
EyIiYk1jRzy/qDVWr26P1Ws697UYPmxQjBheHWNG18SwoaU59vWVFAoRnztndjw1s6lX15kyuTbO
O6Pyb015QX+6ReW3f1gaT8/q3X+/YhkxvDr2fGPpTvwhqeY/dp6QsvamnqW+RSWi80SVphsihn50
rTkmRNQdFtF4ddfnVk+OGPKOro+1PRnR9Ks+HxNgIBI4gIq1687D+k3geEFTc0dcdvWCuOzqBTFl
cm189IgJcfD+Y+MNrxv+4pvnofWDYtoWlX1c5k9/uSiu+MmCXl/novO2ikkTajf+xArRX05RKRQi
LvrOvHKP8aJDDhgbw4eVP9yRQKE9Yu3/G25of45SaLy687aZQRNeeqzuvf9328laKzPqj4yoWmfz
3MYflmREgIHIJqNAxdrjDf37E92581vivy+aE7u/66HY6z3/iB9c+3wsWVr5S5ZnPtMUx53+dK+v
c/jB4+IDB44rwkSl0z/yRsSd9yyPO+/p3cawxfS+94wt9whkMPgN66/YaOv970WbpNC0/t4f1ZMj
6g956duDJqx/0kvrQxHNt/f9fAADlMABVKzddx1e7hFK5p57V8bRxz8Z015/X5x45sx44OEyfSq5
Ea2thfivU2fE4iW9CzGjR9XEV8+alu6Wj2zzvpwLv105qzemTK6t+OOBqQCDX995e8raCisimn5R
nnkiOldrtM/u+ljd+17630OPjKgattZ3dkSs+UEpJgMYsNyiAlSsyRNr433vGRs3/KZyTnroaytX
tcfXvzsvvv7deXHw/mPjhGMnx1v3bKiYN9bfvGx+3PLH3t829P/OmRZbVvhtOP3VXX9bETfesqTc
Y7zomKMmRX2dz1uIzhNRandb64GqiKpREdWTImp2iC5rqArNEau+1rkfRjmtuTpixOdf+nb15p2R
o+VPEUP26/rclr9GtN5b2vkABhiBA6hoRx06fkAFjrX98ubF8cubF8db3jQyTvn0lDhg3zExqIzv
A+9/aFWcfu6sXl9n/3eOjo8cNmHjT6xAlRKaNlWhEHHBJXPLPUYXh703121K9KEhb+ve89qeiFjz
/YiWe/p0nG5p/m1E/fsjanZ86bH6QyKqp0RUrb0KsTVizRUlHw9goPGRCVDR9t1nVEwcX55jUCvF
n/+6It571KOx76H/irv+Vp59E1auao9jTnwqWlsLvbpO3ZBBceG5W0VNTc5SkD1w3H7X8opavXHU
YRNix+3qN/5EeFEhIlrXiQdltuaq6Jzr/1RPi6g7pOtzmu+IaHushEMBDEwCB1DRhg2tjo8dObHc
Y1SE2+5cFm854OH40CeeiEefaCzpa59zwbNF2Rfky2duGdtvm/cNbeZTVNrbC3HOBc+Ue4wuPnPM
5HKPQDpVETU7RYw4K2LY8eUeplPLXRGtf+/6WNVaYb7QZPUGQIkIHEDF+/hRE2Novd+uXnDN9Qvj
9W9/MC64ZG40NXf0+evd/Iel8bVLe39bw5t2GxGfOnpSESYqn8R9I268ZUlFnZzy/gPGxm67VNCn
8JTfijMiFu29/j9Lj+jcb6N9zlpProqoP2z9fS7KZc0VEdG+4e9r/m1E+7MlHQdgoPKOAah4W02t
izNO3KLcY1SUpuaOOO2cWbHPwf+Mex9Y1WevM39BS3zq1OIcw/iN/9466obk/mMna+BobumIcy6o
rDdYp39m83KPQBbtcyKabohY/pmIjrVvsaqKqP9Q2cbqovWhiJa713+8sNLJKQAllPtvmsCA8en/
nBTTnLqxnr/etzLeuO9Dcf4350ZbW+/2x1hXR0fESV+YGc/Mae71tc747Obxxtf7tL5crrl+UTz0
r8o5evhTR08aUMdAUyQdz0c039b1sZptOve8qASN163/WPMdER0Dc6NsgHIQOIAURjXUxJfP3LLc
Y1Ssz31pVnz0+Cdj2fK2ol3zymsWxLU3LOr1dbbftj5OO75/fFqfcQXHkqVt8YWvzC73GC8aMbza
6g02XfsGVpTVbN/124WW9Z9TNax7169ad1PrQkRhTfe+trCB1XSFpu59LQBFIXAAaRzxvvHxyY/m
3sOhL/345wvjXR/4Vzz+VO83IH3sycY48cyZRZgq4htf3joaRlYX5VrllnGT0Yu+My/mzNvAG74y
OeuULWLq5lZjsYkKres/tm6UKCxf/znV3bzNcdCYda61esPBBICKJHAAaVRVRVxw9rTYe4+R5R6l
Yt334KrY5+B/xsOPdvMTxw1oaSnEf532dKxc9TIb5vXAMUdNjP32GdXr61SKbH3j0Sca46vfnLPx
J5bIHm8YEZ/+mJNT6IWardd/rGOdo483tKFn7R4bv3bV0IjqdVaDtC/o/mwAlJ3AAaQyfFh1XPnN
V8XE8esuI+YF8xe0xEFHPhJPPL1pKzku//GCuP2uDXwC2kOTJ9bGl06f2uvrVJJMgaNQiPjiV5+J
1tbi7s3SG9/8ytZRX+evHmyiQaMihryr62OF1oi2x7o+1nL3+reVDHnPxvfqGHpMxKCGro+1PbhJ
owJQHjXlHgCgp7bdqi5u+smr46APPxrzF1g6vCGznm2Ogz78aNxy3U492pz1+UWtMf28WUWZ4T8/
NCEWLm6LhYt7ty/IzGd6v8lpscyY1RQNI1/+j87BNVUxbOigmDShNgYPLm8NueWPS+NnN/Z+D5Vi
+cLJW9hYlE1Xs2PE8JMiBk3o+njbo+uv4Cg0RTTfHlH3npceGzQqouHCiNXfjWj+XdfnV0+OqD86
ou7d61+n8VfF+zEA0OeqCgv3qpyPdgB64KF/rY4DPvRIRe0vUGl23XlY3Hb9a2L0qO717K9ePCdO
P7dyNqTMqm7IoDhg39Fx6HvHxUH/Pqbkx+OuaeyIvfb/Rzz4z8o4OeXNu4+IW3+2Uwwf1j/2YqEI
6o+IGHZc18fantjAhp6DIgaNjqieEusvPO6IWHFaRMtf17/+oPERo77X+e91dSyN6JjXufpjUENE
9eYRsYFVgWuuiljz/e7/mGq2jRj1g66PNf4sYvU3un8NAHrFOlEgrdftNCx+d91Osc20unKPUrEe
eHh1nPSFmdHRsfHnNjZ1xDcvm9/3Qw0ATc0d8fNfL47DP/54vP19/4wnZ/R+49ee+Nbl8ysmbjSM
rI7Lv/4qcYONq9kuYvAu6/zz2v/bIHTdv7IWItZcseG4ERHRsTBixfTOf69r0OiImp06r1+9Vawf
NwqdR772JG4AUBEEDiC1V28/NP58087x3neP2fiTB6gfXPt8/PSXG/hL/jr+9JflMXe+1TDFds+9
K+Pdhz8Szz1fmp/bJ2c0xtnnP1OS1+qOS8/fJnbcrr7cY9CfdCyJWPXViDU/eOXntT0WsezYzttV
opubJrfPiVh5dsTqi3s5JADlIHAA6U2eWBs/u3yHOHd6/9rQsphOPmtWLFi4geMV1/L7O5aVaJqB
5+lZTXH2+Rs42aHICoWI08+dHWsau7FkpwQ+/bHJ8cH3b+AWAei2js7bVtrnR7T8pfN2j6WHRTTd
1M0vXxix8gsRS4/uXJXR+nBnICk0R0R7RGFVRPsznRFk5bkRS4+IaL6tT39EAPQde3AA/crtdy2P
E86Y0atjUvur6Z/dPL78+S03+H2FQsR2e9wfT81sKvFUA8vMv+/Wo01fe+r6mxbHIUc/tvEnlsC+
+4yKG67aMYbW+ywFACgNf+sA+pV99m6Iv/z2tXHu9KllP8Wi0lz07Xkx69kNn0gyf0GLuFECd9zd
++N3X87SZW1x2jmz+uz6PbH9tvXxg2++StwAAErK3zyAfmf4sOo486Qt4v7bdokPHDi23ONUjKbm
jvjBNQs2+H0vFz4orvsfWtVn177gW3Pj6Vnlj1QNI6vjp5dtH5Mn1pZ7FABggBE4gH5r5x2Hxs+u
2CH+fNPO8e53jC73OBXh0iueixUr199sb/4Cm4uWwr8e65tbpx54eHV85etz+uTaPTF4cFVcd9kO
8bqdhpV7FABgABI4gHQKhYgFC1vj0Sca494HVsU/Hlkd8xe0vOxRqHvvMTJ+c82r47brXxPvP2Bg
r+hYuLg1br9r/dskli5rK8M0A09frLBoayvEKV+cWfTrbooff2e72HefUeUeAwAYoGrKPQBAd933
4Kr42Y2L4qZbl8Yjj6//SfjUzYfE/u8cHe9+x+h419tGRX3dSw23qiri7W9piLe/pSH+9diauPKa
5+PbV86vmNMmSuk3v1+y3rG6q9d08whFejvbXQYAACAASURBVOWZOc1RKHT+eiyWH173fPzxz323
t0d3fe/CbePQg8aVewwAYABzigpQ8Z6a2RSnnj0rfnnz4m5/zXbb1MfnPjMlDj94XAwbWr3B5yxe
0ha/+f2SuOqnlfEGsVRGj6qJBY+8scsmrBdcMrdiNqjs75rn7hm1tcUpHPMXtMTr3vpgLFz8ykcA
97WvnjUtTjt+SllnAABwiwpQ0W7+w9LY893/6FHciIh44unG+NgJT8Ub9/1H3Pfghjd2HDumJj5y
+IS47frXxD//vGv8zxe2jJ13HFqMsSva0mVt652YUswVBbyyQUX8k/ecC54te9y44GxxAwCoDAIH
ULHuvGdFHPyRR3v1Bu6Rx9fEWw54OC67ekEUXmG92k47DI3PfWbzePCOXeP+214Xn/3EZpv8mhk8
8kTXW3wcqVsaQ+sHRU1NcX6ub7tzWXz3queKcq1NdeG5W8UpnxY3AIDKIHAAFenZuc1xxDGPR2tr
7++ia2ruiGNOfCq+dfn8jT530KCI1792eOz/zv596sqceV2Pha2pFjhKYcftirNCaNXq9jjxzPJu
LHrxV7aOEz/Zv0MgAJCLwAFUpIu+M6/oR5ceP31G/OKm7t3qsnR5/z5V5Jk5XQNHXZ0/Dkphx+3q
i3Kdr106Lx5+tG+OnO2OKy5+VRz/8clle334/+3deZzXdb3o8fcMMwwz7AwIKiMYCooYQ6ncwVMu
I5oG6iEkPYXYdtruo3s63Xszs5NKy7G07HSSrDTMNinNkrLM0TYlTWhUysINHUQQhkVgFra5f4je
VJYZmPl9v5+Z5/M/4Mfv+0YF5/fiswDA7viKFsidx59qiS9/fWWXvPc7P7Aslj3RvM/XNa7r3oFj
7at+fZWDXapVCJPf0P+A36N+6Za47AvPdMI0Hde/X6/4xQ/Hx7suOCiT5wMA7I3AAeTOr3+zocve
u6V1Z1z2hYZ9vq5xfcfO/bj6isPj7eemc0Vm06uuhR0/rvsfrpoHU08edEA/f+vWtvj3T2WzNeXQ
g3vHXbdMiDNru/f2LQAgXQIHkDt31K3v0vf/wa1r4q7f7j2irG3s2AqOC2YMjR9+c1w8U39cfPGy
0THykN4HMmKXa2re+Ypvjx1T3u3PHcnae985PMYdcWBbVG74/uq45w+Fv9K4ekLfqLt1Qpzwhn4F
fzYAQHsJHECubN/eFr+8u2sDR0TEV76x9wNHV6/p2Pkfgwa+uMWj6tCy+N8fPjT+8oc3xNeufF0M
qyzd7xm7Ur++vV7zfdd89vA4bGRZBtN0fxOP6Rufu3TUAb3Hk0+3xMVzl3fOQB3w9nOHRt2tEw44
zuxO/dItcdOC5+P2X62LJ5a37PWmIwCAfRE4gFzZ8ML2Trk5ZV8W3rkunny6ZY8/vur59m9RqRxS
EuWvOqRzQP9e8aF3HxyP/H5SLreuDOj/2sBx5OvK4w8Lj42Lzne+Qmc6/5+Hxi8XjD+g2LVzZ8T/
uWx5bHxhx75f3InmfuKw+O68sTGkC85oue0XjXHC6Q/FhR9+LM5+56NxxPGL46zz/xoPLNnc6c8C
AHoGp8oBubJhY+E+wC3606Z43ag+u/2xpxtad/v9u3P4Ybt/j4iI4cNK46Zrx0ZJSVF878drOjxj
V+nf77WBI+LFFSjf/uqR8en/e1j89t6NseThzfG3x5tj+TOtsaZxW6zf0L0PXz1Q/fv1ioOH947x
4ypi8hv6xRmnDo7qCX2j6ABv4b35tjVxaztvAOoMgweVxA1fOSLOPauyS97/Z79cF7Pe+9proH95
9/qo+/2GuP6aI2L2LKENAOgYgQPIlR07CrdG/c+PbIl3zBz2mu/fvr0tnnpmz6s7Xu2QEXs/b6O0
tCg+e8moJALHS0ZXlcXo8w+KOTlYzfGbezfGKecuzXqMiIj4/cJj458mDyjoM1c9vzU+9h/LC/a8
k08cGNddPSbGjun8LSk7drTFV7/1XHz00j0flLptW1tc+OHHourQsjj5xIGdPgMA0H3ZogLkyu7O
hugqf39899fFdnQbwPBh+956MKqqLCYe07dD79uVRu9l1Qn5cunnnonnVnfsTJj9fta/V8Uvfji+
S+LGsiea49wL/7bXuPGPLp77dGzf7lAOAKD9rOAAcmXggMIFjmef2/02lPUbO7YNo71nK5SUHOA+
hU40ZnQ6gSNPB0/u3Lnv13SmO+rWx/XfW93lzxldVRbf+NIRB3yN7e48/lRLfPv7q+NL81ZGS2v7
/wHev3hT1C/dEsdVu7kFAGgfgQPIlX59e8XkN/aP+xdv6vJnNa7ffcjY0MHAUTlk34GjuWVnPLqs
qUPv25VGV6VzW0pzS4Grwl40NRfujJiNL+xo92qHA3HR+QfFf/7H6HatRGqvpxta43eLNsaPb2+M
n/1y3X6/j8ABAHSEwAHkzoknFCZwPLOiNVau2vqaMzQ6epBmZTtumHhgyaZoas7HB/WDh/eOQw/e
+7khebJyVWG2Z7THs88VbpYrv7pij9uoOsNhI8vivz73ujj7LUMO6BDU5pad8eTylvjb482x+KHN
8evfbIgH6zvnJpS1je2/zQgAQOAAcmfqyYPiS/NWFuRZV1zVENd+YUwU/8OJROs6GDgGD9r7H6Xb
t7cV7NfTHjOnV0avXvnZLrMvDyzp+tjVXvcv3hTvecfwLn/On/68OT5/zYoue//3zxkRcz9xWLu2
V7Vu3RkbNu6IxnXbYk3jtli5ams0PLs1nljeEg/9ZUsseXhzl13tvL2Ahw4DAOkTOIDcOWnKwBhW
WRprCvC3t9fduCr69+sVn7nksCjr/WLlWLeHrSt7MmQvKzh27GiLy7/YcEDL9DtbV5yz0FUanm3N
1e0z3/vxmvjkR6tiVBdu8WndurNLt6YcPbY8hg4piWu+vjJ2tr3432hr685oaW2LpuYd0dKyM9bv
Chqr12wr2AGnu9OnzFnoAED7CRxA7pT3KY6PfeiQuHju0wV53lVfezbuX7wpPnfpqPinyQNi7bqO
hZVBA3b/R+nKVVvjE595Or5z8/OdMWanKC0tKvg1p/tr69a2uHju07nZ2hMR0dS8Mz5+xfK48WtH
vhzEOts3v7M67n3ghS5574iIR5c1x2eXdd3qkM40aKAvUwCA9vOVA5BL733niLj62pUFWcUREfH7
P74Qb5r2SJx+yqDYurVjy+L/8UNYW1vEX//eFD++vTGuvvbZ2LS5cIdStsf754zY55aaPHj2ua3x
8SuWx/dvyc/qjZfcfNvaKCkpii98evRrzm85UE83tMalny9M2EtBe863AQB4SVHbmhNtcAVy6ds/
eD7e/ZHHsh5jn751zRGxYeP2eHRZc/zm3o3xxPKWrEfao6W/nxTHHFWR9Ri7tWLl1rh/yab41d3r
44c/WZu7OPRqgweVxEXnHxRn1g6OE97Qv1OuOL7ww4/FTQvys+Ina3/85etj8hv7Zz0GAJAIgQPI
rR072uK89/w9fvLzxqxH6Rbeed6wuOnasVmP8Rr1S7fEpz7/TCy8Mz/nlHRUaWlR/MvbhsXFHxkZ
Rx1Zvl/v8at7NsRbZv2lkydL27OPHN/pq2QAgO5L4ABybeWqrXHKuUtj2RNdd11mT1BRXhyL66r3
+8N3V1m9Zlsc+6Y/F2wrUlcbPqw0/nxPdRw8vGMfyrc07Yiatzwcjzza1EWTpeewkWWxfMlxB3SF
LQDQszieHMi1Q0b0jpu/Na5Tlv/3ZP/5H6NzFzciIh5auqXbxI2IF4PNHx/s+LW237xptbjxKm85
dbC4AQB0iMAB5F71hL7xs++Oj/79RI79ceqbBsb7LxyR9Ri7tWNn91tEuHVbx35NW5p2xOe+nMat
JoV04gnO3gAAOkbgAJLw5poBsfD745O4ASRPxo4pjxv/e2z07p3PvwofOqQ06xE63UFDO/Zr+sP9
m7rVKpbOcvKJA7MeAQBIjMABJOPNNQPidz87NsaPy+ctIHlTOaQkfvzto2LkIfk9pPGYoyq61cqc
0tKiqJ7Qt0M/56GlW7pomnSdfsqgOGxkWdZjAACJETiApEw4uiLu/smEOO/soVmPkmvDh5XGT286
Oo49Ot8xqKK8OC46/6Csx+g0c95+UIdXGT37XGsXTZOud10wPOsRAIAECRxAcoYPK40ffGNsXHf1
mKgo98fYq407ojzu/smEOPGEAVmP0i4ffs/B0acs/X+PFeXF8bEPHdrhn9fRMzu6u0MP7h3TTh+c
9RgAQILS/4oS6JF69SqKf71wRDz020kx6xyrOV5y1mmDo+7WCUlt4xl3RHl85XOHZz3GAfvaF8bs
1001zpV5pU/8r5HRr2/32bYEABSOwAEk7YjD+8QPvzkufv6D8TH5jT331oX+/XrFvC+OiZ/edHQc
enB+z9zYk/fNHhGf+lhV1mPst6suH73fW23Gjsnf9b1ZmXhM33j3O2xPAQD2j8ABJK+o6MWVC39Y
eGz86Iaj4o0T+2U9UkHNnnVQPHjXxPjARSOipCSft6XsS1FRxOUfPyyu+WxaKzkqyovjpmvH7tfW
lJcc18P+e92T0tKi+O8rXxflfXxpAgDsn6K2NSfa/At0K9u3t8U9f9gYX79xVdy6sDHrcbrMzOmV
8fGPjIzjqrvXB+Tf3rcx/ufFT8bSR5uyHmWvat88KL40d3S8fnzHbk3ZndPP+0v8+jcbOmGqdF13
9Zj41wtHZD0GAJAwgQPo1h5/qiVu+0Vj3PD91fHosuasxzlglUNK4v0Xjoi3//PQTvlgnVebNu+I
b3xnVVz5X8/GmsZtWY/zCsceXRGXfLQqZk6v7LQVMw8s2RyTz3ioU94rRVdfcXh89AOHRFGaC5AA
gJwQOIAeYceOtqhfuiXu+u2G+NHPGmPxQ5uzHqndBg7oFTOnD40zTxscU08aFAP695wDGBvXbY8f
3742vnb9c/FIxis6ZkyrjHddcFBMPXlQlPXu/G0U3/ru6njfRx/v9PfNs2GVpTHvqjHxtmmVWY8C
AHQDAgfQIz31TEvcv3hz/G7Rxrjzng3xxPKWrEd6WUV5cZz6pkFRc3z/qDmuf0x+Y/8efx3ujh1t
seThLfGre9bHwjvXx/2LN3X5MwcO6BVvnTokzjhlUNS+eVBBDm/96R3r4t8++WQsb2jt8mdl7d/e
f0h8/COHxoiD0jsUFwDIJ4ED6PHa2iJWrGyN+/60Kc5/398L+uyJx/SNiRP6xlFHlMeYw/vE2DHl
cdSR5dGnrGcHjX159rmt8cijW+KRvzbFX//eFI892RIP/3VLbNq8Y7/eb+yY8hg/riLGjukTx4yr
iAlHV8T4cRWZ/HtYv2F7/PzX6+OOuvXx1783xRPLW/b715UXlUNKYnRVnzj26IqYcsKAOOOUQXHY
yLKsxwIAuhmBA2CXZU80x7j/saTdrx9dVRYTjn7xHIyiooiSkqLoXVoUpaVF0bu0OCoqimNg/14x
oH9JDBzQKwYOKInKwSVx0LDSGFZZGkOHlEbv3g4d6Cw7d0asadwWq57fGhs2bo+W1rZobt4RzS07
o6W1LXoVR1RU9IryPsVR3qc4KsqLY2hlaRwyonePXyEDANAdlGQ9AEBebNjYsb8l/5e3DYvPfnJU
F01DRxUXRwwfVhrDh5VmPQoAABnwV1YAu6zfuL1Drx9a6YM0AADkhcABsEvjuo5dR1o52CI4AADI
C4EDYJd16zu2gmOIwAEAALkhcADssraDKzgGDRQ4AAAgLwQOgF3WNHZsBcfAAQIHAADkhcABsMuz
z7V26PUD+vXqokkAAICOEjgAdlm5amuHXt9f4AAAgNwQOAB2OWRE73a/dvy4CoeMAgBAjggcALtM
OKqi3a+ddvrgLpwEAADoKIEDYJdZ5w5t1+v6lBXHnLcf1MXTAAAAHSFwAOzy+vF9Y94Xx+zzdd/+
6pExflz7V3sAAABdr6htzYltWQ8BkCd/fHBTzP/h8/H7P74QTy5viR072+J1o/rEqW8aGO+bPSIm
Hds36xEBAIBXETgAAACA5NmiAgAAACRP4AAAAACSJ3AAAAAAyRM4AAAAgOQJHAAAAEDyBA4AAAAg
eQIHAAAAkDyBAwAAAEiewAEAAAAkT+AAAAAAkidwAAAAAMkTOAAAAIDkCRwAAABA8gQOAAAAIHkC
BwAAAJA8gQMAAABInsABAAAAJE/gAAAAAJIncAAAAADJEzgAAACA5AkcAAAAQPIEDgAAACB5AgcA
AACQPIEDAAAASJ7AAQAAACRP4AAAAACSJ3AAAAAAyRM4AAAAgOQJHAAAAEDyBA4AAAAgeQIHAAAA
kDyBAwAAAEiewAEAAAAkT+AAAAAAkidwAAAAAMkTOAAAAIDkCRwAAABA8gQOAAAAIHkCBwAAAJA8
gQMAAABInsABAAAAJE/gAAAAAJIncAAAAADJEzgAAACA5AkcAAAAQPIEDgAAACB5AgcAAACQPIED
AAAASJ7AAQAAACRP4AAAAACSJ3AAAAAAyRM4AAAAgOQJHAAAAEDyBA4AAAAgeQIHAAAAkDyBAwAA
AEiewAEAAAAkT+AAAAAAkidwAAAAAMkTOAAAAIDkCRwAAABA8gQOAAAAIHkCBwAAAJA8gQMAAABI
nsABAAAAJE/gAAAAAJIncAAAAADJEzgAAACA5AkcAAAAQPIEDgAAACB5AgcAAACQPIEDAAAASJ7A
AQAAACRP4AAAAACSJ3AAAAAAyRM4AAAAgOQJHAAAAEDyBA4AAAAgeQIHAAAAkDyBAwAAAEiewAEA
AAAkT+AAAAAAkidwAAAAAMkTOAAAAIDkCRwAAABA8gQOAAAAIHkCBwAAAJA8gQMAAABInsABAAAA
JE/gAAAAAJIncAAAAADJEzgAAACA5AkcAAAAQPIEDgAAACB5AgcAAACQPIEDAAAASJ7AAQAAACRP
4AAAAACSJ3AAAAAAyRM4AAAAgOQJHAAAAEDyBA4AAAAgeQIHAAAAkDyBAwAAAEiewAEAAAAkT+AA
AAAAkidwAAAAAMkTOAAAAIDkCRwAAABA8gQOAAAAIHkCBwAAAJA8gQMAAABInsABAAAAJE/gAAAA
AJIncAAAAADJEzgAAACA5AkcAAAAQPIEDgAAACB5AgcAAACQPIEDAAAASJ7AAQAAACRP4AAAAACS
J3AAAAAAyRM4AAAAgOQJHAAAAEDyBA4AAAAgeQIHAAAAkDyBAwAAAEiewAEAAAAkT+AAAAAAkidw
AAAAAMkTOAAAAIDkCRwAAABA8gQOAAAAIHkCBwAAAJA8gQMAAABInsABAAAAJE/gAAAAAJIncAAA
AADJEzgAAACA5AkcAAAAQPIEDgAAACB5AgcAAACQPIEDAAAASJ7AAQAAACRP4AAAAACSJ3AAAAAA
yRM4AAAAgOQJHAAAAEDyBA4AAAAgeQIHAAAAkDyBAwAAAEiewAEAAAAkT+AAAAAAkidwAAAAAMkT
OAAAAIDkCRwAAABA8gQOAAAAIHkCBwAAAJA8gQMAAABInsABAAAAJE/gAAAAAJIncAAAAADJEzgA
AACA5AkcAAAAQPIEDgAAACB5AgcAAACQPIEDAAAASJ7AAQAAACRP4AAAAACSJ3AAAAAAyRM4AAAA
gOQJHAAAAEDyBA4AAAAgeQIHAAAAkDyBAwAAAEiewAEAAAAkT+AAAAAAkidwAAAAAMkTOAAAAIDk
CRwAAABA8gQOAAAAIHkCBwAAAJA8gQMAAABInsABAAAAJE/gAAAAAJIncAAAAADJEzgAAACA5Akc
AAAAQPIEDgAAACB5AgcAAACQvKKIaMt6CAAAAIADYQUHAAAAkDyBAwAAAEiewAEAAAAkT+AAAAAA
kidwAAAAAMkTOAAAAIDkCRwAAABA8gQOAAAAIHkCBwAAAJA8gQMAAABInsABAAAAJE/gAAAAAJIn
cAAAAADJEzgAAACA5AkcAAAAQPIEDgAAACB5AgcAAACQPIEDAAAASJ7AAQAAACRP4AAAAACSJ3AA
AAAAyRM4AAAAgOQJHAAAAEDyBA4AAAAgeQIHAAAAkDyBAwAAAEiewAEAAAAkT+AAAAAAkidwAAAA
AMkTOAAAAIDkCRwAAABA8gQOAAAAIHkCBwAAAJA8gQMAAABInsABAAAAJE/gAAAAAJIncAAAAADJ
EzgAAACA5AkcAAAAQPIEDgAAACB5AgcAAACQvJKsBwAKo7KyMmbMmBGTJk2K4uLiWLx4ccyfPz+2
bduW9WgAAAAHTOCAbq6srCzOPPPMmDp1apSU/P/f8scdd1w0NjbGrbfemuF0AAAHprq6OiZOnBhD
hw7NdI61a9fGQw89FPX19ZnOAT1ZUUS0ZT0E0PmKiopi8uTJMWPGjBg4cOBuX7NixYqYO3dugScD
urOqqqqoqamJqqqqiIgYOXJkVFRURFNTU6xYsSIiIhoaGmLRokXR0NCQ5ahANzBnzpyYMmVK1mO8
wn333Rc33nhj1mNAj2QFB3RDo0aNine84x0xatSovb6ud+/eBZoI6M4qKytj2rRpUV1dHRUVFbt9
TUVFRYwdOzYiIsaOHRu1tbXR1NQU9fX1sXDhwmhsbCzkyEA3UF1dnbu4ERExZcoUKzkgIwIHdCMD
Bw6MGTNmxOTJk6OoqCjrcYBurqKiIqZNmxa1tbX7/fOnTJkSU6ZMibq6uli4cGE0NTV18pRAd1Vd
XZ31CHtUXV0tcEAGBA7oBkpKSmLq1Klx1llnWZUBFER1dXXMmTNnjys2Oqq2tjZqamrixhtv9KEA
aJfKysqsR9ijPM8G3ZnAAYmbNGlSnHfeef5HChRMbW1tzJo1q9Pft6KiIj74wQ/GggULoq6urtPf
HwDo3gQOSNQhhxwSF1xwwct72gEKoRAH+s2aNStGjhzpkD4AoEMEDkhM37594+yzz46TTjrJORtA
QdXW1hbsQL8pU6bEihUrrOQAANpN4IBEFBUVxUknnRTnnHNOp+15B2iv6urqLtmWsjezZs2KxsZG
Z3IAAO0icEACRo8eHbNnz46RI0dmPQrQA1VUVMScOXMyefacOXNi2bJlblcBAPZJ4IAc69+/f8yY
MSNqampsRwEyM23atMxWjr10Fe2CBQsyeT4AkA6BA3KouLg4Tj755DjnnHOiT58+WY8D9GCVlZVR
W1ub6Qy1tbVRV1cXjY2Nmc4BAOSbwAE5M2bMmJg9e3YcfPDBWY8CENOnT896hIh4cY758+dnPQYA
kGMCB+TEgAEDYubMmTF58uSsRwF42cSJE7MeISLyMwcAkF8CB2SsuLg4Tj311Dj77LOjrKws63EA
XlZVVZWbW5sqKiqiqqoqGhoash4FAMgpgQMydOSRR8bs2bNj+PDhWY8C8Bo1NTVZj/AKNTU1AgcA
sEcCB2Rg0KBBMXPmzDj++OOzHgVgj6qqqrIe4RXyNg8AkC8CBxRQUVFRTJ06NaZPnx69e/fOehwA
AIBuQ+CAApo5c2acdtppWY8B0C4jR47MeoRXyNs8AEC+FGc9APQUpaWlceqpp2Y9BkC75eWA0Zfk
bR4AIF8EDiiQ4mK/3YC0NDc3Zz3CK+RtHgAgX3ziggJpbW2Ne+65J+sxANotbzeW5G0eACBfBA4o
oAULFsSPfvSjaGlpyXoUAACAbkXggAK766674tJLL41777032trash4HYI/ytmIib/MAAPkicEAG
Nm3aFN/5znfiM5/5TDz11FNZjwOwW4sWLcp6hFfI2zwAQL4IHJChFStWxJVXXhk33HBDbNy4Metx
AF6hoaEhNwd7Njc3W8EBAOyVwAEZa2tri/vvvz8+9alPxR133BHbt2/PeiSAl9XX12c9QkTkZw4A
IL8EDsiJ1tbWuO222+LTn/60L+SB3Lj99tuzHiEi8jMHAJBfAgfkzNq1a2PevHlx9dVXx6pVq7Ie
B+jhGhsbo66uLtMZ6urqorGxMdMZAID8Ezggp5YtWxaXX3553HzzzbnZAw/0TAsXLszsz6Hm5uZY
uHBhJs8GANIicECO7dy5M+6+++649NJL43e/+51rZYFMNDU1xfz58zN59vz586OpqSmTZwMAaRE4
IAGbN2+O733ve3HFFVfEY489lvU4QA9UX18fCxYsKOgzFyxY4EwiAKDdBA5IyMqVK+Oqq66K66+/
Pl544YWsxwF6mLq6uli0aFFBnrVo0aLMz/4AANJSkvUAQMc98MAD8fDDD8db3/rWOO2006K4WKsE
CmP+/PnR0NAQs2bN6rJnLFiwQNwAADrMpyJIVEtLS9xyyy1x2WWXxd/+9resxwF6kLq6upg3b16n
Hzza3Nwc8+bNEzcAgP0icEDiVq9eHV/+8pfjuuuui/Xr12c9DtBD1NfXxyWXXNJpMaKuri4uueQS
Z24AAPvNFhXoJpYsWRJLly6NM888M04//fQoKfHbG+haTU1NL28nmT59elRXV0d5eXm7f35zc3PU
19fH7bffHo2NjV04KdAd5fnPjTzPBt2ZT0DQjWzdujV++tOfxn333RcXXHBBHHPMMVmPBPQAjY2N
L18jW1VVFTU1NVFVVfXyt8vLy6O5uTkaGhoiIqKhoSEWLVr08rcB9kd9fX3U1NRkPcZuWY0G2SiK
iLashwC6xutf//o4//zzo7Kycrc/vmLFipg7d26BpwIA6BwXXXRR7iLHokWLXo6+QGEJHNDNlZSU
xBlnnBFnnnlmlJaWvuLH7rzzzrjlllsymgwA4MBVV1dHdXX1Hv9Cp1AaGxujvr7e6g3IkMABPcTg
wYPjvPPOi0mTJkVRUVE8+OCDMX/+/Ni+fXvWowEAABwwgQN6mPLy8igrK4sNGzZkPQoAAECnETgA
AACA5BVnPQAAAADAgRI4AAAAgOQJHAAAAEDyBA4AAAAgeQIHAAAAkDyBAwAAAEiewAEAAAAkT+AA
AAAAkidwAAAAAMkTOAAAAIDkCRwAAABA8gQOAAAAIHkCBwAAAJA8gQMAAABInsABAAAAJE/gAAAA
AJIncAAAAADJEzgAAACA5AkcAAAAp3dwQgAAAJlJREFUQPIEDgAAACB5AgcAAACQPIEDAAAASJ7A
AQAAACRP4AAAAACSJ3AAAAAAyRM4AAAAgOQJHAAAAEDyBA4AAAAgeQIHAAAAkDyBAwAAAEiewAEA
AAAkT+AAAAAAkidwAAAAAMkTOAAAAIDkCRwAAABA8gQOAAAAIHkCBwAAAJA8gQMAAABInsABAAAA
JE/gAAAAAJL3/wD19KCdFsKCJAAAAABJRU5ErkJggg==
" width="800px"&gt;</msg>
<status status="PASS" starttime="20230202 16:16:32.314" endtime="20230202 16:16:32.738"/>
</kw>
<kw name="Close Application" library="AppiumLibrary">
<doc>Closes the current application and also close webdriver session.</doc>
<status status="PASS" starttime="20230202 16:16:32.738" endtime="20230202 16:16:34.170"/>
</kw>
<status status="PASS" starttime="20230202 16:16:32.313" endtime="20230202 16:16:34.170"/>
</kw>
<tag>addProduct</tag>
<status status="PASS" starttime="20230202 16:16:02.818" endtime="20230202 16:16:34.175"/>
</test>
<test id="s1-t2" name="Remover o produto Code Smell no carrinho" line="14">
<kw name="Open Session" library="base" type="SETUP">
<kw name="Set Appium Timeout" library="AppiumLibrary">
<arg>10</arg>
<doc>Sets the timeout in seconds used by various keywords.</doc>
<status status="PASS" starttime="20230202 16:16:34.177" endtime="20230202 16:16:34.178"/>
</kw>
<kw name="Open Application" library="AppiumLibrary">
<arg>http://localhost:4723/wd/hub</arg>
<arg>automationName=UiAutomator2</arg>
<arg>platformName=Android</arg>
<arg>deviceName=Emulator</arg>
<arg>app=${EXECDIR}/app/app-release.apk</arg>
<doc>Opens a new application to given Appium server.
Capabilities of appium server, Android and iOS,
Please check https://github.com/appium/appium/blob/master/docs/en/writing-running-appium/server-args.md
| *Option*            | *Man.* | *Description*     |
| remote_url          | Yes    | Appium server url |
| alias               | no     | alias             |
| strict_ssl          | No     | allows you to send commands to an invalid certificate host like a self-signed one. |</doc>
<status status="PASS" starttime="20230202 16:16:34.178" endtime="20230202 16:17:00.606"/>
</kw>
<status status="PASS" starttime="20230202 16:16:34.177" endtime="20230202 16:17:00.607"/>
</kw>
<kw name="Go to Product Page" library="helpers">
<kw name="Get Fixture" library="base">
<var>${login}</var>
<arg>login</arg>
<kw name="Load Json From File" library="JSONLibrary">
<var>${fixture}</var>
<arg>${EXECDIR}/resources/fixtures/${fixture_file}.json</arg>
<arg>encoding=UTF-8</arg>
<doc>Load JSON from file.</doc>
<msg timestamp="20230202 16:17:00.611" level="INFO">${fixture} = {'username': 'teste', 'password': '123'}</msg>
<status status="PASS" starttime="20230202 16:17:00.610" endtime="20230202 16:17:00.612"/>
</kw>
<msg timestamp="20230202 16:17:00.612" level="INFO">${login} = {'username': 'teste', 'password': '123'}</msg>
<status status="PASS" starttime="20230202 16:17:00.609" endtime="20230202 16:17:00.612"/>
</kw>
<kw name="Click Element" library="AppiumLibrary">
<arg>${USERNAME}</arg>
<doc>Click element identified by `locator`.</doc>
[...]
DB7k0CwAAPo2gQMghepWt2Z0/eCBAgcAAH2bwAGQQqsyDBwDqwUOAAD6NoEDIIVWrsoscFRXFfXS
JAAAkB8EDoAUyjxwWMEBAEDfJnAApNCKDANH1QArOAAA6NsEDoAUql1hBQcAAGxM4ABIodqVGQYO
KzgAAOjjBA6AFFq2vKXL15aUFHhEBQCAPk/gAEihJW82d/naXUeVRVFRQS9OAwAAySvoWHZER9JD
ABDR0RGxdFlzvDK/MV6Z1xiLljTH4qXNsXDx+v9ds7Yt1q5ti5V1rVG3ui2je1dXFcWg6uLo378o
+vcriuoBRTF6ZFmMHFEaO+9UGjsNK42996iI3Xctj5ISMaSr2tvX/5otebMlVqxsiRWrWmNVXVs0
NbVHU3N7tLZ2RElJYZSWFER5eWEMGlgcNYOKY/Cg4hi5U1nUDLY3CgBAtvjMCiAhra0d8dLLDfHU
s2visRmr44FHV8XCRV1fmZGJutVtXYoiA/oXxdGHV8fEQwbEsUdUx9sP7BdlpRb7RUQ0N3fEP+fW
x6zZDTHzhXXx9+fXxtMz12Z8ZO/GRgwvjUMm9I+DDuwf4/atjAP2rYw9dquIAo0JACBjVnAA5FBr
a0f87dm18af7V8Stv18Wry9sSnqk7RoxvDTOPq0mzjx1SBxx6IAd7lGXRUua45HH6+Khv9bFnfeu
iGW1Xd/7pLv2GlsR7z5hUBx7ZHW8c2J1VFfZPwUAoCsEDoAcWLSkOW774/L42U2L45X5jUmP0y0H
7t8vPnrhTnHO6UP69KMVdavb4r5pK+P2u5fHHVNrE51lQP+iOOf0IXHO6UPi2COrPT4EALAdAgdA
L3r51Yb4yQ2L4/pfLY3Gpvakx8mKmsHF8bmPj4yLzx8ew4eWJD1O1sye2xC33r4srp28OGpXdP+x
k96y9x4V8Z8Xj4jzzxzapwMTAEB3CRwAvWDpspb43+sXxXd/+ka0tPTNP2arq4riqv/eNT58wfCo
KE/vPh2zZtfHD69bFL+4ZWnSo3TJhsD0oQuGx9CavhOYAAB6SuAAyKKOjojf3rEsPv3leTnZryEf
jD+gX/zg6t3imCOqkx4lI28sbo5v/nBh/OymxUmP0i3Dh5bElV/aJS48b1iUl6U3MAEAZIvAAZAl
i5Y0x+e+Oi9u++PypEdJxBVf3CW+9MmRef/FdlNze9x469K4/Fuv9+gElHwxYVy/+PG3d48jDq1K
ehQAgEQJHABZ8PTMtXHeh2endgPRbHnXsQPjlmv3yttHJ2bNro9PfOnVeHh6XdKjZN2lnx4Vl35q
VAzo79QVAGDHJHAA9NAdU2vjoktejjVr25IeJS8cdGD/mHLj3rH7ruVJj/KWjo6IX9yyJD5z+byo
b+gbm71uzTsOHhCTf7xn7L1HRdKjAADknMAB0AO3/XF5vO8js5MeI+/su1dF/GXK/jF6ZFnSo8Sa
tW3xua/OS80moj01aGBxTP7xnnHavw1OehQAgJzK7welAfLY3X9eIW5sw0tzGuLMf/9nLF+R7Ear
ry1oipPOnbXDxI2IiJWrWuP0C16Kn9ywODp8CwMA2IEIHADd8NSza+PcD4kb2/PUs2vjM5fPi/aE
ngiZNbs+Tjz7xZj+t9XJDJCwSy59NS7/5muJ/fMHAMg1gQMgQ8tXtMRFl7wcjU2+cuzMrbcvi5t/
92bO3/dvf18bx5/5Ysx5pSHn751PvvnDhfFlkQMA2EEIHAAZ6OiI+Mzl82LW7PqkR0mNS78+P5bV
5u5RlWf/sS5Oef+sWLy0OWfvmc++/aOF8dVvv+ZxFQCgzxM4ADJw7wMr49bbl+X8fWsGF8fH/32n
+N5Vu2X0cV/4r5Hx3CPjY8qNe8enP7pz7DIq95t+Ll3WEj+5YXFO3mvW7Po47QOzchpU0uAbP1gY
1928JOkxAAB6lcAB0EXr6tviv78+P6fvWVlRGP/7rd3j5ScPip/9z9g4/ujqjD5+l5Fl8bb9+sXZ
pw2JH1y9W8x58u1x9637xsHj+/fSxFv34xsWx6q61l59j6XLWuKsi/8ZCxflfuXGqJ1LY8qNe8eq
V94Rq155R0z9zX4xYVy/nM+xPR//witx37SVSY8BANBrBA6ALrr5tjfjhZdy92jKiOGlMf3et8Ul
HxoRgwYWR0RE3eq2jO4xeFDxJj8uKy2MU981OB6684C4+P3DszZrZ1auao17/rKi1+7f2NQeH/r0
3HhpTu733NhlVFlMu+OAOPu0IVFdVRTVVUXx7hMGxQN/OCBOfVd+HdV64SdejvkLmpIeAwCgVwgc
AF3Q1NweP7o+N49ZbHDd98bG+AM2XQWQ6SqIDWFkc/37FcWPvrlbTh9ZufvPvRc4rvifBTH1/t67
//bc8IM9Yq+xFVu8PnhQcdz8kz3jHQcPSGCqrVtW2xIf/dzcaGq26ygA0PcIHABd8Odpq3J6Isce
u5XHyccP2uL1lasyCxyDtxE4ItZHjgP2qcx4tu66688rYvWazFagdMWfH1wZ3/nfhVm/b1ec994h
ccIxA7f584MGFscvvr9HlJflz39u739oVfz4F7mNdQAAuZA/n3EB5LFcH3V66NsHRFFRwRavr8gw
cAys3nbgWL6iJZ78+5qMZ+uulpaOmDsvu5Fo6bKW+PjnX8nqPTNxyYd37vSaA/atjG98edccTNN1
X/nW6zF77o59hC4A0PcIHACdWFXXmvPHH4YPLdnq67UrshM45s5rjPM/Nifj+/XU/Nezu//DV7/9
emJ7Shx0YP+Y2MXHTz58wfAYO6a8lyfqusam9vjCFfMdWKIfLQAAIABJREFUHQsA9CkCB0Annnhm
TbS05PYrwfZtbJFQuzKz408HVhdtcd8bf700Dj5+Ztz/0KrujtdtdVl8ROXh6XVx/a+SO/r0/LOG
RsGWi2y2akD/orj006N6d6AM3fOXFfHnB52qAgD0HQIHQCf++sTqnL/ncy+u2+rrS5d1PXCMHFEa
ZaX/+mO+qbk9Pvb5ufGhT8/N+DSWbGlpyc7mlo1N7fHFK+dn5V7ddcwRmR3Ze9apQ2JozdZX5iTl
qmsW5DzeAQD0FoEDoBPPz8rd0bAbPDy9bqubmi5a0tzle2x+QsrPbloSv7hlaY9n64l+lUWdX9QF
v/vj8njq2bVZuVd3jBheGuP2zWyD1uqqovjYRTv10kTd88TTa+LuXjy+FwAglwQOgO3o6Ih4emYy
X0hf/f2FW+yR8FoG+02MGF66yY+/f+0b2RirR3beqbTzizpR39Ae3/xhMqembHD80QOjuLiLz6ds
5L3vrumFaXrmR9ctshcHANAnCBwA2/Hm8pZYvLTrqyay6ZYpb25y/GlTc3tGs2y8UWnd6rZYuCiZ
v4+N7bFbzzfa/O0dy3J6ZO/WHDqhf7c+bvwB/eLg8d372N7y2BOrY/rfcv8YFgBAtgkcANuxvDaz
TT2z7dKrX4vvX7v+O+yr6jLbNyPf9ns48rCqGD2yrPMLt6O5uSO+97PkV6Lsu1dFtz6uoCDi7NOG
ZHmanvvlb3J7DDIAQG8QOAC2o74hO5ti9sTnvjovPvLZuTHvtcaMPm7IRoGjakBRVlZP9MTF5w/v
8T2mPbYqXpqT7OqNiIixu3UvcEREHHtkZpuT5sJv/rAslq9INuYBAPSUwAGwHevqkzltZHM33Lo0
Tjl/VkYfM3hg8Vv/v6Ag4sxTk1s5sN/elXH2aT3ff+L6XyW7SWpERGVFYYwa0f29RCaM6xejdu75
XiTZ1NjUHn+elvtjgwEAskngANiOhsbkV3BsULuiNaPrBw8q3uTHF503LEpKMt8YMxtu/OEe0b9f
z05QmTuvMe68tzZLE3XfgQf069YGoxsUFxfESZMGZXGi7Jhy1/KkRwAA6JHizi8BII0GVW/6R/w+
e1bENVfuFp+67NWczvHdK8bEOw4e0OP73PvAyixM03N7j+3+4ykbHHlYVeJH9m7unr+siOUrWmLI
4Pzau4UsG3B1RNkxnVzUEdHRFNGxLqJ9cUTr7IimaREtz2//wwbeFFG8179+3PZqxMoPdm2ugZMj
ivfY6GPnR6z8wPr/X/WtiNKjNr2+4TcR637WtXsXj42oviGiYKPf2x1r1s/Wvqxr9wAgFazgANiO
0oRWPGTDoIFbNuxLPjQivnjJyJzNcMUXd4nPfGznHt+no2P9PhH5YGQPHk/Z4KAD8+sklQ2mP7km
6RHICwURBeURhTURxQdElJ8ZUf3TiKrvRRTtkvtx6m+K6Nhsj5iyd0cUdDGcVlywadyIiGi8W9wA
6IMEDoDtKC9P7x+TA6u3DBwFBRHfuGzX+O4VY3r9/a///h7xtS+MjqKinkeiWbPr48ln8uOL752G
9Txw7LF7eQzo37NHdnrDg4/Zh4NtKYgoPSyi+ocRRbvn9q1bX45onrbpa4XVERXv6/xji8ZElL5z
09fal0fU35K18QDIH+n9zB0gBzZ/zCNNfvmbpTFrdv0WrxcXF8TnPzEy/vqncTHxkJ4/OrK595xc
E88/OiE+fEHPT03Z4LEnVmftXj01dEjPH+EoKy2Mo95RlYVpsuv/HhE4djwdEa1zN/vrlYi2hVuu
moiIKBwW0f9TuR+z/pcRHZv9eVZ+SkRB5fY/rvIDEQWbRcmG30d0rM3ufADkBYEDYDs2Pmo1bS69
+rXY/8hn4/CTn4+f3LA4Xt3smNkjDq2KR+8eF/f8et844ZiBPXqvkpKCeP+ZQ+PPU/aPOybvE+P2
7eSLjgzd/3D+fOFdNSA7Ky8OfXv241JPvTSnId5Y3Jz0GORSR0vEqos2++vCiJXnRax8b0TDLRGx
2WlSJRPWr4zIpbY3Ihrv3fS1wsERFedu+2OKRkWUHrvZfRZGNNyW/fkAyAvp/dYkQA7UDCqOQQOL
Y+WqzE4wyScznloTM55aE5dcGnHy8YPi/LOGxruOHRQ1g4ujuLggTjlxcJxy4uBY8EZTPPTXunj8
qTXxzHNr4+mZ2/8O5xGHVsVhB/WPg8f3j0nvHBjDsrCyYWvqVrfFfXmywWhE9gLHPnv2fLPS3vD8
rHVZ2WeEPqB9VcS66yIK+kWUn7HRTxRGlB4S0TA/t/M0TI4oO2H94ykblJ8a0fDriI6thLmKD0QU
lG12j99GRHr/PAdg+wQOgO0oKiqIdxw0IO6blj9fYPfEvQ+sjHsfWBnlZYXxgbOHxtmnDYl3Hl4V
5WWFMXpkWXzw3GHxwXOHRUREfUN7vLm8Jdata4t19euPy+3frzAG9C+KwYOKo19lbvaQmPnC2mhs
yp/jent63O0GY8eUZ+U+2TZ7bkNeHmNLgpoe2SxwRERBAr9H2ldFNP4xovKif71WOCyi/JyIhls3
vbZoRETZpE1fa305ovGuXh8TgOQIHACdmDCuX58JHBs0NrXHDbcujRtuXRojR5TGRecNi/ecXBMH
Hdg/Cv7/nqCVFYUxZnTZ9m+UA8/P2nIfkSSVl2Xn6c4xuyT/z3Zr5rzSkPQI5J2t7MWR1B4WDbdG
lJ+8PmxsUH76/3/sZKOVGRXnRxRstkqq4Vc5GRGA5NiDA6AThx2Uf3slZNMbi5vjGz9YGIec8Fwc
8e7nY/Jtb8aKlfmzhLuzR2VyrSxLgWPI4JK8CEibe+Gl/ApK5IGSd2z2QkdE60uJjBIdjRENUzZ9
rWhERMWZ//px4bD1j7JsrOW5iKaHen8+ABIlcAB04pAJ/ZMeIWdmPLUm/v2Sl2PM25+Oz1w+L579
x7pE5+noiHh4el2iM2yutKTnx95usN/e2d2MNRueeW5ttLV1JD0G+aL8tIiKszd9reX5iJZnk5kn
Yv1qjbbXNn2t/L3/+v+V56/fN+Qt7RH1k3MxGQAJ84gKQCdGDC+N9767Jv74p9qkR8mZNWvb4ofX
LYofXrco3nNyTXzqIyPi6MOr33p8JVeWLmuO1xc25fZNO1FUlL1/CPm4D0d9Q3vUrW6LwYN8irBD
KCiK6P/ZzV4sXn9CSdGY9SeRbKx9acTa7+Zqum2rvzViwJf/9eOiUesjR/MjEWXv2vTa5iciWp7K
7XwAJMJnLwBdcMHZQ3eowLGxO++tjTvvrY2j3lEVn//EyDjlxMFRmKP1fwsX5d+RpUVZ3Ft11zx8
RCUiYsWqVoFjh1G05QaiW9Ue0fx4xLqfR7TN7+2hOtd0X0TFGRHF+/7rtYozI4pGRhRsvOquJaL+
ppyPB0AyPKIC0AUnHjswhg/tnWNQ0+KxJ1bH6Re8FCee/WL89cnVOXnPfFu9ERFRmMVlLCNH5Gfg
SPOxyPSSjtaIKNjs0Y+E1d8cERs9TlU0JqL8zE2vaXo4ovWfORwKgCQJHABd0K+yKP7j/OFJj5EX
pj26Ko465R/x/o/OiZfm9O6JG6/lYeDIpkED83OVxNp1bUmPQL4pKI0oPSKi+kdbPgKSlOa/RrT8
fdPXCjYK0R2NVm8A7GAEDoAu+tAFw6Oywh+bG/z2jmXx9uNmxnd/8kY0NrX3ynssXpp/j6i0d2Rv
A87BeRo4mpp759eTPNTRHLH8yC3/qj0uYtXF6zfn3PhI2ILyiP6fiSgandjIm6i/KSK2EeSa7oto
W5DTcQBIls/UAbpot13K47LP5Mkn9Xmisak9vnjl/Dj2PS/EU89m/zjXN5e3ZP2ePdWWxcUN+bqC
o7nZKSo7vI7miNY5EfU3RKy5MiI2il4F/SMqzk9stE20PBfRPH3L1zvWODkFYAckcABk4BMX7xRj
8nRjyCQ98fSaOPTE5+J/fvxGtLZm74vjpW/mY+DI3t9fdVUWdyzNopYs/hrSBzTPiGh9adPXSg5K
ZpataZiy5WtND0e075gbQwPsyAQOgAwMrC6Ob16+a9Jj5K0vXTU/Lrrk5VhVl51NKt9YnH97cGQz
cFSU+88wKdH62qY/LhoeWx7Gt3mQzGCFUsFm13ZkEDc7trJ6rKOx6x8PQJ/hMyuADJ333qHxsYt2
SnqMvPXr3y+LE856MWbP7fkGpPn4iEpzS98PHKUl2Tsphr5i82hZuH4/jo21r9nskoFdv33BoE1/
3LFm69cBwHbk52dWAHmsoCDiu1eMiSMPq0p6lLz19My1cex7Xoh/vFTfo/vUrc6/0zwaGrK3AWdR
UUHUDM6/fThKBA42t/mmoh0NW66caF+86Y8LqiJKD+v83iWHRBRWb/pa2+KtXwsA2yFwAHRD/35F
8csf7xnDh5Z0fvEOavHS5jjt/Fkx55XureRoa+votdNZeqKhMbszDRmcf7+HSkt8esBGSt4eUfK2
TV9re2PL65qf2PK1yovXHzG7TcXrr9lcy1buBQCd8BkMQDftsVt5TP3NfjFi+PY+ed+xzV/QFKd9
4KWYvyDzvTTydaPLbAeO8rL8+09xeZ4+OkMCyiZFDLgiIjbbELfl6S2vbZ4e0frKpq8V7x9R9aOI
kgO3vL5kXET1/67/3421zYtoeqwnUwOwg8q/dbEAKXLw+P5x3+/2i1PePysWLmpOepy8NHtuQ5xx
4Usx7Y4DMjoWtT3/Fm9ERMS6+uw+NpOPj4MMzNPTXegFBcUR1T/ZyuslEYVDIwqHbflz7SsjGm7d
+v3qr48YcPX6j9+gZNz692hbEtG+bP1rhUMiikZExGa//zuaI9b9PLbc8wMAOudbNAA9dOD+/eIv
U/aPsWPKO794B/XsP9bFZ78yL6NoUVyUf1/4R2R/X5B8DBzVVb7/seMojCgZv+VfxftvPW50NESs
/VZE+6qt3655esS6ayI6Nl+1VbA+aJS8bf1fRTvHlnGjMWLtd9bfAwC6QeAAyIL99q6Mx6aOi9NP
Gpz0KHlr8m1vxu/uXNbl6/PxC/+IiBUrs3uyS0lx/v19VlvBwda0vhyx+vMRzY9v/7rGP0XUfSqi
dVYXb9wR0fJ8RN1/RTT9pcdjArDj8i0agCwZMbw0br9xn/jOjxfGV771etLj5KXPfXV+HHfUwC5t
zlpQEDGgf1GsWZtfJ6nUrszu0vmiPFupMmhgcfTvJ3DQun61RnttROvciOZHIpoeyuDDX4hY9ZGI
kkMjyo6PKN4romhYREHF+p/vqI9oWxrROjui6f6Ilmd7528DgB2KwAGQRSUlBXH5Z0fHEYdWxacu
e7XHx6T2NYuXNsePrl8U3/zyrl26fsjgkvwLHCuyGzha82wz1Qnj+iU9Ar1pzeURa3L4fi1/W/9X
b2qdG7H8yN59DwBSwSMqAL3g2COr4/H73hZfv3SXvH3UIik/uHZRl09VGbVz/p1Q8/obmZ8Isz2t
bfkVOPbZszLpEQAAukXgAOgl/fsVxeWfHR3PTBsfZ51ak/Q4eaOxqT0m/3Zpl67deaf8Cxwvv9qQ
1fvl2wqO3XctS3oEAIBuETgAetm4fSvj9pv2icemjouTJg1Kepy88LOblsTqNZ0/ejJsSOd7deTa
7LkN0dycvSjR2Jhf5+HutovTgACAdBI4ALqpoyNi6bKWeGlOQzz17Np4fta6WLy0eZtHoR55WFX8
6bf7xbQ7DogzTtmxV3Qsq22Jh/5a1+l1I0fk3wqOlpaOWFabvZNU8m2PkX32rEh6BACAbrHJKECG
np65Nm6/e3lMvX9lzJq95Saiu4wqi5OPHxQnTRoUJxwzMCrK/9WSCwoijjuqOo47qjpe/Gd9/PK3
b8a1v1wc9Q359V38XPjT/63o9FjdMXm6mmDBG01Ziy8r67K7aWlPDOhfFHvsJnAAAOlU0LHsiPx6
+BcgT82d1xhfuGJ+3HlvbZc/Zq+xFfGlT46Mc98zJPpVbv3ozdoVrfGn/1sRN//uzXjwsc5XNfQV
gwYWx9JZh253E9Ynnl4TE096PodTdc1vr987znvvkB7fp709omj49CxMlB2n/dvguOuWfZMeAwCg
WzyiAtAF9z6wMg4/6fmM4kZExJxXGuI/PjU3Dj3x+Xh65tqtXlMzuDg+eO6wmHbHAfHCYxPi21/Z
Ncbt2/dPsli5qjXmzmvc7jWjR+bnhpevzN/+3F21dl1+PZ7yjoMGJD0CAEC3CRwAnXh0xup4zwdf
6tG+C7Nm18dRp/wjbrh1aXRsZ93c/vtUxpc+OSpmPjwhnpl2YHz6ozt3+z3TYNacLR/x2djOO5XG
mNH5Fzn++fL25+6qfAschx8qcAAA6SVwAGzHgjea4rwPz46Wlp4/zdfY1B4f/szc+OmNizu9trAw
4u1v6x8nH9+3T11ZuKhpuz+/fs+SgTmapuumP7lmu6Gqq/IpcFRWFMZBB/ZPegwAgG4TOAC24wc/
XxSLlzZn9Z6XXPpq/GFq1x51yacNKHvD6wu3HzgiIg46sF8OJsnMvNcbs/L7YsXK/Pn1Pe3fBkf/
flvfJwYAIA0EDoBtmDuvMX7w80W9cu8PfGxOzHmlodPralfkzxfAvWF5F/7+8nVVQVd+/TpTm0eB
46RJfXu1EADQ9wkcANvwfw+v6rV7Nza1xxX/s6DT62pXZrbvx/eu2i3OfU/PT/fIlfr6zh/RGD+u
XwytKcnBNJl57sV1Pb5HT/Z1ybbjj86/R4EAADIhcABsw33TVvbq/X97x7J44JHtR5TltZl9h/99
ZwyJ236xd7w+8+D47hVjYtTOpT0ZsdfVN7R3ek1ZaWGcftLgHEyTmelPrunxPTrbgyRX3vvumth5
p/z+vQIA0BmBA2ArWls74s8P9m7giIj40fXb33B06bLM9nkYWF0cEeuPV/38J0bGi399e/z0O7vn
5QqIiOjyng8nHpt/qwvuf3hlNDV3Hmi2Z/7r+RE4zjk9Pat+AAC2ReAA2IpVq1uzcnJKZ6bevyJe
fa1xmz+/5M2uP8JQM7g4Kso3/WO9akBR/OfFI+Ifj03Iy0dXqgZ0LXBMOmpglJfl13+y6la3xfMv
9uy42Nlze76PR08NrSmx/wYA0Cfk12eLAHliVV3uju+c8dS2H3V4bUHXv8O/2y7l2/y54UNL4paf
7RXnnzU0o9l624D+XQscgwcV593sERGPzqjr9sc2NbfH0zPXZnGa7vnYRTtFdZXTUwCA9BM4ALai
ra33V29s8Ow/tr5ZZWtrR8x7fdurOzbX2R4KJSUF8Y3Lds1ott7W1cAREXHmqTW9OEn3TL2/+48x
LXijORqbevaISzbkYzgCAOgOgQNgK7q6N0Q2bOsxhbrVma0iGT608302dh1dFgfu3y+j+/amMdtZ
dbK5SUcNjL33qOjFaTL38PS6mJ/BKpuN/fPlnj3ekg0fPHdY3v0zBQDoLoEDYCtyuWT/jcVb/wJ5
ZV1mJ6h0dSPR4uKCjO7bm8aO6XrgKC0tiEs+NKIXp+me+x7o3iqO53q4f0c2fPbjOyc9AgBA1ggc
AFvRv19RHHbQgJy8V+3KrYeMVRkGjprBnQeOhsb2eGlO8l9YbzBmdFlG15/73iExaGBxL03TPb/+
/bLo6MYTTY/1YP+ObLjwvGF5tZoHAKCnBA6AbTji0NwEjtcXNsWiJVseB7tyVYaBY1DnX/j/7e9r
or4h+X0fIiJGDC+NkSO2v2/I5oYMLon//uSoXpqoe6b/bXU8+cy2N4rdmhUrW+MvD63qpYk6V15W
GJd+Kr/+OQIA9JTAAbANJxwzMGfvddU1C6J9s+6wIsPA0dnKhtbWjvj+tYsyHa3XnHVqTRQVZf64
zIcvGB4jhmcWRnrbzb97M6Prp/9tdS9N0jVf/uwoe28AAH2OwAGwDUcfXt3lfS166rqbl8SXrpof
Tc3/qhwrtvHoyrYM3s4Kjra2jrjyuwvi7j+v6PaM2dbdgDRoYHF87QujszxNz/x88pKY88rWN4vd
mrvuS+7XYY/dyuOSD9l7AwDoewQOgG2oKC+Mz/1n7r4QvOanb8QJZ74Yf31y/Xf3l69oyejjB1Zt
PXAsWtIcF39qblz9/QU9njFbSkoK4sjDqrr98Re9b1gccWj3P743fO9nXVsds+TN5vj175f18jTb
9tPvjM3pJroAALkicABsx4c+sFPOVnFERDz2xOo46pR/xLvOeTEefCyzTSgHVv8rcHR0RLz4z/q4
8rsLYp+Jf49fZfgIRW/76IU79Wiz0LLSwrjmyjFZmycbrv/Vknh4eue/ZrdMWRaNTcnsg/K5/xwZ
Jx6bu0evAAByqaBj2RHd2PsdYMfxy9++GRd/8uWkx+jUDT/cI1bVtcZLcxri4el18cr8xqRH2qYX
HpsQ++9T2eP7fO07r8dV1+TPypQD9q2Mh+48IIZs40SbNxY3x7h3PpvxBrLZMGFcv3j4rnFRNcDq
DQCgbxI4ADrR1tYRZ//H7Pjjn2qTHqVP+MDZQ+OWn+2VlXs1NLbHv53zYjw6I9lNOzd26rsGx2+u
2yv699s0JDQ1t8f7Pzon7pia+99HgwYWx1+njov99u55VAIAyFceUQHoRFFRQfzk27vHXmOdOtFT
lRWF8eXPZG+D0Irywrj++3vk9DGiztzzlxVx2gdeilmz6996bcXK1vjIZ19JJG5ERPzqp3uKGwBA
n2cFB0AXzXxhXRxz+j+ibnVb0qOk1v9+a/e45EMjsn7f/3t4VZx49otZv29PTXrnwBg2pCTuf3hl
1K7I/WMpERE/+ubu8ckPZ/+fOQBAvhE4ADLw6IzVccr7Z8WatSJHpo47qjruu23/KC0t6JX7X3fz
kvjY51/plXun1ZVf2iW++vn8OlIXAKC3eEQFIAPvnFgVU3+zX49OANkR7TW2Im7+yV69Fjci1p/M
8p2vjum1+6fNFy8ZGV/5nLgBAOw4BA6ADL1zYlU8ercNG7uqZnBx/P6X+8SonUt7/b2+8F8j46r/
3qXX3yffXfXfu8S3vzImCnqvJwEA5B2BA6AbDti3Mh784wFx9mlDkh4lrw0fWhJ33bJvjNs3NzGo
oCDi8s+Ojh99c/ecvF8++vG3do+vfG60uAEA7HDswQHQA21tHXHjr5fGZy6fF/UN7UmPk1f23qMi
7pi8T2IrXW774/L490tejsamHePXZWhNSdz80z3jpEmDkh4FACARVnAA9EBRUUF85IM7xXOPTIhz
TreaY4OTjx8U0+44INHHeM5775B49J5xO8TxvodM6B+PTR0nbgAAOzSBAyAL9titPG77xd7xp9/u
F4cdNCDpcRIzoH9RXPvdsXHXLfvGyBG9v+dGZw6Z0D8eubtvP0p06adHxYN/PCD23qPvhxwAgO3x
iApAlrW2dsSd962Ib/9oYTzz3Nqkx8mZC84ZFpd/dlRerphob4/41ZQ349NffjXqVveNI34P3L9f
/PAbu8UxR1QnPQoAQF4QOAB6SWtrRzz017r4+c1L4o6ptUmP02vOOrUmvvTJUXHw+P5Jj9Kp+Qua
4sr/eT0m3/Zm0qN0W3VVUVzxxV3ioxfuFBXlFmICAGwgcADkwNx5jXHnvbVx02+WxktzGpIep8dq
BhfHRz+4U5z73iHxtv36JT1Oxh55vC6uumZBPPhYXdKjdFllRWF85mM7x8f/fURePP4DAJBvBA6A
HGpr64iZL6yLBx5ZFbffXZuqR1iqq4rirFOHxEnHD4oTjh4YVQOKkh6pRzo6Ih54ZFVc87M34v6H
ViU9zjYNH1oS/3nxiLj4/cNj1M7CBgDAtggcAAma93pjPPnM2nh0Rl3c/9CqeGV+Y9IjvaWyojCO
O2pgTDxkQEw8eEAcdtCAqKzom49EPPuPdXHr7W/GL25ZGmvW5sceHZPeOTAufv+wOPVdg2NA/3TH
JACAXBA4APJER0fEwkVN8fhTa+K8D8/O6XsfuH+/OPCAfrHPHhUxdrfy2GtsReyzZ0WUl/XNoLEt
q9e0xcPT6+Ku+1bE7Xcvz3nsOO6o6njPyTVx0qRBscdu5Tl9bwCAtBM4APLMnFcaYu93/L3L148Z
XRYH7Lt+H4yCgoji4oIoLSmIkpKCKC0pjMrKwqgeUBRVA4qjuqooqquKo2ZQcQwbWhJDa0piyOCS
KC0t6K2/ndRqaGyPvz+/NmY8tSYef2pNPDy9Llauas3qexxzRHUcfsj61TGHHTQghg8tyer9AQB2
JMVJDwDAplbVZbZq4P1nDo1vfHnXXppmx1VRXhhHHFoVRxxaFRHrT8V59bXGeG1BU8xf0BSvLWiM
NxY3x5I3W2Lx0uaoW90aa9a1xeo1bVFZURgD+q+PSsOHlsTOO5XGTsNKY5dRZTFmdFnsOrosxo4p
j/79PHoCAJAtAgdAnllZl9kqgSE1vuufC8XFBbHX2IrYa2xF0qMAALAVO9bD1QApULuiJaPrawZp
1QAAIHAA5JkVKzNbwTFY4AAAAIEDIN8sz3AFx8BqgQMAAAQOgDyzrDazFRzVVQIHAAAIHAB55o3F
TRldX9XfSRwAACBwAOSZRUuaM7p+gMABAAACB0C+2Xmn0i5fu9/elTYZBQCAEDgA8s4B+1R2+dpT
ThzUi5MAAEB6CBwAeeac9wzp0nXlZYVx4bnDenkaAABIB4EDIM+8bb9+ce13x3Z63S9/vGfst3fX
V3sAAEBfVtCx7IiOpIcAYEtPPL0mJt/2Zjz2xOp4dX5jtLV3xO67lsdxR1XHhy/YKSaM65f0iAAA
kDcEDgAAACD1PKICAAAApJ7AAQAAAKSewAEAAACknsABAAAApJ7AAQAAAKSewAEAAACknsABAAAA
pJ7AAQAAAKSewAEAAACknsABAAAApJ7AAQAAAKSewAEAAACknsABAAAApJ7AAQAAAKSewAEAAACk
nsABAAAApJ7AAQAAAKSewAEAAACknsABAAAApJ7AAQAAAKSewAEAAACknsABAAAApJ7AAQAAAKSe
wAEAAACknsABAAAApJ7AAQAAAKSewAEAAACknsC+m0AYAAAOnElEQVQBAAAApJ7AAQAAAKSewAEA
AACknsABAAAApJ7AAQAAAKSewAEAAACknsABAAAApJ7AAQAAAKSewAEAAACknsABAAAApJ7AAQAA
AKSewAEAAACknsABAAAApJ7AAQAAAKSewAEAAACknsABAAAApJ7AAQAAAKSewAEAAACknsABAAAA
pJ7AAQAAAKSewAEAAACknsABAAAApJ7AAQAAAKSewAEAAACknsABAAAApJ7AAQAAAKSewAEAAACk
nsABAAAApJ7AAQAAAKSewAEAAACknsABAAAApJ7AAQAAAKSewAEAAACknsABAAAApJ7AAQAAAKSe
wAEAAACknsABAAAApJ7AAQAAAKSewAEAAACknsABAAAApJ7AAQAAAKSewAEAAACknsABAAAApJ7A
AQAAAKSewAEAAACknsABAAAApJ7AAQAAAKSewAEAAACknsABAAAApJ7AAQAAAKSewAEAAACknsAB
AAAApJ7AAQAAAKSewAEAAACknsABAAAApJ7AAQAAAKSewAEAAACknsABAAAApJ7AAQAAAKSewAEA
AACknsABAAAApJ7AAQAAAKSewAEAAACknsABAAAApJ7AAQAAAKSewAEAAACknsABAAAApJ7AAQAA
AKSewAEAAACknsABAAAApJ7AAQAAAKSewAEAAACknsABAAAApJ7AAQAAAKSewAEAAACknsABAAAA
pJ7AAQAAAKSewAEAAACknsABAAAApJ7AAQAAAKSewAEAAACknsABAAAApJ7AAQAAAKSewAEAAACk
nsABAAAApJ7AAQAAAKSewAEAAACknsABAAAApJ7AAQAAAKSewAEAAACknsABAAAApJ7AAQAAAKSe
wAEAAACknsABAAAApJ7AAQAAAKSewAEAAACknsABAAAApJ7AAQAAAKSewAEAAACknsABAAAApJ7A
AQAAAKSewAEAAACknsABAAAApJ7AAQAAAKSewAEAAACknsABAAAApJ7AAQAAAKSewAEAAACknsAB
AAAApJ7AAQAAAKSewAEAAACknsABAAAApJ7AAQAAAKSewAEAAACknsABAAAApJ7AAQAAAKSewAEA
AACknsABAAAApJ7AAQAAAKSewAEAAACknsABAAAApJ7AAQAAAKSewAEAAACknsABAAAApJ7AAQAA
AKSewAEAAACknsABAAAApJ7AAQAAAKSewAEAAACknsABAAAApJ7AAQAAAKSewAEAAACknsABAAAA
pJ7AAQAAAKSewAEAAACknsABAAAApJ7AAQAAAKSewAEAAACknsABAAAApJ7AAQAAAKSewAEAAACk
nsABAAAApJ7AAQAAAKSewAEAAACknsABAAAApJ7AAQAAAKSewAEAAACknsABAAAApJ7AAQAAAKSe
wAEAAACknsABAAAApJ7AAQAAAKSewAEAAACknsABAAAApJ7AAQAAAKSewAEAAACknsABAAAApJ7A
AQAAAKSewAEAAACknsABAAAApJ7AAQAAAKSewAEAAACknsABAAAApJ7AAQAAAKReQUR0JD0EAAAA
QE9YwQEAAACknsABAAAApJ7AAQAAAKSewAEAAACknsABAAAApJ7AAQAAAKSewAEAAACknsABAAAA
pJ7AAQAAAKSewAEAAACknsABAAAApJ7AAQAAAKSewAEAAACknsABAAAApJ7AAQAAAKSewAEAAACk
nsABAAAApJ7AAQAAAKSewAEAAACknsABAAAApJ7AAQAAAKSewAEAAACknsABAAAApJ7AAQAAAKSe
wAEAAACknsABAAAApJ7AAQAAAKSewAEAAACknsABAAAApJ7AAQAAAKSewAEAAACknsABAAAApJ7A
AQAAAKSewAEAAACknsABAAAApJ7AAQAAAKSewAEAAACknsABAAAApJ7AAQAAAKSewAEAAACknsAB
AAAApF5x0gMAuVFTUxNnnHFGTJgwIQoLC+OZZ56JyZMnR0tLS9KjAQAA9JjAAX1cWVlZnHTSSXHC
CSdEcfG//pU/+OCDo7a2Nu64444EpwMA6Jnx48fHgQceGEOGDEl0juXLl8dzzz0XM2fOTHQO2JEV
RERH0kMA2VdQUBCHHXZYnHHGGVFdXb3VaxYuXBhf//rXczwZ0JeNHj06Jk6cGKNHj46IiFGjRkVl
ZWXU19fHwoULIyJiwYIFMWPGjFiwYEGSowJ9wIUXXhiHH3540mNs4vHHH4+bb7456TFgh2QFB/RB
u+66a5x//vmx6667bve60tLSHE0E9GU1NTVxyimnxPjx46OysnKr11RWVsZee+0VERF77bVXTJo0
Kerr62PmzJkxderUqK2tzeXIQB8wfvz4vIsbERGHH364lRyQEIED+pDq6uo444wz4rDDDouCgoKk
xwH6uMrKyjjllFNi0qRJ3f74ww8/PA4//PCYNm1aTJ06Nerr67M8JdBXjR8/PukRtmn8+PECByRA
4IA+oLi4OE444YQ4+eSTrcoAcmL8+PFx4YUXbnPFRqYmTZoUEydOjJtvvtkXBUCX1NTUJD3CNuXz
bNCXCRyQchMmTIizzz7bf0iBnJk0aVKcc845Wb9vZWVlfPzjH48pU6bEtGnTsn5/AKBvEzggpXbe
eed43/ve99Yz7QC5kIsN/c4555wYNWqUTfoAgIwIHJAy/fr1i9NOOy2OPvpo+2wAOTVp0qScbeh3
+OGHx8KFC63kAAC6TOCAlCgoKIijjz46Tj/99Kw98w7QVePHj++Vx1K255xzzona2lp7cgAAXSJw
QAqMGTMmLrjgghg1alTSowA7oMrKyrjwwgsTee8LL7ww5syZ43QVAKBTAgfksQEDBsQZZ5wREydO
9DgKkJhTTjklsZVjG46inTJlSiLvDwCkh8ABeaiwsDCOOeaYOP3006O8vDzpcYAdWE1NTUyaNCnR
GSZNmhTTpk2L2traROcAAPKbwAF5ZuzYsXHBBRfEiBEjkh4FIE499dSkR4iI9XNMnjw56TEAgDwm
cECeqKqqirPOOisOO+ywpEcBeMuBBx6Y9AgRkT9zAAD5S+CAhBUWFsZxxx0Xp512WpSVlSU9DsBb
Ro8enTenNlVWVsbo0aNjwYIFSY8CAOQpgQMStOeee8YFF1wQw4cPT3oUgC1MnDgx6RE2MXHiRIED
ANgmgQMSMHDgwDjrrLPikEMOSXoUgG0aPXp00iNsIt/mAQDyi8ABOVRQUBAnnHBCnHrqqVFaWpr0
OAAAAH2GwAE5dNZZZ8Xxxx+f9BgAXTJq1KikR9hEvs0DAOSXwqQHgB1FSUlJHHfccUmPAdBl+bLB
6Ab5Ng8AkF8EDsiRwkL/ugHp0tDQkPQIm8i3eQCA/OIrLsiRpqameOihh5IeA6DL8u3EknybBwDI
LwIH5NCUKVPi9ttvj8bGxqRHAQAA6FMEDsixBx54IC6//PKYPn16dHR0JD0OwDbl24qJfJsHAMgv
AgckYM2aNfGrX/0qrr766pg3b17S4wBs1YwZM5IeYRP5Ng8AkF8EDkjQwoUL4zvf+U7cdNNNUVdX
l/Q4AJtYsGBB3mzs2dDQYAUHALBdAgckrKOjI5588sn4yle+Evfdd1+0trYmPRLAW2bOnJn0CBGR
P3MAAPlL4IA80dTUFHfeeWd87Wtf84k8kDfuueeepEeIiPyZAwDIXwIH5Jnly5fHtddeG9/73vdi
yZIlSY8D7OBqa2tj2rRpic4wbdq0qK2tTXQGACD/CRyQp+bMmRNXXnll/O53v8ubZ+CBHdPUqVMT
+3OooaEhpk6dmsh7AwDpInBAHmtvb48HH3wwLr/88nj00UcdKwskor6+PiZPnpzIe0+ePDnq6+sT
eW8AIF0EDkiBtWvXxq9//eu46qqr4uWXX056HGAHNHPmzJgyZUpO33PKlCn2JAIAukzggBRZtGhR
XHPNNXHjjTfG6tWrkx4H2MFMmzYtZsyYkZP3mjFjRuJ7fwAA6VKc9ABA5v72t7/F888/H+9+97vj
+OOPj8JCrRLIjcmTJ8eCBQvinHPO6bX3mDJlirgBAGTMV0WQUo2NjfGHP/whrrjiivjnP/+Z9DjA
DmTatGlx7bXXZn3j0YaGhrj22mvFDQCgWwQOSLmlS5fGD37wg7juuuti5cqVSY8D7CBmzpwZl112
WdZixLRp0+Kyyy6z5wYA0G0eUYE+4u9//3u88MILcdJJJ8WJJ54YxcX+9QZ6V319/VuPk5x66qkx
fvz4qKio6PLHNzQ0xMyZM+Oee+6J2traXpwU6Ivy+c+NfJ4N+jJfAUEf0tzcHHfddVc8/vjj8b73
vS/233//pEcCdgC1tbVvHSM7evTomDhxYowePfqtH1dUVERDQ0MsWLAgIiIWLFgQM2bMeOvHAN0x
c+bMmDhxYtJjbJXVaJCMgojoSHoIoHe87W1vi/POOy9qamq2+vMLFy6Mr3/96zmeCgAgOy666KK8
ixwzZsx4K/oCuSVwQB9XXFwc73rXu+Kkk06KkpKSTX7u/vvvjz/84Q8JTQYA0HPjx4+P8ePHb/Mb
OrlSW1sbM2fOtHoDEiRwwA5i0KBBcfbZZ8eECROioKAgnn766Zg8eXK0trYmPRoAAECPCRywg6mo
qIiysrJYtWpV0qMAAABkjcABAAAApF5h0gMAAAAA9JTAAQAAAKSewAEAAACknsABAAAApJ7AAfD/
2rEDEgAAAABB/1+3I9AZAgAAe4IDAAAA2BMcAAAAwJ7gAAAAAPYEBwAAALAnOAAAAIA9wQEAAADs
CQ4AAABgT3AAAAAAe4IDAAAA2BMcAAAAwJ7gAAAAAPYEBwAAALAnOAAAAIA9wQEAAADsCQ4AAABg
T3AAAAAAe4IDAAAA2BMcAAAAwJ7gAAAAAPYEBwAAALAnOAAAAIA9wQEAAADsCQ4AAABgT3AAAAAA
e4IDAAAA2BMcAAAAwJ7gAAAAAPYEBwAAALAnOAAAAIA9wQEAAADsCQ4AAABgT3AAAAAAe4IDAAAA
2BMcAAAAwJ7gAAAAAPYCaheV1X+yaaIAAAAASUVORK5CYII=
" width="800px"&gt;</msg>
<status status="PASS" starttime="20230202 16:17:20.279" endtime="20230202 16:17:21.189"/>
</kw>
<kw name="Close Application" library="AppiumLibrary">
<doc>Closes the current application and also close webdriver session.</doc>
<status status="PASS" starttime="20230202 16:17:21.189" endtime="20230202 16:17:23.110"/>
</kw>
<status status="PASS" starttime="20230202 16:17:20.278" endtime="20230202 16:17:23.111"/>
</kw>
<tag>removeProduct</tag>
<status status="PASS" starttime="20230202 16:16:34.176" endtime="20230202 16:17:23.140"/>
</test>
<status status="PASS" starttime="20230202 16:16:02.485" endtime="20230202 16:17:23.142"/>
</suite>
<statistics>
<total>
<stat pass="2" fail="0" skip="0">All Tests</stat>
</total>
<tag>
<stat pass="1" fail="0" skip="0">addProduct</stat>
<stat pass="1" fail="0" skip="0">removeProduct</stat>
</tag>
<suite>
<stat pass="2" fail="0" skip="0" id="s1" name="Cartproduct">Cartproduct</stat>
</suite>
</statistics>
<errors>
</errors>
</robot>
