<?xml version="1.0" encoding="UTF-8"?>
<robot generator="Robot 5.0 (Python 3.10.4 on win32)" generated="20230208 13:06:04.750" rpa="false" schemaversion="3">
<suite id="s1" name="Cartproduct" source="C:\sauceLabs-React Native\twp\tests\cartproduct.robot">
<test id="s1-t1" name="Adicionar o produto Backpack no carrinho" line="13">
<kw name="Open Session" library="base" type="SETUP">
<kw name="Set Appium Timeout" library="AppiumLibrary">
<arg>10</arg>
<doc>Sets the timeout in seconds used by various keywords.</doc>
<status status="PASS" starttime="20230208 13:06:05.105" endtime="20230208 13:06:05.105"/>
</kw>
<kw name="Open Application" library="AppiumLibrary">
<arg>http://localhost:4723/wd/hub</arg>
<arg>automationName=UiAutomator2</arg>
<arg>platformName=Android</arg>
<arg>deviceName=Emulator</arg>
<arg>app=${EXECDIR}/app/saucelabs.apk</arg>
<doc>Opens a new application to given Appium server.
Capabilities of appium server, Android and iOS,
Please check https://github.com/appium/appium/blob/master/docs/en/writing-running-appium/server-args.md
| *Option*            | *Man.* | *Description*     |
| remote_url          | Yes    | Appium server url |
| alias               | no     | alias             |
| strict_ssl          | No     | allows you to send commands to an invalid certificate host like a self-signed one. |</doc>
<status status="PASS" starttime="20230208 13:06:05.105" endtime="20230208 13:06:20.640"/>
</kw>
<status status="PASS" starttime="20230208 13:06:05.105" endtime="20230208 13:06:20.641"/>
</kw>
<kw name="Add Product" library="helpers">
<kw name="Click Element" library="AppiumLibrary">
<arg>${ADD_ITEM}</arg>
<doc>Click element identified by `locator`.</doc>
<msg timestamp="20230208 13:06:20.667" level="INFO">Clicking element 'xpath=//android.widget.TextView[contains(@text, 'Sauce Labs Backpack')]'.</msg>
<msg timestamp="20230208 13:06:22.844" level="INFO">xpath criteria: //android.widget.TextView[contains(@text, 'Sauce Labs Backpack')]</msg>
<status status="PASS" starttime="20230208 13:06:20.663" endtime="20230208 13:06:22.844"/>
</kw>
<kw name="Wait Until Element Is Visible" library="AppiumLibrary">
<arg>${VISIBLE_ITEM}</arg>
<doc>Waits until element specified with `locator` is visible.</doc>
<msg timestamp="20230208 13:06:25.226" level="INFO">xpath criteria: //android.widget.ScrollView[@content-desc="product screen"]/android.view.ViewGroup/android.widget.ImageView
xpath criteria: //android.widget.ScrollView[@content-desc="product screen"]/android.view.ViewGroup/android.widget.ImageView</msg>
<status status="PASS" starttime="20230208 13:06:22.845" endtime="20230208 13:06:25.226"/>
</kw>
<kw name="Element Should Be Visible" library="AppiumLibrary">
<arg>${VISIBLE_ITEM}</arg>
<doc>Verifies that element identified with locator is visible.</doc>
<msg timestamp="20230208 13:06:25.626" level="INFO">xpath criteria: //android.widget.ScrollView[@content-desc="product screen"]/android.view.ViewGroup/android.widget.ImageView</msg>
<status status="PASS" starttime="20230208 13:06:25.227" endtime="20230208 13:06:25.626"/>
</kw>
<kw name="Swipe By Percent" library="AppiumLibrary">
<arg>67</arg>
<arg>52.1</arg>
<arg>69.4</arg>
<arg>28.9</arg>
<doc>Swipe from one percent of the screen to another percent, for an optional duration.
Normal swipe fails to scale for different screen resolutions, this can be avoided using percent.</doc>
<status status="PASS" starttime="20230208 13:06:25.627" endtime="20230208 13:06:28.373"/>
</kw>
<kw name="Click Element" library="AppiumLibrary">
<arg>${ADD_TO_CART}</arg>
<doc>Click element identified by `locator`.</doc>
<msg timestamp="20230208 13:06:28.377" level="INFO">Clicking element 'xpath=//android.view.ViewGroup[@content-desc="Add To Cart button"]/android.widget.TextView'.</msg>
<msg timestamp="20230208 13:06:29.281" level="INFO">xpath criteria: //android.view.ViewGroup[@content-desc="Add To Cart button"]/android.widget.TextView</msg>
<status status="PASS" starttime="20230208 13:06:28.374" endtime="20230208 13:06:29.281"/>
</kw>
<kw name="Click Element" library="AppiumLibrary">
<arg>${CLICK_BADGE}</arg>
<doc>Click element identified by `locator`.</doc>
<msg timestamp="20230208 13:06:29.286" level="INFO">Clicking element 'xpath=//android.view.ViewGroup[@content-desc="cart badge"]/android.widget.ImageView'.</msg>
<msg timestamp="20230208 13:06:29.540" level="INFO">xpath criteria: //android.view.ViewGroup[@content-desc="cart badge"]/android.widget.ImageView</msg>
<status status="PASS" starttime="20230208 13:06:29.282" endtime="20230208 13:06:29.540"/>
</kw>
<kw name="Wait Until Page Contains" library="AppiumLibrary">
<arg>Sauce Labs Backpack</arg>
<doc>Waits until `text` appears on current page.</doc>
<status status="PASS" starttime="20230208 13:06:29.540" endtime="20230208 13:06:31.315"/>
</kw>
<kw name="Element Should Be Visible" library="AppiumLibrary">
<arg>${CONFIRM_ITEM_CART}</arg>
<doc>Verifies that element identified with locator is visible.</doc>
<msg timestamp="20230208 13:06:31.504" level="INFO">xpath criteria: //android.widget.TextView[contains(@text, 'Sauce Labs Backpack')]</msg>
<status status="PASS" starttime="20230208 13:06:31.315" endtime="20230208 13:06:31.504"/>
</kw>
<status status="PASS" starttime="20230208 13:06:20.663" endtime="20230208 13:06:31.505"/>
</kw>
<kw name="Close Session" library="base" type="TEARDOWN">
<kw name="Capture Page Screenshot" library="AppiumLibrary">
<doc>Takes a screenshot of the current page and embeds it into the log.</doc>
<msg timestamp="20230208 13:06:32.345" level="INFO" html="true">&lt;/td&gt;&lt;/tr&gt;&lt;tr&gt;&lt;td colspan="3"&gt;&lt;img src="data:image/png;base64, iVBORw0KGgoAAAANSUhEUgAABDgAAAeACAYAAAArYecKAAAABHNCSVQICAgIfAhkiAAAIABJREFU
eJzs3Xl4VNd9N/DvuTOjfV+QAIEEYpMEiH0xOMaAbXBsvBI7XpLXrhsnr520Tdq0sd8kTd04idOn
SevaSeumSZp4hRjbOCwWO2ITEkhoA+1IAqF9H816z/vHRbJG64w0M5qxv5/nyZNoZu69Z8TMROc7
v/M7QkopQURERERERETkx5SpHgARERERERER0WQx4CAiIiIiIiIiv8eAg4iIiIiIiIj8HgMOIiIi
IiIiIvJ7DDiIiIiIiIiIyO8x4CAiIiIiIiIiv8eAg4iIiIiIiIj8HgMOIiIiIiIiIvJ7DDiIiIiI
iIiIyO8x4CAiIiIiIiIiv8eAg4iIiIiIiIj8nn6qB0Dk71RVRUdHBy5evIiSkhI0NDSgp6cHUkqE
hYUhMTER6enpWLFiBaKjo6EozBWJiIiIiIjcTUgp5VQPgsgfXbt2DX/4wx9QW1sLVVUx3ltJCAFF
UTBz5kw89thjmDNnjpdG6hk2mw3Nzc0AgPj4eOj1zEuJiIiIiGjqMOAgclFraytefPHFcQON8Qgh
8Prrr/tdRYfZbMaNGzdw+vRpFBYWAgCWLFmCW265BYmJiQgMDJziERIRERGRv7PZbOjp6UFPTw+6
u7vR29uLnp4eGI1GBAcHIzQ0FOHh4YiNjUV8fDyEEFM9ZL/z6quvoqenZ8zHfO973/PSaNyDX7mS
R3V1daGgoADV1dUjBgJz5sxBZmYmIiMjp2B0rrFarfj5z3+O2traSYcbACClxO9+9zs8/fTTbhid
56mqiuLiYhw/fhwVFRUwmUwDv4fjx4/j3LlzmDdvHm677TZkZGT4XXAzmNVqRVFRESoqKlw+VgiB
JUuWICUlhWEPERERkZNsNhsuX7488J/6+nqn/+Y2GAxITEzEjBkzMHPmTMyaNQsLFy6ETqfz8Kj9
W21tLTo7OyGEGPhd9wdF/loHwYCDPKq+vh45OTm4evXqiPc3NTUhJibG5wOOlpYW/PCHP4TNZnPr
efPz8yGlhBACZrPZ5ybEqqqip6cHBQUFOHfuHGpra2GxWIZ94Ekp0dfXh6KiIpSVlWH27NlYu3Yt
MjMzERYW5ldhh8ViwcWLF7Fv3z50d3dP6Bzl5eW45557kJaWxqU7RERERKOw2+3Izc1Fbm4uSktL
YbVaJ3Qeq9WKuro61NXVDdwWFhaG9evXY926dUhKSnLXkD3GYrGgoqIC3d3dSElJQUJCgteuPfhv
e38NNvrxL2/yqM7OTrS1tcFsNo94f1tbG7q6urw8KtdcunQJr7/+ukfe7BaLBd3d3YiIiMCBAweQ
lJSElStXuv06rrLb7WhtbUV+fj6ysrKc/jeSUsJsNqO8vBzl5eX46KOPcMcdd2DZsmWIjY31+RTd
bDYjPz8f+/fvx40bNyZ8HqPRiKKiIiQmJiI+Pt6NIyQiIiLyf2azGUePHsWRI0fQ2dnpkWv09PQg
KysLWVlZSEhIwJo1a3D77bcjNDTUI9ebDIvFgoKCAphMJgBATU2N2wOO/uU+NpttYF6jqurA/SNV
bgghBkIjIQR0Oh3CwsIQFhbms0uCGHCQRxmNRvT29o56f/8bzVdVVVV5LNwAtA+QkpISrFu3DsnJ
yfj1r3+NkJAQpKWleeR647HZbKiursbZs2dRWlqK9vZ2hw8+V3V1dWHPnj04duwY0tLSsG7dOsyZ
M8cnqxrMZjMuXbqEAwcOoLGxETExMbjlllsAaP9O+/btw+zZs5Geng6dTof29nbk5eVh7ty5mDVr
FgwGA+rq6lBeXg6j0YjGxkb09vYy4CAiIiK6yWg04tixYzh06NCYcwR3a2xsxN69e5GVlYXNmzdj
+/btCAgI8Nr1xzI03Oi/zZ1UVcW+ffuQk5OD7u7uYSGGlHLE+Y6UEi+99NLAz6GhoVi2bBkee+wx
GAwGt47RXXxvljEBp06dgtFoHPg5JCQEGzZscPt1CgoKUFJSgvb2dphMJgQFBSE6Ohrp6enIzMx0
yzVaW1tRXl6O9vZ29PX1IS4uDl/4whfccm5vU1UVRqPR4c06lNVqhdFohM1m87lJb0dHB1555RWP
l2nl5+dj3bp1iIqKgpQS//Zv/4aXX34ZMTExHr3uYL29vaioqMC5c+dQXl7u1qoaVVXR2tqK7Oxs
FBQUYMGCBVi3bh1SU1N9JkE3mUwoLCzEgQMHcP36deh0OkRGRuK2224DoH2479+/H9OnT8ett94K
g8GAq1evoqioCKmpqVi9ejWCg4Nx/vx51NfXw2g0wmKxwG63T/EzIyIiIpp6UkocOHAA+/btc/vk
3RUmkwn79u3DqVOnsHPnTqxevXrKxgKMHG54gqqqyMnJQVdX17DKC1fmOr29vbh06RIefvhhBhye
cvbsWfzhD39w+IeJi4tza8CRm5uLjz/+GA0NDSPef+zYMUyfPh333HMPVq1a5fL529vbcejQIRQW
FqKpqcnhuaSnp/tswKGqKoqKilBVVYXZs2dj/vz5CA8PB6AFF1euXEFZWdmYbxopJS5fvoy4uDgs
XrwYUVFRAIDu7m6UlZWhtrYWqampWLx4sVf7OKiqin/8x3/0yhq0hoYGSCkHPuyllPjhD3+IX/7y
l15b0rFnzx6cOXPG7T1Ghuru7kZeXh4KCgqwfv16PPHEEx69njP6+vpQWFiIrKws1NfXD9yu1+sR
EREB4NPyPYPBgPDwcAQEBCA0NBRCCAQFBSE8PBwhISEIDg72q34jRERERJ5mtVrx2muvobS0dKqH
MqCzsxP//d//jaNHj+K5556bki/dvBVu9OsPNwY3E3VlrtP/+KEVIL7GrwOO3t5efPjhhx79Bf/5
z3/Gxx9/PG6ZfkNDA37zm9+gqakJd999t9Pn/+STT3DgwAGvlmi5y9WrV3Hq1CmUlZUhICAA0dHR
mD9/PhITE1FTU4OSkhKn1tTV1dXhww8/RElJCebPn4+2traBKhaz2YyGhgaEh4djzpw5XnhWmrfe
egt9fX1euVZ3dzeEEA49HywWC37729/imWee8coY+qtovMVmszlUXU2V/nDj0KFDqK2tnerhEBER
EX3mFBUV+VS4MVhlZSXOnTuHzZs3e/W63g43gOGBRv9GB87OpX051BjMrwOO3bt3o62tzWPn76/c
GBpu6HQ6BAcHo6+vz6EEXVVV7N27FwkJCU41ivz973+P06dPu33c3mCxWFBSUoLLly/DZDLBaDSi
q6sLN27cgMFggMVigdlsduqNYLPZ0NXVhcLCQpSVlcFms8FsNg/83q9cuYLk5GTMnDnTa2vlsrOz
vXIdAAPBQllZmcPtubm5Xgs4Po/6G4EePnx41F1+iIiIiGhyfG0Z+lDBwcFevd5UhBvAyAHFWNUc
zt7ma3z71TaG4uJinD171qPX2LNnj0O4oSgKtmzZgjvvvBMRERHo6urCoUOHcPjw4YFJqqqqeP/9
98cNOP74xz+OGG7Ex8dj7ty5SEpKQlhYmFe3B3JFeXk5ioqKHN6Yqqqir69vwpUPFotlxDV5JpMJ
RUVFSElJQUZGxoTH7KwXX3xxzDfuaB2DJ/pmDwgIgJRy2CRbSom//du/xb/8y79M6Lw0usHhRk1N
zVQPh4iIiOgza8mSJUhPT0dJSclUD2WYlJQUr/bhmKpwYzxjhR/j3eZr/DLgsNls2LVr16R2dxhP
bm4uWlpaHG6788478cADDwz8HBERgQcffBABAQHYu3fvwO0tLS3Izc0dtR/HqVOnhlUIhIWFYceO
HQNNDX1ZV1cXiouLHfaZ9rS6ujqUlpYiOTkZYWFhHruOzWYbVhUkhIAQAnFxccjMzERGRgZiY2Oh
qiqam5tRW1uL69evIzU1FRcuXEB1dTXsdrvTHwCRkZEAtF4sQ/X29sJqtfpsEx9/ZDQaUVxcjCNH
jowZblit1oHPgP5/S5PJhNbWVhgMBnR2dkJVVfT29qKtrQ1GoxE9PT1sLEpEREQ0xLPPPouXX34Z
jY2NUz2UAZGRkXj++ee9VmHiK+GGM1UYYz3GV7eH7eeXAceHH37o0PBTp9O5fVKRn5/v8HNYWBju
ueeeER+7bds2nDx5Eh0dHQ7HjxRw9PX1DesbEhkZieeeew7JycluGr1nXb58GYWFhbBarS4dpygK
IiIiEBYWhq6uLpd26rBarSgsLERKSsqEGrk6Kzs7eyA4E0IgOjoaTzzxBNLT0wFoW0zt3r0bRUVF
Dse99NJLiI+PH1i/19nZibfffhsFBQXjBnFJSUlob28fsQeGqqrYv38/duzY4Y6nNylCCCxduhQ7
d+5EV1cX3n77bVy/ft3vJvQdHR0oKChAdXX1qI9RVRVtbW3Yt28fAAxsnVVXV4eDBw9CURR0d3fD
ZDKhtLQUra2t0Ov1aGxs9IneIkRERES+JCgoCN/61rfwz//8z17rczeWgIAAfPOb3xzYIMHTfCXc
AMavwhgvAPH1Kg6/Czhqampw7NixgZ9DQ0ORkpKC4uJip89x4cIF5ObmQkqJVatWjbicZHDDR0Ar
XxrtW3S9Xo85c+bg4sWLox7f7+jRow6NNxVFweOPP+434UZXVxeqqqrQ2trq9DFxcXFYsWIFMjIy
EBUVBZ1Oh56eHhQUFOD8+fPDKmVG09zcjIqKCixYsGBgdwt3UlUVhw4dAgDExMTgO9/5DuLi4gAA
OTk5ePvtt9HX1zfsTa0oCmJjYx1ui4yMxNe//nVYrVZ88MEHOHz48KgfBitWrMC+fftGvf/MmTM+
EXAEBARg+/btiI+PR3x8PL797W+jpKQE2dnZqKysnNItv1xhMpnGbX4rpURXVxdOnTrlcPuNGzeG
vberq6vHDEuIiIiISJsTfOMb38Avf/lLj1bij0cIgWeeeQazZs3yyvW6urpw5coVnwg3nKne8PUA
Yzx+F3C89957DhOp7du3o6qqyunjCwsL8cYbbwy8qfLz86HX65GZmenwuKGT7mnTpo153vj4+DGP
75ebm+vwc2Zm5rBr+7KQkBAkJSUhOjraqWAiOTkZW7ZsQUZGBoKDgwe2PY2NjcW0adMwY8YMHDp0
yKkmj9HR0Zg5cyZCQkIm/TxG09raihdffBGzZ88GoFXcfOc73xmzSiEiImLUrUENBgN27tyJnTt3
4vnnnx9W9SKEwPz58/GrX/1q1POPtHRlKvRvidovJCQEq1atQnp6OvLz83H06FE0NDS4XNkzFfz9
g5uIiIjIHy1cuBCPPPII3n777Skbw44dO7w2/+rq6sLPf/5z3HnnnV653nhG+hvYHxqHusKvAo6D
Bw+isrJy4OfU1FTccccd+M///E+nz5Gfn++QGKqqivz8fIcXudVqHZawjVcx0N9HoZ/JZILNZnNY
01VfX4/r1687PK6/50ZrayuKiooGvlmOjIxERkbGQAWBr9Dr9Vi5ciWCg4Nx+PBhVFVVjfqGiI+P
x8aNG7Fs2TIEBgY63KcoCkJDQ5GZmTmwC0tzc/OI5xFCYO7cudiyZQvS09M9tk7OZDLhF7/4xcAk
/uDBg9izZ8+4b/h58+Y5df5XX30Vb7/9No4fPz5wW0hICM6fP+/XHyohISFYv349MjMzcenSJezf
v9+n1lcSERERke/YtGkT6urqvLprYb+VK1fi7rvv9sq1+sMNX/+72J/nISPxm4CjsbERBw8eHPg5
ICAAX/rSl1w+T2ho6Li3dXZ2DvuHHjpBH2ro9qVSSnR0dDgEFMXFxQ7njY6ORmhoKF599VWUlJSM
uB3twoULsXPnTsyYMWPsJ+ZFwcHBWLJkCaKionD48GEUFBSM2D8iNTUV6enpY/7uAgMDkZ6ejsrK
yhEDjv7qmi1btmDWrFke3Sa2vzJESonXX38dly5dcuo4ZwMOIQQee+wxJCQkYNeuXZBS4pZbbsGu
XbvGPM4fPnSEEAgNDcW6deuQnp6OvLw8ZGdno6GhYUpLEImIiIjI9zz++OO4ceMGKioqvHbNlJQU
PP300165li+GG5NtLuovRq6r90G7du1Cb2/vwM+bNm1CSkqKy+fZsmWLQ1gwffp0bN261eExg6/T
b7QlCP36l16MdZ6hu47odDr88pe/RFFR0YiTQLvdjpKSEvzrv/6rz21lGRAQgJSUFGRmZo5YZWIw
GJCYmIiYmJhxzxUTE4PExMQRe5zExcVh6dKlSElJ8Wi4MdjPf/5zp8MNAC5v5btlyxY8/PDDUBRl
YJeUqTbe69tZQghERkZi8+bN+O53v4stW7aM2rvGXdckIiIiIv+iKAqee+45r1Wre3PHlKHhhq/s
OiKlHDaWoT/7e7gB+EkFx+nTpx12rZg+fTruu+++CZ0rMjISL774IiorKyGlxLx584a90N21K8TQ
8wzdftTZ5prd3d34n//5H/zgBz/w2jZGztDpdNDr9SO+aQMDAxEUFOTUJFZRFAQFBSEwMHDEHhV6
vX7EAMndpJR48803XerpAmgVLa7aunUruru7HaqSppInwqOgoCBs27YNly5dGjG99lZgRURERES+
JyQkBN/61rfw8ssve7QBpzd3TOnq6sIrr7ziUJnuS6FBf8jRPyZnx+ZPlR2+M1seRXd3Nz766KOB
X6iiKHjooYcmNdHX6/VYuHChu4botO7u7hFvj42Nxfr165GcnAwhBC5fvozs7GyHN3pjYyP279+P
e++911vDdYqiKCOGD1ardcRlK6Ox2WwjVjKMdn5P2L9/P7Kzs11+806kAqOrqwuffPKJz3xQeOID
3263o7q6etRtU721LRcRERER+aaEhAR87Wtfw3/8x394bFmzt3ZM6Q83mpqaPH6tiZhMJYmvzFmc
4fMBx+7dux12kVizZg2WLFkyhSOauJEmwmlpaXj22WcdqgCWLFmC9PR0/OpXv3I4Jicnx6cCjo6O
DlRWVo64ZazFYkFbWxt6e3tH7HsyWG9vL9ra2kbcZrStrQ2VlZWYM2cOoqKi3Db2kVRUVEzozdvR
0eHS4/v6+vDCCy/4VG+KodvcTpbZbMY777yDvLw8mM1mr1zTWVJKv/qQJiIiIvosy8jIwEMPPTRu
X7qJ8NaOKb4ebgCfjx1UAB/vwXHp0iXk5OQM/BwVFYWHH354CkfkmqHLM4YuWYmJiRkWbvTLyMjA
mjVrHG5rampy2EVmKtXV1eGDDz7A6dOnRywpk1KiqqoK1dXV456rqqpq1N1YTCYTTp8+jY8++gj1
9fVuGftoNm3aNKFk05X+KC0tLfjOd77jUtWHN9btzZ49e9I9MVRVRX19Pd577z28+OKLOH369Kjh
hqIoXtt7nIiIiIh829atW7F27Vq3nnPlypX44he/6NZzjmSscMNX+m+Mpn/Jyni9OfyJz1ZwWK1W
7N692+Fb7h07dnilrN1dfS7G6zGwYMGCMfs3bNiwAadOnXK4raKiAqmpqW4Z30RIKVFcXIxDhw6h
qqpq1AksoG2Le/LkSYSGhmLOnDkjPqa6uhrZ2dmjhhdSSvT29iI3NxcdHR244447sGjRIo+86dLS
0iaUYpaXl4/7GCklTpw4gXfeecenKjf6RUdHIzExcdg2xs6w2+1oa2vD2bNncfLkyYGtjsfibANa
IiIiIvp8+OpXv4rW1la37Kwya9Ysr+yYMl7lhj9UR4w0xsENSf3hOQzmswHHnj17HBoTRkdHo7m5
GR988MGwxw7dXtRkMjk8btOmTS4tbxjpseN94z7S8orIyEiHn4cGJ+O9WFJTUxEUFORQIeHqcgh3
6+7uRklJCcrLy8ftsWGz2VBSUoK+vj7ceuutyMjIQEhICKSU6O7uRnFxMc6cOYPq6upxz2U2m1FW
VoYZM2YgKSnJI0GXXq9HQECAy02O6urqoKrqqBUQvb29+NGPfuTUxH8k421R7A5hYWFIT09HQ0PD
mK/Lofd1dHTgxIkTyM3NRVNTk1MfgEIIpKenIywsbNLjJiIiIqLPBp1Oh+eeew4vvfTSsM0ZXBEZ
GYlvfvObHt+cYaRww1+WfDgzzpF2Xek/1pf5ZMBhNBpx4sQJh9va29uxf/9+p47v6elxeOzSpUtd
CjgiIiKg0+kclpSMN+kder+iKMN6TwQFBTn8PFIoMlRgYKDDuad6S9HQ0FDExcUhJCQEXV1d4z7e
YrGgsrISN27cwMmTJxEVFYWenh60t7ejp6cHRqPR6WakwcHBiI2NRUhIyGSfxoiEEFi8eDFyc3Nd
PtZsNg+rxmlpacHvfve7Cff26LdgwYIJH+ssnU6HjIyMYc1tB7NarSgsLERcXBxMJhPOnj2L06dP
o6mpyaWdhwIDA7F48WKvNY8lIiIiIv/Qv7PKT3/60wntrNK/Y8rQL5rdbbTKDX8INyZiIjuvTBWf
DDgMBsOUT+QjIiIcmpuOlyIOvX+kN1V0dLTDEoDB5x/N0CUgE9mS1J10Oh0WL16M6upqh/4oY7HZ
bOjs7ERPT89AcDSRrXgXLVqEjIwMj06M77vvPuTl5bn0xpVSYteuXXj00UfR3t6OY8eO4eTJk7DZ
bJP+ABBCTHhLZFfNmTMHs2bNGnXJjd1ux/vvv4/3339/UteZNWsWUlJSJnWOyfL1D2YiIiKiz6vp
06fja1/7Gl599VWX/2bzxo4pzjQU9fVKjsFjG2kpytDx+/JzGcpnAw69Xu/SNqPulpCQ4BBAjNeb
YOj98fHxwx6TlJSE4uLigZ9v3LgBo9E4akVCVVXVsORyqnaeGDqG9PR01NTUuNQpeKLBBqD1bFi8
eLHHn/+0adNgMBicqq4Z7PTp08jJyXFLqDGYTqdDUlKS2843lqCgIGzcuBG1tbVj9laZjMDAQGzc
uHFYNRMRERERUb+MjAzcf//92LNnj9PH3HvvvR7fMcXZ3VL6l3f4QzAwVg8Ofxj/UD4ZcADAt7/9
baebMe7fv98hOIiOjsZf/MVfDPw8c+ZMl68/e/ZsXL58eeDn+vp61NfXjzjZbGxsxNWrV4cdP9SK
FSuQlZU18LxMJhOysrJG/YY+Ozvb4WdFUXxii1ydTof09HRUV1ejpaXF400zFUVBeno60tPTvbKs
4bvf/S5+/OMfu1zFsW3bNnz88cduG4cQAn//93/vtvM5c70VK1YgLy8Ply5d8sg1Fi5ciBUrVvj8
2j0iIiIimlrbtm1DbW0t8vLyxn3sypUrcc8993h0POOFG75e9dA/vvGCi7Gai/pD6OGzAYcrO4Uc
OXLE4WedTof58+eP+vgLFy4gNzcXUkqsWrUKK1euHPaYjRs34siRIwNVJDabDe+++y7+6q/+aljD
mvfee89hSY2iKNiwYcOwc6akpCA1NdVhCcDhw4cxZ84cLF261OGxFy9eHLYEZMGCBT5RwQFoS3gy
MjJQU1MzEO6EhIRgzpw5iImJQXV1tUvbuiqKgrlz5yI5ORkNDQ2orq5GX18fACA5OdmrTSmTkpIQ
HBwMo9Ho0nEHDhzAk08+iT/84Q9ueeMHBwd7fSvVgIAAbNu2zWMBx7Zt28bdXYiIiIiICACefvpp
tLa2oqamZtTHeGPHFGcqN4b+/e+rYUD/mEYbnysbDvginw04PKWwsBBvvPHGQNVBfn4+9Hr9sHKm
hIQELFmyBBcvXhy4raysDD/5yU+wfv16xMfHD2yNOfQNl5GRgRkzZox4/XvuuQevvvrqQHBiNpvx
X//1X1i9ejUWLlwIVVVRVlaG3NzcYaHJ1q1b3fErcAshBBYsWIDW1lZERkZi9uzZWLhwIeLj46HT
6dDU1ISLFy+ioKBg2C43QyUmJmLDhg1YunQpwsLCYLFY0NLSgsuXL6Ourg4ZGRmYP3++1771F0Lg
+9//Pl544QWX3sRWqxWlpaV48MEH8f7770/qA0AIgRdeeGFKKh3mzp2Lhx56CB999JHbeuEYDAbc
d999mDt3rlvOR0RERESffXq9Hs8//zxeeumlEXck9MaOKc4uS/F1Y/XYGHzbWPf5g89dwJGfn++w
pEJVVeTn54+4XuvRRx9FTU2NQy+O+vp67Nq1a9TzR0RE4NFHHx31/kWLFuGuu+7Cvn37Bl4kVqsV
p0+fxunTp0c9btOmTT6xPGWwoKAgrF+/HsuXL0dgYCACAwMHlpCEhoYiPj4eNpsNx44dG/M8GRkZ
2LBhA0JCQgYm9JGRkZg5cyYsFguCgoK83rMhJiYG9957Lz766COXjsvNzcWGDRvw1FNP4be//e2E
Pwi2b98+Yh8XbxBCYMuWLWhsbMTp06cnvQRJURSsXbsWmzdv5tIUIiIiInJJeHg4vvnNb+KVV15x
6JNnMBg8vmPK4HBj6NKNsZZy9N/ua8FA/3jGCjDGq/DwdcpUD8Dbhm7dOtptABAVFYXnnnsOCQkJ
Tp07JiYG3/jGNxAXFzfm43bs2IHt27c71U9CCIEvfOELeOSRR5wagzcJIRAcHIzo6GiEhIQ4PB+d
ToeIiAhER0fDYDCMeo6AgABERkYiNDTUYfKr0+kQGhqK6OjoKds55u6773ZpqRSgfSD8+7//OzIz
M/Gzn/1sQhP6lJQU7Nixw+Xj3Emn02HHjh1Yu3YtFGXiHxP94caOHTu4LSwRERERTUj/MpT+vyd1
Oh2eeuopjy/nfu211wYqN4YGA+NN/n0xIBgp2Bjtdl/uJzKWz13AsWXLFoflI9OnTx9z6cesWbPw
ve99D3feeSeioqJGfExERAQ2bdqEF154wekS/Pvuuw/f+ta3sHDhwhFLqhRFQUpKCr72ta/h8ccf
d+qcvkYIgdDQ0FF3iQG0vh2jBUxTTQiBv/u7vxt1udFoVFXFX//1XyMwMBC//vWvsWbNGqeDjsTE
RPzDP/yDT1Q6REZG4oEHHsC6desmVPan1+uxbt06PPDAAx7fi9wVgYGBXhlPbGzslG/rTERERPRZ
sXz5cvzgBz/AI488gu9///sj9lF0JyklGhoaRrxPCDEsBHDn3++e6FnXP+bBxqo+Ges8vkxIf4pj
3MRms6GyshJSSsybN8+lyVtZWRkaGhpgNBoRHByMhIQEpKWlTWo8HR0O3Ds+AAAgAElEQVQdKCsr
Q2dnJ6SUiIyMxLx583ymoehkXLhwAXv37h11m92ZM2fi3nvvxfLly708MudJKfHaa6+hsLDQpeP0
ej1+8IMfICEhAX19ffjjH/+IvLy8UT8wFi9ejOeffx4tLS0IDg5GUFCQR9cTOstmsyErKwsffPCB
S8c98MAD2Lp1q088h8FMJhNycnLw7rvvemwr6qioKDz22GNYvHgxK1eIiIiI/NSRI0fwzjvvjPkY
Zyo1nnzySaevGRAQgJSUFKdXETjDbrfjpz/9Kerq6qCq6ojhzHg9OgDtS/jp06fju9/9rs9+kfe5
DDjIexobG5GdnY2ysrIRS58WLlyIjRs3Ytq0aVM0QuedPHkSb775pkslWkIIPPLII7j99tsBaGHJ
lStXcODAAdTU1MBkMgEAvvSlL2Hz5s0AgDfeeAMhISHo7u7G17/+dfc/kQmQUqK8vBwHDx5EeXk5
zGbziI8LDAzE/Pnzcdddd3m1MawrpJTo6elBfn4+zp0759ZtjhVFwbRp07B+/XokJydzxxgiIiIi
mnJSSly4cAE5OTno6OgYuN2ZcGbwY8LDw7F8+XKsW7fOZ7/EY8BBHmW322E0GsecEA/t3+HLTCYT
Xn75ZTQ3N7s0MY6KisJPfvKTYf0sbDYbpJQOfUr6Q4+AgIBJ9b/wBIvFgosXL+Ls2bO4evXqwFiD
goKQnJyMdevWYfny5T4/sZdSwmazwWKxuHVNoRACiqIgICDAb17TRERERESfFQw4iCbAbrfjn/7p
n9DU1DRiJ+KRCCEQHx+Pv/mbv0FMTIwXRukZUkqYzWY0NDSguroagNYYdcaMGQgMDPTJqg0iIiIi
IvrsY8BBNAl2ux0lJSXIyspCXV0d+vr6RnxcUFAQkpKSsHXrVixZsoTf7hMREREREbkZAw4iIiIi
IiIi8nu+tcCfiIiIiIiIiGgCGHAQERERERERkd9jwEFEREREREREfo8BBxERERERERH5PQYcRERE
REREROT3GHAQERERERERkd9jwEFEREREREREfo8BBxERERERERH5PQYcREREREREROT3GHAQERER
ERERkd9jwEFEREREREREfo8BBxERERERERH5PQYcREREREREROT3GHAQERERERERkd9jwEFERERE
REREfo8BBxERERERERH5PQYcREREREREROT3GHAQERERERERkd9jwEFEREREREREfo8BBxERERER
ERH5PQYcREREREREROT3GHAQERERERERkd9jwEFEREREREREfo8BBxERERERERH5PQYcRERERERE
ROT3GHAQERERERERkd9jwEFEREREREREfo8BBxERERERERH5PQYcREREREREROT3GHAQERERERER
kd9jwEFEREREREREfk8/1QMgIiIiIiIiIveTErDZbbDb7NDpdTDoP9sRwGf72RERERERERF9Dkgp
0dXdg7LyGpw6dxFt7Z3o7OqClJ8+RgiByIhwxMZG4ZbVy7Bg/hxEhIdCCDF1A3cjIeXgp0tERERE
RERE/sJstuDAoZM4ln0edrvd5eN1Oh023boG27ZuRGBAgAdG6D0MOIiIiIiIiIj8jN2u4uiJs9h7
4CjcMasXArh3+2bcfuta6HT+2a6TAQcRERERERGRH6mqqcNrb7wFq9Xm9nMHGAx47muPYU5yktvP
7WkMOIiIiIiIiIj8xNGTOdizN8vj13lwx53YtHG1x6/jTgw4iIiIiIiIiHycqqr43VsfIP9Sqdeu
uTwzDf/nsQf8pgkpAw4iIiIiIiIiH/dfv9uFopIyr183c/FC/MVXHvb6dSfCPzuHEBEREREREX1O
7M86OSXhBgAUFF3BgayTU3JtVzHgICIiIiIiIvJRBUVXsD/rxJSOYV/WCRQWT03A4goGHERERERE
REQ+yGKx4jf/u3uqhwEAeOP3u2CxWKd6GGNiwEFERERERETkg973wm4prtjz8aGpHsKYGHAQERER
ERER+ZieXiNOn7votvPFxkQhI23epM5x6uwF9Pb2uWlE7qef6gEQERERERERkaOsI6cmfQ6DQY+1
K5di2dI0pM6ZhSvlNSgurZjUOT85egoP3LN10mPzBAYcRERERERE9Ll1+MQ5FJVWQKfTYdWydKxc
lg6DfmqnylJKHD91fsLHL5iXgrWrliJ9YSpCQ0PcODLgeHYO7v/iFggh3Hped2DAQURERERERJ9b
RaUV6OjsBoTA5fJqJM1IQHxsNAIDA6ZsTM0t7VBVOaFjv/70o0hflDrws9VmgyIEdDqdW8amqhIt
re2Ij4txy/nciT04iIiIiIiI6HPLbLFCVSX6+kyov96Esoqr6Ok1TumY8vKLJnxsVFQ4pJSoq2/A
vk+O459+9jq6unvdODogL7/YredzF1ZwEBERERER0efWgtRkVNbUoaXVCrPFguIrlZg1MwFRkeFu
q3pw1bHsiS9POZtTgIrqWtRfu+HGETk6ejIH27be6rHzTxQDDiIiIiIiIvrcumVNJozGPnR0dMNm
s6OhsQXXG1sQGxOFmOjIKRlTX59pwscey85x40hGNpnxeRIDDiIiX9fbC7WkBPL8eagVFVALCiCv
Xwc6OyEbGj59XFAQRGIixPTpECkpEIsWQcnMhJg/H2LmTIjIqfk/aCIiIiJfFh0ZgZTZM9He2Y26
azcgpUTx5UqEhYZMScBhsVq9fs2JsFitCDAYpnoYDhhwEBH5INnWBnnlCtTsbKjl5ZDXrgGtrUB3
N2RbG9DXB2mxOB5ktQItLZC9vZA3bgAlJVCPHQPCw6EsWABl7Voot9+uBR1T3BmciIiIyFcYDHok
z5qO5tZ2XL/RDFVVcaOpFTW11zAjMR7TE+K8Oh6bze7V602U3WYHGHAQEdGIbDbI1laoFRVAcTHU
vDzYT50Crl6F7OkZ/3i7XXtcTw/Q3AwA6O+9LZcuhYiIAG6/Xfu5uRkwmYDoaIiQEEBhz2kiIiL6
/EqIj8WsGQm4Ul6Njq5uWCwW1F9vwpXyGsTHRkOn08Fbu6La/STg6DWaEBwcNNXDcMCAg4hoiklV
1cKGxkao58/D/sEHUE+fhrx6deQDFAUQAkKngxzc+EpKwGYD7Hbtf/cLCYGSmAiRlAQRGwtps8Fe
UABZUwPdkiXAwoUQ4eHAFDXRIiIiIppqer0O0+JjMD81GRculUJVbWhubUNFdS1WL89AcHAghOAX
Qo4mto2tJzHgICKaaiYT1PPnoe7eDfuePZAdHYDZPPrjg4IgQkOBiAgo06Z9ervZDLWpSave6D9e
UaCsWwfd009D+eIXASm1KpG9e6G+/z7U1FTo/+EfoFuzBojxvb3MiYiIiLwlNjoSi+anoLKmHh2d
XbDbVXR0dqPociXSFsxBRHioV8ah0/lHkBLiY9UbAAMOIqKpY7dDdnTA/vbbsB88CFlUBNy4oVVg
DBYYCGX+fIhly4DkZOjmzYOIioI0GCCCgwEAsrcXamEh5BtvAEJAAhDR0RDLl0P/7LNQNm6ECAsD
rFaoWVmQ+fmQDQ2Q3d2wvfwy5N13Q7nrLijLl3v/90BERETkA4KCApE4LQ5pC+agqLQC7R1d6Ok1
oqi0HAnxMQgODoTBC33MpmprWlfp9L43zs9kwHHx0mVcrW9Aa1vHVA/F62JjopCcNB3Lly6a6qEQ
0VisVsjGRtj374f9vfegXrgA9PZ+en9AAERcHJTly7WlJYsWQSxeDDFrFkRiIqAoEL29QGcnAEBW
VkK2tGhNSG027dhVq6A89pgWbiQkaD0+2tuhZmVBLS/XgpTOTqgnTwI9PZB9fVqYkpoKBAZO0S+G
iIiIaGoIIRAWGoIlafPR2NyKnh4jLFYbautvoP56IyLCQ72yq0pgYIDHr+EOgQG+N87PZMBx4VIp
mlra0NnlRFO+z5imlja0tnUw4CDyZXa7Fm6cPAnbL34BWVMD9PV9en9YGJSZMyFWr4bu2WehpKcD
QUFaANLXB1ldDbS2Qt64AVlbCwHAnpMDNTsbsrUVIiwMYsUKKA89BP3OndpuKzabthTm8mWoOTnA
4O1lAagXLwJ9fRAGA8QTT0DMnOlzXbGJPhdUVXu/Wq3af/cTAlJRIPR6ICCAjYGJiDzEYNBjdlIi
Zs1IRFt7J1paO2C2WHClogbRURFTsm2sL/JWw1VXfSYDjsbmVvSZxli//hlm7DOhsbl1qodBRGOQ
HR2w798P2y9+AVRVAUO2e1VuuQXKww9Dv307RHw8pNUKWVgI9fhx2M+dgywshGxrg1DVgeUs0mLR
ziMExJo10D/1FJTNm6FWVkLExwOBgZD19bC/+SZk68ifEWpFBeSvfw0kJkK5804os2d7/HdBRIOo
KmRvL9DcDFlfD3n9+qf3BQR82ncnJUXbFYmIiDxm3pxZaG3vQEurtiqg7toNJEyLRcK0WMTFRHn8
+rd/YS2Onjjn8etM1KZb1071EEb0mQw4li9NQ1lFDRoaW6Z6KF4XFxOFBfNSpnoYRDSC/t1S7G+/
Dft772mVGxYLIKVWOTFzJpRHH4XyhS9AWbwYCAyEum8f1Oxs2IuKgPp6yJYWrQmpxTK8b3VUFJTl
y7Wqj8WLIWtqoJ47B+X++7UGpOXlUA8cGFjWMozNBtncDPtvfwsRFgYZFeXRSZSsqoKamwt5+TKk
qkK3fj2U227TqlXcQD13DmpenrYlblAQ9Nu2QWRmjn9gTw/sx45BlpdDdnZCxMZC9+ij2pa6k1h3
qx48CLW0FDAageho6LZtg0hKGrNSxv6//wv7xx+7dB0RFARERQFRURAJCVBSUiAWLNAmxW6qypG1
tbD99rdATY02IZ8kkZ4O3Ze/DCUlxbnlUSYT1KoqLSQc8noWgYFQtmyB8sgj2u/Cxa+YZEeHtpPR
vn3D79TrYfjRjyDmz3fpnONe89o1qBcvQj1zBrK+Hmhrg+zqcqzsUhTAYNCeU2wsREoKRHo6lGXL
IObM0XZC8jSzGeqNG7B/8AHQ3q6NZfp06O6/HyLSTd9o9n9O/ulPUCsrnTpECKF9boSHQ0yfDrFw
IZQ5c4CbPYpc1tsL+wcfaCHT4H+D8cYxbZq2pHDuXG1ZoRfW6ROR50yLj8GMhHhU1VxDd08vTGYL
rl1vQlnFVYh5nilf0OkUREVqn+fLlqT5dMCxduXSqR7CiD6Tn7yrMtOxIDUZps9hFUdQUCAiwrzT
3ZeIXHRztxT7wYNaz42bfzgLgwFYtAjK3XdD99hjEImJkNevQ83OhvrJJ1AvXIBsbNRK1kcTFwfd
qlXQPfEElOXLoV6+DFlcDDljBkRQEGRNDexnz0LW1o49RqsV8sIF2A8eBBISoLv9djf+AhzJ6mrY
P/5YWzKjqkBHBzBt2uQbnUoJaTRqwdCuXUB7O2RAAJS5c6FzJuBQVciuLqjHjkEtLdUmTCkpUNat
A+LjXR+O0Qj16lXY338fMi8PCAqC7vbbIa1WbWI21lAKCrTn4IrAQIiICC2cio2FmpQEkZoKZcEC
iEWLoMybByQmuvw8BpOdnVCPH9eWNnVMvt+Vcttt0N15JzBrlnPXNxohq6uhfvQRZFOT450BAdCr
KsTy5RAZGYCLk0xZXw/15MkRf+8iMBDymWcgkpO1iorJMBohb9yAWloKWVAAe24uZH6+Vr3R1ze8
2fBgAQEQiYkQ8+ZB5uRAueUWiMxMiJQUbYclD5Hd3VBLSqC+/z5kQ4M2jpQU6G69FTIsDMINTfGk
3Q7Z0wP7oUNQz5xx+jgRGAiEhmohw9y5UBcsgLJ2LURaGkRIiGtj6OuDPSsL6qVLQI/zy51FTIz2
eZGcDLFkCZSlS7WwIzbWpesTkW8IDQlG0swEzE2eiUsl5ZBSorm1HSVXKmEaa7e7SdqwZhkCAwMQ
FxvtsWu4w/RE1/8m8obPZMARHxeN+DjffkEQ0eeLtFiAhgaou3dru6UM/tZ7+nTotm2D/tlnIaZP
h3rlCtRdu2B/802otbXa5H8MIjx8oOeG7sEHoZ49C/XDDyG7uqD/yleAgADInBzI48edGKiENJmg
Hj0KER8P3YoVQHi4R9b7y+ZmLYQpLwdUFfbsbIjZs6EsWQLodBNe3CntdsiqKtjPnYN6btA3Hy0t
2u9yvOcSGAglIwOqXg957RrQ0gL7n/4EkZAAEROjjc0VbW2w790L9fBhyJoaKEuXQlm9GkpcnMuT
b6eYzdrvtrkZqKwEcnK068TGQnfXXdDddRfE2rUQM2Zok0J/7OVgNmvBykjvDYtFW5p15gyUhQtd
/h2rhYWjBoFSSsiODkijEWIyAUdPj1ZRdeIE7B9+qE2kR1k6NiKLBbK2FrK2FuqRI1Dy8qBs26aF
RGlp2o5JnnhttbVplVGXL2vvJ0CrKqut1ZbCuaGKREgJmEyQdXXaZ4NeDxEeDhkUNHJFxM2eJf0V
cmpeHmC3a42WH38c+iee0IIuV/qW2GyQNTXa9c1mLTgJDR3xeKmq2nJBVYXa1ASRn6/dFhcH5cEH
obv3XujWrgUiI313wToRjWrm9AQsW2JFaXk1LBYrenqNqKg2oqK6zmPXDA4KxPrVmQgPC0FcXAxa
Wto8dq2JWrNyybhf0kyVz2TAQUTkcxobYT92DPb33wcaGx3uUu6/H7qdO7Vwo6UFttdeg/3Pf4Zo
bBw33AAAsXo19E89Bd0dd0AtL4ftZz+DNBqh3H03lGnTIIuLYT9xQqsecFZ9PdQzZ7SgY8sWr5S/
y8uXtRDgqae0601wgiYsFtg+/BCytNTx/GYzpMk0/re5AQFQMjKg3HYbZF0d1NxcqO++C/WWWyDm
z4eIdi1Al01NUH//e8iGBq0B7Lx5ULZt824TV5sNaG6G+t57ULOyIFasgOEnPwFSU13+dtsfqNev
Q8nPd2zS6eyxBw9Czc8f8T4BaEuMhvTNcfkaubmwv/km7O+8A2k2j12t4QSZlwf7lSuQR49C+Zu/
gW7DBoi4uEmdc8Tr1NcDH38M0d2tLSUSAjCbYT9+HLqEBIi0NLdfU0RFQdmyBViyRFt6NfR+s1mr
cOvthSwpAYqLIZuaIFtbof7+97DV1UH/ox9BmTt3QktWxLRpUNavh1i3DnKE5XPCYtEC695erRqn
sBCoqoJsbIT6P/8DWVUFPP00dPfdx8bNRH4owKBHfGw0Vi5NQ/GVSq9sYnGl4irWr9YqTu/cvAFv
vbfX49d01b3bN0/1EEbFgIOIyAvUy5dhf+styLa2TyczERHQbd4M3fbtwKxZUK9cge211yCPHoVo
aYEcb9ITGQllxQrov/51KIsXQ83Lg+3f/x3qxYtQ7rkHuq1bASm1SdS5c5BjLXEZQtrtQGUlbLt3
w7BmjVu+mR3GaIRsbwfkzW4ifX2Q165BnjsHrFmjVUu4SJrNWqXM0aPA1auOd5rNEGYzMN6EXghA
r4dy552QDQ1Qi4ogTSbY9+7VqloeeMD58ZSUQN23D/LqVQizGWLzZuiefHJSyxuEXg8EBWnfaA/9
Rrm7e/SeAaoKaTIBzc1Abi5sL70E3V/+JZR169wXYAUFQQQHuz6Rc7V/g8kEtbV11ABQtLTAfvEi
lMJCKBkZzvWSMRqhVlVpE9JR+tTIm8ufxlwuNpa+PqhHjsD2zjtQjx2DHGv5Q3CwFqZFRWmVA11d
2vIVk+nT90z/uKxWbcvnggKoP/4xxDPPQNm6FWLu3ImNcwSytRVqRQXU8nJIsxli6VIIgwFqURHU
3FzobrsN8EDAgZAQKMuXQ9m8GUhIGH6/3a5VWdhsQFeXthzv9GnIffu0929ODmyvvALD3/+91jvF
1ddmRITWI+auu4ARXkdCVSFtNsBmg667W7tmQQHsv/kN5I0bwPnzsN+sCkNy8mcyUCT6LBNCICgo
EDOmTxuo2hBCwKDXITQ0BDpl8kvzhmpt60RHZzeiIsOxbtVSZJ/JQ23d9fEPHMcPX37VDaMD1q3O
RGREmFvO5QkMOIiIPGyggWBe3qff/AYEaE1Fv/xlKMuWQV6/Dtvbb0P985+BlhZtSctY4uKgrFwJ
3Ve+AiUzE+qVK7Dv2gX7kSMQM2ZAWboUmDkTanEx7NnZ2lIXV8fd2qpVL5SVQQkLc3vDUWkyaY0U
Aa283WKBbGmB/fBh6OfPByYQcKCtTZvcVFZqPS5CQrQJKaAt3TCZ4GxBpZg7V1tKsnQp5MWLkLm5
UNPStH4H8fHjl7sbjbDn5MC+d6/2rX9yMnQbN0JZv9715zWIDA+HkpYG/c2+Bw56e7VJXkcHZHs7
ZFkZcP26Y+hhs2m/56wsLbiSEsqmTZNbcnGTiI/Xvu1essSl45TZsyFmzIDU653695Fms/Y8Rwk4
ZF8fxPXrUM+fhzJjxogT02HHdHZCnjypVViNFWB0djo2/3RWe7s28X3rLajHj2vLnwbT6bRlEPPn
a/1SkpIgoqMhIiIghdAqFFpatH/X0lKo5eWO1WCqqjUgPn8ettBQ6BQFurAwiGnTXB/rCGR5OdT8
fC2UiYqCsmyZdsfFi9ouT2VlWugxkfftGITBABEbCzFzJsSMGeOPMyMDmDsXamgo7H/+M2RZGdRD
h2C/9VbowsMhnOzzMnD9gACI6Ggos2aNGsQNfs1Kkwli4ULAaoV9927t95aXB/vevVB27oSYM8el
6xPR1NPpdIiNiYLeoE2dFUVBYGAgFs2fg3AP9T6sqWvAspvNRv/PYw/gn372mkeuMxFfenD7VA9h
TAw4iIg8zH7pkhZuDPpWWERHQ1m2DLo77gAAqCdOaMsYxvhWeuDYiAgt3Hj4Yejuvx/2M2dgf/dd
bWcDVYWyYQOUzEwIkwnWvXuhXr0KmEyuD9xigWxshD07G8r06U5NEl09v+jrg5QSIjVVm5TX10M9
ehRyxw5tIuLipFs2NEA9cACyqwti+nTt29qyMu0+o1ELGpwkAgK0ppx33w17RYW21OTiRajnzkG3
bdu4Y1NraiDPnoV6/jygKFA2bIBYtWrSSwdEZCSUVaug/6u/AqZPH/6Ari6odXXa8pqsLKhnz2pV
Cc3Nn1YP2e1ARwfse/ZABAVBzJunNc6cRJNIIYTWd+Dee6F/4okJn8cpVivQ2wsh5fDdhPr19kI9
dQpy/XrttTRWIGW3QzY1wXbggFZlNRopgf4eHK6M12aDWlmphZD792uVS4MFBGhLITIyIO66C7o7
7tD+TYYsiZBWqxY8HjgAkZUF9fx5yLo6LTgd9LmhHjum9eaZMUPryzGJnjYD5ywuhrx4UQti5syB
smKFFnZICXn1KtSiIojVq6Fzc8DhKhEZCd3atRBRUZDt7bBXVUE2N0M9dAhKaqrLAYfL1w8KAubO
he7//l+grg62m8tl7O+8ozUqTk72z743RJ9jBr0OMdERMOi1/48UAAwGA1Yty8CMxDiP96KIi43C
X351J974vYtNxz3gL7+6E3o3NJT2JH7CEhF5WmGh1lh0ELFwIXT33w8EBWm7dRw9CtnfBHMcYtUq
6L76VegefhiyshL2f/kXqB99pDXWmz4dyn33QSxdqu3E8oc/aBPbierrg3rgANTq6omfYzRW60Bl
gZg7FyIxUZuU5udr3xTfuOHyKWVrq7bzQm8vlLVrodu06dP7blY2uEJZtAj6nTuB2bO1ZSF5ebD9
5jdOBUZqVhbUCxcgdDqIsDDovvjFT7/19qTwcIhFi6DbuhWGH/8Yhn/7N+iffBIYaXeNjg6taeRH
H026r4RX2WzaEqex3i/d3ZCHD0NevapVfIxB9vRAVlZq4dg4zT4nskRFdnVBvXhR2x76ZtXSYCIh
AbqHHoL+1Ve1ZsNpacPCDUCrZlASEqB77DEY/vVfof/5z7VgaoStddXTp2H7/e8hu7sn3eMDAHDt
mvY5oNdDWbQIyrJlUObN+7T5Zl0dMIFKMY8QAsqCBdoWunPnAnY71NOnta25vXH5m/9OWLcOyqJF
2ufopUtQGxv9631GRAC0io3w0BDob/YGs6t2dHf3wGw2Q1VHjdndaknGAtx95xe8cq3RbLvjVizJ
WDClY3AGKziIiDxIbWzUdhwY9Ie/iIyEsngxlA0btG/bz5yBLC4etq5+KBEZCXGz54ZYvBj28+dh
/8UvtG1ke3shEhKgbN2qlbcHBUFGREC3cydUk8mp4ATQGvaphw5pzQT7+rQQorgYuH5dW+c+wkRq
ImRHhzbxuvmcRWoqEB8PUVenTTQ/+QQiJQW62bOdPqdaVqZtOXvjBmCzad/UDt6e0WQavT/FaBQF
SEiA/hvfgP3116EWFQGlpbC9+y5027dDJCUNP8ZohKyqgnrkiLZEJCYGyrZtWgNGd1fBjESIT7fr
1Ou1MO2xxyADA6Hu2gV55cqnj5VSK6E/cADykUcAg2HknSp8TV/fuIGgtNu1vhQVFRANDWP2o5BN
TdqSD6t1zPehgLb8xdVJqpqTo4WYQ3d+0eu1KoubTSiVWbM+bd456iCEtpwoNha6NWsg/vmfYXv9
da1SaHBPj64uoLQU9g8/hG7bNi1AnIibuxLJqiqgvV3riXHHHdp71mCActddsB84oIV5ixdrzTR9
gaJoywDnzoW9uFhrstvaCsVkGjE8cjshoKSmQiYlaa8pu13bsrq72zvXJyK3EUJACIHgoEAYDAZY
rVaoqopeYx8sFguCg73znt629VbU1d9AYUmZV6432NKMhbj7jqkNWJzlB3/FEBH5L1lWBnn9ukMz
QTF7NsSCBUB0tPatXmkp1IaGsU8UFwdxs+eGWLIEsrxcK3c/dkwLHgwGrcfDffdp69QDArRqjgce
cK1Ur7dX+7bx6FHIq1e1yVhHB9TqaijXr7tt/bjs6XHoYyAiIrRx19fDXlUF9cIFKEVFkBs3Or1r
iZqfr/U2sFi0ipAFCxx3YulvMuqqsDAod9wB9eRJiKtXgcZGqH/6E5RFi7RJ45BAQLa0wPbWW1Av
XYI0mbQqkMcf1/7dp2AXBREeDpGWBv3OnbC1tMDe1+cQuMmuLvhyEk4AACAASURBVG3L0nPntNAt
3jf3tR+svweHQ1hgMGj9JtrbtSoLKbWlIRcuQMnMBMYKOMrLoZ465XijXg8RGqq9Vm9WQEgpgc5O
54MyKbWqpP4tiwfv6mIwQCQmQtm5U6vuychwrQGmXq8ta9m6Fbpr17TGq2fOfHppqxW4dg323buh
W7kSmGjAYbNBzcuDrKnRwq/kZIjFiyFiYwGTSdty+PhxyIYGyIoKyOvXgWnTfCMoi4kZaEwqTSYI
o1GrvvJSwCBiYhxCzaGfe0TkXyLCwxASEoTOTiskJLp7emEyey/gAIBnvvowfvO/f8Kl4ivjP9hN
lmYsxF985SGvXW+yuESFiMiD1MJCYMiyCLFwIcS8eVqQkJcHWVs7Zm8IERmp9dx46CFtx5W6Otjf
ew/qn/6k/bGsqkBwMJTYWIhp07SmpmVlkE1NECEhzv0nIgLKrFlaU83bbhvWzE9WV2vf4LqJMJkc
vgWXigKRmgqxejWg12u9NEpLnbumlFrZ/8WLUHNztW+VN26EkpamNUYNCBjYznIivUhEQACUlBSt
uWhaGmRfH9RTp6AWFEA2NTkOxWiEWl6u7ZjT0KBNQFeuhNi61e3NF10SGAhl6VIoX/widKtXD7+/
qwv2/fu16hc/IG4uUXGotggM1KpkoqMdehzIvDzIS5dG/7c3GiGLiqCePv1pRZFer+0sM3v28D4Y
3d3OB2V2O+zXrkEWFw9/LYeHQ6SnQ//kk66HG/10OoioKOjuuQfKxo3DliHJzk6ox49DvXZNe/27
SkotOMnO1nr5xMRAWbUKSmKi9vuOjoayZMlApZRsaID94kVt61RfEBjosGuStNvds1zHSSIgwDHU
tFgmtHUxEfmG6MhwhA6EGQJd3b0wTeSzdRKEEHjmqw9j29ZbvXK9u++6Dc989WGP9xlxJx+I14mI
PrtkefmwNfcDAUdvL+TRo+NOKsWKFdB95SvQbd8OWVQE2yuvwH7mzLBQRK2qgvX//b8JjVPExEC5
/XbonnoKSloa1CGNMGVTE+TgHRsmq6/PYcIlgoMhUlOhSAkRFgbZ3Q1ZUQE1JwfKypVjn8tuh8zP
h720FOjogAgL0xp6JidrjV2nTdN2m7i5i8pE6e6/H7K1FbKwELKnB/aPPoKYNg26L31p4DGyuhr2
Eye0b7GtVihLl2pLWXzkDwPdbbcBV67A/qc/Odwub1YZyC9/2bXmmVNEWq1Qe3sdAg4REACkpEA0
NwNtbQNVFrK6WmuQWVenLasY0uBRVlZCVlQAg5uLhoVpFTdLl2p9E3p7JzZQmw3y8mWoLS3D7hLT
pkFZt05blhIcPLHz959r7lyIZcugLFgAtaDg08oWux3o6YG8cgUyLU17T7g6/o4O7TV99aoWtG7e
/GmQcnM3FWXZMqjt7do2zydOQK5b5xPboQqLxbFiIiCAy0OIaMKCg4MQ2N9gXMqbS1SmJrS8+84v
IGlmIv7bg41H//KrO/2i58ZQDDiIiDxIVlYC3d0Ot4mUFIjERG3idenSqI0vRUQExKpV0H/961Bm
z4a6Zw9sb7wB9cqV4WXOPT1aJcgEQwgZGgqRkKB9I5ycPHw7xM5Olxt0jmlIBQeio7WtIC0WKA88
AHX/fi3gOHMG8sknIYKDR93hQ9pssB8+DFlerv3OFi/WmgvGx0Pq9VDCwqA2N2tNRgftZOOymBjo
Vq6Eunkz5P9n786jozrTO/F/33tr1VIS2vcNIQQIgdgXgw22oXGbtrF7o9OJ00nnpNNJT04nk2X+
mjmZXybn5GSSM5M5mT45nYy7E3s6Hcfu9sTGNrbBBswqBAILEKtAYLSV9ipJVfe+vz9eldZapRJS
oe/nHB/bqlv3vqUFdL/1Ps9z6BBkfT2MqiqIujpVa9/XB/PUKZjvvgsYBrT166Ht3QuxZcusJ1jE
i0hKUuNHly9X35uBd5OHh1Xvk85OaCMjMU+veeS8XqCzc/K78ZoGkZICrF8PaJqa+AGoHT7378O8
cAF6Wdm0gMMYHYU8aTdIbq4KIYWYPKVFShWeRBt4+HyQ588HDTG10lJo+/ZBJiXNPlQSAlpNDeS+
fWrX2JTeJOalSyoojTHgkG43jNOnVW8PKYH0dIjVq8dDAiEgAjtnLl4EWlshT5+GdLsh0tKmlW89
arKrS33uhQAcDvX98QgDDjPQayjA4Vj4P1tEFFJSkgN2u/oZlgC8Q8MYibHpdDzVrqrCX/1/f4x/
f/8ojh47E7fz7tqxCfv37YbFsrCnpYTyWAYcN27fxcP2LvT1z/AdlwTmSk1GXk4mKsujb8xHRHOo
tXV8p4WuQ2RkqNp1KdW7/G538IaFWVnq3dJXXoEoKoIxOoHBPHMmeGNFv1+92zrDd5pFf78qqRgc
BNLS1PZ8q3VsWoTs7Z1dODCF7OubtFaRkqKmMYxOk5CNjTAvX1bvfp88qcoq0tOnn8fnA7q7VWnK
/ftAZia0J55QJTZ2u7rBGp3yID2emb8TD7VDQFZXQ//Sl9R4zo4OyIYGmJ98Aq20VJU5nDypmnia
JsSTT6qyllmOhY0rXVdBUkWFmigRCDhMU93EdndDDgzMqJxGSjm2W8A8diyqtaCiAmLJEohYm9eO
jAB9fZPGxEqo0hLU1KjXEgg4AOD2bZjHj0Pfv3+8FMQw1PSUU6cgr1+fdHqtshLaxo0wm5qmvkh1
0xzt95FhAC0tk0ZEA1B9GUpLVR+XON3wisJCiNWrg44gla2tEafDBCM7OlRfm/5+oKAA2sqVECUl
kFbrWCgj7XZoO3aoMpZr1yDv3IG8eBHS5VKh6TyRo6Gv2dICESiBy8mZ1SjkmNdw4YIKpEcnKWl5
eSr4IaKElJqUBId9/M/snt4BDA092hKVqWw2K17a/yz2PbsT7314DEePnVF/H8dICIFdOzdj79NP
wOmIT0P5+fJYBhznL17F3dYv0OmO47uNCSIrIx0lRfkMOIgWCPnw4XhDQosFyM9XNeEDA+qxYPXg
oz03tK9/Xd3sX7oEfPGFKnnYti0+6+ruBtrbIUdHyEqfT63J7QYKCoCkJDWJJRBwDAxMntAw2+v3
9qqAIzDxIxBGuFzQdu5UYzJbWiBHmySKkhJoLtf0m7f+frUL5sYNyMFBaGvWQHv6aRXQAOpmNvC8
GfbgmEgrLITYsQPm5s0wT5xQu0wOH4Z89lmYH38M8+xZtS2+uBj6zp2q0elC43Kp8guLZfr41L4+
dfM+034hbjfMTz+FvH8/8rEOB/SDByFqamKfzuPzTRsTK4RQI0yXL4fZ1aXKPoaGAClhtrZCnDun
dhbk5KjvteFhmC0tMC9dUmHjhHWJ6mpoGzdC3roFoWmTd3H090dd6iQNQ+2qmhKIiIwMiHjf7Kam
qnM6HJB+/+QgtLNTfW1j4ferBsnHj6uxy7W1EOvXT1uzsNuhbdyoGhDbbDBHS1pEZeX8BRymqcpy
Ll1SpUm6rtYebOrRXPD5INvaYB4/Dly9CjidqjFraSkQ+LOJiBJOamoynBN2gfX09sHjnd3vFfHi
dNhx4Pln8OKXn0ZHpxvnLnyODz46HnaMraZp2PP0dmxYuwrZWRkLppx2th7LgOPCpaswZ5BcPQ46
3T1wd/fi6y/ume+lEBFU070xmgaRnKyazgVrkhg4bN06WH7t16AfPKgCgHXrYFm3Dpb//J/jti7z
gw/gf/VVGP/yL+Mf9PvVu/emqbagOxxj5TUiDuHAJENDKgjQNCA5eXziQuCdzt271buvJ07A/Ld/
g/za1yBLS6fXz7e2wv/P/wzZ1aXKU5Yvh/7MM+MlIQ7HpBva2fTgADA+reaHP1SjRU+cgHnmDIz3
3oP/zTchGxshioqg/9qvQaupGQ9aFpK0NKCkJOg72dLrhRwennHJhOzqgjx2DIhiB4dITYW2YYOa
bhLlpJyx6/h803crBX6+KishenvVToMbN9QuCp8PZmcnzMZGdTOeman6jly8OLmEAFAlPJWV6oY9
L292JQWGAaOlZfruJ7s97r0ghM2mwoe8PDVueUIZm7x/X414jYHs64NsaYHZ2KjOX1EBUV0d5MIC
IjkZ2tKlMEtL1Q6Oc+cgn39+Vq9nVgwDxr/+K8xPPlG7kpxOiK1bgbKyR3J56XbDeP119f3V1wdR
WgrLt7+t+q0QUcJKcjpgt6tdgFJK+Px+mGHGlc8HIQRysjPx3LM7x8a6dnS68bC9Cx1d3XClpiA/
Nws52RmwLoRpV3PgsXxVdbUr0NL6BTq7YvvL/HGQlbkEpUX5870MIorE5xsfZTlKpKZCbNyoem7s
3Dl+kz7137Ph98N47z31y/eRI5MekqMlLuIR/GUduJGGzRb0JlJ/8klVjvPpp+pGq6FB3ZxUVo6f
o78fZnMzzMOHVbnCrl2qAeLEz9OEEhX09U0vFZgB4XSqd7PXrgVu34Zsb4fx93+vSj6SkyGWLYP2
0kvzuj0/kpDv0kztjTIT0b7BMMM3ImRvb/DdCBMCRK20FPr27fC3tIyPeO3qgvHaaxD5+apMzO2G
fOutaX1r9J07oa1cqcawpqRA6Pr4Do5YS1QACADBXulCfxtG3r4N2dSkPq8ZGdBWr4YWLOAYJSor
oVVVwWhuhvn552rX2fBw7LtzZsrrhdneDjQ2wvjFL1TJzL17QF4etN27oW/ZAi0nZ06XIO/cgXnq
FIzDhyGPH4dsbVWNWGtqIPbsSYgRzEQUmtVqgdPpgNPpgNc7BN+IDx7vELxDwwu6rCM7KwPZWfM4
ye0ReywDjnVrVqCkKG/R9uDIyoztnTAievSkENPeQZcWC7TcXKCrC+apU/G5kBBqukJurqpJP39e
jTA9fnzaiFOMNuSEpqnSlAmNs6TTOWnc4qwFenDoutpRMGVEpigshLZyJcyKCshbt2CePasah04M
OJqb1WjP9na162PDBmibN097TRN7cMy0R8kkug6RlgZ9717g/n2Yb7+tbgRHRqCtXAn9qaegV1XF
9/P1qOh60B4OC4rHo8LBqXRdldbYbBClpRBPPAHx9tsqTDQMVc507Bjkt78NuXSpKhGrrx8PS0YD
DW3HDlVaZJpASgrk1M/HyIgq2RocnDaWdRoh1A2+rj+a8aSmqUKqqSFlSkrMO0ZkU5PqbaNpEOXl
EMXFauxyCNrKlTBra4H331ef68uXIa5fh1ZTM5NXMr6Onh4YH3wA8/59iCB9eNRBUpXXud1q18nZ
s6ocKT8f2pNPQv/VX4VWXj6jsCXQh8Q/NBR62k1gWk1bmxrR3dQE+fAhRFYWxJYt0A4cUOUxbDBK
lNCEEEhKciI1JQle7xDM0Ukqg4PeBRlwSClhmibcPX2w22xITnZi0OOFVddhs1mhP8KeRI/SYxlw
LC0rwtKyR1RnSUQUjsOhggLDUO9YDw8DhqEmD7hck+r7hd+vdgP88pfxuXZyMkRZGfSiIkhNg9nU
BPOnP4X5wQdBGw6KQDmHEGpKxYRyDi01Na7lFrKvD8LjGStJmVYuYbOpPgibNsG4eXOsWZ/YulUd
D0B+/rkal6tpwNKlaldFefnk81itEGlp6l34gYG4ltloO3ZAXrsG49gx1SxW06CtWgVtzx4VbizU
oMAwVLlOsB0UVuvsJl84napBaTTfK8nJ6oY51l+whoaCfx0DYZnNBpGeDq2uTjVTvXJFlVqNjEC2
tKgSitxcmNevwxztbQNAlY2Ulal32/Py1FjkYN+bAMTQkNrtFCHgEEKocalW6+SAI94lX4AKNXw+
9X3unzy2UKSlqZAyGoFmsU1NMC9fVsFPXR1EfvjdoaKsTH3/5+fDbG2FeeGCCldnGXCgpwfmoUPA
0aPhv1fcbsiREfX9m5qqdpTs2AF9/37ozz4748vL9nYYH30E47PPIEL9TPv9KmAxTfVnTkoKRHk5
tE2boD3/PPS9e1VpIhElPKfdjtTkZLR3qNHiHu8Q+gcHkZUZIoCdRyM+P7q6evDzX76Ph+1d0DQN
6a5UfPtrzyE3ZwE1QI+zxzLgICJaKEReHtDZOXbTYba3Q3q90JKS1HSNCb8wy/5+yI8+itOF1dhI
/YUXIIqKIC9ehPmTn8D/+uuhn+NwAFlZah0DA5P7Vdjt8d1qPjQEOTwMOVpWEPQmsrISYtMm4P/+
X5jXr0NcuADt5k2INWtU48j79yFv3QIsFuhPPw2xbFnQ1ySzsyF1HRgeVr1E4kSkp6tt+1u3wnzv
PfX5Wb4c2pYtcbvGnPB4VHPZIKVIs20wJoqKIJ59FtqmTZEPtljUeNEYd7rIoSEVEIRjtULk5EA8
/bQK8yb02ZD19TC7u2HeuDHpcyBSUlTZ0WiAJkKFb7GsVQjIQMAx8eepvV39E0dyZASyvx9icHBa
82IZy3hS04R57RrMmzeBnh4Ilwva7t0QFRXBJzgFWK3q679+PdDRAbO5GdqNG7N4RaNrNwy1WybS
7ish1J+naWnQ1q2D/sorqtHvbPte+P2qwfLAQOSyIk1TI69Xr4a+dy+0l16CtnTp7K5PRAuKzWaB
0zn++9DwsA9e7/xOUgnF7/ej090Nv1/9neBw2JGbmwWn0wFdX6BvwsQBAw4iojkk8vNVWcTAgHoH
t6MDsqdHbXvPyVHvdPf1TXvHdba0nTthOXgQ2jPPwDxxQjXc+/DD0OssKoIoK1PTF+7endarQrpc
6t3xePF6IUZGIHVd7QwJchOp5ecDdXUw6+rUtu/z52F+8AG01athnD4N2dgIdHerngt1dUBhYcTL
ml4v0NGhShnivDVTOJ2xjzudB7KzE/Lq1aDfcyI/H2I2fQKcTug1NdD37Yu8DkCVRMX4ORPDw0ED
DmGxqL4ngVKM5GToW7dCfvQR5M2bY8eZn38O8eCB6r0xcRdLTg70X/911RMGGNtdNKkHR+AcfX3Q
AhNZwrFYIKqrIW7enNTMVA4NQT54APPzz6EtWxaX0gXZ2qqaWgYLrgoLox/9axhq3PGdO+q8g4Mw
/st/gfE3fzOtlGyavj41kWZoCGhrg7xyBWZTk3qNM9zBIDIzoT31FFBbCxGmGa2WlKT+jMrMhMjO
VgFXHP7MEoWF0DZvhti8OXSJSmANS5YAublqms2SJQtrRDQRxUWS04E0V8rY/3s8XvQPLMy2CN6h
Ydy59wWGR3trOew25GVnwGJ5PEtTAhhwEBHNpdJSNUmlo2O8RKWjA/B4IEpLof/2b0P29Myosaf8
4gsYb76pzhl4vhDQdu6E/rWvQaxfD3n5sgo3jh0bGwkbjFi2DGLVKgi/H/5Ll6YdK/LzIQoKYl5j
SKM7OITVqm5Igt3g2e1AaSm0F1+E+Q//AHn7NswLF9T0i/ffh3npEkRSkhq/WFUVtD5f2GzQ09Nh
jt6kCtNU152LSVsJ0L9CDg5C3rs3PeCwWIDMTCA7O2LZRSgiMPI3NTXyjT8w80kt/f3TJp8AUKGh
yzV+I+10QqxdC7F8uQoYRsuy5I0bkFarKsMa/T4QWVmqvKK2dqwEClYrkJUV/Ma8vz+6qSQWC7QV
K1RPndu3xz9umqpfw/nzamRvPAKOlhbIs2eD7rLQKiqib3prGGp0bmAClGHAvHo19gUZBuS9ezAb
GqCVls444EByMkRdnZqOFAifghA2m9oN5HTG5fM5xuWCWLUK+nPPRSy9EsnJar3RlgMRUcJxOhxw
pYwHHIPeoQUbcAwPj+DBww6MjKi/750OO/Jzs2F5TKenBDzer46IaJ5pK1ZAXrky6R1g8+5daA8f
QqxZA8t3vxt+23cIsr9fjSh9+21Vdw4AycnQKipgOXhQhRtuN4yf/ATG4cNAZ2fY84nKSuirVqka
/vPnJ4+3BaCVlECUlMS8zpDrD/TDSE9XEy1C3PyIrCzoX/kKzI8+gnnmDMzr11WJwccfA3fuAIWF
0L/yFbUDJchOADFxTCygbrpGmzA+HtPeYxOYjCEfPJj0ceF0Qqxcqb4WC/wXH9nfr3ZETaVpQFLS
2MhhYbNBFBdD27AB8urV8YAjSGmIKC2F2LBBhWSBMh2rFSIrCzLI50MMDUU1SUVYrSqAy8tTZVIT
SkfkF1/APHYM2lNPqT4dsymF6eqC/PxzmOfPT/7zRNNUv5+qKlUuF+k8Q0OQ9+9DXr+umnRmZEAs
X67WFm35kt+vxtJ2dqrXePo05L59Mw/OrFZoubmqyWk8Q9Zor2+zqSkyxcXx3cVGRAnJ6bAjJXm8
tNI7NAR3Tx86FuD0zo7ObnR29cBv+KFpAk6HHXm5mbBaF/bf87P1eL86IqJ5pq1dC/Po0ckBx9Wr
MK9dg6WmRr3jHAUJqAZ3o0GA+cUXMK9cUUGBlKrBZXk5LH/0R9CeeUbt3PjJT2CE67kxtkhN1amX
lqq+GA0Nk0ZnCk1T7zLHMeBAT4/qF5CRAZGSokpVghwmUlIg1qyBVlcHefcucOcO/P/9v0Nevgzp
8UArLob2zW+qG/MgpN2uRjOO3qRKrxeyvR1aFOUsjx3ThPnpp6ox6xQyKQn6li0hP48LSogSlcCY
2KkBjbZlC8zGRuDs2eDnEwJi6dLpE3h0XU0fCVKiErRBazCj5VNaeTlMp3NSMCPv3oXxzjvQv/Ut
yLS0sBNKwpISxrlzMI4dg5za88JmAwoKoK1YEdUODtnRAf8HH0Devq3KyLZsgfVv/iZks9Wgenth
vPoqjP/3/yDv3oU8fnx8t0w8Rl0TEc0ju92KpCQHhBCQUmJ4eARfPOzE2YbP53tp0/T09GNgNIy3
Wa1wpaYgZxGMi2XAQUQ0h7S1a6EVFEA6HONNO8+cgf/2bRh/+7fRnyg5GdqGDbD+1/8KWK2QjY1q
ssDojZa2aRP0b3wD2t69Yz03jMOHI5/XaoW2devYpAPZ2AjZ2jo+htNqBaqqIAoKYh4zGZRpqnGt
gfIIXVdbuiPsGhCbNwOXLkEeOwbzxAkVjixfDm37dnXjFu3296EhoL0d0u9fXDs4hodhNjersO3z
6b+EidRUaM88o/rCLHByaGhyA1xA7bZISgp6Ay3KyyHKyiCSkiAnlKWMWbIEYsUK6GvWTH5+mCaj
sr8fptuNiAVJo1NUxKZN0JqaYE5tItzdDf+f/Rms//E/Art3x/4z5vPB7OqCfPddyHPnpl8+NxeW
V16JOAFl7PjubuDUKciBATXitLISWmWlagYcbTiRlgZz926I+nrImzchu7thXr4MPSkJCNNDg4go
Eei6DofdhtTUZAwOeuH3G+jocqOvP8jOwnlmTtjR50pNxpL0GQbpCYYBBxHRHBK5uRBlZUBuLtDS
AgCQPT1qB8P169Gfp7ZWNcwTAub585AnT441TtTWr4f+4ovQtmyBvHhxrOdGpLKUwKQJ7fnnIVau
hLx3D/5//me1hT+wld5uV+/sFxbGp79EYCLCaMAhwvU5GHvxAtrmzdCPH4f/+HHI0d4HWl0dtF27
wjb2FDYbkJ4+vnbDAEZGFle40dYGs74exrvvQtbXTy/vyM+HtmWLKkWYUFe8YAUpURGB8bRBvkdF
errqg7F+PXDy5Hi4NkrfvBn62rXT+ysIoUIOl0s1Lp0YqkRZoqIuoKsymeZmyBMnIIeHx0OW4WGY
587B/5OfQB8chLZnj2q6G8XPmhwYgLxxA8abb6rg6uHDyQc4HNDKyqC98EJ0zS69Xph378L87DNg
YABi40boGzaosp/oXqlal65DX7cOZlmZCjl6e2G++y5Efr5qwklElOBsNisy0tMwPDwCwzDg9xvw
+73zvaywlqSnIidrcfwZzICDiGgu2e2qt0FVFeRowBErYbercaS7d0MOD8M8cgTmuXOqMemyZdAO
HIDYvBmyrw/mT34C88MPwzYUHTtvVpZqSPr000BqKsyTJ2G+8854A0ddVzeHTz4JUVQ0o7VPYxhA
T894g0tdh0hLU0FHGFpFBcz166FdvgzZ26tuGp94AtrateGvZ7Wqppd2u2pCaRiqwenj3IPDMNRO
hb4+yM5O1Zj1vfdgfPjhWDg0xmZT44Sffx5apKBpoRgYUKVZE0i7HTI9XZVxTWW1qh0ae/fCd+MG
RKBnzSixYwdEdXXo6yUnq4a3EwIOOTw8OfCIQJSXq3HCGzaokMk7+ouwaQL9/TDeew/weiEB6CtX
qmaaqanTmmVKw4DweNTX9do1mMeOwf/Tn0J0dEwu29F1aMuWQTz1FLTVq6MqDZFuN8ybN8eD0+XL
1djcGAmLBSgoUGObCwqAu3dhHjkCfe9eYNWquE8vIiJ61CwWHemuFHR0ujEMwKLrcDrtcDgc0LWF
99uFpusoKylEXu7imOzEgIOIaI6J9euhXbqkGmNOaDIYtawsaGvWQFuzBmZrK8zPPlM18oWF0F95
BZZvfhPy1i0YP/0p/NH03ADGxlfqP/gBtKoqGBcuqNGQE4ORpCS1vX/nzrg195M+n9ohMnozJgFA
CNVjJMJztd27IYqLYba3QyQnQ1u9OujklKlEoPmk1arKGzo6ZvZ1WCikVJ9HjwciUEo08bGBAZj3
7wONjTCOHFFf12C7hYSAyMmBvnUrtOeem/WoUimlCt2Gh4Gp64pECLVrwWaLfDMepAeHCFOiAkD1
2Pjyl6HX108rb9Hq6sJO55BCTD/vyEhsAYfdDm3DBuh/8AeQf/AHqp/MxGagfX0w3n8f5sWLwIED
EHv2QFu9GjIzc6w0REqpdlncuAHzyBEY//7vME+cUI9NvZ7LBe3LX4bld34n6r4XZmvr+DhdTQMK
CyHKyqJ+jVNptbWQNTUwbt6EbGmB2dYG4fWOT6khIkpQFl1HakoytNFQ3W63obAgF8UFubBZ4zjF
KS4kbDYrSorykZudAH224oABBxHRHNNKS2GuXQuxYgXktWuAzxfT8/VnnlFb3N1utR39yhWgvByW
F1+E/p3vQJ46Bf8bb8D84IPoz/nEE9AOHoS2apUau/reezDfe2/SMaK8XI2bnWnzwygImw0iLy9s
mcnYsfn50DIyoPl8qqFkUlLE56gnCjU+0mpVEx4GB2c0MltLFAAAIABJREFUuWbB6OyEPHwYIzdu
qJ0FE4jhYWBgAGZfnwoZ+vun7XYAMDYWVv/e96AdOKA+P3FoACmvX4fxP/8njF/8IqbniSVLoNXW
wvLrv65KlsIZGpoeLlitYV+DsNkgqqpg/cu/nP61z80NedMtAWiZmZApKaq0LGB4WO2SiYFYsgTa
xo3QDh6E+eab6s+CiXw+yIcP4f/Zz4BDh1TfjKKi8eBmcFCFcw8eQPb0TF7PFNo3vgHtuedU2U60
Ll0CTpxQP1vLl0NbuhRiFiUlWm0tzJoa4K231Hji+nrIlStVPx0iogRmsVqQmZkO62j/MJvdhqzM
JahdVYXU5Ch/N3mUhIDVsnh2zz2WAcfD9k709g1g0LOwa6HmQnKSE2muFOTlLI4tSEQJweGAXlMD
+cIL8P+v/wX09kb1NGGxqG3qTzwBUVEB8/ZtmG++CZGXB/3pp6E9+STk5cvwv/EG5PHjY2MwQ55P
19VOhu3boR04AG3HDvVu/+uvwzx8GJgwGlZkZ6veHnv3zni8Y9A1GAaM7u7xkMdqhZaXF9XuAWG3
q5KfmC+qGj3K0YADHg9EtFMwFiDp9QKtrZBtbdNu6IXfr26Uw4VoLhe0qipo+/dD//KXoVVUxK1s
QHo86sb9zp2Ynqfl5MCEaiAa6esrh4amT1GJEHAEQi5RWRnTuoQQKvyYEiTJwUFVKhULiwVaTg4s
X/saDIsF5jvvqLGuYyeVwMiI+rq2tUHeuwdx9ar6vhUCcnhYlacMDk5vlDp6flFQAG3fPuhf/Sq0
lSujLjmSfX0wb92CefPmWM8QlJXNbmRwbi5EZSVEaSnk/fswm5ogmpunT6shIkowNosVGekuWEZD
A7/Pj8FBD2xWKxyOyG/Y0Nx6LAOO8xevoPnWXTxsi9Bg7zGUl5uFqooSPPfsjvleChFNVFICbd8+
aEePQl66BNnXF/EpMiUF+o4dagu9aUJevgwMDkLbvx9i2zZIjwfGq6/C/OgjVfYRhkhOBgoLoa1d
C/3AAWgbN0JKCfOdd1Rj0eZmFToIAdjtKtzYvRuiqipenwH1mnw+dQMXuEHVddXccTY3UpGuKYTq
82G3Q46MAL29qpfBnF1xjpmmuskPUiIRMrYRAnA4IAoLodXUQNuxA/rLL0Pk5U27eZ+1UGNcwzDt
dmj9/dF9XQI3+RPZ7dDS0tTXOqYrR8HphLDZJn9uR3fHxMxmg1ZXB6FpMFJTgdRUyCtXVNPhKb1B
4PVO2yUS8uvrckGrqIC2Ywe03/gNaJWV0ZeCmKZqgHrrFmRvL4TTCW3TJmizHAstnE5oJSUQq1dD
trerEbY3bqjvW7udI2OJKGFZLDqWpLmg66pExefzwd3dByORy18fI49nwNF4BUPDI5EPfAx1dnVj
YGCQAQfRAiNSU6GtXAn94EEYXi9w8SJkuL8INQ2isBD67/0eRFkZ5JkzMBsboX3rW9Bfegm4exf+
n/4Uxs9+FvzdXGBsCgTsdqCyEvq+fdC//31oWVkw3W6Y774L/5/9mQocAu/46zpEURG0F16Atm9f
/D8Pfj/Q0aGaNAbrbTAXNA3IzIR0OoHBQZiJ3oMjksDnVdPUP7quwo2CAugHDsDyla9AbNw436uc
GSnVzokp4YJwOoGMjOBNRmd7SYdD7aKYeL2REYgYenBMJdasgV5ZCfH00zD+/M9h1tcDHR2Azwdh
GJCRSqgCP9sWi9oZUlMD/RvfgP6Nb0Dk5MT2c2WaMI4cUSGnpkE6HNDWrAGiHC0bVm6uKq87fhzy
3j2Yzc2QbW2qaTGbjRJRgrJYdCQnOcd2cIz4/Ojt68eIz6f6UTHAnVePZcBRkJeDtg43evtm8O5K
gktOSkJudgw1t0T0yAiXC/rXvw55+zaMrq6xsbFBjy0shL5tm9q9YRgwDQNadTX0l1+GeeoUjDfe
gPn++6HDDUCVt6xYAf2FF6Bt3QqtqgoiIwPy5k0Y//qvMH7xCxVuTBybmZQE/bvfVZNT0tLi+OqD
SE4GMjPnPuQQQr0Lb7WqEaGJ3oMjAuF0quaUWVkQRUWqn0JdHbSaGojs7Ln/us4RaZpq58SUMa9z
TSQlTSuhkjPowTHtvE4ntOpqaH/1VzA//xzGZ59BfvIJ5LVrEH19YcuMhMMBsXw5xJYt0Natg7Z2
LURZmeqZEePPkzRNyMZGmK2tqjTtqadUX5xZNp0FAFFUBP3JJ+H/3/9bXevePRiffqp2D0XbQ4eI
aIERQsBms8JmtcGi6/AbBoaHRzAw4MWSdD/stgSYSPYYeywDjvVrV6L1QRvc3THWxz4GMpakoagg
d76XQUTB6DpEdjb0AwdUecnrr6t3ooPcbGurVkF78UWI9HSYXV3QKioglyyBbGxU4caxY6rJoNMJ
kZ09PsrSboeWna1KYpYuhaiogFixAiI7G7K/H+bbb8M8fBjmqVNqYsKEmyhRUqJ2eezZo7anz0HZ
iHS5oO/ZA1FcrCYqPIJ3coXDAf3FF9W4TK8XyMmZVfPESedesQKW3/5tyC99CXA4Io+tjZF+4ABi
nmRhtaqSpKQkwOVSoUZ+PkRWVtw+16KgAJYf/EA1vYyxHCUopxNaQQG0ME0xhRCAzQbLK69A27p1
8oM5OdBWrIC02eJboiIEtF27YC0oUGFggMUCrbx8ducONMotL4eWng5RUgJs2QLZ0QGzpUX11Bke
VrudAkGm1Qot8PUsLgaKi6EVFKg/AxyOmb1EXYfl4EHoO3ZAWq0QZWWqdCkewWNSEsSqVbD+t/+m
gsXRr1PY3iC6DixZor6/DhwA0tIg1q9/pMGccLlg+Q//Qe2qcblUg2iHI3HL2ogo7oQQcLmS4XDY
MDDohWma6OnrR85wBgOOeSakTOBOa0REiWh4GMbRozD+/u9hHj0K9PWpnQWjRE4O9N/8TVj+6I8g
0tNVv46eHshr1+B/9VWYH38M6XZD5OZC27JFjXJNT1c3OA6Hevd16VIVItjtkA8fQt6+DfPCBRgf
fgh56tTkBokWC7TiYmi7d0P/znfUrhG+u0o0b2RrK2RX13ivlcCvajYbtLw8FUDwZ5SIaN6YponD
R0/h8pUb6Ojqhs1qxa4dG7F6xTJkZUYeYU9z57HcwUFEtKDZ7dC2b4dwueDr7lbNQ7u7x7beaxs2
QFu/fnyXgd0O2dysem78/OeAYUBkZkLbuBH6n/859Px8wGZTW/ilVP0lRksxjBs3II8cgfnuuzDO
nVNb/AOEUJMXcnLURI2vfx3a9u3z8AkhoolEUZHa3URERAuTEEhNSYbdrsr5pJQYGPRgeGrDaHrk
GHAQEc0DkZQEsXo1rP/jf8D4P/8H5rvvwrx2TT22axe0TZvGjpUffQT/a6/BPHRovJylqAhYtgy4
eRNmZ6eauNDdrSZM3L0Lef06zJs3IR8+VFvD+/unT92w2yGKi2H94Q9Vz41YSyGIiIiIFiMp4XQ6
YLWq22kJiZ7eAQwv0kEXCwkDDiKi+aBpQHIytOXLgW9/GyI/H/j4Y6CvD9rq1WoSQm8vzJMnVbgR
6LkR8MUXMD/6CLh4UdWz+3xqO7vPB9nbC+l2Az09qudEEGLZMtV4dPduaDt2QBQUzLiGn4iIiGgx
EUIgJdkJx+gODsMwcefuffT09sHpiPP49TgoKcpH9bIylBTFYULWAseAg4hovow2TdTWrVON7EpK
gN5eFXr4fDCvXIH/n/4JxpEjwMOHk54q29uB9nZEPexU11XjyexsiIoKaJs3Q3vySWjbtkE4HCpw
ISIiIqKIRKBExTZeojLo8WLQM7sJW3PF4x2Cw2FnwEFERI+GVlkJVFaO/b955w7MixdhnjihSkuS
ktTEkzCjIycRQoUWFgtgs0GkpUGUl0PbuhX6178OUVUFkZo6R6+GiIiI6PElpYQrNQlL0l1ITnIu
2GAjwOMdxuDgwl5jvDDgICJagLTCQogDByBWroR57BjMhgbIK1eAK1dUM9FIbDaIjAyIsjJo69er
MpTaWvUxlwsYfceBiIiIiGIjhECS04mSwjy0d7hx9cadCY9KSCkhpQpCAEATAhBCjTyPE6kuAHP0
GmL0/OoSk6+Tm52BwvycuF17IeOYWCKihco0IT0eyPv3VUmK2w3Z1QW0t0N2d0P29wPDw+PHa5oq
N8nJgcjKgsjIUKUvubkQhYUQmZlqRwcRERERzZrXO4xBjxfeCY3cu7p7cfX6bdy8dQ8+nx9paamo
KC1EdVU5HHYbtDiVBXu8Q7h24w5u3LqHvr4BOBx2lBbno3pZOZakp0LX9bFjHXYbkpOTkOR8/Put
8TddIqKFStMgUlIgli8Hli8f+7Bsb4d0u1XAMXEyiq5DOBwQubnAkiUQSUnzsGgiIiKixcHptMPp
HG8q+rC9E729/ejs6sGIzw/DMOD1DsHd0wuPx4uC3GykpibP+rrdPX1o63CjrcMNr3cIfsPAyIgP
ne4e9A8MoiA/G7nZmbO+TiJiwEFElGBETo6askJEREREC8bd1oe4fOUGWh+0jX2sb2AQI/d80HUd
2VkZcQk4Ot09aLx8DXfuPoBhqJbzfsOA54sh2GxWLEl3LdqAg23ziYiIiIiIiGapvcONh+1d0z4+
4vPj1p3WuDUj7e0bQEvrQ5jG9Hl6979oR1d3b1yuk4gYcBARERERERHNEdM0R0tWomgUP0u+0dKY
xYoBBxEREREREdEsZWctQW7O9NIQm9WKgrxsOOPU5DMtNQXFhbnQJjQSnbgGV2pKXK6TiNiDg4iI
iIiIiGiWigvy0Ns3AO/QMPr7B2GaJmw2K7Iy01FTXYl0V3yCh4yMNNSsqITHO4Tunj74fH7oug5X
ajJWVlUgLycrLtdJRAw4iIiIiIiIiGapID8bEhL9A4NovtGCEZ8PmRnpqK6qQF1tNZKczrhcJ3NJ
GmzVlejp7cfV67fR2zeApCQHKpeWoHZVFXKylsTlOolISCnlfC+CiIiIiIiIiGg22IODiIiIiIiI
iBIeAw4iIiIiIiIiSngMOIiIiIiIiIgo4THgICIiIiIiIqKEx4CDiIiIiIiIiBIeAw4iIiIiIiIi
SngMOIiIiIiIiIgo4THgICIiIiIiIqKEx4CDiIiIiIiIiBIeAw4iIiIiIiIiSngMOIiIiIiIiIgo
4THgICIiIiIiIqKEx4CDiIiIiIiIiBIeAw4iIiIiIiIiSngMOIiIiIiIiIgo4THgICIiIiIiIqKE
x4CDiIiIiIiIiBIeAw4iIiIiIiIiSngMOIiIiIiIiIgo4THgICIiIiIiIqKEx4CDiIiIiIiIiBIe
Aw4iIiIiIiIiSngMOIiIiIiIiIgo4THgICIiIiIiIqKEx4CDiIiIiIiIiBIeAw4iIiIiIiIiSngM
OIiIiIiIiIgo4THgICIiIiIiIqKEx4CDiIiIiIiIiBIeAw4iIiIiIiIiSngMOIiIiIiIiIgo4THg
ICIiIiIiIqKEx4CDiIiIiIiIiBKe5caNGzAMY+wf0zRhGAYAwDRNSCkhpZznZRIRERERERHRYiWE
gBACmqb2aei6Dk3ToOv62D8WXdcnHWwYBoQQkFJCCDGf6yciIiIiIiIiGqNp2ljQEQg2Av89KeAI
/Js7N4iIiIiIiIhooZm4kyMQbIwFHBaLZSzU0DQNpmmOBRxERERERERERAvJxIBjYtBh0XV9rDQl
EHAw3CAiIiIiIiKihSoQcgghxnZxWAINOgJ9N1iaQkREREREREQLWaBUZWLJiiWQdDDYICIiIiIi
IqJEMjHksOi6PhZsMOAgIiIiIiIiokQxcWDK2BQVIiIiIiIiIqJExYCDiIiIiIiIiBIeAw4iIiIi
IiIiSnhjU1SIiIiIiIiIiBIVAw4iIiIiIiIiSniWQMdRIiIiIiIiIqJExYCDiIiIiIiIiBIe61OI
iIiIiIiIKOEx4CAiIiIiIiKihMeAg4iIiIiIiIgSHgMOIiIiIiIiIkp4DDiIiIiIiIiIKOEx4CAi
IiIiIiKihMeAg4iIiIiIiIgSHgMOIiIiIiIiIkp4DDiIiIiIiIiIKOEx4CAiIiIiIiKihMeAg4iI
iIiIiIgSHgMOIiIiIiIiIkp4DDiIiIiIiIiIKOEx4CAiIiIiIiKihMeAg4iIiIiIiIgSHgMOIiIi
IiIiIkp4DDiIiIiIiIiIKOEx4CAiIiIiIiKihMeAg4iIiIiIiIgSHgMOIiIiIiIiIkp4DDiIiIiI
iIiIKOEx4CAiIiIiIiKihMeAg4iIiIiIiIgSHgMOIiIiIiIiIkp4DDiIiIiIiIiIKOEx4CAiIiIi
IiKihMeAg4iIiIiIiIgSHgMOIiIiIiIiIkp4DDiIiIiIiIiIKOEx4CAiIiIiIiKihMeAg4iIiIiI
iIgSHgMOIiIiIiIiIkp4DDiIiIiIiIiIKOEx4CAiIiIiIiKihMeAg4iIiIiIiIgSHgMOIiIiIiIi
Ikp4DDiIiIiIiIiIKOEx4CAiIiIiIiKihMeAg4iIiIiIiIgSHgMOIiIiIiIiIkp4DDiIiIiIiIiI
KOEx4CAiIiIiIiKihMeAg4iIiIiIiIgSHgMOIiIiIiIiIkp4DDiIiIiIiIiIKOEx4CAiIiIiIiKi
hMeAg4iIiIiIiIgSHgMOIiIiIiIiIkp4DDiIiIiIiIiIKOEx4CAiIiIiIiKihMeAg4iIiIiIiIgS
HgMOIiIiIiIiIkp4DDiIiIiIiIiIKOEx4CAiIiIiIiKihMeAg4iIiIiIiIgSHgMOIiIiIiIiIkp4
DDiIiIiIiIiIKOEx4CAiIiIiIiKihMeAg4iIiIiIiIgSHgMOIiIiIiIiIkp4DDiIiIiIiIiIKOEx
4CAiIiIiIiKihGeZ7wUQzdSNGzfQ1NSErq4uDA4OwuPxwOPxYGhoCFarFTabDXa7HUlJScjJyUFB
QQHKy8tRWFg430snIiIiIiKiOBNSSjnfi3iU7t27h7/9278Ne0xGRgb+9E//NO7Xfuutt3Dy5Mmw
x2zZsgUvvfRS3K/9uGhoaEBTUxPu3LmD3t7eGZ0jJycHy5cvx7p16xh2EBERERERPSYW3Q6Ovr6+
iMe43W5cvHgRa9asieu1P//884jHeL3euF7zcXHp0iUcOXIEra2tsz5Xe3s72tvbceLECVRVVWHn
zp2orKyMwyqJiIiIiIhoviy6gGNgYCCq486fPx/XgOPcuXNRhSsejydu13wc3Lx5Ex9++CFu3bqF
eG82Mk0TV69exbVr17BmzRq88MILSE5Ojus1iIiIiIiI6NFgwBHCjRs30NPTg/T09Lhct6GhIarj
hoaG4nK9x8Hx48dx6NAh+Hy+Ob2OlBIXLlzAnTt38Pzzz6O2tnZOr5eIzp07F/Ixu92O1atXP8LV
EBERERERTbfoAo5od0j4fD6cPn0ae/funfU1Ozo6cOvWraiOZYmK8otf/AInT56M+66NcHp6evD6
66+jtbUVzz333CO77kI3MjKCn//85yEfz8rKYsBBRERERETzbtGNiY2lBOTy5ctxueaZM2dgGEZU
xy72HRw+nw8//vGP8dlnnz3ScCPANE00NjZG/fUiIiIiIiKihWHR7eCIZYdEW1sbrl69iurq6lld
M5agZLEHHG+88Qaam5tjfl5GRgZcLheSk5ORkpICAGOjY9vb26MuTRJCYN++fdB1PeY1EBERERER
0fxhwBFBfX39rAKOS5cuoaurK+rj/X4/+vr64HK5ZnzNRHXkyJGoe5UAQHZ2Nqqrq1FbW4vS0tKw
x7a0tKC+vh6XLl3C4OBgyONWrVoV9+k5RERERERENPcYcERw7do1eDweJCUlzeh69fX1MT+nu7t7
0QUcTU1NOHz4cFTHJicnY8eOHdi9e3fU5y8tLUVpaSmee+45nDx5EufPn0dbW9u08+7fvz+mdRMR
EREREdHCsOh6cMRaAjI0NITTp0/P6Fq9vb24fv16zM/r7++f0fUSlWEYePvtt+H3+yMeW1FRgR/+
8IcxhRsTORwO7Nq1C3/4h3+IZ555Bna7feyx3bt3Y8mSJTM6LxEREREREc0vBhxRaGxsnNG1Tp8+
PaMRp9H2i3hcHD16FG63O+Jxq1atwm/+5m/GbXfLnj178L3vfQ9FRUWoqKjAjh074nJeIiIiIiIi
evQWVYmKz+fD8PBwzM978OABbt++jfLy8pied+nSpZivBSBsj4jHzdDQEE6ePBnxuGXLluGVV16J
+/ULCwvxve99b9HtmiEiIiIiInrcLKqAo6urK+zoUU3TYJrmtI9LKXHmzJmYAo7m5uZpPR4ChBBh
1xHLKNtEd/ToUfT19YU9xuVy4atf/eqcrcFmsyEzM3PW57l58yaamprQ3t4Ot9sNr9eL4eFhGIYB
m80Gu92O5ORkFBQUoKysDKtXr4bT6YzDK4jNpUuX0NjYiNbWVgwODsLn86GkpAS/8zu/88jXQkRE
REREFC+LKuDo7e0N+3h5eTlu3rwZ9LGrV69iZGQENpstqmudPXs25GNFRUW4d+9eyMdDBRzHjx/H
22+/Hfa6ZWVl+P73vx/VGqc6f/48fvazn4U9ZtOmTXENGy5cuBDxmP379y/Y3hh3795FQ0MDmpub
0dHREfK4oaEhDA0Nobe3Fw8ePMC5c+dw6NAhrF27Fjt37pzR63v11VfR1NQU8vHf//3fR2Fh4dj/
37t3D7/85S9x9+7doOsL+OCDD/Dhhx9GvY7Ozk788R//cdTrICIiIiIimguLKuCI1NuioqICra2t
QctYBgcHcfbsWWzfvj3idbxeL65duxb2OuECjlCTXjZv3hxxx8Pdu3fR3t6OnJyciOuc6vLly2Ef
F0Jg06ZNMZ83lHv37kXsvVFUVLQgx7a2tLTg8OHDuH79etjdOOEMDg7ixIkTuHTpEl588UXU1NTE
eZXjzp49i7fffntGJVpERERERESJYFE1GY0UcFgslrBlKBcvXozqOqdPnw7ZzFQIEfFGNlTAYbVa
UVtbG/a5pmmG3T0Sis/nC7l7JaCoqAglJSUxnzuUSIEKAGzZsiVu14sHr9eLf/mXf8GPfvQjNDc3
zzjcmKivrw+vvfYajh07FocVTldfX4+33nqL4QYRERERET3WFlXAEal5p6ZpYcOHu3fv4v79+xGv
E27qSlFREQoKCsI+P1TAAQBPPPEErFZr2OdfuXIl/AKDaGhoCHtdAHHfSXHr1q2wj6ekpMR1x0g8
DA0N4fPPP4dhGHE9r2EYOHTo0Iy+duHcv38/6hG8REREREREiWxRBRyRmncKIbB27dqQjR9N08Tp
06fDnqOlpSVsCLJixQpYrVYIIUIeE26UbUZGBpYvXx52De3t7bh+/XrYY6YK18sBAJxOZ9zDhgcP
HoR9vKioKK7Xi4clS5Zg3bp1c3Juv9+Pt956a0ajhUN57733IgZXREREREREjwMGHBMIIWCz2bB0
6dKQx0QKAk6fPh2ybMFisWDDhg0AAF3XQ54jXMABANu2bQsbkACqYWi0hoaGIu6mqK6uhsPhiPqc
kXR0dES8kS8tLY3b9eJp9+7dSEpKCnuMy+VCUVERli5dioKCArhcrohfMwDo6enB8ePH47JOt9sd
c9BFRERERESUqBZVk9FIwUHgBnT16tUh+0P09fXh3LlzY0HFRD6fL2yJQVlZGdLT0wGocphQAqNF
Q4UglZWVESexXLt2Lew5JmpoaAj7uRFCYOPGjRHPE4tIzUUBRCzlmS8ulwsbN27EJ598Munj6enp
qKmpwfr164NODbl69SqOHj2K27dvh+3dcebMGezatWvW6zx37lzQsccTBXYTTQxfpgZ83d3dqK+v
D3mOlJSUsL1S0tLSolwxERERERHRzC2qgCPSVn273Q4AqKurw6FDh9DT0xP0uIaGhqABx9mzZ8P2
+Vi7du3Yf1utVoyMjAQ9TkqJrq6usJNQNmzYEDbgGBgYCLnOqSLtSsnLy0NlZWXE88Qi0sheAGNh
0EK0a9cu1NfXY2BgABkZGXj66acjhkDV1dWorq7Gm2++iVOnToU8rqurC/fv35/1aNXm5uZpHxNC
oKKiAnV1dSgsLAx6jaVLl04KOS5cuBA24HA4HNizZ8+s1kpERERERDRbDDgmSE5OHvvv1atXh5xq
cevWLXR0dCA7O3vSx8NNWUlPT5/Uw8LhcIQNQ3p7e8MGHJs2bcKRI0dChjCB9UQKODweD27fvh32
mEiTW2Yi0kQbIQQyMzPjft14SUpKwo4dOzA4OIg9e/bAZrNF/dz9+/fj2rVr6O7uDnnMtWvXZh1w
TG2EWlxcjH379sU9rCIiIiIiIloIFlUPjkglKqmpqWP/vW3bNlgswfMfwzBw5syZSR9ra2tDS0tL
yHNPDQki9bPo7+8P+7iu6xGnmty6dQt9fX1hjzl//nzInSSA2tWyefPmsOeYiUgjSwP9UBayXbt2
4fnnn495nVarNWKj2La2ttksbZoVK1bge9/7HsMNIiIiIiJ6bDHgmCAjI2PsvzMzM7Fs2bKQx167
dm3S/58/fz5kvwOLxYJt27ZN+likgCPSDgcA2L59e9iba5/Ph7Nnz4Y9R6TylGXLliElJSXiWmIV
qUmnaZpR9elIVLm5uWEfj+fkk8LCQvzKr/xKxPHCREREREREiWzRBBxutztsw0WLxTKpRAVA2J4K
bW1tuHv37tj/h5tWUVVVNSk8ASIHHOHKVwLS09OxYsWKsMeECzAGBgbC7joBEFUPj5mYuFsmlHAl
HIlu6vfaVPEKOHRdx/79+xf8bhgiIiIiIqLZWjQ9OCLdLAcLHGpqapCTk4P29vZpj0kp0dDQgJKS
ErS1teHBgwchzz2x90a4600U7Q3utm3b0NjYGHIqR2tra8iGlfX19WFHtWZnZ2PlypVRrSNWLpcr
4jFutzvsyN6FaHBwEFevXkVbWxu6urrQ09OD4eFh+Hw+jIyMwO/3Y2RkJOwUFQDw+/1xWc/y5ctR
UVERl3MREREREREtZIsm4IjU0yIwQWWqNWvW4PBLQeA4AAAgAElEQVThw0EfC0ypaGhoCLk7JC8v
L2hIEKlEI9qAo7y8HKWlpbhz507Qx6WUOHfuXNCAI9xIW0AFPHNl6o6WYO7cuRP38bRzob29HadP
n8adO3fwxRdfxC2ciIf169fP9xKIiIiIiIgeiUUTcETqaeF0OoN+fOvWrfj000+DNsXs6OjAzZs3
g47jDKirq4vpegEejyfs4xNt2rQpZMABqCDjhRdemPSxnp6eSSU2U1ksljlpLhqQkZEBp9MZNsgJ
NwZ3IWhpacGxY8fQ1NS0oEKNALvdjtWrV8/3MoiIiIiIiB6JRdODI1JPi1A7OFJSUsL2uTh16lTI
8hSn04ktW7YEfSzSDo5IDVEn2rBhQ9gdEW63e1ovjvPnz4e9Ka+srIxql8VsFBUVhX28vb09aHnQ
QvDRRx/hRz/6ERobGxdkuAFg2hhjIiIiIiKix9miCTgi7YgIt6Ni8+bNEEIEfezixYshy1NWrlwZ
8ryRmkzGEnAAoXeKBDQ0NEz6/0jlKevWrYvp+jMRqTeEaZo4duzYnK8jFj6fD6+//jref/99GIYx
38sJa64DKiIiIiIiooVk0QQckXpahGv6uXTp0qA9LMIRQmDr1q0hH480ejXWKRrbt28P+xqam5sx
MjICQO3oaG1tDXnskiVLsHbt2piuPxMrV64MGRwFNDY2RjVR5lH5t3/7N1y4cCHq4y0WC/Ly8lBV
VYVVq1ahrq4OmzZtQm1t7RyuUonUyJaIiIiIiOhxsmh6cETawRGpZKSuri5sKDBVaWkpSkpKQj6e
np4e9vmx7uBISUnBypUrcf78+aCPe71eNDQ0YPPmzWhoaAi7+2DVqlUxXXum8vPzkZWVhY6OjpDH
eL1evP/++3jppZceyZrCuXz58rSdMMFkZmaitrYWS5cuRXl5OaxW67Rjrly5gsbGxrlY5phHNRo2
0kQYIiIiIiKiR4E7OEZFCji2bNkSsaxkokjTKzIzM6FpoT/9fr8/YmPUqbZv3x72nDdu3ACAsA1J
dV0P2TdkLmzYsCHiMWfOnMHly5fndB0DAwMRQ6Xjx4+HvZnXdR1PPfUU/uRP/gT79u1DVVVV0HAD
APr6+ma13mhYLI8mvww3apiIiIiIiOhRWTQBR6Sb10gBh9VqjXpsalpaWlQ37qEamwa43e6orhdQ
XFyM8vLykI+3tLQAAO7fvx/ymLKyMuTk5MR03dl44oknIu5mMU0Tv/zlL9HV1TUna3C73fiHf/gH
vP322yGP8Xg8YafOACpgeu6556K65kKfEDNRpFIXj8fDkIOIiIiIiOYdA45R0ezO2LJlS9gdEgG1
tbXQdT3icZECjpm8y79p06aQj/X09ODcuXNhd4ZEalYab1arNWyvkoDe3l78+Mc/xsOHD+N6/cuX
L+Pv/u7vcP/+fdTX16O+vj7ocbdu3Qo7LcVqtWLv3r1RXdPn8+H69eszWu98iBR4+f3+kKVRRERE
REREjwoDjlEulyviOQoLC8PukABUWcC2bduiWlOkd8ZjLVEBVECRlZUV8vGPP/445GMulytiac1c
2LlzZ1QTP7q6uvCP//iPuHnz5qyv6fP58M477+C1114bC5KklHjnnXeC7hTp7+8Pez6XyxWyHGWq
o0ePoru7O/ZFz5OMjIyI5S7Hjx/nLg4iIiIiIppXiyLgGBwcjHjzlZaWFtW5IgUAy5YtQ2ZmZlTn
irSDY6bTQ8KNeO3s7Az52MqVK6PaeRJvuq7jxRdfjKpnRE9PD3784x/jjTfemPHn5/Tp0/jrv/5r
fPLJJ9OarQ4MDOCNN94IusZwol3LwMAAPvvss+gXu0BECgDb2trw6quvziiUIyIiIiIiiodFMUUl
Uu8GXdcj9oEI2LBhA9xuN0zTDPp4dXV11OtyOp1hH480+SWUbdu24dixYzGNmtU0LWx5y1yrrq7G
s88+i0OHDkU81jAMnDlzBk1NTVixYgVqa2uxfPnysM9paWnB5cuX0djYGHH3xM2bN/HBBx9gz549
Yx+LZurNiRMnsH379pDH+Hw+vPbaawtq7G20li1bhtOnT4c95vr16/jLv/xLVFdXY8WKFcjMzITd
bodpmsjPz39EKyUiIiIiosVqUQQckXpZRNpJMdXEG9/ZmKuAIykpCTU1NTh79mzUzykuLkZRUdGM
rhcvu3btwoMHD3Dx4sWojh8YGMDZs2dx9uxZpKenIz09HSkpKUhJSYEQAh6PB4ODg+jo6EBvb29M
azl69ChWrVqFwsJCAEBBQQEsFkvYPhyHDx9GWlpa0Ga0X3zxBd54442Eai460caNG3HmzJmII2GH
hoZw4cIFXLhwYexj1dXV+I3f+I25XiIRERERES1yiyLgiLRtPlIvjLkS6bqx7MCYatu2baivrw+5
02SqNWvWzPha8fTyyy/D6/Wiubk5puf19PSgp6cnbutYvXr1WLgBACkpKSguLsbt27dDPsfj8eCf
/umfsGzZMuTn5yMjIwMejwf37t3D9evXE7pHRUlJCZYuXTo2apiIiIiIiGihWTQ9OMKJdQdHvEQa
TTubgKOwsBBLly6Neh3zWZ4ykcPhwHe/+11s3rwZQohHfn2LxYJnn30WBw8enPZYuN4mAVJKNDc3
45NPPsFbb72F999/H01NTUHDjWj7viwUL7/8MlJTU+d7GUREREREREEx4EDkUpG5Eum6kSa/RLJl
y5aojluxYgVsNtusrhVvL7/8Mr70pS890qanmZmZ+M53voNnn3026OObN2+OOEUnWpWVlQnXlyIz
MxMHDhyYtx1PRERERERE4SyKgCNSL4v5umFLTk4O+/hsdnAAqswiNzc37DFCCGzcuHFW15kru3bt
wne+8x2UlZXN6XUsFgvWrVuH3/u938OyZcvCHvvVr341qpG24eTk5OBb3/rWtAkuiaCmpga/9Vu/
FfH7ioiIiIiI6FFbFAFHpKBgvgKOlJSUsI8PDw/P+hqRyioKCgpQUVEx6+vMlaqqKnz/+9/HwYMH
kZeXF9dzWywWrFq1Cr/7u7+Lb37zmxEDJwDIzs7GK6+8MuO1FBQU4Fd/9Vcjfu0XsuLiYvzgBz/A
l770pVmHPURERERERPGyKJqMRgo4IvXCmCsulyvs48PDwzAMY1ZlGtXV1WFHr9bW1s743I9SXV0d
6urqUF9fjytXruDOnTsRp+MEI4RAdnY2Vq1ahc2bN8/oBj0/Px8/+MEP8N5776G+vj6qaTcOhwMb
N27E3r17F1w50EzYbDbs3r0bu3fvxpUrV9Dc3IyHDx9icHAQXq8XHo8HpmnCbrdHFRwRERERERHN
lpCR5j5SQnvrrbdw8uTJoI/Z7Xb8p//0n+Yt4Jmt5uZmNDU1we12w+PxwOPxwOv1wuv1Qtd1OByO
sX9ycnJQXFyM5cuXIzMzM25r8Hq9OH36NG7fvo22tjZ4PB6MjIzAZrMhKSkJGRkZWLZsGerq6pCe
nh636xIREREREdFkDDgeYz6fD3/xF38RckxubW0tvv3tbz/iVRER0f/P3p1HSVbX9/9/3rX26mWW
no1hG5AMuMSARsOXmPhFckIMiSaYHM2CCTGLSXA5mkUS95iDS1yOSTxGPcREMGqQg0o8UfQH+RIH
CAISwBlkYPbp6bW2u39+f9z7uXWrpnumB3qWHt6Pc4burq6qvnXvraY/r/v+vD9CCCGEEGL5PSt6
cDxbfec731k03AC4+OKLT+DWCCGEEEIIIYQQx48EHKepmZkZ/uu//mvR709MTHDBBRecwC0SQggh
hBBCCCGOHwk4TkNzc3PceOONR2x++dznPvcEbpEQQgghhBBCCHF8PStWUTkdfeELXyAMQ/7P//k/
nH322fnt3/ve9/jOd77D1NTUoo+tVqtceumlJ2IzhRBCCCGEEEKIE0ICjhVodnaWhx9+mCAIePjh
h2k0GpTLZebn5/E876iPf+ELX7hiV04RQgghhBBCCCEWIgHHCnTXXXcRBAEASinm5+eZn59f0mPH
x8e5/PLLj+fmCSGEEEIIIYQQJ5z04FhhwjDk+9///tN6rG3bvPKVr6RSqSzzVgkhhBBCCCGEECeX
BBwrzN13373kao0i0zR55StfyYUXXngctkoIIYQQQgghhDi5ZIrKCnPfffcd82MqlQpXXXUVL3zh
C4/DFgkhhBBCCCGEECefoZRSJ3sjxNI98sgj/Od//ie7du066n1N02Tr1q1cccUVTExMnICtE0II
IYQQQgghTg4JOFao7du388ADD7Bnzx5arRadTodSqUSz2aTZbLJu3Touvvhi1q1bd7I3VQghhBBC
CCGEOO4k4BBCCCGEEEIIIcSKJ01GhRBCCCGEEEIIseJJwCGEEEIIIYQQQogVTwIOIYQQQgghhBBC
rHgScAghhBBCCCGEEGLFk4BDCCGEEEIIIYQQK54EHEIIIYQQQgghhFjxJOAQQgghhBBCCCHEiicB
hxBCCCGEEEIIIVY8CTiEEEIIIYQQQgix4knAIYQQQgghhBBCiBVPAg4hhBBCCCGEEEKseBJwCCGE
EEIIIYQQYsWTgEMIIYQQQgghhBArngQcQgghhBBCCCGEWPEk4BBCCCGEEEIIIcSKJwGHEEIIIYQQ
QgghVjwJOIQQQgghhBBCCLHiScAhhBBCCCGEEEKIFU8CDiGEEEIIIYQQQqx4EnAIIYQQQgghhBBi
xZOAQwghhBBCCCGEECueBBxCCCGEEEIIIYRY8STgEEIIIYQQQgghxIonAYcQQgghhBBCCCFWPAk4
hBBCCCGEEEIIseJJwCGEEEIIIYQQQogVTwIOIYQQQgghhBBCrHgScAghhBBCCCGEEGLFk4BDCCGE
EEIIIYQQK54EHEIIIYQQQgghhFjxJOAQQgghhBBCCCHEiicBhxBCCCGEEEIIIVY8CTiEEEIIIYQQ
Qgix4knAIYQQQgghhBBCiBVPAg4hhBBCCCGEEEKseBJwCCGEEEIIIYQQYsWTgEMIIYQQQgghhBAr
ngQcQgghhBBCCCGEWPEk4BBCCCGEEEIIIcSKJwGHEEIIIYQQQgghVjwJOIQQQgghhBBCCLHiScAh
hBBCCCGEEEKIFU8CDiGEEEIIIYQQQqx4EnAIIYQQQgghhBBixZOAQwghhBBCCCGEECueBBxCCCGE
EEIIIYRY8STgEEIIIYQQQgghxIonAYcQQgghhBBCCCFWPAk4hBBCCCGEEEIIseJJwCGEEEIIIYQQ
QogVTwIOIYQQQgghhBBCrHgScAghhBBCCCGEEGLFk4BDCCGEEEIIIYQQK54EHEIIIYQQQgghhFjx
JOAQQgghhBBCCCHEiicBhxBCCCGEEEIIIVY8CTiEEEIIIYQQQgix4knAIYQQQgghhBBCiBVPAg4h
hBBCCCGEEEKseBJwCCGEEEIIIYQQYsWTgEMIIYQQQgghhBArngQcQgghhBBCCCGEWPEk4BBCCCGE
EEIIIcSKJwGHEEIIIYQQQgghVjwJOIQQQgghhBBCCLHiScAhhBBCCCGEEEKIFc8+2RtwqomjgDDo
EkcBSRQSxyFJHKJUkt9HKYVS6pieN0mSo9/pGTgVt2k5meYyZXHKOqa7J4nCsmxM0ySOYyzLwjRN
PM9j9+7d3H///TzwwAP87//+L61WiyAIqVbqJInC931c1yUIApIkwTCM/Bi5rksURTiOQ9kt0e12
sR0b3/MZGR1BKYWhQGX3DcOQUrmMAdiOS7vTpdlo0mq3qFaqzMzOUK/XMTCIkxjTMNPnrpQpl8o0
Gg1K5RKO46RPSnrO6G3wPI+e1wMFioTQiEmycyqKIqIoIo5joijCNM18P6TPA5bpEkUJSZLgOA6G
Ad2uR6vVwvN6RFGMYUC5XKJarVOrVajVy1iWTZLExHGMbTs4jp09r4FhABiAQiny/RfHMUmS/iyl
FLZtYxhG/s80TQwDgsDHNPXXBpZlYds2juPkr8G2bWzbxrIsXNelVCoRxzHtdhulFJVKBcMw8H2f
MAwHjt/IaIP1G9ZSr9VoNBuU3BLlcpl6o97fFiP92YZpYGEShxG2YeWvRd9vofeuYQCGIklC4jhG
KZVvtz5+h53e2TEr7g8j3ZGL0s+nj+fRHmcmx/YeSk+4lfO7Zvkc635a2PCxMAwT07YxLQfTsrEc
F7tUwbLdZfl5QgghhBArmaGOdVR8GgqDLn53jjDoksTRUe9/KoYJp+I2LaeTFXCAgWna+b4tl8t0
Oh0eeeQRvvGNb/DII49w6NAUURRmAYhDFMYYhsns7CyjoyP4foDruvi+j2VZBIFPuVzG8/z+oNt1
qFSqqCShUq1Scl1GRkYI44hyqYRpGDRHRoijGLdcoev5TKydoNPtMD4+zsz0DNVaFa/nEScxSZwG
AFk+QJIkBGFAGKTbmb00DMPA8zwM0gAgikKCKMRyLcIoJMgG9jpMiKIoDwMs28Y0DJQC03SJAkWi
ElzHRaGYn59nbm6OwA/SbUoSUArDNCmXHcbGRhkdG6VcLqfnb5IO4F3XxbRMLNMCo39uW5aVf178
F8cxhg5E9OAcqNbKxElMFIYkWThgW1YeFmQJCmmOkj7GyO5TDLQqlQqO66aPSxIsy0pDEsskjgJM
06RSrWBZFiW3xNj4GFEUUSqVqNfqNBoNavUaZdelWa1TygKWJEmDCMexSU8vle/n9F+CaYFS0UDA
0Q+Wlifg0AFQuhsGg6IF7y8BxxIdn4BjMaZlY5cqlKpN7FJlWX62EEIIIcRK86yu4IjjgF7rEH6v
dbI3RZyiDMPMqgdMarUa8/PzfPvbd/Ctb32L7du3EwQBcRwThhGe57F6VY3A72JZ0O12qdfr+L6P
baeVCWNjY5imyfr16wEolUq4lbTColypEPh+XrUx0mwSxTFhEGBZFrV6nbm5OaIYcHokhkGYJEzP
zzPbmqcb+MRxGiIoFFEUE0cRYRTS6/VwHRcnCw8CP6DnedmAOsEwTUzDJB2MKrxOlyD088oFXTkQ
ZNuSKIWdBQCGYWImMXGSBim+CoiiCN8PiKIYDAPHcUmSBM/z8LodZudC5ubnWdPtsnbtWur1OqZl
ZkFMiK1ssI08CEi3EwarNNLPFw7qFN2uhyINc2w7/VXn+X7/8f2DnH9UShEnCYlKf2YUx3S63Xwf
mKZJuVzOw5ZSqUSv16NUctF5Q3PyEKZpYVk2ruukx9h1sU2Lim3RbDSo1+uUy2VqtRrNZpNqtYrr
ulQqVQzDIAgCer0uigTTJNvPC1d6PFP6OY/X84sTI4kjgm6LoNvCKdeojKzGsp2TvVlCCCGEECfU
s7KCQyUxvfYUfm8efdX0mB5/ClZLnIrbtJyWr4Ijnf5wDD8Zy7KxbYdDhw5x55138o1vfIMnnngi
n66ht63b7XLGGWcQBAmrV6+m1WqxdeuPEYYR4+NjtFotVq1ahe8HrBofZ741T5wk9IIADKjWakxN
HqLWqKOSBMd2cEounVabJEkwbYvW/DxhDEEUYWIQZ1UaKlbESUwYhkRhlFdM6KoE0zTp9XokSToV
xLJMEqXweh62bRGEYVpBYZmoOJ1OEmdTI9LqgTQH8Dw/Ox4GlmXjODa25WAaJZRKA4ooigiCgCDw
8f0Aw0gDG9M0iaKYIPAJw4AoTkOD0dFRVq9eTbVaBcinkeipJHpKij4FhqsNomiw6ip9Hyhc1yVO
gqzywQIUYRBSKpXykEapJA9PIKsSSRRRHGWhlEWSJNi2RRTFhGGQT/PpeR4G0O32GB0bxTIter0e
tmNRcssYpollmWnYYZqYRpoo12sVSqUSSikcx6FWqzEyMkK5XKbZbDI2NsboyCjVWhWIME2FZVuY
Rn//KhTmAlf1lSINrI6hgqO4L9P7ptUwOhQ67B0hFRxLdGIrOBZ4JKVak0pzHMNcnm0RQgghhDjV
PesqOFQS05ndRxT08mFuVsW/ZMU/NnWocKrnRLqUH8inReiv9evRIcmyhQkDexjSvbzI58rEIMFY
ZCBkKNW/t1LpFXYFluOgMFAoDN2vAYjDGMsxs0FhOnXCMiyiOKRku/ngMsgGrGEQ4rouvV4P0zIx
DQPbdgijGMd18Hyf/7r7v7jnvnuYmZth0xmb8sF5nMSsm1hHGIVs2rSJ+XaXcqXC7MwMzZERAt9P
pzuUHTp+l063Q6vXotVqpZUQbjrY9QKfrt/DsE2CIMDzPBzHIYqivOeEHwSYhgOGSRylryuOIsAg
jiOiOCLJwg4grcowQsIgIMn6yERhlD4ujjFNK++vYRgGKkkIo5AoDLIjozAwwcj2vzKBhChM0qkf
cQIlC/AxsIjitJLF9zySJH1POI5LqexiYGDbFtVqGUWC7/fo9Tzm5+cwDEiSMRzHQSkXwwDLMvLQ
JA3jFhrQq4GKjvz8SJJ0gB4r4ihGJWkfDNt2iSJFFIeQnTH6HDUME5SByv4lcTptJkkS4jhBJZDE
6Swny3IouTA3P5eecQp838PzPVzlYlk2Rmzg+2nopLIeLCXHpev5AxUoug9Ko9GgXC5TKpVojoxQ
rZQZHWvSaNRoNhv5903TSY+VkW6zYfSDDRVHkKSBjkoSDCutVAnDMK20KfQkUUn6PjJMA5SRVbD0
B9NJTDaNCVC6J4pJYoCxyK87tcD3ssk/Q8dv+LfuEX43LOnzE/H7V7+GpWyT/nqx+xzLa1RZADd8
+9GCD4XfmSOOAurj6zGW7fe6EEIIIcSp61kVcCRxSGdqD0kcHtM1/IUUy7mfTvXEiTQ88Cs2Eyxa
9tehFhrUHPlzQ4GxwGDFGKo2MZMElUUiinQKSbH/gucHGMrEME2UkWAY6ZQB2zKxzXSqRRSFRGGI
ZaZTM9rtFiMjI0RRRKPRYGp6mt179nJoegbbttmzdw9rJ9YyOjbK6Ogonuexdu1a9u/fT71eZ3p6
miAKmZqbwupYzM/N48UeQZA2qY2itIeDyvpQYEPJKREEMaZp4gc+pmXSarcIw7R6IsiChnSQHafP
oRJILOKsz0a/6ab+ONiIEyNJKzLi6LAeDUqFCx46w7Dy54IkCxEMTNPCMCyUirPtUdh2gmEoIM62
IUQRY2cNQ0slm3LZyXp4KEzTII6NvEqj1WrR6bSxbYtarUZ/wNrvOXGk6RO6Ekk3y9SvW1eb6PNL
xennSqns3NRDUF0RkjaVTfuBGARRjFIRhqGnKqUDyyCISX9Ugu952I5FomLiJM6CGZMwTHtzpO+5
/jSZIFIkXpg1nU0rk7rdLkEQUK/Xcd20EWyz2cS2LQwjwXFt6vUazeZIOp2lUmF81SrGx8colyuU
y2Vs2wKlMA0L27KJ44huz8sbp9qWg6X7jySkoQZkyYiZVgEl/QoOMEiy/d0PPHXIke++BR32PUUa
kh1+li3T5/rr41klYtBfdGwp26TP1WTo6+LnC912+OeL/Uo2DJOlVIlEfo/Wod3Ux9djypQVIYQQ
QpzmnjUBRxT06M7sQ2WDjQHDF95OQ6ZpYtt2frVeVzAUV6N4+qXQx2axn2FkYcXCf8/3bzUMA8O2
sA2LMElQCwx+q9VqPsDUwU6iEixl0O15WaWAolZvEIYhlWqNXbv34JbKbN++nWq1yr333kvP92l3
PZrNEaJYYdkurmHR6XrMzc1h2S7tTo84gflWhyiBbqeH47r0ej7j4y4tr8PY2Bizs7OYpp0P2HVV
QhRFqKwRqN5W/RGK4UZEFEaAA1gkcT/c0MdUV+qEYZhOV4kiMBIcx84DkKUca9d1BwKv/tQFI1uR
pB8k6Cak+TZGUXYfM6s4MPMeFnrVkiAICENFuVwGYHZ2lunpaaIool6vD1QTua6bTjeJF3jv6rND
NxsdCh4Xu++Rbtevq9jwU38O5P1IdMjjlpyBqqfidujH6aAmidPn73Q6eJ6XhRM2vZ5Hp9MlSRLK
5TKrVq2iVqti2QZKJRw8ODmwL8rlMpVKhWazyfj4OOPj4zSbTeqVMmONCiXXpdEcybcnDCNcwyTO
GpsaWYARRjGOY2aNYgffR8v2u+BYS+TEsovDgLnJ3TRWb8B2Sid7c4QQQgghjptnRcChVEJv7uDC
4cazQLGM37KsfEDquu4JCzWGLfwzjfSC52LbkwVRaam9iWFahHEytIRi+rnv+/nXeRWAaWJi5IPO
Xq9Ht9tl3759mKbJE088we7du9mzZw+u6zIzO0vXD+h0e7Q7XRSKJE7y8MBxHLpeDy/wibPpI4Zt
YTvpFIJqtYqXNfL0PO+wwbLvp01BTdMmjmLCwlSRtOEnWaPLbJnWKEqbiKZLi+ShQrFaoxh49Afl
KpvmEg/0XTnSVKQ0dOlXe+SHQA1WVegwpV+tkD6/DjL0FIw4jvNBuW7M6XleGi5VKsRxzNzcHK1W
67DzVQcmRzpPFwotnm5vneGAI+97UdgfafPTiG6vS3OkgVKKdrtNHMd575D8+BV6tSiVvp52u83s
7CzNZpORkZGBgKrbTYOOIBhhbGwU27GyYw6BHxAGEWEQ0e32OHhwEng8XdnFdii7FqP1CmtWr2Ji
YoK1a9eyZs0aRkZG6Ha7A9ulX4v+qKu7BkMtcbpQSUxn5iDN1Ruf9dNVHnzwQT7zmc/w3//93+zc
uZO5uTmSJKFer7Nx40a2bt3K1Vdfzate9aqTvalCCCGEOEbPiiajnek9RH530e/HKjliyfVihper
PJmOtg16YKqUyqc/6ICjODgdHtA+s41auKHnYktQKpVAHLPY5d7h6QoJEGGA2R8M6/uEYTgwUNPV
BUkUMz15iLm5Oaanp+l0OkxOTuJnq2u0Wq28IeeqVauYnm+jsv2j+5bo56pUKpimSafTyZthuq7L
wcn0arvjOPi+j+u6eePNYlPSNGhS2dKySd5rQ79WPejUlRj9KSMmKjEPCzj6DUH7+y9dDjWdvhLH
/ec/8gokHDbQtSwrXzlErwiTVmGkU1z0vtFhR6lUyiuEDMPIqw3K5TJRFNHtdpmfnycMQxqNBoZh
MDs7S6fTwbZtarVa3nNCryBSKi1+5Xm42tHsgyEAACAASURBVORIgchitw9XzwwHHMVKGYAkiWi3
W5x9zllYlpUHZWvWrMn3R3EVGtd1MY30XDhw4ADT09N5BUa3283fozpASys5xqlWK/n+1MdM31cH
SZBWaphE2MSgEkqlEmNjY5x11lmcffbZnHvuufl5p1fDKZfLdLvdgf2lz0895ac4pe3p/G4wWLxn
x/IYng5yPBSnqCzF8d+mtP/K0puH6i2yy1WaqzYcn406xU1OTvKnf/qnfOUrX8lD8CPZsmUL11xz
DX/xF39xArZOHC+lUokgCPKvb7nlFq666qqTuEWLO/fcc/nRj36Uf/2pT32Ka6+99iRu0fIaPhaL
MU2TRqPB2rVree5zn8vVV1/Na17zmhOwhSfP6X7sTzWyv09vp30FR9CdO2K48WxQbDCqg4A4jvG8
dI5+cQlKPSA9nhYfKBkkeQ+Aw5m2g23bKKXSVTqikMboKFEWOPR6vbxaoNfr5QP/KIrodDq0Wi3m
ZuaZn59namoq6wmRXplvtVqsWbOGIE6olSsYYUSpWkPNtVAxGKaFSgxMwybO+hZ0O17aJyNIl0UN
wzDtA2Kmg6EwjDFNG8cpEUVppUYaMPWncsRxjGVFacPQwqBa7ycdpvSnZxgkiUESc1i1xmJhhV4p
pDjlYrEVSBbc74WpPsUKDl1dUQxlyuVy/k8PvvWUCtd188BG//GiK1zK5TKjo6P5AN/zvIEB/JEC
PH3uFpvoPp0lT4vhXr9HST9I0MehX22RBlqQVrxYlpV/PVxZk1dwZP1RioFJr9ejXC7T6XTyyqok
SbLgAXy/SqPRoFar5dUh6So1Qb7iTB78GQZR1tw19gPmd+9hcnqGPfsP0PUDzjjjjDRQShRRkhCp
weoXHaBI9cbpK/S7eJ05yrWRk70pJ9SDDz7Iq171Kh5//PElP2bHjh385V/+JV/96lf5zGc+w4UX
Xngct1AIoSVJwtzcHHNzc2zfvp2vfOUr3HDDDXzsYx/jpS996cnePCHEKe60DjiUSvBaU8/oOYYH
SgsNmpYyGDgRFR4LbetCK77oAZvv+/kATA8Kl3eDyC8b6qvAehvSFTz6A+f0infafFMl/e2OkxjL
tEhUgu/7+EHA1NQU7XYbx3X43j33ogxotVr4vk+v18P3fWq1Gr7v59MkwjCk3W7Tmm9jWw5xElMq
lYijOAt5bHw/II4T5ubm8X2fffv20+n52K6LChVhFmL0sikEpmViGSZmVtHglkoo+g0+e71eXr2h
rxYWqwPS/WLRaXvo5pdKgVLFMCPOBssJSqUhSRIr4vjwKSrF41wMBBRpVczwFBUgn/6h6RBEV2sA
eWUMMBAAuK6bVxU0m818dR7dJ6L4uGLli2VZ+TKplpUurRqGIZZlUa/X6fV6dDoder1ePqXFsqyB
6pPix+HwozhVpni/4c8XUqziKPby0AGCfp/oip9yuUwQBPn+KJfLA9OD9GvU+yKMBitDdDVFs9nM
qz1089V2u02v56XNcKOEKEqoVivZssXp0sVhGNFud7N+JxVMInyvg21b+XS0MIqJ49202m1e8PwX
sPXCrdTr9fw9YRuDFUPFqq7i75SnExrB4Fo14tTQa01TqjayRqWnvwMHDvArv/Iri4YbuheQ53kL
fv++++5j7969EnAIcRLdd999XHnllXz5y1/mZ3/2Z0/25gghTmGndcDht6efUd+NYqXB0aaiLGXg
dDwNBxnDJfu6jF3fpgf+etBZ7FWxXCzLBkV+xbt4pT2KovyPymLooQeEpmnmPRra7TatVou9e/cS
hiEHDx6k1+uxdt0E373zTsbGx4jjmGazSa1WI4oiarVaPt1BVyl4PY84VriuTbVWT3tgJOlCqOVK
lW7PI8p6bMRxwuzcPEGU4M+3hnc2luPg2HbWI6O/3G76Gsn7a3ief1iVRTGQMAwT348AM2s90l+p
oj9QhiRJV/iIojBfnabYK6J41V1PacmrLSwwzcFmpXpfF8+L4aaY+rzRgZjrujQajbTfg+PkQYZu
2KqPm65O0duiKyuGAxP9s4IgwPf9/HnL5XL+ON/3KZVKeSAyPP1En8P68+JrKd62UNA3TO8ffZ9i
SKErSRzHycMfpWIsuz/ty/f9vJqiGGIUj0uS9Htg6GkiOszQ778gCNKVT2ybMIzw/QilOhiGhWGY
2HaC66qsp0kV142zZYUDbFtRKlWyqh1FuhqOotXu4Ach3/nu/8feffu55JJL2LRpE+VShV63VWge
aw1sd3GfP93KDsXSQmBx4iRJTK81Q7W56mRvygnxl3/5l2zfvn3gtlqtxu/8zu/w6le/mp/8yZ8E
4N577+V73/seN998M9u2bct/V1xxxRVcfvnlJ3y7hTjdveQlL6HZbB52e6/X48knn2T37t0DDcZn
Z2d5/etfzwMPPMDIyLOrCk0IsXSnbcCRRAF+Z/Zkb8YpTQ/E9MBOX2k+0moVxyIKQ4pjyWKI4jhO
3lCzVCoRxzFj4+N0PR/P83jiiZ3s3LkTgAceeIBms8ns7Cy+77N3zx5mZmdxHIcoCbEdm9WrV+dN
LOfm5piZmUmvTmcDeNu2SRJFY3QUy3SIk4QoAT+MCaJ0ClMYBnS7vWzaRNbs07IxbSdvbNpvFtnv
ZRJFhdVJAPKAIy6EOhF6xRT9Tz/Gtl2KfUf0H9V6nupwMGQYVrriTOG2YqilA4y8isFISJebTAae
P33NYT69pjiVYnR0lFqtxujoKM1mk0qlklcv6EoNff4UQ5Ph3hWLTZ3R4YlSKp+SoZVKpTww0AEI
pFdZh6sqlrP/zfDzFIMUvapMcWqO53WBdPuDIKDb7WLbNuVyOQ8D2u02AI1GI202argD05D0MSyG
GrqXiQ63dFBmGGkIUq1W85VRqtUqrutSrday/RniddtpcKcUpmnly/WGUYTf7vI/33+Qg4emefGL
X8zFL3wB5UqFoNfLjwWk52+xamd4GotY+bzOLOXaCKZ12v4ZAKTVG//6r/86cNu6deu4/fbbef7z
nz9w+0tf+lJe+tKX8qY3vYmvfe1r/Omf/im7du3i+uuvP5GbLMSzxtvf/vYj9kO5/fbbedOb3sSj
jz6a3/bkk09yww038N73vvdEbKIQYgU6bf+yCXrzsEwDn9NVsSxdD8b1AGs5KFReTg8M9JLQ1Rt6
sLd3714wDH74+I/odrv88Ic/pDXfAhSPPvoolm2ze/fudNBmmGw6YxOrxsc5/4Lz8oHh/HzaX2N6
epqJiYm8iSpkVQOWSeD7xEmAKgzMdbPMuFC9kE/ZsWwMI72qHcUxRDFJISiIwmigYgLShopBEOTT
cNJVTPRUkjj/XC8LE8dh9nzZIFspFGmAYhomZtbsMcqmM2RtG/MQQVdj6IBBN4fUYUcUB1nAcvj7
oVKpUKlUWLVqFfV6nVqtRqlUotFo4DjOQJBRrGjQocNiAYa+X7F6BwYbVuppJzo80JVEOiTQj9Or
kBRDAf2zj6ZY8XG0KRbDg/jiNuuKp+L2dTotTKtfSaP3nd5u27bzY2FZVjqtxVIDfTx0uKFDPx0w
6gDMcWzAIAyCrEdHes5VqhWUgna7jWWmU34azQaVSpVatUwcR4T63A4Cwuz81OHRk089RRhF7Nu7
mxdd/OM0azUqlUoedsnqKqc/pRReZ+60r+L4whe+QK/Xy782DINPfOITh4Ubw6688kpe9KIXcfPN
N+cVHkKIE+vnfu7nOPPMM3nJS17C3Nxcfvvtt98uAYcQYlGnbcARep2TvQkrgh6ADTe4XA6lUgmV
kA+YhldB6Xa7TE1N0Wq1eOCBB/DDiB0/2kkQBOzcuRPLspiZmSEIAlzXpV5vsmXLFs466yxGRkbo
dFqoBGZmZvKgolKpMDo6mjd8LDZzjKIYhUHPT6+260F6Pug2TZyhqTuBHxDGC/dg0fcprnJiAJZh
EPhBPjDU+7fY8wT0INokDD1QxkCAUJwmUFx1pRgSDU+j0IPRTqczON3HAstKVzapVqvUssGs67o0
m818uokexAP569HL22rFqg39tQ4qilNFhht/6tdRnOZQXFK2uE91OOC67sBrXagXznCfmWHDAcdS
Fae2FPtRFN8n3W6Xer2G53n4vs/o6CjlchnP8/LH6ZVfimHiQmGRUipflae/nQa2ZWOZLipJQ7NO
u0sUxsSxolZL+37EhiIIIrpdj0rVodGoUiq7VGs1avV6XjHk+356DiqF4zjMzs3x/Qceotua48ef
/zy2bNkysPJNMdAYDjnE6SHw2qd9wFG88guwadMmXv3qVy/psWvWrOGNb3zj8dgsIcQS/diP/Ri/
/Mu/zOc+97n8tuLqF0IIMey0DDiSKCCJjr4M1bOdHgBDP+BYruoNgDAICYJ0GkelUsl6CoS0Wi32
79/P/v372bFjB7Ozs2zfvh3Lddm37yBRHDM3N0etVgPguc99LuVymfPOOy9fPnNqagrHsQgCH9My
8n4QvV4vbzQK/akilmXR7XkkiU1YWPmkuKRp3tg0+77v+wRRQpxVVigGe1X4vp8HHHmlggLbMAiD
dIpBcQnP4aVGdcARZwuZJImueEj7JxQDp8GB8eAUh+FBp369lUqFer1Oo1ljzZrV2LY10DdDr1gC
5JUSett0JcLw0qgLNfsc7i2ipzoNr7BS/Khv1wNnx3EGVinRVRP6McO9Qor/9Dm8kOG+HUcLOYrf
L4YNeh/okMn3febn52k2G/i+T6vVol6v5/vANM18io0OzBzHIQz6lTb69evn1n1IdBAYRTGJIqvQ
KJMkKuu14RMEIZ1Oh7GxcWq1WhY+gOcFKCKqcQUgrwoxTZNarYZhGANL9NqlEo888giBl07NOuec
c6hWqwMVSXq/yOoqp584ComjAMt2T/amHDczMzMDX5911lknZ0OEEE/b1q1bB74uVnMIIcSw0zLg
ONbqDb3Yh5H9Pa+M9PP8OqqiX92fzirI76/vW3zcQp+faEtd2aVYWTHcFPGw52RoSoDqNyTVU0ey
O6b/sSycskXFtLEsk+m5Wfbs2s0TO59g7759tOfbHDh4gOnpKZ584kksN13dxLYdxsdHKVfSnhpn
nLGBiYl1uK7Ltnu2sWnjJjyvy+o1m9h/4CCWYROrBNd2iJMecWJwaHIaTJMg8EniBNO28L2ATten
VK5Qq9aolGsYhkIpgyRWJCokChPCKCSJI5IkbZRqZb0zgmyKSBxFRFkDzIGlQ5MEMDCVmU23AMMI
+1NPUCSJIgwCEpVkM6gUlunk9ykOeMMwHKjSyPt8GKR9NZSR7WYT07BwSy6Nep2xsXHGV43TbDQo
lcpgJIRhMNCjQz93Glik1S2g8l4jrVZr4NjqjzoU0qFCXrlSqE4oNqUcnkZSDEWGw4dilUOx38nw
Cj/DAcdw4JLfj7iwgoeZvWf7TVwPZ6JUv2KmSB8TXQ3heR5RFGM7Nomv0sCh3cM00yk9BhbdTpcw
Cii5ZUwjwXFclAqy8EqRJEYeZEFCEIS4bozrZs9hpCGHAZiWgePYxHG/N0casvUwzLRHiOu4JElM
q+UThum0K70KjW4Eq/urNJsNej2P1twc1VqNnU8+iR+GKOC8888HFCYGCSqrSgJlGEBCohIMll4R
U/z1mZ8HhduO9vnR72tgoLLtS4+xMtQinyf931tGgqHMI9y3+Hn6w5a+rceyTSr7f8XwMyaAWdiD
5tD3l+d/LIHXoVI/fQOORqMx8PW+ffuOy88JgoB/+7d/49Zbb2Xnzp3s37+fgwcPAjAyMsJ5553H
pZdeynXXXcfExMRx2YblcOedd/KVr3yFu+66i3379uUVko1GgzPOOIMXvOAFXHvttce8VGe73eaf
/umf+Na3vsVDDz3EzMwM3W6X0dFR1q1bx2WXXcbrXve6FTcd6EQe9y9+8YvceOONPPDAA0xPT5Mk
CatXr+a8887jyiuv5A1veAP1en3Jz7dv3z5uuOEGtm3bxt69e9m3bx+lUomJiQkmJia47LLLuPba
aznzzDOf0XYvh+H/L4+Oji7pcSfi+Byv98yJ8E//9E986Utfyt+Tz/Sckv0tThWGOg1rjruz+wl7
raPfMZMkSf7HKQyGEwtRKFSy9N2mDIjV0fsFHA9Ppwnjgk0hSTBUnO2jfgk9GDi2i++H2LZLnK2e
4bgusWkRqYQojHlq1y7uuWcbM9MzzM3PkSQJd915F6Zp0vN6rF+3gUPTB3EcE8/zef7zn8+6detY
v359tgSsh23btNsdXNchSdJVJJxSjZmZ2fTPf8Og1W7TabfxsqvnvuelvQyyKRjNxhjpQDbtD5L2
x4iy6omIIEhDjLTJaLbEaRITBCFhGOQD+iRJ6Ha7WfNHCIKQJIlxnDK9TjqtI10NJKLX62VX5ENc
t0S326VSKWerXPR7bxQH68VQIUmSNFRT6XmniDFNRaVSZXR0lFWrxhkdHaNSKWcVGiUsK63O6HY9
4jjEsvqDIx2spCFKpM8UBgdMCw+eitNJhs+Z4d4YxSkOw/90o9JiGKIrG3SYMBz4VCqVw6qMhvtq
9KsuFHESkIY26XlqmvqjuWDIoRIDsAbCleGKE11pMT+fLiV8xhmbCMOIKAoxDDPb/2lT2snJg3S7
Xdav35BXdEShot1us3//ftrtThpaJAm2lTYDrdXqNBtNXNchjCKSJMqPVZIkefNVXSmTLk1boVpN
e6nYjoFtm1hWf1qN4ziUSiVqtRrVajWvrqnX64RBSLVk43kejmNjGgaXvOgSzn/OediWRRxHxEmE
49j9vhyxgWlYA/vnWPtzGOnSKhjm8gzSddh8dAO/6VnsPF8syFgOC22rwUL/z1l8+2CwT8xS5Bn9
0EPcSp3G2LolP89K84EPfIA///M/H7jtk5/8JH/wB3+wLM8fBAHvete7+PSnP53/IX8kY2NjvPe9
7+UP//APF73Ptm3bePGLX5x/7bpuXpV4NN/85je54oor8q+bzeaSrnb/93//N+9617v45je/edT+
RqZp8lM/9VO84x3v4BWveMVRn/ujH/0oH/rQh9i1a9cR7+e6Lr/5m7/Jxz72MSqVylGfd6lKpVI+
JRXglltuOWJjy6U4Hscd4Nxzzx2YfvGpT32Kyy67jDe/+c184xvfOOLfc1u2bOFv//ZvedWrXnXU
7XnLW97CZz7zGWZnj9yMv1wuc8011/ChD31oWY7J0z0W1157LZ/+9Kfzry+88EJ+8IMfLHr/43V8
ipb7PbPQsb/22msXfc73vve9Aw2QdX+h4ddQfF79+2Dbtm287W1v47vf/e4Rt3up55Tsb3GqOS0r
OJSu+T8GA0O7o/01+zT+2l36H+CnLsNYqCzFIE6S7AoxuKUSfhDglkrMtrvce//97Nq1i5mZGQ4e
PMjjjz9Oq9XCtu20R0CtxszMDE/sfALbNrjoRRezdu0aJiYmaLc79Ho9duzYwZlnbiaOk3yVB8sy
CeOE6f2ThFk1hV55IopiJiencF2XyclJxsZGWb1mgnK5BMoiDOPsSnyc90DQU0g8z8unr+jXrAfv
+j7F/hT663a7TRzHVKt1Ou0eYNDreemyrqRLEurpJY5jEwQBQRBQLpfT5pOFwUocp/cr9ruwbZta
vU6jXqc50qDRqNJsNqnX6/nVeV1N0u12DuvzkIYERj69JUnSq8Jp5QYMD/wWCzL0lJZhwwPdYrBW
rOoo9ufIe4RkoYSu1FioqehwL47FVmbp9+RQeTPYtJKG7DUf6U1oDLxJi71N9OdhGOJ5HnNzc/m0
EB04VCqVbKpTGi41Gk1GRkbzKhTXdYnCIKu+0BUokMQJYVbVYZkerpOGcSXXJQgVUTbdzrYtTNMg
SfT5HmTHM0GpmDiOcEs2lUoJpezs3I2J44QwjAjDKD/nTNNkamoqXfrWrFKr1bNQLODRxx6lUi1z
3nlbcFybVmueOEnPrVKpDMkz/0WmsmOyXJb+u/XoIR4M/opf7isAC23rwmfmifkfhlrGaYmnote8
5jW8853vHAgIrrvuOpRSz/gP0yAI+Imf+IkjDrSGzczM8MY3vpFut8tb3/rWZ/Tzl8unPvUp3vKW
t+SrPh1NkiTceeedXHXVVbz97W/nne9854L3C4KA3/3d3+Wf//mfl/S8QRDw6U9/mu3bt/Pv//7v
jI2NLfUlnFAn8rgHQcAv/MIvsGPHjqPed8eOHbz2ta/lk5/8JNdcc82i93vd617Hv/zLvyzp53ue
x9///d+TJAn/8A//sOTtXk67du3illtuGbjt53/+5xe9/4k4PsfrPbNUX//613nf+943cNs111yz
pN9pd999N6985SuZmpo66n2Xck7J/hanotMy4EjihQdh4ulLL7iahfTHyP8ZRjrQq1Qr6Rz/Xo+H
H/5fHn5sO9vuu5darcbu3bs5cOAAk5OTbNy4EcdxOHDgAD/60Y9wXZfNmzfzspddhmUZTM9Mc/Dg
ZN4f44ILLgDSddFt26bb7RLHMV4Q0Wp52I5Dp5OGIUpBr9el2+1mV67LTEysp1KppNUWqKxKw88H
ysWVVHT/juKAGsgH3MVlXsNsykpx2ge0CYIQy7JRpOFEnMT4Mz5mFpbo5VHTgXtUWKLXRK+OEieg
VDpoHh8fZ/Xq1YyvSvstuK4F9AOXXq83MHWkuHSs7vMBBip7zkSRV4LkhUVDl6x1AHLYebDI1aPh
IKAYbizUCLRYxaFXG9EBh15CuBgwpMv89nt9pOFUuvF6usxwn40kURhmOnQ0zX7T0EUbkyoL6E8H
KjZF1V/rcCsIAprNZt6LBaBer2NZVr7deklXXcFT7OdR7Gui95E+ZpZl4TgOjlvLmn5GAyvMVCqV
PJjTVR36GMSxAyjK5dLAeZYkCb1eL6sASZek7fV6jI+Ps3v3XjZt2kCv12PNmlX4XsB99/0PlmWx
bt1EvqrOzOwUYRDiGM6JGnuLEyCtEjp9nX322fz6r//6QIPCIAj4kz/5E+644w7e+c53cuGFFz6t
53Zdl61btw78YW+aJhdccAFnnnkmGzZsYHJykocffpjHH388v49Sir/+67/m5S9/OT/+4z/+tF/b
cvjgBz/In/3Znx3Wf8uyLLZu3crmzZuxbZudO9Ol24vVIJ7n8W//9m+LDh5+67d+i5tuumngttHR
US6//HKe85znMD4+zqOPPsq3vvWtgf3z3e9+lze+8Y1LHoSfaCfyuN9www08+eST+deNRoMtW7Yw
MTHB3r17+cEPfjAQ+Huexx/+4R9y7rnnctlllx32fF/84hcPWzbZMAxe+MIXsnnzZtrtNnv27GHH
jh15pYXrurz+9a9f2s5ZZo899hivf/3rOXToUH7b+Pj4ESuwjvfxOZ7vmaV48skn+f3f/308z8tv
u/jii/nEJz5x1McahsFrX/vagXDjmZ5Tsr/Fqej0DDiS0/uK1EljGIUxbzpoRhnYjps3P3zqqafY
tWsXD//gESZnZ3n00UcZHR1lcjINLMbHx5mfn+fAgQMAnHHGGfzET/wElUqFRqPJ5OR+xsfHmZ6e
ZnR0lPn5+Xx1FF3p4HkecRzT6fkYhkPgR3TaPTqdTto807BZv24jlmVRciuMjozR6/WYnZ3HcVyi
KMkrNPRg1ff9gY/9vg5pKKAHucWAQ4cqutpBD57LlTKO49BoNGg2m5TL5bzKY2Zmhvn5+TS8Kbt4
nodpmURxQKLSKQ4jow3q9TqrV6+mXE77kJTL5Xzw3Ol0CMNgYFqIbmRZHOz2p3ekPSH07elHWPw6
tQIVLziIXag/BUAcqzxwGO6Rkd7W/59lOvjvr1SjV0zRz18MM5RS+VK1vZ6f7/vi/+iU6ocX/YAj
3R4jSV9Pkn+PLOxYKKiJgf5z6BVd9LF3HAcgb9DaaDQGGqsWAwzTNPMgTj9eNygdrhCC/hQYHZak
YZVJuZIGFfp1659fnGqiA5O0r0pa0YEyKJWMbBUdG9tKl3+OwoRe4hNHacWIShSu49Jud0iSmDCM
CQKPIDC55557OeusM1m/fiLtzWLYOK5LEsjv19PJs+H/lx/84Ae5//77eeCBB/Lb4jjmS1/6El//
+te5+uqrue666466dOxC/uqv/orbbruNKIq4+uqr+aM/+qPD+kgEQcDf/M3f8J73vCf/3dXtdvnI
Rz7CjTfe+Mxe3DPw9a9/neuvv37g96lpmrz61a/mr//6rw8Lfnq9Hh/72Mf4x3/8R5544gls2+ZD
H/rQgs/94Q9/+LBw45d+6Ze44YYb2LJly8Dtc3NzvOlNb+Kzn/1sfttNN93E1Vdf/YynkhwvJ+q4
63Bj9erVXH/99fzJn/zJwPe3bdvGddddx913353f5nkeb37zm7n33nsPe74bb7xx4ELFyMgIn//8
5/mFX/iFgfs9/PDDfPzjH+ezn/0sV111FS960YuWtL3H6qabbuKOO+447HbP83j88ce59957B6bR
2LbNxz/+cc4+++wjPu/xOj7H8z2zVNdcc83AdK+1a9dy4403LmkK0dzcXB4AjI+Pc/3113PdddcN
3OdYzymQ/S1OPadlD465fduP6f5Hm8s17Fj7Wigju0p7Eq56LlcPDkhwbCsbGRsUA46RkVEmJw+x
Y8fjbP/hdh559BEOHZrmyT17mG+3GBkZodVq0e126fV6JElCrVbjuc99LmvXrmV0dDSftpIkEeVy
iThJQKX9CsimLSRxDIZBmFVb+FFMHBlMHuo326rX6/nVds/zaLfb+WosvZ6HYdgkCahs8ByEId1O
B8/3icKQIBuEkl2BN8x0oFycnqIHlDpwsW07XzGj0WiwdetFXHrppZxzzjl4nken0yEIAgzD4NCh
Q9xzzz3cc889+VV9vXzryMgIo6OjNBoNSqX+FXj98/pX/fvVFf2KhsFVL4rVKUkMcWxgYGGYuk+F
7smxUD8ClVeJDLMWmbqSn2fFcKP4jEqRFL5vmArLMvP9p1d20WHGcC8OgNnZeeIo69Wh0uaXuuID
AMPA1AGHoUibNCYMV3YMLsVapCuSBuKZOwAAIABJREFUBvt65MFVuZwfx507d3Luuedm51UacjWb
zfxc0EGcUopqtYphGIRhyNxsh+npaSYnJ/Pv6elVxak41WqV0bFRRkebOI6VByRJkk7TMk0zCxW9
PNRKK2LSf6VSKd+n5XLam2V4epC+faReJYpCGo169jNixsZGCQKfWr3CxMRa1qxZw/j4GOPjq6g6
5fw4Pd0eHPq+sipLn3mM/yderh4cAKs2bDn8xtPMnj17eP3rX883v/nNBb/vui6XX345b3vb2xa8
Snkk73//+3nxi1/My1/+8iPe7zWveQ1f/OIX8683btzI7t27D7vfierBcdFFF/Hwww8P/JwPfvCD
/PEf//ERf8bU1BS/9Vu/xbp16wb6ImjtdpvzzjuP/fv357ddccUV3H777Ud83pe+9KUDg6qlPGYp
jkcPDlj+4w6H9wWAdCB622238ZKXvGTBxwRBwM/93M8dFhTcfPPNXH311QO3XXDBBTz22GP517/3
e7/HP/7jPy667V/72tc444wzeN7znrfofY7F8LE4Fhs2bOAjH/nIYa9pMcfj+Byv9wwsrSfEW9/6
1oEBu+M4fP7znz/iPlnonBoZGeHWW29d9HfdsZxTmuxvcSo5LSs4xPGQBRr6D2pl5F/v3r2Hhx76
Ad/+9h1YlsUPf/hDwjDG8zw2bdrErl27aLVaxHFMvV5n7dq1jI+Pc/755+cNG0dHR1EqIYrSHgf1
ep0oili1ajXbt2+nWq0CEAQ+vu/T6/UIopgwhGq1xujoCI5TIgzT8vvZ2dmsEWiPTqfH6tXj6ZSF
fNidXlX3PZ92u5P34dCDSL2qh2WZJCrKe2bogahpptUWYRjSbrexbZvzzz+fn/zJn+QFL3gBQRCy
Y8f2/HX3el08L+Cqq36RLVvOZWZmmrm5OVavXs3atWvzn5f2Z4jodNrZiiZkU4AUURQShnG+koYO
APRUD90jQlcV9KfBGPi9GNNMp8GkHxdfWhUjwbIqLBRwJMnRp38NV5YUB9X6e6ZKV4kwjP70Fj1Y
09NV9FSVtKomwvdDkri/Mkt/9RUdYuj2ENkUFCPByKdUmVklTrqP04qSYrijG48Wq076r0Fvv54q
ogMtvb26iqe41K5e+tayLHzfz6e46PsUl4TVy+/2pzqRLetr02zWKZfLQBqmBEGQhxzAQBDUD2bC
rDrGIY5VVoGSNiRNkgjP86lUTObm5mjPzlGrVXAdl7n5OVatWsX+/QfYuHEjrfl5kkQxOXmI1atX
MT4+zkUXbF20R4sQp6qNGzfyH//xH/zVX/0VH/rQh+h2uwPfD4KAr33ta9x+++1ceeWVvOMd7+CS
Sy5Z0nP/xV/8xZLu99a3vnXgD/s9e/bwgx/8gIsuumjpL2SZ/MM//MPAwAHg7W9/+1EHDgCrVq3i
tttuo9frLfj9v/u7vxsIN9atWzdQnbGY97///fzMz/xM/vUdd9zB5OQka9asOepjT4YTddyvv/76
RcMNSAd9H/vYx7jkkksGyug/97nPHTYQK34fOGqfkyuvvHJJ23gi1Gq1ozZFLVru43M83zNLcfPN
N/PRj3504LY3v/nNT2uw/fa3v/2IQe6xnFOa7G9xKpG/Ulm87P7pVD+cLMu5rcNLduYrSJDupzAM
GR1tMj/X4rHHfsj/+393s3dvuirE9PQ0nZ6HbbkkScITTzxBu92m0WhgWRbnn38+4+PjnHXWWUxN
TWGaJvV6HS9b7SQdENrMzKRXnOI4plyuplUXShGGMd1uukQnRtojIAhjkgRs281WDUkrNYIgXbZz
fr6FZaXTU+I4II6SPCTRTUX7gQCkfTAgimLCKCAIevmAVG+j7slRq9U455xzeNGLXsSZZ55JFEXc
f///cODAAXbteopez2NmZpZKpcSaNWv54hdv4txzz+Hyy/8vrdY8IyNNXLeM73v5ihjz83Ps3r2b
yclJ5uZm0+VIbTsLOCJM08r3jQ4H9LYVl5btnxwWBg769EiS/hK0tmMPrG+plCJdVtbPzwP9r9i/
ori6SBzH+YC72Cej2ERUn1f6XxSFhFmFg23b+aBdT/8oTg9Jpw6FhEFEcd6MrmZRKiwEUv2fl8QK
DJU1GdVhh0KpdGWSYqiSfkgWfQ8V+4LoKiQ9ZaTX6w1MaSmVSnlVhq7c0NNuXDedluS6bh6YDE81
0f01Zmdn8fwe3W4zn66k9weQ7/NitUgURfi+T6VSw7YtokiRJGTnTY9qNaJcdrGs9L1iGDa2lQYz
MzOzlEolPM+nXEpLLz0vPS6zs7Mopdi7dx8zk1NMrJ1gw4YNjI+P5xVSSqlshaBKXmGS9hA5OStI
Hclivy9XUlXJkX7nL/b/NAHvfve7ee1rX8t73vMevvzlLx824IvjmFtvvZVvf/vbvO997ztsSsAz
cckll1Aulwd+5vbt209KwFEcYABs3bqVd7/73cf0HIuVaA9XXVx++eWsX7/+qM/3spe9LJ+iCmno
9B//8R+87nWvO6btOtU8k+O+efPmw6YQLOSiiy7il3/5l/nCF76Q33bPPfccdr+JiYmBnh633HIL
b3rTm07ppYu17du384Y3vIGbbrqJr33ta8s2RWCpx+d4vmeO5pFHHuGP//iP8787IH1ffeADHzjm
51q3bh1vectbjnq/pZ5Tx+rZtr/FySEBhziM7h+gpwxA9oe/ZdLreYyOjHJwcopt2+7hwQcfpNf1
eWrXbubm5tNBqlti7959hEmE5/XYtGkTGzZs4Nxzz8XNlms9ePAg9Xod3/exLIvp6WlKpRLdbg/H
cfJBXFr90B+86avSpVIZw3LwvQBMK++J4XkenuflV831QPPAgYOMjaUNFKMozpf21JUb3W4X23ay
q/Ne3gsiisO8saQejOuB/gUXXMBLXvISNmzYQKfTYefOnRw4sJ9DhyaJooi1a9dmU0cSNm7cyObN
mxkdHWXDhg0YhkGj0cg7Qnuex+rVq1FK0W43OfPMzUxPT/PYY49x7733cujQFLVaNQt50oH+8NSL
4akV/ePp4DoGURijghjTsLLeDAa+l4UDloFp2pimgZntT0jylWaAvCqhPzUhXZUlDTS8/D79oEhh
WclAQNIPzvrVHLrviT5uevCvp96kx0jh2OWsqmUwdElXgkny1UJSKl3a1NRNYnU1hjqsAiTdfwnF
qT/D+zaO4zwM0wN3y7LyioriNulGuIZhUKlUKJVK+eP1uaT3lZ6SUtyvugonzhqY6itW4+PjVCqV
vBdLsVJENztNwze70PtDYRj988Wy+kvM2radBTdJFowEWQNSl1LZxZl3SSudoORmSx53PXbt2s3+
ffuZn5/PA741a9bkAZcOq3TopqeMCXGqeM5znsPnP/953va2t/HBD36Qr3zlK3Q6nYH7tNttrrvu
Ou6///4lVR8czdTUFDMzM6xdu5annnpq4PYTrdfrHTaX/jd+4zeW5bnb7Tbf//73B277xV/8xSU/
fsuWLWzbti3/+sEHH1yW7TpZnulx/+mf/ukl/6zf+Z3fGRiM6imxxUqkK664YmD/PvbYY1x66aW8
733vOylXpo80Xeiuu+7innvu4bOf/SwPPfRQfvsdd9zBr/3ar/HVr371Gf/8pR6f4/meWcxtt92W
VzDoaibtrLPOetq/ly677LK879nRLOWcOhbPxv0tTg4JOMRhdF8DvVqD/sMviCPK5Qq7du/he9/b
xsMP/y9PPvkUnU6PyYOTjI6O0+l2efzxx6nXG5x51mYc1+aiiy5izZo1VKtVdu3alfcpKJfL2YC+
nQ2o08qJIAjpdnv54EgPmJQCy7IplUrp4AmDMADTtvNgozgQBfJGj+nPiLEtlzhW2WoSft74EdKp
BrpZarpt5FMk9H6JoogtW7Zw5ZVXctZZZ7Fr1y4eeughWq0WU1NTHDhwgFWrxmg0GrziFa/Asiwe
eughLr744rwPSbvdZt26ddx999089dRTeJ5Ho9HIB68AmzZt4swzz+TSSy9l/fr1fPe73+Xhhx/B
tvX0EiO/r64mKK7MobcX0oCjXKpkS5Mm+WPTJUd1BUjal0N/VMoYCCT6FRvDlQ/px+LV5OIVcH3/
4n3Syg6FZRsD01b0cdBBh65GSAfkDnHkLxhwFPXDg7TZpmGqwn7oV50Up8X0p9GkIcdCz19scJUk
Sd4jpVarpUu6Zueknh7U6XTyihLdg6MYchSrbIqruuifmzYEDYkihe/38mBkfHycUqmU7y8duulp
PZ7nE8f9Cpria9Yfdbihp72k3Uyy5qTZ9kRxlFWaOASBT7PZQCVQKpXxOx081cubbvm+z8zMDOec
c05eZaL3w0qqiBDPPs973vO48cYbede73sX73vc+/uVf/mXgqqJSis997nOMjY3x4Q9/+KjPt2/f
Pm655RbuvPNOHn/88Xx6Zq/XO2wFAO3p9iN4Ju666y5arVb+tWEYvOpVr1qW537wwQcPC4t+9Vd/
9Wk/38zMzDPdpOPueB73Y1ll5+KLL87/P6Q99NBDA4PRd7zjHdx2223cf//9+W07duzgNa95De99
73v57d/+bf7gD/7glGigeOmll3LppZfyR3/0R7zhDW8YWAnp1ltv5ctf/jKvfvWrj/o8y3F8jud7
ZjG33nrrgrdXq1U+/elPs3Hjxqf1vMt9Tg2T/S1OBRJwiMMUlzKN43R6hFsqUSpX2fGjH/Htb3+b
PXv2sHfvPg4cPIjrlnHLZaZmppmbnWfDxk2UK2XOPOssNm/elA/sDh48mF+dr9frzM7O4rouk5OT
eaNRy3QIwwivl1Z2lEolbCu9Wu7Ybj5YCsOQrh+Acoi6PrOzc3Q6HVzXJYoiWq0WjuPQaqW32ZbL
ockpKpUqhtFfSlUPHPurUKh8RYx0ydgOhpkOItevX89ll13G5s2b2b9/P3feeSe9Xo+nnnqKVqtF
rVZj7do1hJGPacGhqYNMTEzglmwefOj73HvvvflAc/369bRaLdauXUu1uo7NmzfzyCOP4PldwjBk
8pBDtVZm48aNvOxnLmPd+rXcfPPN7Nz5FI7tYln9Jo96e4eXXNXHMq1sCPMmoyiIk4Q4jvLqmLQS
IyIKElAQRQlpX4rBSobi0qOaYRiUy+WBqShasQqoGBgkKiSKgsOCEr2cqd5+fTxc10UlJmkvDTWw
ykrxOYr/fD/IpqcMBjLFqT0Dr8+I+f/Ze/NoSc76vP9Te1f1dvsus8+dTaNtsCQ0kuCHwYbYJHZM
IAQSQhxIbPnYiZ3EgANWjBxzjuGEOMZCSQCzGpvNJIAE2ELAMYuDFjDySCONtlk0M3f2u/XeXfvv
j7fe6uq+fUd3YEaMcT3n9Nzb1bW89b5v9dzv836/zzNKcMhSJEnyWJaV9oPUZFFVNb1/qZ9Rq9VS
5xUZ7KuqmpJlUqRTtksSIpIsMU2TMLLodjuJZkaf+fl5XNdl/fr1FIvFlHCTfWsYogzJdQOiMCII
IzRNIY5CAiWxvQ29dH/PDfA8H8cwMEw9ybpIni/PJ1AFsdNqNQmCkHK5TLFoo2oq1coE/X4fKbh6
7tw5+v0+GzZsYHp6Os0qkff9d6XUL8ffT+zYsYOPfOQj/Oqv/ipvfetb+eu//uuhzz/wgQ/wr//1
v+bGG28ce/y+fft4z3vew1133bVC2+O5xlqetVOnTg29n5iY4Morr7wo1x899w+LH6aG/lLjuRj3
CwmqqtUq69at4/Tp0+k2We4jYZomH/nIR3j961/P008/PfTZo48+ym/91m/xnve8h1tvvZXf+q3f
olqt/nA3cBFgmibvf//7eeCBB4YEUv/4j//4vATHxRyfS/nMXCg2bNgwJEJ8oZidnV3zvmuZUxJ5
f+e4nJATHDlWQAawnU4ndbjww4CHv/tdDjzxBE899RTz5+ZZWq6j6wau63Hq1CkMw2JmZobt27dT
q9UolYtD+gBRFOE4TpppIUtDJLnguh6qMtBBkCvNkiCRmiCynMH1AzxfodcT2RuNRiPVcRBlKH5y
rJsGWY1GU1imZgJfBRVNVQjDACUJ0jsd8eVsFWw2bJjipptuYtu2bbiuy2OPPcapU6fSlaUwDKlW
q4kegc3zb7yOZrNFq9VkamoSyzJ56KGHMAyd2dltrFu3jqNHn8FxbBYXFzh5sk+jUefgwYOI7AqV
hYUF5ufP8fjjj/P85z+fHTu288pXvpIDBw5QKlWwTJt2u532n7w/SU7J9zKzI4pCFEUTQpwJ6RFF
AYqiJhkgPkEgSI8oArcfEkcKYRQSZTICpF5JEApXGyHfoeD2PTFvyIhdxiKQ13RNuJtksiKi2CeK
3JSgyc67rIWq3N/3fVTFQgiFkGqGgJKsCIxkCSgxcRwm55FjLcZWnD9peUpwJPupgoCS181mVsh5
Ke2IOx2hOWOaZqpDEsdxSlDIe5B9JrVSCoVCmr0kr2Pbdkq0DeyK3YSsEkRGr9dLyZZarZZmS2QF
XFVVx9BV3LCf2S4dZUizkqJIlH4ZHR3PLlAoWNhOAcsyExvdKM3wAIVGo0G/36Ne1ylaJk7SXsuy
aDabhGHIvn372LhxI9u3b2fjxo1MTEz8MF9DOXI857jlllv49re/zRve8AY++clPptv7/T7/+3//
bz72sY+tOOZP//RP+c3f/M1VnUqea5w8efJZ9xkNUKSI98XAhYhArgWXQ4A9Ds/VuFcqlQvaf2Zm
ZigYza6CS9x4443cf//9/MZv/Aaf//znh3QGQASXv//7v89HP/pR/vAP/5DXv/71P1jjLyJs2+YN
b3gDt99+e7rtu9/97qr7X+zxuZTPzIXiyJEjvPWtb+UDH/jAD3T85OTkBe2/ljmV93eOyw05wXHZ
Y7yN54X9ztjPpcFErAx/FMegKBoQYFoFgiDgqaee5qF9+zhy+AinTp3hyOEjTE9Ps9yos7QkMjFm
pqeZmVnHrl276HQ6qQWmaVq0221qtQmazVZSetDHth0WFxcplUo0m21UVQdFw1BVwigmjKHd6dLp
dun3esKFIgzxkrIFRdXp9oJEP0MniuLUrcI0DRqNBoZhJAKmMbbt4LoNoigUThpJcj4I67IwiiDJ
CoiikKuuuopbbrmRqeka9foyjz76KMvLy0JItdOhUqmkVpszMzOsX78e27ZotdocOnQotWNdWFhg
ZmYdmqalriszM+tYWFjAMAQhs7y8TLlcTgNh3/ep1+ssLy+jKOD7HrVajZtvvglilW63z9mzCr7v
Eceh0JtICCCR3ZHNVECUeCSkkqrKEhUjXWmXRIjQ3AAqJtJthoS4IIYgDAkTpw8/CIijKLHx9Ymj
mDCKiKNI/IwjAj9Ij5EZD2EYEMcBqiYCckUZ6FEoiiiD8DwfEM4fquqLID3WURRBlqjagCzRdYM4
ToiYKEwyB0Isy0zEQyWJIVxbBIkTJ4G8cKlRFFA1BSWOkvIcWe6jJv2l0u97hGFEs9miXC7jeQFx
rNDve9TrTTRNkDXFYpGlpWWKxWJKQkhXGMsyKBYdiqUiCiqqJj7TNYMoDgl8kVXhBx6BH1BvLNNu
iwwKTRNCpQsLi7RabarVKtVqlULBSvpBjFkc+YC0+RXlRvL31D3IlQSTQuD5WL0+hb6LY9tCf8PQ
ABfTMrAsG8/r02p38FyX9TNTsLBItVIhCCK6fZdKdYKF+XO4gc/S0hK7rriCa669BtsqnN+xJ0cK
[...]
1L9IPyeRZs+ePbLb7fV/bDabbDabrFarrFarLBZL/d91fyQZ/m5vBBwAAAAA4MeaNWv0wQcf1P+c
mJiohx9+OIw9AkLPLAGHNSStAAAAAAAAtCMCDgAAAAAAYHoEHAAAAAAAwPRYRQUAAAAA/Bg2bJiG
DRsW7m4ACAIjOAAAAAAAgOkRcAAAAAAAANMj4AAAAAAAAKZHwAEAAAAAAEyPgAMAAAAAAJgeAQcA
AAAAADA9Ag4AAAAAAGB6BBwAAAAAAMD0CDgAAAAAAIDpEXAAAAAAAADTI+AAAAAAAACmR8ABAAAA
AABMj4ADAAAAAACYHgEHAAAAAAAwPQIOAAAAAABgegQcAAAAAADA9Ag4AAAAAACA6RFwAAAAAAAA
0yPgAAAAAAAApkfAAQAAAAAATI+AAwAAAAAAmB4BBwAAAAAAMD0CDgAAAAAAYHoEHAAAAAAAwPQI
OAAAAAAAgOkRcAAAAAAAANMj4AAAAAAAAKZHwAEAAAAAAEyPgAMAAAAAAJgeAQcAAAAAADA9Ag4A
AAAAAGB6BBwAAAAAAMD0CDgAAAAAAIDpEXAAAAAAAADTI+AAAAAAAACmR8ABAAAAAABMj4ADAAAA
AACYHgEHAAAAAAAwPQIOAAAAAABgegQcAAAAAADA9Ag4AAAAAACA6RFwAAAAAAAA0yPgAAAAAAAA
pkfAAQAAAAAATI+AAwAAAAAAmB4BBwAAAAAAMD0CDgAAAAAAYHoEHAAAAAAAwPQIOAAAAAAAgOkR
cAAAAAAAANMj4AAAAAAAAKZHwAEAAAAAAEyPgAMAAAAAAJgeAQcAAAAAADA9Ag4AAAAAAGB6BBwA
AAAAAMD0CDgAAAAAAIDpEXAAAAAAAADTiwp3B2BUnb1OVWtXy7l5o6q3bpZzy+ZwdwkAAAAAjnv2
fv0V3W+A7P0GKGbEmYruPzDcXUIDBBwRxF1SoqK/PKzy2bPC3RUAAAAAQCPOLXVfQM+SLBYlTrtO
KXffL2tycri7BvGISsSoXLpIOReOJdwAAAAAADPweFQ28y3lXDhWlUsXhbs3EAFHRKhctkT5N18r
V15uuLsCAAAAAGgGV16u8m++lpAjAhBwhJm7uFgF9/0u3N0AAAAAALRCwR/vkafCEe5uHNcIOMKs
8OH75crLC3c3AAAAAACt4MrLVdGTj4a7G8c1Ao4wchcVyjH/03B3AwAAAADQBsref0fuwoJwd+O4
RcARRlWrV0pud7i7AQAAAABoC263qtasCncvjlsEHGFUtXJFuLsAAAAAAGhD1evWhrsLxy0CjjCq
+uH7cHcBAAAAANCGqn4g4AgXAo4w8VRVybl1c7i7AQAAAABoQ9Xrf5CnsjLc3TguEXCEiSUmRp6q
qnB3AwAAAADQhjyVlbLExoa7G8clAg4AAAAAAGB6BBwAAAAAAMD0CDgAAAAAAIDpEXAAAAAAAADT
I+AAAAAAAACmR8ABAAAAAABMj4ADAAAAAACYHgEHAAAAAAAwPQIOAAAAAABgegQcAAAAAADA9Ag4
AAAAAACA6RFwAAAAAAAA0yPgAAAAAAAApkfAAQAAAAAATI+AAwAAAAAAmB4BBwAAAAAAMD0CDgAA
AAAAYHoEHAAAAAAAwPQIOAAAAAAAgOkRcAAAAAAAANMj4AAAAAAAAKZHwAEAAAAAAEyPgAMAAAAA
AJgeAQcAAAAAADA9Ag4AAAAAAGB6BBwAAAAAAMD0CDgAAAAAAIDpEXAAAAAAAADTiwp3BwAAAMLB
Yrcr7vzxij13nOw9e8mali5rSqqsSUnyVFXKXVYud0mRanbvknP7NlUs/ELVG9eHu9sAAMAPAg4A
ppVy7wNK/uXtzTrGU1Uld0mxXLk5qv7hezk+n6eqlSvaqYeAt7TH/qbEadd6lR257SZVLPyixXV2
mr9I9lP6tLZrQTv6u9vl+OS/IWuvPUT16KmUO36n2HPGypqa5nMfS3yCbPEJsmVlyd6rt+LGX6Tk
238j57atcsybq9K3XpfHUd5kW8l3/FYpv73Xq6zo8YdV+tbrbfK7HC84jwCAYBBwADiuWGJiZMvM
ki0zS9EDT1PitOtUuXyZip99im9mgWOcNT1DKXf9XgmX/1yWuPjmV2CxyN63n1L69lPitTeq+B9/
V/n7M9u+owAAoEWYgwPA8c1mU+zoscp86z0lTLki3L0B0E6iTxusjrPmKvGaG1oWbjRiy8pS+l+e
UodXZsjW+YQ26CEAAGgtRnAAgCRrSorS/vK03KWlrXpcAEDkibtwotL/8pTfx1Hk8ci5Y5ucO3fI
ffSIXEePyBIbK2tKmuwn95C9T19Z09KNx1ksijvvAlli45R/3VXt+0sAbSz+wonKePEVr7KiJx9V
6Ruv+DkCACIfAQeAY0rZ22/K8cVnPrdZE5Nk79VbUSedrNhzzpUtK8truyUmRulPPqOcDdly5eaE
ortAqxXc//ugRyTYe/ZS2qN/9SqrWv2div/xbNDtObdva1b/wi32nHOV8fcXZImNNWzzlJep7MP3
5fjoA1Vv3hiwnoSrpivh8p8rZsjpksXSoBKPyj98r627DQAAWoCAA8AxxXX0iKq+W+53e93oDGt6
hlLvfUAJl10p2Wz1263pGUq+43cqfOi+du8r0Baqs9cFva8lym4o85Q7Ar5mzCyqW3elP/mMz3Cj
YtFCFf3tMdXs3hVUXeXvz1T5+zMVM3yEUu/7k6IHD62tZ8F8OeZ+3Kb9BgAALcMcHACOS+6Coyr4
490qffNVw7b4iy/1eUMEwFzS//4P2Tp19i70eFT61us6cuv1QYcbDVWtXqncKy5R8QvPynX4kIqe
fLSNegsAAFqLgAPAca342b+p5uABrzJrUpLiLrgwTD0C0BYSrpqumNOHG8pLZ7ymoscfbnX9JS88
p5yLxxnePwAAQPgQcAA4rnmcTlWvW2sojxk6LAy9AdBWkm78haGsau0aFT3xSJu14S4ubrO6AABA
6zEHB4Djnq9h6tb0jBbVFTN0mJJu+ZWiTxtcW0eNU4fGjJS74GiTx1piYxU3/iLFnj1G0QNOlTUt
XdaUFMnjkbukWO6jR1W9MVuVSxer4qsF8jidLepjY9akJMVdOFGxZ4+pXS0iJVXWlFTJ45GnvEyu
vDw5t22R44vPVLFgfovbiR11tmLPH6+Y04fL1iGztg2bTe6iIrmPHlHV96vkmP+pqlauaPXvFKq2
ok7uofhLJiv2rHMUdUKX2lU6bDa5S4pVs3+fqlZ9p9JX/3XM3wiH69r1J3H6dbL36u1V5qmqUuGf
IndunYTLrlTcRZcouk9fWdPSZImOkbu8XO4j+aretEHlH3+oyq8Xt6qNUL4GQ/W+EgqRdn0DAPwj
4ABw3Ks5sN9QZk1KMpQl3/Fbpfz2Xq+y/BumqfKbpbLExir1jw8r4YqrZYmJ+WkHu3FSx8YsdruS
br5Niddcb5wv4H9ssbGyZXWUvV9/JVw5VTU/7lPZW2+odMZrTdbvjzUpSUm/vEOJV03zvQSmaleW
saZnyN63n+IvvUzO7VtV/t+PVPrKv4JuJ3b0WCX/+i7FDB/hc7stK0u2rCzZ+/VX4vTrVbHoSxX/
/W9y7mj+ah2hasualKTku+5W4tXTfa5gYuuQKVuHTMUMHaaEy65U6asv+ZzvxezCde02JW7czwxl
FV8tkHP71nZrs6XiJ01R0i9uU3T/gYZt1uRkWZOTFdWjp+IvvlQVX36ugvt+J3dpabPaCOVrMFTv
K8GKHnK6sma8I0tC4k+FbrcKHrhH5R++H/DYUF3fHT/6VNGDhtT/7Kmq0oEBPYI+XpIyX3tbsWPP
8yo7NHq4XIcPeZWlP/MPJUy5wm89qQ/8WakP/NlQXvdvHQBEOh5RAXDci+p6oqHMXVbWrDrSn35e
idOv9w43ghA98DR1/GSBUu653+8HaF+iunVX6p8eVcePP5O95ynNalOSYkaOUsdPFyr5tjv83oT4
Yu/dV6l/eFBZH8yR/ZQ+Te6fcs8flfnav/3eWBlYLIo7f7wy//OBYs88K+h+hbItW+cTlDnzQyXd
eEtQy7Pasjoq9cFHlPrQY1LNsfPNbriu3aZY7HZFnzbEu9DjiciAKeWuu5XxzD98hhsGFovixl+k
Dq/MaF4bIXwNhup9JViW+ITaVXQahhuSyj98r8lwI1KvbwBAYAQcAI57UScbvykL5pGSOil336f4
CZc0u934iy5W5ox3DUPpmyP61EHKnDnL8M1dIAmX/1yZL7+pqC5dW9xuzNBh6vDqjID7ZDz7gpJv
u8NrGd46nqoq1ezZrZo9u+WprjZst2V0UMaLryr6tMFB9SdUbVnTM5Q5453gbkgbSbrupqB/n0gX
rms3GLHnXVD7+EADNQd/VPUP37dpO63hcbuVcu8DSr7zdz6v2UBiho9U8h2/DWrfUL4GQ/W+0hxp
jz5pCEyqN21Q4WMPBTwukq9vAEBgPKIC4LgXPcj4Ab5q7ZqgjrUmJyvphlu8yjzV1XId+FE1P+6T
JTZOctUYjosZPkJpT/7d56MwrsOHVLFkkapWfKOafXslm01R3U9S7JlnKXbsONmysrz2t3XIVPpT
/0dHbpyu6s0bA/Y3dtTZSnvkCZ8jD1w5h1W5dJEqV65Qzb49ksWq6P4DFNWjl2JHjzF8G1nxhf/n
5pPv/J3iL73cUF79w/cq+dc/VPnN1/XPqVtiY5Vw5VQl3/4b2Tpk1u9rTUlR2iNPKPeyiQF/p1C2
lfbIEz6/lfU4yuX4Yr4ql3wl5+6dsianKLr/QMVddPFPE9ZaLIoePDRg/WYQrms3WL5uyKvXZ7dJ
3W3FlpWlpJtulSyW+jLXkXw5N26Qc88uuXIOy5qeodiRo7weXaiTcMVVKnnx+YBthPJ1Ear3leZI
+Pk0JUz2/v3dRUUquP/38lRW+j0u0q/v1nIdPiTn1i2Sav/9sp3QxWt7zcED8vh4BMpd3rxRjQAQ
LgQcAI5rKb+5R1HdunuVecrLgp70Ln7SFFni4mp/cLlUsfALFT39RO2HXz+sqWlK//sLhg/QHqdT
ZW++quIXn5fHUe61rXr9Ojk++a+sKSlKvutuJV1zg9e3sraMDkp/7p/KnXyR3w/vtg6ZSv/bc4ab
kIDtNlhhJuGyK5V81+8V1fVEObdtVfHf/+qznZjhI5T86994F7rdKvrb4yp94xXD/p7KSpW9/aYq
FsxX1tsfKKpHz/pt0acNVuK1N6rs7TfD3lb8hRMVf9HFhnLn1i06eu9dcm7Z7FVetXKFSt98VUm/
uE0pv79Pluhon/WaSbiu3eawZXQwlNXs2tnqettS4rTrZfnf/Dye8jKVffi+Sl541jAZbbFqH2NJ
vuv3XuVRXU9U7Oixqly2xGf9oXxdhOp9pTnsffsp9Q8PegVI8nhU9NRfDK/ThsxwfbdW8XNPqfi5
pyRJybfdqZR77vfaXvbW6z6vEQAwCx5RAXDcSrrlV0q67Q5DueOzT4L+IBo7emztf7hcKvzzAzpy
+y0Bww2p9pvVxsO4PVVVKrj/9yp6+gnDB+iG3MXFKnr8YRU8dL9hpn57r95KuvXXfo9N+tWdhm/r
gm1Xkspnz1LeVVNU+fViFT7+kN+VApJuvb3+5q1O6dtvNvmh2ZWbo6K/PSa5XF7lCZf/3O8xoWwr
8ZobvG+YJNXs2a38m6YFvGkqfe3/qfjZv0keT8A+mUG4rt3msKalGcpchQVtUndbqXuExl1aqiO/
ullFjz/sd6Wd4heeVfWmDYby6MHGkR11QvoaDNH7SrAsdrvS//qsrKmp3u18+L7KZ70b8FgzXN8A
gMAIOAAcN6K6dFX8RRcr5a671fGjeUq970+GmwB3UZFK/u8LQddZN6loyUv/VNl7/2m6D11PVOIV
VxnKS154Vo45s4Nut/yDd1T62kuG8qRrbqhdqrQRW+cTlHCZ8Sal5J//p1ntunJzlH/TNar6brnP
7dGnDVbcOWO9ypzbtqro8YeDqr9i0UJVNqo7esCpPudJCWVb9n79jZM0ulwqfOwhufLymmyr9PWX
VbXqu6D6FanCde02lzU5xVDmPnqk1fW2NU9VlQofuEeVy79pct/KpcblYaNOPMnnvqF8XYTqfaU5
Uv/0qKJPHeRV5tyySYWPPhjwOLNc3wCAwAg4ABxTUn57r7rtPOjzT+elK5Xxz5eVfNfvfc674amp
UeHjD/lcNjaQ6s0bVfz8M0HtG3/pFMOM/tXr16nk5f/brDYlqfjZp+RsNPTemp6h+ImTjO1eMtkw
7Nq5ZZNK/t8/m91uIHEX/MwwoWHFkq+aVYdhKU+LRbFnjwlvW2PON7RVtWaV30cEfPF102Mm4bp2
m8vXCABLbGyr621rjvmfyDH/06D2rV5nnCDVmpDgc99Qvi5C9b4SrPhLJivx6mu8ytzFxSq4L/C8
G5J5rm8AQGAEHAAgyVNRoeK/Ptasb+rqlH8QeNhzQ7GjRhvKyma+1ew269t+f6axjdHGG5HYkaOM
7b7/Tovb9Sfm9OHeBW63HJ983Kw6nD4m47P37hvWtnwFYhVfft6stioWf9Xs8CyShOvabS53cZGh
zOpjXo5w8tTUqOyN4Jet9TVKyF9oE8rXRajeV4IR1f0kpT74iHe44/Go6Okngprg0yzXNwAgMCYZ
BXDcc27ZpKKnnlDlN0ubfazrSL7K/jMj6P3tffp5/exxlMsxf16z263jmDdXKX94UJaon97OfS1h
au87wLtdp1OOzz5pcbv+RHU/2bvAalWnTxe2ul5rcnKY2zrJu8DjUcXXxscGmlKzd6+iup7Ywp6F
V7iu3eZyFxkDDltmlo89w6f6hzXNWlXDlZdjLGw0H0ydUL4uQvW+4k/qQ48p9aHH/G4vnz3LZ9Dg
i1mubwBAYAQcAI4/Ho9c+fmqXv+DKr74TOUff9jiqpw7tge9ryU+oX5ywTo1+/Y2OQlfIK7cHLkO
HVTUiT+tBNN4cj1fZa5DB+UuONridv3xdRPUFizxxuH4IW0r0XsYvrusTDW7dzW7bleujxtVEwjn
tdvsevNzDWXRA09rdb1tyblta9M7NeCpcTW90/+E9HURoveVlnDu3K7CP/8xqH3NdH0DAAIj4ABw
TCl7+005vvjM73ZPaalq9u+Vu7S0Tdqr2bUj6H3tPXoavnX1t3JCc9QOyf/pQ7QlPkG2DplyHcmX
VDu5auMlSn0N428ta0qKYanIttL4RiOUbUnGmztPeVmL6nYdOtii48ItXNduS1Qt/0a6626vsuj+
A2Sx21u9QkdbceUaQ5i2EMrXRajeV1rK1iFLUV26yRnEe7SZrm+/ovhIDwASAQeAY4zr6JE2mYk/
WO6C4Jef9Lhq2qcTPoaqe2qaaMvP8PbW8DgcktstWX+a3sldVKSKxa0fHl+1akXY2pLUZufL46xu
k3pCLaKu3SZUrVklV85h2Tp1/qmZhEQl/Hyqymb+u1V1txVPZUX71Bvq10Vj7fC+Eoinqkpy/290
i8XqNS+JNTVVaY8+qbxrrmy6HhNd3/40nuwVAI5XBBwA0AruZgxhrtmz23Dz0SbLYjYa9uwpL5O7
qPCndg8ekMfp9FoS15rS9kOlPU6n3KWl3kO9PW4V3PsbU7cl/e/b6wZt+RquH4z2OO+hEK5rt6Wq
s39QXIOAQ5ISr74mYgIOud3tUm0oXxehel8JpPjpJ1T61uv/aztFHed87jXHTczIUUq+7c4mV3Ux
2/Xtiy2rY7vUCwBmwyoqANAazRjy7qmslLvEe9hzVPeTWvXNW1SXrorq3MWrzFVoHFXS+EN1VJcu
snU+ocXt+tO4HWtqWru0E/K2Gj2SYk1KMk48GgRbo5tuswjntdsS5T5WQ7L3G6CEy5r+Nt/swvka
bK/3laD6Ulysor8+Lrm85ytJ/tUdih5wasBjI+76buZIGHvPU9ruvYVHXQCYHAEHAIRQ9SbvlRMs
cXGKmzCpxfXFX3yp97KIkpwbNxj2M0xqaItS/MSWt+tP9ZZN3gUWixImTWnzdkLdVs3+fYa2Ys9u
/pKP9r79mt4pQoXr2m2JigXzVf3D94bylD88qKhu3X0ccewI5esiVO8rwar44jOVz/VeEteSkKi0
x/7a5LGRdH1boqObFa4kXHFVix4P8lQ4DGVmHWUGAHUIOAAghKpWfGsoS5x+XYvrS7jiakNZxTLj
cre+5iVJuHJqi9v1x9fvF3fRxW3eTqjbcm4yLukZN258s+qIHjxU9pN6tFWXQi5c125Llb7xiqHM
1iFT6U8/1+JHjBpLvPoapT/9fJvU1VZC+hoM0ftKcxQ98YhhMt/oQUOUcvd9AY8L5/XtqTDOyWLr
2i2odqxJSS0OlWpyDhvK7Kf0aVFdABApCDgAIITK53xkWMEluv9AJf/6rmbXlXLvA4o62fuG2XUk
XxWff2rY1/HpHMPKH/aevZRyT3DLKDYWM3SYz3LHvLlyNxqGHT3wNCVed1OL2gkklG1VLlsieTxe
ZTEjz1LMsDOCriPpplsN3+iaSbiu3ZZyzP9UFYu+NJTHDB+pzNffbtUcCxa7XWmPP6W0x/6qhClX
tOpGuK2F9DUYoveV5nAXFaroqb8Y5jlJuvFWxQwf4fe4cF7fbodxJEXsiFFBtvWgbCd0aXpHH2r2
7fHR7khF9ejZovoAIBIQcABACLkOH1L5rHcN5cm3/1YJU64Iup7Eadcq6eZfGsrL/v2Gz+UNaw7s
V/nc/xrKk35xmxKnXRt0u5KUdOuvlfnWe4q/9DLDNndRocpnvWcoT73nfsWde36z2km9/yFlvGj8
Fj4cbVWtXaPqDdleZRa7XakPPRbUUPKEyVco/sKJzepTpAnXtdsaBfffrZp9ew3lMcNHKOu92Yod
e16z64yfNEUdZ89T4tRraieltFiU8vv7I+bxo1C+LkL1vtJcjnlz5Zg316vMEhurtD8/4TUpakPh
vL5dhw4YymLPu6DJtpJu+ZUSr5oWdN8ac27dUjvBagOWhERlPPMP2TpktrheAAgnAg4ACLGS//u8
ag7s9yqzxMQo7cm/K+XeB7yWOmzMmpSk1Iceq/2g3mgyOOe2rSp99SX/7f7rH3Ll5Xm3GxWltD8/
obSHH/deecGH2DPPUuaMd5X6hwdliYtT8q23+27nlX8Zf7/4BGW88LKSb7sjYBuSFHfeOHWcNVdJ
v7hN8RdcqNhRZ/v/nULYVvnsWYay6AGnqsPLbwacWDHh59OU9vjfvFZoMKtwXbst5S44qoL77zaM
MpAke6/eynx5hjq8+IrizhsXsB6L3a6Eq6ar0ycLlPHci7L3G+C13ZqSopQ7f9+mfW+NkL4GQ/S+
0lxFTzwiV6NHMOx9+ynl/of8HhOu67txeCpJsSNHKen6m323lZ6h9KefV+o9f6wfFeY6esRv/YFU
LPnKUBY9aIg6fb5YaX95SvGXXq7YUWcresjpLaofAELN4vE0GnPbTuqaafh33R+3213/t9vtlsvl
ksvlktPprP9z8sknh6KbIfVjr5YNKQRQK+XeB5T8S+8Pw8XPP6OSF9vnmfjkO36rlN/e61VW9PjD
9csUNkf0kNOV+drbPj/81xw8oMpFX6ry22W13z5bLIrq0VOxo0Yr7rxxPmfLd+XnKf/6qXJu32rY
1lDceeOU8c9XZImJMdaRl6fKpYtUueIb1ezeJXdxsWxduihm8FDFnj1GMWeMNNykFz76J5W9/aah
rpiRo5T56luyxMUbf799e1Wx6EtVrVyhmv37ZLHbZe8/QPYevRQzcpSiTx3ktX/V6u+UN/Vyv79T
KNvKeudDxZxxpqHcdfSIHJ/OUeWyJarZs1vWlFTFDB2muJ9dpJjhI+v3cxcVGh6NOHLbTapY+IXf
NttS7NljlDnjHa+yyiWLlP+L4L9tD9e12xqxZ49R+jPPy5aZ5Xcf16GDqt66We6jR+Q6ekQWe7Ss
qWmKOvFE2fsOCDhSx7llk4785leq2b3LsK0t3jes6Rnqsmq9V1nlsiXKv3G632NC+boIxftKS85j
/KWXK+Pv//CagNPjdOrIrTfUPnbmQziub2tSkjov/s6wrKw8HlWtWaXqH76Xu6RY1rR0RZ3cU7Ej
RsqSkPhTG3m5qly8UAlXeV8Ph0YPl+vwIb/tSrWr7HT872dey+v6UrHoSx259YaA+wDw1m3nwaZ3
MpE9e/bIbrfX/7HZbLLZbLJarbJarbJYLPV/1/2RZPi7vbEWFACEQfUP36vggXuU/sTThhveqC5d
lXjtjUq89sag6nLl56ng3t8GdYNYsWihip58RKn3PyxLXJzXNltWlhKuvFoJVxonx/PFU1UlT3W1
z21V3y1X4SMPKu3PfzFM6BjV/SQl3XiLkm68Jah2ok8bInvPU+TctSPsbRU+9pAy33hHtizvG2Vb
RgclXX+z329cJclTXqbSN19Vyu/+EFRfIlW4rt3WqPxmqfJvnKYOL7zsd34B2wldFNfcuQzcbpXP
eleFjz8sT2VlG/S07YTydRGq95Xmcsz5SHHjxiu+wSSrFrtdaQ8/rtzLJhjm3JDCc327S0vlmDdH
idOv995gsShm+IiAc4d4KitV9LfHFTPM/z4B2y4qVOFDf1TGc/+UNS29RXUAQCQx/3hZADCpii8+
q/1mb8e2FtdRvSFbedOvUOU3wa8+UTbz3zpy+y1y5ea0uN2aPbt15BfXqvz9mX73Kf/oAx359S8M
w8Sbw7lzu4786ma/N1ahbsu5dYuO/Ppmw5D8pniqqlT4yIPG5WZNKlzXbms4t25R7pWXqPTNV30+
stLs+nZu19G771TBg3+IuHCjTihfg6F6X2muoscfMrxeo07uodQH/uz3mHBc30VPPWFcdrcJnvIy
Fdz7GzkaLU9BESUAABdGSURBVI3bXJXLlij/hmmqXre2VfUAQCQg4ACAMKretEG5k36m4r//rVk3
ITU/7lPRX/6s3CkTfA6Lb0rl14uVM3GcSt98Ve6SkuDb3b1Lxc89pdzLJqjSx7KKhna++Vo5F19Q
246Pb0v9cW7fWtvOJeNV+fXioI4JVVvV69Yq76rJqvjiM8NKDb7U7Nmto3fcovKPPwy6T2YQrmu3
NdzFxSp64hHlTL5Ijjmz5S442rwKXC5Vfb9ahY88qJwLz5XjE+MEm5EmpK/BEL2vNIcrL0/Fz/7V
sApSwmU/V9zPJvg9LtTXt8dRrvybpqtq1Yqmd3a7a0cl3XytHPPbZuWh6k0blHvFJTpy+y1yzJkt
57atcuXl1Y6oqamJ2BAPABpjDo4wYg4OAA1ZYmMV97OJijtnjOz9B8qamiZrSqrk8chdXCx3YYGq
N2Sr8uvFqvjyc3mczjZp15qeofiLJirmzLMV3buvLMnJ9e16ysvkysuTc9sWVSxdJMec2a1rZ8Il
ij1rtOw9T5E1NVWWpGTJ7ZbHUa6aQwfl3La1di6LIG+owt1WzPARir94smKGnSFrRkbtkPbqKrmL
i+XctlUVSxf5nKPkWBOua7ctxP1sguLOu0D2nr1q+52aKmtSkjxVVXKXlctdUqSaXTtVvSFbFYsW
tvvjNO0p5K/BELyvhEKor+/4CZco/uJLZe8/QLa0dFli4+SprJDr6FFVb96o8vdmhmzkE4CWYw6O
8MzBQcARRgQcAAAAAHDsIeAIT8DBIyoAAAAAAMD0CDgAAAAAAIDpEXAAAAAAAADTI+AAAAAAAACm
R8ABAAAAAABMj4ADAAAAAACYHgEHAAAAAAAwPQIOAAAAAABgegQcAAAAAADA9Ag4AAAAAACA6RFw
AAAAAAAA0yPgAAAAAAAApkfAAQAAAAAATI+AAwAAAAAAmB4BBwAAAAAAMD0CDgAAAAAAYHoEHAAA
AAAAwPQIOAAAAAAAgOkRcAAAAAAAANMj4AAAAAAAAKZHwAEAAAAAAEyPgAMAAAAAAJgeAQcAAAAA
ADA9Ag4AAAAAAGB6BBwAAAAAAMD0CDgAAAAAAIDpEXAAAAAAAADTI+AAAAAAAACmR8ABAAAAAABM
j4ADAAAAAACYHgFHGEUPGhLuLgAAAAAA2hD3eeFDwBFG0f0HhLsLAAAAAIA2xH1e+BBwhJG938Bw
dwEAAAAA0Ia4zwsfAo4wItkDAAAAgGML93nhQ8ARRtGnDeb5LAAAAAA4RsSMHKXo0waHuxvHLQKO
cLJalfGPf8makhLungAAAAAAWsGanKyM5/8lWbnNDhfOfJhFdT1R6U88E+5uAAAAAABaIf3p52Xr
kBnubhzXCDgiQNyFE5X5+tuyZXUMd1cAAAAAAM1gy+qozNffVty4n4W7K8c9Ao4IETvmPHX6fIni
L5wY7q4AAAAAAIKQcMVV6vT5EsWOOS/cXYGkqHB3AD+xJicr48VXlJpzWFXr1qp67RpV/fC9nJs2
yFNdHe7uAQAAAMBxyxIdLfuAUxUz5HRFDx2mmMFDZevUOdzdQgMEHBHI1qmz4i+cyGgOAAAAAACC
xCMqAAAAAADA9Ag4AAAAAACA6RFwAAAAAAAA0yPgAAAAAAAApkfAAQAAAAAATI+AAwAAAAAAmB4B
BwAAAAAAMD0CDgAAAAAAYHoEHAAAAAAAwPQIOAAAAAAAgOkRcAAAAAAAANMj4AAAAAAAAKZHwAEA
AAAAAEyPgAMAAAAAAJgeAQcAAAAAADA9Ag4AAAAAAGB6BBwAAAAAAMD0CDgAAAAAAIDpEXAAAAAA
AADTI+AAAAAAAACmR8ABAAAAAABMj4ADAAAAAACYHgEHAAAAAAAwPQIOAAAAAABgegQcAAAAAADA
9Ag4AAAAAACA6RFwAAAAAAAA0yPgAAAAAAAApkfAAQAAAAAATI+AAwAAAAAAmB4BBwAAAAAAMD0C
DgAAAAAAYHoEHAAAAAAAwPQIOAAAAAAAgOkRcAAAAAAAANMj4AAAAAAAAKZnioDDYrGopqYm3N0A
AAAAAOC4UlNTI4vFEu5uBMUUAYckud3ucHcBAAAAAIDjipnuxSM64GiYEjmdzjD2BAAAAACA40/D
e/FIH8kR0QGHVHsCLRaLSktLw90VAAAAAACOK6WlpfX35ZEuYgOOxievvLw8TD0BAAAAAOD41Phe
PJKDjogNOKSfTpzFYpHb7ZbD4QhzjwAAAAAAOD44HA653W6ve/NIFtEBh+R9AouKiuTxeMLYGwAA
AAAAjg9FRUX1/x3p4YZkooDDarWqpKREZWVlYe4RAAAAAADHttLSUpWUlMhqrY0NCDhaqW4iE6vV
Wv93QUGBXC5XuLsGAAAAAMAxqaamRgUFBV734maYaDQiA46GJ61xyFFeXq7Dhw/zqAoAAAAAAG3M
4/Ho0KFDKi8v9xtuRGrQEZEBR526k9g45CgqKlJeXl64uwcAAAAAwDElLy9PJSUlhnCDERxB8nWS
GqdDdSfWZrNJknJycrR//34eVwEAAAAAoJVcLpf279+vnJwcSZLNZvO6F6/T1P17OEWFukGLxeL3
8RJfw158jeCw2WzyeDw6evSoKisr1b17d8XExITqVwAAAAAA4JhRVVWlffv2qby8XFFRUYZww9cI
jqZGdIQj9AhZwBEo2Gi83deJsFqtslqt9eFG3Z/y8nJt3rxZHTt2VGZmpux2e7v9DgAAAAAAHCuc
Tqfy8/OVm5srqXbURsM/jUdv1GlOeBHKoCPkIzgaamo0R93fjf+77k9d2OFyuXTo0CEdPHhQ8fHx
SklJUUpKiux2u2w2G6EHAAAAAOC45nQ65XK5VF1dreLiYpWUlMjhcNSP1KgLNRrfdzcevdE4sIik
yUfDFnDUhRvBhByNyxqO5Khbk1eqne3V4XDI4XDo0KFD7dZ3AAAAAADMqu5eu+E0EL7+299xgeoM
Z8gR1hEcdRqGHb6e4/GVHNWFHBaLRS6XSxaLRW63W1artf7xFUksJwsAAAAAgIxPStTdW9fdX9f9
t7/RGw3rCTSqI1wiIuDwpfGJavw/oOHojYZzd9SFHQQbAAAAAAAY1d1nN5xMtGG40TjkaHhMpIQZ
vkRMwOFrklFfozbqRmc0DDcaBx1utzsMvwEAAAAAAJGvYajRONBoWOZvFZVImnejobAEHP5GWNSd
sMaPqzQMMBr//P/bu5vXuMo2gMN3QtraiFaJIEpCBbEbwU5BKcmm0rRKtR8Q2mCRErf+C6XiR90I
isviQkkFF0YqSgOCOAqCDYrKKC6kLlwkiEIHP0larfZdvEydTs8ko43znGdyXRAm85VzJ9Jqfj7n
OY3o0fy+1tNUAAAAgOLTS4riRuspLO3e1+4YKXQ1cBSFjcY33rx6o2jVRlHsaD5VpXHbvHqjcTyh
AwAAgLVspaDRGjdao0a71RzNX7PdMbulNJeJLfrhNIJF0Z4b7eJG47YopggdAAAArCVFYSMiOjo9
ZaXoURQ6Ukp+mdjG5w3NqzUaz3WycqP1/c37cRSt4hA7AAAA6FXtLtxRtDKj6GO5lRvtoknz8VLo
euBoXVlRdL/1tuiUlda40Xi+cYpKI2o0Hmvcb40qQgcAAAC9oN1pIkUrNCJixVUa7eJG0SkpK93v
hlKeotJ8f7l9OBrPNyJG82sj/l690Rw5Gtp9DgAAADlqt5KiKGAUbSTabhXHSh9Fx0yhFFdRKdov
o3UlR3PUaH1d46N5hUbzvhzNzzc0vw4AAAB6QVFwaA0Z7QJHp7FjuWMW3e+WpCs4Iv6OG+1+AO32
4miOFq0Bo3kFR7t/CK0xBAAAAHJWtOVD822ngaOT01OK9uNIrRSbjLY+3tAcPpo3GW0+JaX11JTW
FRx//vnnVae1NJ5v3AocAAAA9ILWRQLNj7cGjHaXgm23D0fz11lpkUIKpdiDo/W2oXGKSfP91ojR
fGpKuxUcrftvNL9G3AAAAKDXtAscRas2ip5r93jrMYpuU0l+ikpD0akqzVdLaf1oDhdFsaL51JV2
P2SrNwAAAOg1RcGhdRVG6xVVVoob7VZwpI4azZIHjuZVGyvtx9H8mtbVGxFXr8poV5karOIAAACg
F3WyH0ene2sU3W/+Wq2fp5I8cER0FjlaY0br+4puV1q90XwLAAAAvWKlCFF06klR1FgplLR+nlLf
pRL9hl90Gdfmz1tXa6z0+qK9N9odDwAAAHrNcoGjcbvcCo1OQklZlCpwRFwdHZZbobHcezrZX6Nk
3zoAAACsuk4jR9HjRbdFX6sMShc4GlZandH6edFzJf3WAAAAIIlOYkenry2b0gaOiOUDRtH91sdL
/K0BAABAEsutxFhplUZZ40ZEyQNHQ9GIq7G3RgbfOgAAAFyTla5U+m8fK5ssAkdDJ6Nm9O0AAABA
cv80gJRVVoGjVcajAwAAQCnlFDWaDaQe4Fos90MXPwAAAOBquQaMlWQdOJbTq//AAAAAgKv1px4A
AAAA4FoJHAAAAED2BA4AAAAgewIHAAAAkD2BAwAAAMiewAEAAABkT+AAAAAAsidwAAAAANkTOAAA
AIDsCRwAAABA9gQOAAAAIHsCBwAAAJA9gQMAAADInsABAAAAZE/gAAAAALIncAAAAADZEzgAAACA
7PVFxKXUQwAAAABcCys4AAAAgOwJHAAAAED2BA4AAAAgewIHAAAAkD2BAwAAAMiewAEAAABkT+AA
AAAAsidwAAAAANkTOAAAAIDsCRwAAABA9gQOAAAAIHsCBwAAAJA9gQMAAADInsABAAAAZE/gAAAA
ALIncAAAAADZEzgAAACA7AkcAAAAQPYEDgAAACB7AgcAAACQPYEDAAAAyJ7AAQAAAGRP4AAAAACy
J3AAAAAA2RM4AAAAgOwJHAAAAED2BA4AAAAgewIHAAAAkD2BAwAAAMiewAEAAABkT+AAAAAAsidw
AAAAANkTOAAAAIDsCRwAAABA9gQOAAAAIHsCBwAAAJA9gQMAAADInsABAAAAZE/gAAAAALIncAAA
AADZEzgAAACA7A2kHgDojqGhoZiYmIht27ZFf39/fPbZZzE9PR1//PFH6tEAAACumcABPW7Dhg2x
Z8+e2L17dwwM/P1H/t577416vR5vvvlmwukAAK5NpVKJrVu3xi233JJ0jnPnzsUXX3wRtVot6Ryw
lvVFxKXUQwCrr6+vL7Zv3x4TExOxadOmwtcsLCzE8ePHuzwZ0MtGRkZidHQ0RkZGIiJieHg4BgcH
Y3FxMRYWFiIiYn5+Pubm5mJ+fj7lqEAPmJqairGxsdRjXOHMmTNx8uTJ1GPAmmQFB/SgzZs3x6OP
PhqbN29e9nXr16/v0kRALxsaGoq9e/dGpVKJwcHBwtcMDg7Gli1bIiJiy5YtMT4+HouLi1Gr1WJ2
djbq9Xo3RwZ6QKVSKV3ciIgYGxuzkgMSETigh2zatCkmJiZi+/bt0dfXl3ocoMcNDg7G3r17Y3x8
/F+/f2xsLMbGxqJarcbs7GwsLi6u8pRAr6pUKqlHaKtSqQgckIDAAT1gYGAgdu/eHQ899JBVGUBX
VCqVmJqaarti458aHx+P0dHROHnypF8KgI4MDQ2lHqGtMs8GvUzggMxt27YtDh065F+kQNeMj4/H
5OTkqn/dwcHBePzxx2NmZiaq1eqqf30AoLcJHJCp22+/PQ4fPnz5nHaAbujGhn6Tk5MxPDxskz4A
4B8ROCAz119/fezfvz927Nhhnw2gq8bHx7u2od/Y2FgsLCxYyQEAdEzggEz09fXFjh074sCBA6t2
zjtApyqVyn9yWspyJicno16v25MDAOiIwAEZuOOOO+LIkSMxPDycehRgDRocHIypqakkx56amoqz
Z8+6ugoAsCKBA0rshhtuiImJiRgdHXU6CpDM3r17k60ca1yKdmZmJsnxAYB8CBxQQv39/XH//ffH
gQMH4rrrrks9DrCGDQ0Nxfj4eNIZxsfHo1qtRr1eTzoHAFBuAgeUzJ133hlHjhyJ2267LfUoALFv
377UI0TE/+eYnp5OPQYAUGICB5TEjTfeGAcPHozt27enHgXgsq1bt6YeISLKMwcAUF4CByTW398f
O3fujP3798eGDRtSjwNw2cjISGmu2jQ4OBgjIyMxPz+fehQAoKQEDkjorrvuiiNHjsStt96aehSA
q4yOjqYe4Qqjo6MCBwDQlsABCdx0001x8ODBuO+++1KPAtDWyMhI6hGuULZ5AIByETigi/r6+mL3
7t2xb9++WL9+fepxAAAAeobAAV108ODB2LVrV+oxADoyPDyceoQrlG0eAKBc+lMPAGvFunXrYufO
nanHAOhYWTYYbSjbPABAuQgc0CX9/f64AXlZWlpKPcIVyjYPAFAufuOCLrlw4UJ88MEHqccA6FjZ
rlhStnkAgHIROKCLZmZm4o033ojz58+nHgUAAKCnCBzQZe+9914cO3YsPvroo7h06VLqcQDaKtuK
ibLNAwCUi8ABCfz666/x6quvxrPPPhvffvtt6nEACs3NzaUe4QplmwcAKBeBAxJaWFiI5557Ll55
5ZX4+eefU48DcIX5+fnSbOy5tLRkBQcAsCyBAxK7dOlSfPzxx/HEE0/EO++8ExcvXkw9EsBltVot
9QgRUZ45AIDyEjigJC5cuBBvvfVWPPnkk/5DHiiN06dPpx4hIsozBwBQXgIHlMy5c+fixIkT8cIL
L8T333+fehxgjavX61GtVpPOUK1Wo16vJ50BACg/gQNK6uzZs/H000/H66+/Xppz4IG1aXZ2Ntnf
Q0tLSzE7O5vk2ABAXgQOKLG//vor3n///Th27Fh8+OGHLisLJLG4uBjT09NJjj09PR2Li4tJjg0A
5EXggAz89ttv8dprr8UzzzwT33zzTepxgDWoVqvFzMxMV485MzNjTyIAoGMCB2Tku+++i+effz5e
fvnl+OWXX1KPA6wx1Wo15ubmunKsubm55Ht/AAB5GUg9APDPffLJJ/Hll1/Gww8/HLt27Yr+fq0S
6I7p6emYn5+PycnJ/+wYMzMz4gYA8I/5rQgydf78+Th16lQ89dRT8fXXX6ceB1hDqtVqnDhxYtU3
Hl1aWooTJ06IGwDAvyJwQOZ++OGHePHFF+Oll16KH3/8MfU4wBpRq9Xi6NGjqxYjqtVqHD161J4b
AMC/5hQV6BGff/55fPXVV7Fnz5544IEHYmDAH2/gv7W4uHj5dJJ9+/ZFpVKJjRs3dvz+paWlqNVq
cfr06ajX6//hpEAvKvPfG2WeDXqZ34Cgh/z+++/x9ttvx5kzZ+Lw4cNx9913px4JWAPq9frly8iO
jIzE6OhojIyMXL6/cePGWFpaivn5+YiImJ+fj7m5ucv3Af6NWq0Wo6OjqccoZDUapNEXEZdSDwH8
N+6555545JFHYmhoqPD5hYWFOH78eJenAgBYHY899ljpIsfc3Nzl6At0l8ABPW5gYCAefPDB2LNn
T6xbt+6K59599904depUoskAAK5dpVKJSqXS9n/odEu9Xo9arWb1BiQkcMAacfPNN8ehQ4di27Zt
0dfXF59++mlMT0/HxYsXU48GAABwzQQOWGM2btwYGzZsiJ9++in1KAAAAKtG4AAAAACy1596AAAA
AIBrJXAAAAAA2RM4AAAAgOwJHAAAAED2BA4AAAAgewIHAAAAkD2BAwAAAMiewAEAAABkT+AAAAAA
sidwAAAAANkTOAAAAIDsCRwAAABA9gQOAAAAIHsCBwAAAJA9gQMAAADInsABAAAAZE/gAAAAALIn
cAAAAADZEzgAAACA7AkcAAAAQPYEDgAAACB7AgcAAACQPYEDAAAAyJ7AAQAAAGRP4AAAAACyJ3AA
AAAA2RM4AAAAgOwJHAAAAED2BA4AAAAgewIHAAAAkD2BAwAAAMiewAEAAABkT+AAAAAAsidwAAAA
ANkTOAAAAIDsCRwAAABA9gQOAAAAIHsCBwAAAJA9gQMAAADInsABAAAAZO9/BajpgKfJuBYAAAAA
SUVORK5CYII=
" width="800px"&gt;</msg>
<status status="PASS" starttime="20230208 13:06:31.545" endtime="20230208 13:06:32.353"/>
</kw>
<kw name="Close Application" library="AppiumLibrary">
<doc>Closes the current application and also close webdriver session.</doc>
<status status="PASS" starttime="20230208 13:06:32.353" endtime="20230208 13:06:33.462"/>
</kw>
<status status="PASS" starttime="20230208 13:06:31.543" endtime="20230208 13:06:33.462"/>
</kw>
<tag>addProduct</tag>
<status status="PASS" starttime="20230208 13:06:05.103" endtime="20230208 13:06:33.470"/>
</test>
<status status="PASS" starttime="20230208 13:06:04.753" endtime="20230208 13:06:33.474"/>
</suite>
<statistics>
<total>
<stat pass="1" fail="0" skip="0">All Tests</stat>
</total>
<tag>
<stat pass="1" fail="0" skip="0">addProduct</stat>
</tag>
<suite>
<stat pass="1" fail="0" skip="0" id="s1" name="Cartproduct">Cartproduct</stat>
</suite>
</statistics>
<errors>
</errors>
</robot>
